Timing Violation Report Min Delay Analysis

SmartTime Version 
Microsemi Corporation - Microsemi Libero Software Release  (Version 11.7.0.113)
Date: Mon Jan 11 21:58:54 2016


Design: CoreTSE_Webserver
Family: SmartFusion2
Die: M2S090TS
Package: 484 FBGA
Temperature Range: 0 - 85 C
Voltage Range: 1.14 - 1.26 V
Speed Grade: -1
Design State: Post-Layout
Data source: Production
Min Operating Conditions: BEST - 1.26 V - 0 C
Max Operating Conditions: WORST - 1.14 V - 85 C
Scenario for Timing Analysis: timing_analysis


Path 1
  From:                        CoreConfigP_0/control_reg_1[1]:CLK
  To:                          CoreResetP_0/CONFIG2_DONE_q1:D
  Delay (ns):                  0.297                                                                           
  Slack (ns):                  -1.832                                                                          
  Arrival (ns):                3.495                                                                           
  Required (ns):               5.327                                                                           

Path 2
  From:                        CoreConfigP_0/control_reg_1[0]:CLK
  To:                          CoreResetP_0/CONFIG1_DONE_q1:D
  Delay (ns):                  0.299                                                                           
  Slack (ns):                  -1.830                                                                          
  Arrival (ns):                3.497                                                                           
  Required (ns):               5.327                                                                           

Path 3
  From:                        CoreTSE_Webserver_MSS_0/MSS_ADLIB_INST/INST_MSS_075_IP:CLK_CONFIG_APB
  To:                          CoreConfigP_0/pwdata[16]:D
  Delay (ns):                  3.279                                                                           
  Slack (ns):                  0.010                                                                           
  Arrival (ns):                3.279                                                                           
  Required (ns):               3.269                                                                           

Path 4
  From:                        CoreTSE_Webserver_MSS_0/MSS_ADLIB_INST/INST_MSS_075_IP:CLK_CONFIG_APB
  To:                          CoreConfigP_0/paddr[8]:D
  Delay (ns):                  3.255                                                                           
  Slack (ns):                  0.011                                                                           
  Arrival (ns):                3.255                                                                           
  Required (ns):               3.244                                                                           

Path 5
  From:                        CoreTSE_Webserver_MSS_0/MSS_ADLIB_INST/INST_MSS_075_IP:CLK_CONFIG_APB
  To:                          CoreConfigP_0/paddr[6]:D
  Delay (ns):                  3.269                                                                           
  Slack (ns):                  0.023                                                                           
  Arrival (ns):                3.269                                                                           
  Required (ns):               3.246                                                                           

Path 6
  From:                        CoreTSE_Webserver_MSS_0/MSS_ADLIB_INST/INST_MSS_075_IP:CLK_CONFIG_APB
  To:                          CoreConfigP_0/pwdata[7]:D
  Delay (ns):                  3.291                                                                           
  Slack (ns):                  0.025                                                                           
  Arrival (ns):                3.291                                                                           
  Required (ns):               3.266                                                                           

Path 7
  From:                        CoreTSE_Webserver_MSS_0/MSS_ADLIB_INST/INST_MSS_075_IP:CLK_CONFIG_APB
  To:                          CoreConfigP_0/paddr[9]:D
  Delay (ns):                  3.288                                                                           
  Slack (ns):                  0.028                                                                           
  Arrival (ns):                3.288                                                                           
  Required (ns):               3.260                                                                           

Path 8
  From:                        CoreTSE_Webserver_MSS_0/MSS_ADLIB_INST/INST_MSS_075_IP:CLK_CONFIG_APB
  To:                          CoreConfigP_0/pwdata[1]:D
  Delay (ns):                  3.272                                                                           
  Slack (ns):                  0.028                                                                           
  Arrival (ns):                3.272                                                                           
  Required (ns):               3.244                                                                           

Path 9
  From:                        CoreTSE_Webserver_MSS_0/MSS_ADLIB_INST/INST_MSS_075_IP:CLK_CONFIG_APB
  To:                          CoreConfigP_0/control_reg_1[1]:D
  Delay (ns):                  3.273                                                                           
  Slack (ns):                  0.029                                                                           
  Arrival (ns):                3.273                                                                           
  Required (ns):               3.244                                                                           

Path 10
  From:                        CoreTSE_Webserver_MSS_0/MSS_ADLIB_INST/INST_MSS_075_IP:CLK_CONFIG_APB
  To:                          CoreConfigP_0/pwdata[19]:D
  Delay (ns):                  3.297                                                                           
  Slack (ns):                  0.032                                                                           
  Arrival (ns):                3.297                                                                           
  Required (ns):               3.265                                                                           

Path 11
  From:                        CoreTSE_Webserver_MSS_0/MSS_ADLIB_INST/INST_MSS_075_IP:CLK_CONFIG_APB
  To:                          CoreConfigP_0/pwdata[17]:D
  Delay (ns):                  3.291                                                                           
  Slack (ns):                  0.035                                                                           
  Arrival (ns):                3.291                                                                           
  Required (ns):               3.256                                                                           

Path 12
  From:                        CoreTSE_Webserver_MSS_0/MSS_ADLIB_INST/INST_MSS_075_IP:CLK_CONFIG_APB
  To:                          CoreConfigP_0/pwdata[23]:D
  Delay (ns):                  3.302                                                                           
  Slack (ns):                  0.037                                                                           
  Arrival (ns):                3.302                                                                           
  Required (ns):               3.265                                                                           

Path 13
  From:                        CoreTSE_Webserver_MSS_0/MSS_ADLIB_INST/INST_MSS_075_IP:CLK_CONFIG_APB
  To:                          CoreConfigP_0/paddr[3]:D
  Delay (ns):                  3.295                                                                           
  Slack (ns):                  0.040                                                                           
  Arrival (ns):                3.295                                                                           
  Required (ns):               3.255                                                                           

Path 14
  From:                        CoreTSE_Webserver_MSS_0/MSS_ADLIB_INST/INST_MSS_075_IP:CLK_CONFIG_APB
  To:                          CoreConfigP_0/pwdata[5]:D
  Delay (ns):                  3.304                                                                           
  Slack (ns):                  0.046                                                                           
  Arrival (ns):                3.304                                                                           
  Required (ns):               3.258                                                                           

Path 15
  From:                        SERDES_IF2_0/SERDESIF_INST/INST_SERDESIF_IP:EPCS_RXCLK[1]
  To:                          CORETSE_AHB_0/CoreTSE_top_inst/CORETSE_AHBio0.CORETSE_AHBOi0/CORETSE_AHBIoi0/CORETSE_AHBol11/CORETSE_AHBooIOI[6]:D
  Delay (ns):                  4.784                                                                           
  Slack (ns):                  0.055                                                                           
  Arrival (ns):                4.784                                                                           
  Required (ns):               4.729                                                                           

Path 16
  From:                        CoreTSE_Webserver_MSS_0/MSS_ADLIB_INST/INST_MSS_075_IP:CLK_CONFIG_APB
  To:                          CoreConfigP_0/state[0]:D
  Delay (ns):                  3.315                                                                           
  Slack (ns):                  0.057                                                                           
  Arrival (ns):                3.315                                                                           
  Required (ns):               3.258                                                                           

Path 17
  From:                        CoreTSE_Webserver_MSS_0/MSS_ADLIB_INST/INST_MSS_075_IP:CLK_CONFIG_APB
  To:                          CoreConfigP_0/paddr[13]:D
  Delay (ns):                  3.316                                                                           
  Slack (ns):                  0.058                                                                           
  Arrival (ns):                3.316                                                                           
  Required (ns):               3.258                                                                           

Path 18
  From:                        CoreTSE_Webserver_MSS_0/MSS_ADLIB_INST/INST_MSS_075_IP:CLK_CONFIG_APB
  To:                          CoreConfigP_0/pwdata[9]:D
  Delay (ns):                  3.338                                                                           
  Slack (ns):                  0.078                                                                           
  Arrival (ns):                3.338                                                                           
  Required (ns):               3.260                                                                           

Path 19
  From:                        CoreTSE_Webserver_MSS_0/MSS_ADLIB_INST/INST_MSS_075_IP:CLK_CONFIG_APB
  To:                          CoreConfigP_0/pwdata[26]:D
  Delay (ns):                  3.346                                                                           
  Slack (ns):                  0.086                                                                           
  Arrival (ns):                3.346                                                                           
  Required (ns):               3.260                                                                           

Path 20
  From:                        CoreTSE_Webserver_MSS_0/MSS_ADLIB_INST/INST_MSS_075_IP:CLK_CONFIG_APB
  To:                          CoreConfigP_0/control_reg_1[0]:EN
  Delay (ns):                  3.358                                                                           
  Slack (ns):                  0.114                                                                           
  Arrival (ns):                3.358                                                                           
  Required (ns):               3.244                                                                           

Path 21
  From:                        CoreTSE_Webserver_MSS_0/MSS_ADLIB_INST/INST_MSS_075_IP:CLK_CONFIG_APB
  To:                          CoreConfigP_0/control_reg_1[1]:EN
  Delay (ns):                  3.358                                                                           
  Slack (ns):                  0.114                                                                           
  Arrival (ns):                3.358                                                                           
  Required (ns):               3.244                                                                           

Path 22
  From:                        CoreTSE_Webserver_MSS_0/MSS_ADLIB_INST/INST_MSS_075_IP:CLK_CONFIG_APB
  To:                          CoreConfigP_0/paddr[7]:D
  Delay (ns):                  3.375                                                                           
  Slack (ns):                  0.116                                                                           
  Arrival (ns):                3.375                                                                           
  Required (ns):               3.259                                                                           

Path 23
  From:                        CoreTSE_Webserver_MSS_0/MSS_ADLIB_INST/INST_MSS_075_IP:CLK_CONFIG_APB
  To:                          CoreConfigP_0/paddr[15]:D
  Delay (ns):                  3.386                                                                           
  Slack (ns):                  0.119                                                                           
  Arrival (ns):                3.386                                                                           
  Required (ns):               3.267                                                                           

Path 24
  From:                        CoreTSE_Webserver_MSS_0/MSS_ADLIB_INST/INST_MSS_075_IP:CLK_CONFIG_APB
  To:                          CoreConfigP_0/control_reg_1[0]:D
  Delay (ns):                  3.364                                                                           
  Slack (ns):                  0.120                                                                           
  Arrival (ns):                3.364                                                                           
  Required (ns):               3.244                                                                           

Path 25
  From:                        CoreTSE_Webserver_MSS_0/MSS_ADLIB_INST/INST_MSS_075_IP:CLK_CONFIG_APB
  To:                          CoreConfigP_0/pwdata[0]:D
  Delay (ns):                  3.364                                                                           
  Slack (ns):                  0.120                                                                           
  Arrival (ns):                3.364                                                                           
  Required (ns):               3.244                                                                           

Path 26
  From:                        CoreTSE_Webserver_MSS_0/MSS_ADLIB_INST/INST_MSS_075_IP:CLK_CONFIG_APB
  To:                          CoreConfigP_0/pwdata[24]:D
  Delay (ns):                  3.378                                                                           
  Slack (ns):                  0.120                                                                           
  Arrival (ns):                3.378                                                                           
  Required (ns):               3.258                                                                           

Path 27
  From:                        SERDES_IF2_0/SERDESIF_INST/INST_SERDESIF_IP:EPCS_TXCLK[1]
  To:                          CORETSE_AHB_0/CoreTSE_top_inst/CORETSE_AHBIOI[0]:D
  Delay (ns):                  4.855                                                                           
  Slack (ns):                  0.123                                                                           
  Arrival (ns):                4.855                                                                           
  Required (ns):               4.732                                                                           

Path 28
  From:                        CoreTSE_Webserver_MSS_0/MSS_ADLIB_INST/INST_MSS_075_IP:CLK_CONFIG_APB
  To:                          CoreConfigP_0/pwdata[2]:D
  Delay (ns):                  3.393                                                                           
  Slack (ns):                  0.124                                                                           
  Arrival (ns):                3.393                                                                           
  Required (ns):               3.269                                                                           

Path 29
  From:                        CoreTSE_Webserver_MSS_0/MSS_ADLIB_INST/INST_MSS_075_IP:CLK_CONFIG_APB
  To:                          CoreConfigP_0/pwdata[29]:D
  Delay (ns):                  3.399                                                                           
  Slack (ns):                  0.134                                                                           
  Arrival (ns):                3.399                                                                           
  Required (ns):               3.265                                                                           

Path 30
  From:                        CoreTSE_Webserver_MSS_0/MSS_ADLIB_INST/INST_MSS_075_IP:CLK_CONFIG_APB
  To:                          CoreConfigP_0/pwdata[11]:D
  Delay (ns):                  3.391                                                                           
  Slack (ns):                  0.135                                                                           
  Arrival (ns):                3.391                                                                           
  Required (ns):               3.256                                                                           

Path 31
  From:                        CoreTSE_Webserver_MSS_0/MSS_ADLIB_INST/INST_MSS_075_IP:CLK_CONFIG_APB
  To:                          CoreConfigP_0/paddr[4]:D
  Delay (ns):                  3.407                                                                           
  Slack (ns):                  0.144                                                                           
  Arrival (ns):                3.407                                                                           
  Required (ns):               3.263                                                                           

Path 32
  From:                        CoreTSE_Webserver_MSS_0/MSS_ADLIB_INST/INST_MSS_075_IP:CLK_CONFIG_APB
  To:                          CoreConfigP_0/paddr[10]:D
  Delay (ns):                  3.414                                                                           
  Slack (ns):                  0.146                                                                           
  Arrival (ns):                3.414                                                                           
  Required (ns):               3.268                                                                           

Path 33
  From:                        SERDES_IF2_0/SERDESIF_INST/INST_SERDESIF_IP:EPCS_RXCLK[1]
  To:                          CORETSE_AHB_0/CoreTSE_top_inst/CORETSE_AHBio0.CORETSE_AHBOi0/CORETSE_AHBIoi0/CORETSE_AHBol11/CORETSE_AHBioIOI[10]:D
  Delay (ns):                  4.885                                                                           
  Slack (ns):                  0.147                                                                           
  Arrival (ns):                4.885                                                                           
  Required (ns):               4.738                                                                           

Path 34
  From:                        SERDES_IF2_0/SERDESIF_INST/INST_SERDESIF_IP:EPCS_RXCLK[1]
  To:                          CORETSE_AHB_0/CoreTSE_top_inst/CORETSE_AHBio0.CORETSE_AHBOi0/CORETSE_AHBIoi0/CORETSE_AHBol11/CORETSE_AHBioIOI[15]:D
  Delay (ns):                  4.879                                                                           
  Slack (ns):                  0.150                                                                           
  Arrival (ns):                4.879                                                                           
  Required (ns):               4.729                                                                           

Path 35
  From:                        CoreTSE_Webserver_MSS_0/MSS_ADLIB_INST/INST_MSS_075_IP:CLK_CONFIG_APB
  To:                          CoreConfigP_0/pwdata[8]:D
  Delay (ns):                  3.416                                                                           
  Slack (ns):                  0.160                                                                           
  Arrival (ns):                3.416                                                                           
  Required (ns):               3.256                                                                           

Path 36
  From:                        CoreTSE_Webserver_MSS_0/MSS_ADLIB_INST/INST_MSS_075_IP:CLK_CONFIG_APB
  To:                          CoreConfigP_0/pwdata[4]:D
  Delay (ns):                  3.404                                                                           
  Slack (ns):                  0.164                                                                           
  Arrival (ns):                3.404                                                                           
  Required (ns):               3.240                                                                           

Path 37
  From:                        CoreTSE_Webserver_MSS_0/MSS_ADLIB_INST/INST_MSS_075_IP:CLK_CONFIG_APB
  To:                          CoreConfigP_0/paddr[5]:D
  Delay (ns):                  3.434                                                                           
  Slack (ns):                  0.178                                                                           
  Arrival (ns):                3.434                                                                           
  Required (ns):               3.256                                                                           

Path 38
  From:                        CoreTSE_Webserver_MSS_0/MSS_ADLIB_INST/INST_MSS_075_IP:CLK_CONFIG_APB
  To:                          CoreConfigP_0/pwdata[3]:D
  Delay (ns):                  3.444                                                                           
  Slack (ns):                  0.185                                                                           
  Arrival (ns):                3.444                                                                           
  Required (ns):               3.259                                                                           

Path 39
  From:                        CoreTSE_Webserver_MSS_0/MSS_ADLIB_INST/INST_MSS_075_IP:CLK_CONFIG_APB
  To:                          CoreConfigP_0/pwdata[13]:D
  Delay (ns):                  3.442                                                                           
  Slack (ns):                  0.186                                                                           
  Arrival (ns):                3.442                                                                           
  Required (ns):               3.256                                                                           

Path 40
  From:                        CoreTSE_Webserver_MSS_0/MSS_ADLIB_INST/INST_MSS_075_IP:CLK_CONFIG_APB
  To:                          CoreConfigP_0/pwdata[6]:D
  Delay (ns):                  3.431                                                                           
  Slack (ns):                  0.191                                                                           
  Arrival (ns):                3.431                                                                           
  Required (ns):               3.240                                                                           

Path 41
  From:                        SERDES_IF2_0/SERDESIF_INST/INST_SERDESIF_IP:EPCS_RXCLK[1]
  To:                          CORETSE_AHB_0/CoreTSE_top_inst/CORETSE_AHBio0.CORETSE_AHBOi0/CORETSE_AHBIoi0/CORETSE_AHBol11/CORETSE_AHBioIOI[13]:D
  Delay (ns):                  4.950                                                                           
  Slack (ns):                  0.214                                                                           
  Arrival (ns):                4.950                                                                           
  Required (ns):               4.736                                                                           

Path 42
  From:                        SERDES_IF2_0/SERDESIF_INST/INST_SERDESIF_IP:EPCS_RXCLK[1]
  To:                          CORETSE_AHB_0/CoreTSE_top_inst/CORETSE_AHBio0.CORETSE_AHBOi0/CORETSE_AHBIoi0/CORETSE_AHBol11/CORETSE_AHBooIOI[9]:D
  Delay (ns):                  4.947                                                                           
  Slack (ns):                  0.218                                                                           
  Arrival (ns):                4.947                                                                           
  Required (ns):               4.729                                                                           

Path 43
  From:                        CoreTSE_Webserver_MSS_0/MSS_ADLIB_INST/INST_MSS_075_IP:CLK_CONFIG_APB
  To:                          CoreConfigP_0/paddr[11]:D
  Delay (ns):                  3.486                                                                           
  Slack (ns):                  0.218                                                                           
  Arrival (ns):                3.486                                                                           
  Required (ns):               3.268                                                                           

Path 44
  From:                        CoreTSE_Webserver_MSS_0/MSS_ADLIB_INST/INST_MSS_075_IP:CLK_CONFIG_APB
  To:                          CoreConfigP_0/pwdata[20]:D
  Delay (ns):                  3.485                                                                           
  Slack (ns):                  0.220                                                                           
  Arrival (ns):                3.485                                                                           
  Required (ns):               3.265                                                                           

Path 45
  From:                        CORETSE_AHB_0/CoreTSE_top_inst/CORETSE_AHBilI/CORETSE_AHBoOooI/CORETSE_AHBi0II/CORETSE_AHBiloI[4]:CLK
  To:                          CORETSE_AHB_0/CoreTSE_top_inst/CORETSE_AHBilI/CORETSE_AHBoOooI/CORETSE_AHBi0II/CORETSE_AHBOoi[4]:D
  Delay (ns):                  0.283                                                                           
  Slack (ns):                  0.226                                                                           
  Arrival (ns):                5.572                                                                           
  Required (ns):               5.346                                                                           

Path 46
  From:                        CORETSE_AHB_0/CoreTSE_top_inst/CORETSE_AHBilI/CORETSE_AHBoOooI/CORETSE_AHBOoII/CORETSE_AHBioII:CLK
  To:                          CORETSE_AHB_0/CoreTSE_top_inst/CORETSE_AHBilI/CORETSE_AHBoOooI/CORETSE_AHBOoII/CORETSE_AHBOiII:D
  Delay (ns):                  0.274                                                                           
  Slack (ns):                  0.226                                                                           
  Arrival (ns):                9.620                                                                           
  Required (ns):               9.394                                                                           

Path 47
  From:                        CORETSE_AHB_0/CoreTSE_top_inst/CORETSE_AHBilI/CORETSE_AHBiOooI/CORETSE_AHBooOo/CORETSE_AHBoIio:CLK
  To:                          CORETSE_AHB_0/CoreTSE_top_inst/CORETSE_AHBilI/CORETSE_AHBiOooI/CORETSE_AHBooOo/CORETSE_AHBiIio:D
  Delay (ns):                  0.280                                                                           
  Slack (ns):                  0.228                                                                           
  Arrival (ns):                5.558                                                                           
  Required (ns):               5.330                                                                           

Path 48
  From:                        CORETSE_AHB_0/CoreTSE_top_inst/CORETSE_AHBio0.CORETSE_AHBOi0/CORETSE_AHBIoi0/CORETSE_AHBi011/CORETSE_AHBoiIII:CLK
  To:                          CORETSE_AHB_0/CoreTSE_top_inst/CORETSE_AHBio0.CORETSE_AHBOi0/CORETSE_AHBIoi0/CORETSE_AHBi011/CORETSE_AHBiiIII:D
  Delay (ns):                  0.274                                                                           
  Slack (ns):                  0.228                                                                           
  Arrival (ns):                4.958                                                                           
  Required (ns):               4.730                                                                           

Path 49
  From:                        CORETSE_AHB_0/CoreTSE_top_inst/CORETSE_AHBio0.CORETSE_AHBOi0/CORETSE_AHBIoi0/CORETSE_AHBO011/CORETSE_AHBi101/CORETSE_AHBlllo:CLK
  To:                          CORETSE_AHB_0/CoreTSE_top_inst/CORETSE_AHBio0.CORETSE_AHBOi0/CORETSE_AHBIoi0/CORETSE_AHBO011/CORETSE_AHBi101/CORETSE_AHBl1I1:D
  Delay (ns):                  0.278                                                                           
  Slack (ns):                  0.228                                                                           
  Arrival (ns):                5.014                                                                           
  Required (ns):               4.786                                                                           

Path 50
  From:                        CORETSE_AHB_0/CoreTSE_top_inst/CORETSE_AHBilI/CORETSE_AHBiOooI/CORETSE_AHBl1Oo/CORETSE_AHBIOlo/CORETSE_AHBl11II[0]:CLK
  To:                          CORETSE_AHB_0/CoreTSE_top_inst/CORETSE_AHBilI/CORETSE_AHBiOooI/CORETSE_AHBl1Oo/CORETSE_AHBIOlo/CORETSE_AHBOOiII[0]:D
  Delay (ns):                  0.278                                                                           
  Slack (ns):                  0.229                                                                           
  Arrival (ns):                9.631                                                                           
  Required (ns):               9.402                                                                           

Path 51
  From:                        CORETSE_AHB_0/CoreTSE_top_inst/CORETSE_AHBilI/CORETSE_AHBoOooI/CORETSE_AHBi0II/CORETSE_AHBo1oI:CLK
  To:                          CORETSE_AHB_0/CoreTSE_top_inst/CORETSE_AHBilI/CORETSE_AHBoOooI/CORETSE_AHBi0II/CORETSE_AHBi1oI:D
  Delay (ns):                  0.271                                                                           
  Slack (ns):                  0.229                                                                           
  Arrival (ns):                5.546                                                                           
  Required (ns):               5.317                                                                           

Path 52
  From:                        CORETSE_AHB_0/CoreTSE_top_inst/CORETSE_AHBilI/CORETSE_AHBoOooI/CORETSE_AHBo1II/CORETSE_AHBilOl[12]:CLK
  To:                          CORETSE_AHB_0/CoreTSE_top_inst/CORETSE_AHBilI/CORETSE_AHBoOooI/CORETSE_AHBo1II/CORETSE_AHBOlOl:D
  Delay (ns):                  0.278                                                                           
  Slack (ns):                  0.229                                                                           
  Arrival (ns):                9.636                                                                           
  Required (ns):               9.407                                                                           

Path 53
  From:                        CORETSE_AHB_0/CoreTSE_top_inst/CORETSE_AHBilI/CORETSE_AHBoOooI/CORETSE_AHBi0II/CORETSE_AHBiloI[9]:CLK
  To:                          CORETSE_AHB_0/CoreTSE_top_inst/CORETSE_AHBilI/CORETSE_AHBoOooI/CORETSE_AHBi0II/CORETSE_AHBOoi[9]:D
  Delay (ns):                  0.283                                                                           
  Slack (ns):                  0.229                                                                           
  Arrival (ns):                5.567                                                                           
  Required (ns):               5.338                                                                           

Path 54
  From:                        CORETSE_AHB_0/CoreTSE_top_inst/CORETSE_AHBilI/CORETSE_AHBiOooI/CORETSE_AHBl1Oo/CORETSE_AHBIOlo/CORETSE_AHBOioII[1]:CLK
  To:                          CORETSE_AHB_0/CoreTSE_top_inst/CORETSE_AHBilI/CORETSE_AHBiOooI/CORETSE_AHBl1Oo/CORETSE_AHBIOlo/CORETSE_AHBOIiII[1]:D
  Delay (ns):                  0.286                                                                           
  Slack (ns):                  0.229                                                                           
  Arrival (ns):                9.628                                                                           
  Required (ns):               9.399                                                                           

Path 55
  From:                        CORETSE_AHB_0/CoreTSE_top_inst/CORETSE_AHBilI/CORETSE_AHBIOooI/CORETSE_AHBOil0/CORETSE_AHBOl0oI[0]:CLK
  To:                          CORETSE_AHB_0/CoreTSE_top_inst/CORETSE_AHBilI/CORETSE_AHBIOooI/CORETSE_AHBOil0/CORETSE_AHBOl0oI[1]:D
  Delay (ns):                  0.275                                                                           
  Slack (ns):                  0.229                                                                           
  Arrival (ns):                5.555                                                                           
  Required (ns):               5.326                                                                           

Path 56
  From:                        CORETSE_AHB_0/CoreTSE_top_inst/CORETSE_AHBilI/CORETSE_AHBiOooI/CORETSE_AHBl1Oo/CORETSE_AHBoOlo/CORETSE_AHBl1o[17]:CLK
  To:                          CORETSE_AHB_0/CoreTSE_top_inst/CORETSE_AHBilI/CORETSE_AHBiOooI/CORETSE_AHBl1Oo/CORETSE_AHBiOlo/CORETSE_AHBl1o[17]:D
  Delay (ns):                  0.284                                                                           
  Slack (ns):                  0.230                                                                           
  Arrival (ns):                9.621                                                                           
  Required (ns):               9.391                                                                           

Path 57
  From:                        CORETSE_AHB_0/CoreTSE_top_inst/CORETSE_AHBilI/CORETSE_AHBiOooI/CORETSE_AHBl1Oo/CORETSE_AHBIOlo/CORETSE_AHBOioII[3]:CLK
  To:                          CORETSE_AHB_0/CoreTSE_top_inst/CORETSE_AHBilI/CORETSE_AHBiOooI/CORETSE_AHBl1Oo/CORETSE_AHBIOlo/CORETSE_AHBOIiII[3]:D
  Delay (ns):                  0.287                                                                           
  Slack (ns):                  0.230                                                                           
  Arrival (ns):                9.629                                                                           
  Required (ns):               9.399                                                                           

Path 58
  From:                        CORETSE_AHB_0/CoreTSE_top_inst/CORETSE_AHBilI/CORETSE_AHBoOooI/CORETSE_AHBo1II/CORETSE_AHBllOl:CLK
  To:                          CORETSE_AHB_0/CoreTSE_top_inst/CORETSE_AHBilI/CORETSE_AHBoOooI/CORETSE_AHBo1II/CORETSE_AHBolOl:D
  Delay (ns):                  0.287                                                                           
  Slack (ns):                  0.230                                                                           
  Arrival (ns):                9.640                                                                           
  Required (ns):               9.410                                                                           

Path 59
  From:                        CORETSE_AHB_0/CoreTSE_top_inst/CORETSE_AHBio0.CORETSE_AHBOi0/CORETSE_AHBIoi0/CORETSE_AHBiI11/CORETSE_AHBollII[0]:CLK
  To:                          CORETSE_AHB_0/CoreTSE_top_inst/CORETSE_AHBio0.CORETSE_AHBOi0/CORETSE_AHBIoi0/CORETSE_AHBiI11/CORETSE_AHBOI1II[0]:D
  Delay (ns):                  0.286                                                                           
  Slack (ns):                  0.230                                                                           
  Arrival (ns):                5.015                                                                           
  Required (ns):               4.785                                                                           

Path 60
  From:                        CoreResetP_0/sdif0_areset_n_rcosc_q1:CLK
  To:                          CoreResetP_0/sdif0_areset_n_rcosc:D
  Delay (ns):                  0.283                                                                           
  Slack (ns):                  0.231                                                                           
  Arrival (ns):                5.206                                                                           
  Required (ns):               4.975                                                                           

Path 61
  From:                        CORETSE_AHB_0/CoreTSE_top_inst/CORETSE_AHBilI/CORETSE_AHBIOooI/CORETSE_AHBOil0/CORETSE_AHBi0l0:CLK
  To:                          CORETSE_AHB_0/CoreTSE_top_inst/CORETSE_AHBilI/CORETSE_AHBOlooI.CORETSE_AHBO0ooI/CORETSE_AHBo1li/CORETSE_AHBlI0i:D
  Delay (ns):                  0.279                                                                           
  Slack (ns):                  0.231                                                                           
  Arrival (ns):                5.563                                                                           
  Required (ns):               5.332                                                                           

Path 62
  From:                        CORETSE_AHB_0/CoreTSE_top_inst/CORETSE_AHBilI/CORETSE_AHBoOooI/CORETSE_AHBl1II/CORETSE_AHBl11I:CLK
  To:                          CORETSE_AHB_0/CoreTSE_top_inst/CORETSE_AHBilI/CORETSE_AHBoOooI/CORETSE_AHBl1II/CORETSE_AHBo11I:D
  Delay (ns):                  0.280                                                                           
  Slack (ns):                  0.231                                                                           
  Arrival (ns):                9.641                                                                           
  Required (ns):               9.410                                                                           

Path 63
  From:                        CORETSE_AHB_0/CoreTSE_top_inst/CORETSE_AHBilI/CORETSE_AHBoOooI/CORETSE_AHBOoII/CORETSE_AHBoiII:CLK
  To:                          CORETSE_AHB_0/CoreTSE_top_inst/CORETSE_AHBilI/CORETSE_AHBoOooI/CORETSE_AHBOoII/CORETSE_AHBiiII:D
  Delay (ns):                  0.279                                                                           
  Slack (ns):                  0.231                                                                           
  Arrival (ns):                9.620                                                                           
  Required (ns):               9.389                                                                           

Path 64
  From:                        CORETSE_AHB_0/CoreTSE_top_inst/CORETSE_AHBio0.CORETSE_AHBOi0/CORETSE_AHBIoi0/CORETSE_AHBol11/CORETSE_AHBioIOI[18]:CLK
  To:                          CORETSE_AHB_0/CoreTSE_top_inst/CORETSE_AHBio0.CORETSE_AHBOi0/CORETSE_AHBIoi0/CORETSE_AHBol11/CORETSE_AHBoOlOI[18]:D
  Delay (ns):                  0.286                                                                           
  Slack (ns):                  0.232                                                                           
  Arrival (ns):                4.970                                                                           
  Required (ns):               4.738                                                                           

Path 65
  From:                        CORETSE_AHB_0/CoreTSE_top_inst/CORETSE_AHBilI/CORETSE_AHBoOooI/CORETSE_AHBi0II/CORETSE_AHBiloI[7]:CLK
  To:                          CORETSE_AHB_0/CoreTSE_top_inst/CORETSE_AHBilI/CORETSE_AHBoOooI/CORETSE_AHBi0II/CORETSE_AHBOoi[7]:D
  Delay (ns):                  0.289                                                                           
  Slack (ns):                  0.232                                                                           
  Arrival (ns):                5.578                                                                           
  Required (ns):               5.346                                                                           

Path 66
  From:                        CORETSE_AHB_0/CoreTSE_top_inst/CORETSE_AHBio0.CORETSE_AHBOi0/CORETSE_AHBIoi0/CORETSE_AHBil11/CORETSE_AHBOii0[0]:CLK
  To:                          CORETSE_AHB_0/CoreTSE_top_inst/CORETSE_AHBio0.CORETSE_AHBOi0/CORETSE_AHBlOO1/CORETSE_AHBOi10[0]:D
  Delay (ns):                  0.279                                                                           
  Slack (ns):                  0.232                                                                           
  Arrival (ns):                4.960                                                                           
  Required (ns):               4.728                                                                           

Path 67
  From:                        CORETSE_AHB_0/CoreTSE_top_inst/CORETSE_AHBio0.CORETSE_AHBOi0/CORETSE_AHBIoi0/CORETSE_AHBil11/CORETSE_AHBlIO1:CLK
  To:                          CORETSE_AHB_0/CoreTSE_top_inst/CORETSE_AHBio0.CORETSE_AHBOi0/CORETSE_AHBIoi0/CORETSE_AHBO011/CORETSE_AHBi101/CORETSE_AHBo0lo:D
  Delay (ns):                  0.297                                                                           
  Slack (ns):                  0.232                                                                           
  Arrival (ns):                4.979                                                                           
  Required (ns):               4.747                                                                           

Path 68
  From:                        CORETSE_AHB_0/CoreTSE_top_inst/CORETSE_AHBilI/CORETSE_AHBiOooI/CORETSE_AHBooOo/CORETSE_AHBIlOi:CLK
  To:                          CORETSE_AHB_0/CoreTSE_top_inst/CORETSE_AHBilI/CORETSE_AHBiOooI/CORETSE_AHBooOo/CORETSE_AHBO11:D
  Delay (ns):                  0.286                                                                           
  Slack (ns):                  0.233                                                                           
  Arrival (ns):                5.565                                                                           
  Required (ns):               5.332                                                                           

Path 69
  From:                        CORETSE_AHB_0/CoreTSE_top_inst/CORETSE_AHBilI/CORETSE_AHBiOooI/CORETSE_AHBl1Oo/CORETSE_AHBoOlo/CORETSE_AHBl1o[32]:CLK
  To:                          CORETSE_AHB_0/CoreTSE_top_inst/CORETSE_AHBilI/CORETSE_AHBiOooI/CORETSE_AHBl1Oo/CORETSE_AHBiOlo/CORETSE_AHBl1o[32]:D
  Delay (ns):                  0.287                                                                           
  Slack (ns):                  0.233                                                                           
  Arrival (ns):                9.622                                                                           
  Required (ns):               9.389                                                                           

Path 70
  From:                        CoreResetP_0/CONFIG2_DONE_q1:CLK
  To:                          CoreResetP_0/CONFIG2_DONE_clk_base:D
  Delay (ns):                  0.279                                                                           
  Slack (ns):                  0.233                                                                           
  Arrival (ns):                5.560                                                                           
  Required (ns):               5.327                                                                           

Path 71
  From:                        CORETSE_AHB_0/CoreTSE_top_inst/CORETSE_AHBilI/CORETSE_AHBiOooI/CORETSE_AHBl1Oo/CORETSE_AHBIOlo/CORETSE_AHBlIIlI[3]:CLK
  To:                          CORETSE_AHB_0/CoreTSE_top_inst/CORETSE_AHBilI/CORETSE_AHBiOooI/CORETSE_AHBl1Oo/CORETSE_AHBIOlo/CORETSE_AHBiIIlI[3]:D
  Delay (ns):                  0.290                                                                           
  Slack (ns):                  0.233                                                                           
  Arrival (ns):                9.633                                                                           
  Required (ns):               9.400                                                                           

Path 72
  From:                        CORETSE_AHB_0/CoreTSE_top_inst/CORETSE_AHBilI/CORETSE_AHBoOooI/CORETSE_AHBi0II/CORETSE_AHBi0oI:CLK
  To:                          CORETSE_AHB_0/CoreTSE_top_inst/CORETSE_AHBilI/CORETSE_AHBoOooI/CORETSE_AHBi0II/CORETSE_AHBO1oI:D
  Delay (ns):                  0.287                                                                           
  Slack (ns):                  0.233                                                                           
  Arrival (ns):                5.560                                                                           
  Required (ns):               5.327                                                                           

Path 73
  From:                        CORETSE_AHB_0/CoreTSE_top_inst/CORETSE_AHBilI/CORETSE_AHBoOooI/CORETSE_AHBi0II/CORETSE_AHBOOiI:CLK
  To:                          CORETSE_AHB_0/CoreTSE_top_inst/CORETSE_AHBilI/CORETSE_AHBoOooI/CORETSE_AHBi0II/CORETSE_AHBIOiI:D
  Delay (ns):                  0.286                                                                           
  Slack (ns):                  0.233                                                                           
  Arrival (ns):                5.569                                                                           
  Required (ns):               5.336                                                                           

Path 74
  From:                        CORETSE_AHB_0/CoreTSE_top_inst/CORETSE_AHBio0.CORETSE_AHBOi0/CORETSE_AHBIoi0/CORETSE_AHBO011/CORETSE_AHBi101/CORETSE_AHBIIlo:CLK
  To:                          CORETSE_AHB_0/CoreTSE_top_inst/CORETSE_AHBio0.CORETSE_AHBOi0/CORETSE_AHBIoi0/CORETSE_AHBO011/CORETSE_AHBi101/CORETSE_AHBl0I1:D
  Delay (ns):                  0.289                                                                           
  Slack (ns):                  0.233                                                                           
  Arrival (ns):                5.010                                                                           
  Required (ns):               4.777                                                                           

Path 75
  From:                        CORETSE_AHB_0/CoreTSE_top_inst/CORETSE_AHBio0.CORETSE_AHBOi0/CORETSE_AHBIoi0/CORETSE_AHBO011/CORETSE_AHBi101/CORETSE_AHBollo:CLK
  To:                          CORETSE_AHB_0/CoreTSE_top_inst/CORETSE_AHBio0.CORETSE_AHBOi0/CORETSE_AHBIoi0/CORETSE_AHBO011/CORETSE_AHBi101/CORETSE_AHBo1I1:D
  Delay (ns):                  0.286                                                                           
  Slack (ns):                  0.233                                                                           
  Arrival (ns):                4.999                                                                           
  Required (ns):               4.766                                                                           

Path 76
  From:                        CoreResetP_0/sdif0_spll_lock_q1:CLK
  To:                          CoreResetP_0/sdif0_spll_lock_q2:D
  Delay (ns):                  0.290                                                                           
  Slack (ns):                  0.233                                                                           
  Arrival (ns):                5.585                                                                           
  Required (ns):               5.352                                                                           

Path 77
  From:                        CORETSE_AHB_0/CoreTSE_top_inst/CORETSE_AHBilI/CORETSE_AHBoOooI/CORETSE_AHBl1II/CORETSE_AHBOOOI[2]:CLK
  To:                          CORETSE_AHB_0/CoreTSE_top_inst/CORETSE_AHBilI/CORETSE_AHBoOooI/CORETSE_AHBo1II/CORETSE_AHBO0Ol[2]:D
  Delay (ns):                  0.290                                                                           
  Slack (ns):                  0.233                                                                           
  Arrival (ns):                9.640                                                                           
  Required (ns):               9.407                                                                           

Path 78
  From:                        CORETSE_AHB_0/CoreTSE_top_inst/CORETSE_AHBio0.CORETSE_AHBOi0/CORETSE_AHBIoi0/CORETSE_AHBol11/CORETSE_AHBioIOI[19]:CLK
  To:                          CORETSE_AHB_0/CoreTSE_top_inst/CORETSE_AHBio0.CORETSE_AHBOi0/CORETSE_AHBIoi0/CORETSE_AHBol11/CORETSE_AHBoOlOI[19]:D
  Delay (ns):                  0.287                                                                           
  Slack (ns):                  0.233                                                                           
  Arrival (ns):                4.973                                                                           
  Required (ns):               4.740                                                                           

Path 79
  From:                        CoreResetP_0/release_sdif1_core_q1:CLK
  To:                          CoreResetP_0/release_sdif1_core_clk_base:D
  Delay (ns):                  0.290                                                                           
  Slack (ns):                  0.234                                                                           
  Arrival (ns):                5.583                                                                           
  Required (ns):               5.349                                                                           

Path 80
  From:                        CORETSE_AHB_0/CoreTSE_top_inst/CORETSE_AHBilI/CORETSE_AHBiOooI/CORETSE_AHBl1Oo/CORETSE_AHBoOlo/CORETSE_AHBoi0OI:CLK
  To:                          CORETSE_AHB_0/CoreTSE_top_inst/CORETSE_AHBilI/CORETSE_AHBiOooI/CORETSE_AHBl1Oo/CORETSE_AHBoOlo/CORETSE_AHBl1o[22]:D
  Delay (ns):                  0.279                                                                           
  Slack (ns):                  0.234                                                                           
  Arrival (ns):                9.609                                                                           
  Required (ns):               9.375                                                                           

Path 81
  From:                        CORETSE_AHB_0/CoreTSE_top_inst/CORETSE_AHBilI/CORETSE_AHBiOooI/CORETSE_AHBl1Oo/CORETSE_AHBIOlo/CORETSE_AHBoioII[0]:CLK
  To:                          CORETSE_AHB_0/CoreTSE_top_inst/CORETSE_AHBilI/CORETSE_AHBiOooI/CORETSE_AHBl1Oo/CORETSE_AHBIOlo/CORETSE_AHBI0IlI[0]:D
  Delay (ns):                  0.284                                                                           
  Slack (ns):                  0.235                                                                           
  Arrival (ns):                9.640                                                                           
  Required (ns):               9.405                                                                           

Path 82
  From:                        CORETSE_AHB_0/CoreTSE_top_inst/CORETSE_AHBilI/CORETSE_AHBoOooI/CORETSE_AHBO1II/CORETSE_AHBI0iI[13]:CLK
  To:                          CORETSE_AHB_0/CoreTSE_top_inst/CORETSE_AHBilI/CORETSE_AHBoOooI/CORETSE_AHBO1II/CORETSE_AHBl0iI[13]:D
  Delay (ns):                  0.280                                                                           
  Slack (ns):                  0.235                                                                           
  Arrival (ns):                9.629                                                                           
  Required (ns):               9.394                                                                           

Path 83
  From:                        CORETSE_AHB_0/CoreTSE_top_inst/CORETSE_AHBilI/CORETSE_AHBoOooI/CORETSE_AHBO1II/CORETSE_AHBO0iI[6]:CLK
  To:                          CORETSE_AHB_0/CoreTSE_top_inst/CORETSE_AHBilI/CORETSE_AHBoOooI/CORETSE_AHBO1II/CORETSE_AHBI0iI[6]:D
  Delay (ns):                  0.289                                                                           
  Slack (ns):                  0.235                                                                           
  Arrival (ns):                9.633                                                                           
  Required (ns):               9.398                                                                           

Path 84
  From:                        CoreResetP_0/release_sdif2_core_q1:CLK
  To:                          CoreResetP_0/release_sdif2_core_clk_base:D
  Delay (ns):                  0.284                                                                           
  Slack (ns):                  0.235                                                                           
  Arrival (ns):                5.584                                                                           
  Required (ns):               5.349                                                                           

Path 85
  From:                        CoreResetP_0/FIC_2_APB_M_PRESET_N_q1:CLK
  To:                          CoreResetP_0/FIC_2_APB_M_PRESET_N_clk_base:D
  Delay (ns):                  0.280                                                                           
  Slack (ns):                  0.235                                                                           
  Arrival (ns):                5.551                                                                           
  Required (ns):               5.316                                                                           

Path 86
  From:                        CORETSE_AHB_0/CoreTSE_top_inst/CORETSE_AHBilI/CORETSE_AHBoOooI/CORETSE_AHBO1II/CORETSE_AHBI0iI[9]:CLK
  To:                          CORETSE_AHB_0/CoreTSE_top_inst/CORETSE_AHBilI/CORETSE_AHBoOooI/CORETSE_AHBO1II/CORETSE_AHBl0iI[9]:D
  Delay (ns):                  0.280                                                                           
  Slack (ns):                  0.235                                                                           
  Arrival (ns):                9.615                                                                           
  Required (ns):               9.380                                                                           

Path 87
  From:                        CORETSE_AHB_0/CoreTSE_top_inst/CORETSE_AHBio0.CORETSE_AHBOi0/CORETSE_AHBIoi0/CORETSE_AHBil11/CORETSE_AHBl0oi[21]:CLK
  To:                          CORETSE_AHB_0/CoreTSE_top_inst/CORETSE_AHBio0.CORETSE_AHBOi0/CORETSE_AHBIoi0/CORETSE_AHBil11/CORETSE_AHBl0oi[5]:D
  Delay (ns):                  0.284                                                                           
  Slack (ns):                  0.235                                                                           
  Arrival (ns):                4.977                                                                           
  Required (ns):               4.742                                                                           

Path 88
  From:                        CORETSE_AHB_0/CoreTSE_top_inst/CORETSE_AHBio0.CORETSE_AHBOi0/CORETSE_AHBIoi0/CORETSE_AHBO011/CORETSE_AHBi101/CORETSE_AHBI0lo:CLK
  To:                          CORETSE_AHB_0/CoreTSE_top_inst/CORETSE_AHBio0.CORETSE_AHBOi0/CORETSE_AHBIoi0/CORETSE_AHBO011/CORETSE_AHBi101/CORETSE_AHBIoI1:D
  Delay (ns):                  0.283                                                                           
  Slack (ns):                  0.235                                                                           
  Arrival (ns):                5.004                                                                           
  Required (ns):               4.769                                                                           

Path 89
  From:                        CORETSE_AHB_0/CoreTSE_top_inst/CORETSE_AHBilI/CORETSE_AHBoOooI/CORETSE_AHBI1II/CORETSE_AHBIo0I[0]:CLK
  To:                          CORETSE_AHB_0/CoreTSE_top_inst/CORETSE_AHBilI/CORETSE_AHBoOooI/CORETSE_AHBI1II/CORETSE_AHBOo0I[0]:D
  Delay (ns):                  0.279                                                                           
  Slack (ns):                  0.235                                                                           
  Arrival (ns):                5.548                                                                           
  Required (ns):               5.313                                                                           

Path 90
  From:                        CORETSE_AHB_0/CoreTSE_top_inst/CORETSE_AHBilI/CORETSE_AHBiOooI/CORETSE_AHBl1Oo/CORETSE_AHBOOlo/CORETSE_AHBIillI:CLK
  To:                          CORETSE_AHB_0/CoreTSE_top_inst/CORETSE_AHBilI/CORETSE_AHBiOooI/CORETSE_AHBl1Oo/CORETSE_AHBOOlo/CORETSE_AHBlillI:D
  Delay (ns):                  0.290                                                                           
  Slack (ns):                  0.236                                                                           
  Arrival (ns):                9.635                                                                           
  Required (ns):               9.399                                                                           

Path 91
  From:                        CORETSE_AHB_0/CoreTSE_top_inst/CORETSE_AHBilI/CORETSE_AHBiOooI/CORETSE_AHBl1Oo/CORETSE_AHBoOlo/CORETSE_AHBl1o[31]:CLK
  To:                          CORETSE_AHB_0/CoreTSE_top_inst/CORETSE_AHBilI/CORETSE_AHBiOooI/CORETSE_AHBl1Oo/CORETSE_AHBiOlo/CORETSE_AHBl1o[31]:D
  Delay (ns):                  0.290                                                                           
  Slack (ns):                  0.236                                                                           
  Arrival (ns):                9.627                                                                           
  Required (ns):               9.391                                                                           

Path 92
  From:                        CORETSE_AHB_0/CoreTSE_top_inst/CORETSE_AHBio0.CORETSE_AHBOi0/CORETSE_AHBIoi0/CORETSE_AHBil11/CORETSE_AHBiOoi:CLK
  To:                          CORETSE_AHB_0/CoreTSE_top_inst/CORETSE_AHBio0.CORETSE_AHBOi0/CORETSE_AHBIoi0/CORETSE_AHBil11/CORETSE_AHBOIoi:D
  Delay (ns):                  0.278                                                                           
  Slack (ns):                  0.236                                                                           
  Arrival (ns):                4.961                                                                           
  Required (ns):               4.725                                                                           

Path 93
  From:                        CORETSE_AHB_0/CoreTSE_top_inst/CORETSE_AHBilI/CORETSE_AHBoOooI/CORETSE_AHBO1II/CORETSE_AHBI0iI[4]:CLK
  To:                          CORETSE_AHB_0/CoreTSE_top_inst/CORETSE_AHBilI/CORETSE_AHBoOooI/CORETSE_AHBO1II/CORETSE_AHBl0iI[4]:D
  Delay (ns):                  0.284                                                                           
  Slack (ns):                  0.236                                                                           
  Arrival (ns):                9.631                                                                           
  Required (ns):               9.395                                                                           

Path 94
  From:                        CORETSE_AHB_0/CoreTSE_top_inst/CORETSE_AHBilI/CORETSE_AHBoOooI/CORETSE_AHBOoII/CORETSE_AHBOOlI:CLK
  To:                          CORETSE_AHB_0/CoreTSE_top_inst/CORETSE_AHBilI/CORETSE_AHBoOooI/CORETSE_AHBOoII/CORETSE_AHBIOlI:D
  Delay (ns):                  0.290                                                                           
  Slack (ns):                  0.236                                                                           
  Arrival (ns):                9.634                                                                           
  Required (ns):               9.398                                                                           

Path 95
  From:                        CORETSE_AHB_0/CoreTSE_top_inst/CORETSE_AHBilI/CORETSE_AHBoOooI/CORETSE_AHBl1II/CORETSE_AHBoOoI:CLK
  To:                          CORETSE_AHB_0/CoreTSE_top_inst/CORETSE_AHBilI/CORETSE_AHBoOooI/CORETSE_AHBl1II/CORETSE_AHBiOoI:D
  Delay (ns):                  0.290                                                                           
  Slack (ns):                  0.236                                                                           
  Arrival (ns):                9.628                                                                           
  Required (ns):               9.392                                                                           

Path 96
  From:                        CORETSE_AHB_0/CoreTSE_top_inst/CORETSE_AHBIOI[1]:CLK
  To:                          CORETSE_AHB_0/CoreTSE_top_inst/CORETSE_AHBIOI[2]:D
  Delay (ns):                  0.278                                                                           
  Slack (ns):                  0.236                                                                           
  Arrival (ns):                5.013                                                                           
  Required (ns):               4.777                                                                           

Path 97
  From:                        CORETSE_AHB_0/CoreTSE_top_inst/CORETSE_AHBilI/CORETSE_AHBiOooI/CORETSE_AHBooOo/CORETSE_AHBOlOi:CLK
  To:                          CORETSE_AHB_0/CoreTSE_top_inst/CORETSE_AHBilI/CORETSE_AHBiOooI/CORETSE_AHBooOo/CORETSE_AHBI11:D
  Delay (ns):                  0.290                                                                           
  Slack (ns):                  0.237                                                                           
  Arrival (ns):                5.569                                                                           
  Required (ns):               5.332                                                                           

Path 98
  From:                        CORETSE_AHB_0/CoreTSE_top_inst/CORETSE_AHBilI/CORETSE_AHBiOooI/CORETSE_AHBl1Oo/CORETSE_AHBIOlo/CORETSE_AHBlIIlI[7]:CLK
  To:                          CORETSE_AHB_0/CoreTSE_top_inst/CORETSE_AHBilI/CORETSE_AHBiOooI/CORETSE_AHBl1Oo/CORETSE_AHBIOlo/CORETSE_AHBiIIlI[7]:D
  Delay (ns):                  0.286                                                                           
  Slack (ns):                  0.237                                                                           
  Arrival (ns):                9.639                                                                           
  Required (ns):               9.402                                                                           

Path 99
  From:                        CORETSE_AHB_0/CoreTSE_top_inst/CORETSE_AHBio0.CORETSE_AHBOi0/CORETSE_AHBIoi0/CORETSE_AHBol11/CORETSE_AHBioIOI[14]:CLK
  To:                          CORETSE_AHB_0/CoreTSE_top_inst/CORETSE_AHBio0.CORETSE_AHBOi0/CORETSE_AHBIoi0/CORETSE_AHBol11/CORETSE_AHBoOlOI[14]:D
  Delay (ns):                  0.291                                                                           
  Slack (ns):                  0.237                                                                           
  Arrival (ns):                4.973                                                                           
  Required (ns):               4.736                                                                           

Path 100
  From:                        CORETSE_AHB_0/CoreTSE_top_inst/CORETSE_AHBilI/CORETSE_AHBiOooI/CORETSE_AHBl1Oo/CORETSE_AHBoOlo/CORETSE_AHBi0o:CLK
  To:                          CORETSE_AHB_0/CoreTSE_top_inst/CORETSE_AHBilI/CORETSE_AHBiOooI/CORETSE_AHBl1Oo/CORETSE_AHBiOlo/CORETSE_AHBi0o:D
  Delay (ns):                  0.293                                                                           
  Slack (ns):                  0.237                                                                           
  Arrival (ns):                9.634                                                                           
  Required (ns):               9.397                                                                           

