Timing Violation Report Max Delay Analysis

SmartTime Version 
Microsemi Corporation - Microsemi Libero Software Release  (Version 11.7.0.113)
Date: Mon Jan 11 23:00:49 2016


Design: CoreTSE_Webserver
Family: SmartFusion2
Die: M2S090TS
Package: 484 FBGA
Temperature Range: 0 - 85 C
Voltage Range: 1.14 - 1.26 V
Speed Grade: -1
Design State: Post-Layout
Data source: Production
Min Operating Conditions: BEST - 1.26 V - 0 C
Max Operating Conditions: WORST - 1.14 V - 85 C
Scenario for Timing Analysis: timing_analysis


Path 1
  From:                        CORETSE_AHB_0/CoreTSE_top_inst/CORETSE_AHBilI/CORETSE_AHBiOooI/CORETSE_AHBl1Oo/CORETSE_AHBiOlo/CORETSE_AHBl1o_fast[0]:CLK
  To:                          CORETSE_AHB_0/CoreTSE_top_inst/CORETSE_AHBilI/CORETSE_AHBOlooI.CORETSE_AHBO0ooI/CORETSE_AHBO1li/CORETSE_AHBIIIi[12]:D
  Delay (ns):                  4.685                                                                           
  Slack (ns):                  -7.777                                                                          
  Arrival (ns):                20.228                                                                          
  Required (ns):               12.451                                                                          

Path 2
  From:                        CORETSE_AHB_0/CoreTSE_top_inst/CORETSE_AHBilI/CORETSE_AHBiOooI/CORETSE_AHBl1Oo/CORETSE_AHBiOlo/CORETSE_AHBl1o_fast[0]:CLK
  To:                          CORETSE_AHB_0/CoreTSE_top_inst/CORETSE_AHBilI/CORETSE_AHBOlooI.CORETSE_AHBO0ooI/CORETSE_AHBO1li/CORETSE_AHBIIIi[11]:D
  Delay (ns):                  4.684                                                                           
  Slack (ns):                  -7.767                                                                          
  Arrival (ns):                20.227                                                                          
  Required (ns):               12.460                                                                          

Path 3
  From:                        CORETSE_AHB_0/CoreTSE_top_inst/CORETSE_AHBilI/CORETSE_AHBoOooI/CORETSE_AHBl1II/CORETSE_AHBOI1I[5]:CLK
  To:                          CoreTSE_Webserver_MSS_0/MSS_ADLIB_INST/INST_MSS_075_IP:F_HM0_RDATA[3]
  Delay (ns):                  4.295                                                                           
  Slack (ns):                  -7.714                                                                          
  Arrival (ns):                19.844                                                                          
  Required (ns):               12.130                                                                          

Path 4
  From:                        CORETSE_AHB_0/CoreTSE_top_inst/CORETSE_AHBilI/CORETSE_AHBiOooI/CORETSE_AHBl1Oo/CORETSE_AHBiOlo/CORETSE_AHBl1o[11]:CLK
  To:                          CORETSE_AHB_0/CoreTSE_top_inst/CORETSE_AHBilI/CORETSE_AHBOlooI.CORETSE_AHBO0ooI/CORETSE_AHBO1li/CORETSE_AHBIIIi[10]:D
  Delay (ns):                  4.591                                                                           
  Slack (ns):                  -7.697                                                                          
  Arrival (ns):                20.150                                                                          
  Required (ns):               12.453                                                                          

Path 5
  From:                        CORETSE_AHB_0/CoreTSE_top_inst/CORETSE_AHBilI/CORETSE_AHBiOooI/CORETSE_AHBl1Oo/CORETSE_AHBiOlo/CORETSE_AHBl1o_fast[14]:CLK
  To:                          CORETSE_AHB_0/CoreTSE_top_inst/CORETSE_AHBilI/CORETSE_AHBOlooI.CORETSE_AHBO0ooI/CORETSE_AHBO1li/CORETSE_AHBIIIi[12]:D
  Delay (ns):                  4.550                                                                           
  Slack (ns):                  -7.631                                                                          
  Arrival (ns):                20.082                                                                          
  Required (ns):               12.451                                                                          

Path 6
  From:                        CORETSE_AHB_0/CoreTSE_top_inst/CORETSE_AHBilI/CORETSE_AHBiOooI/CORETSE_AHBl1Oo/CORETSE_AHBIOlo/CORETSE_AHBlOo1[0]:CLK
  To:                          CORETSE_AHB_0/CoreTSE_top_inst/CORETSE_AHBilI/CORETSE_AHBOlooI.CORETSE_AHBO0ooI/CORETSE_AHBO1li/CORETSE_AHBIIIi[12]:D
  Delay (ns):                  4.557                                                                           
  Slack (ns):                  -7.629                                                                          
  Arrival (ns):                20.080                                                                          
  Required (ns):               12.451                                                                          

Path 7
  From:                        CORETSE_AHB_0/CoreTSE_top_inst/CORETSE_AHBilI/CORETSE_AHBiOooI/CORETSE_AHBl1Oo/CORETSE_AHBiOlo/CORETSE_AHBl1o_fast[14]:CLK
  To:                          CORETSE_AHB_0/CoreTSE_top_inst/CORETSE_AHBilI/CORETSE_AHBOlooI.CORETSE_AHBO0ooI/CORETSE_AHBO1li/CORETSE_AHBIIIi[11]:D
  Delay (ns):                  4.549                                                                           
  Slack (ns):                  -7.621                                                                          
  Arrival (ns):                20.081                                                                          
  Required (ns):               12.460                                                                          

Path 8
  From:                        CORETSE_AHB_0/CoreTSE_top_inst/CORETSE_AHBilI/CORETSE_AHBiOooI/CORETSE_AHBl1Oo/CORETSE_AHBIOlo/CORETSE_AHBlOo1[0]:CLK
  To:                          CORETSE_AHB_0/CoreTSE_top_inst/CORETSE_AHBilI/CORETSE_AHBOlooI.CORETSE_AHBO0ooI/CORETSE_AHBO1li/CORETSE_AHBIIIi[11]:D
  Delay (ns):                  4.556                                                                           
  Slack (ns):                  -7.619                                                                          
  Arrival (ns):                20.079                                                                          
  Required (ns):               12.460                                                                          

Path 9
  From:                        CORETSE_AHB_0/CoreTSE_top_inst/CORETSE_AHBilI/CORETSE_AHBiOooI/CORETSE_AHBl1Oo/CORETSE_AHBIOlo/CORETSE_AHBlOo1[4]:CLK
  To:                          CORETSE_AHB_0/CoreTSE_top_inst/CORETSE_AHBilI/CORETSE_AHBOlooI.CORETSE_AHBO0ooI/CORETSE_AHBO1li/CORETSE_AHBIIIi[12]:D
  Delay (ns):                  4.523                                                                           
  Slack (ns):                  -7.610                                                                          
  Arrival (ns):                20.061                                                                          
  Required (ns):               12.451                                                                          

Path 10
  From:                        CORETSE_AHB_0/CoreTSE_top_inst/CORETSE_AHBilI/CORETSE_AHBiOooI/CORETSE_AHBl1Oo/CORETSE_AHBiOlo/CORETSE_AHBl1o_fast[14]:CLK
  To:                          CORETSE_AHB_0/CoreTSE_top_inst/CORETSE_AHBilI/CORETSE_AHBOlooI.CORETSE_AHBO0ooI/CORETSE_AHBO1li/CORETSE_AHBIIIi[10]:D
  Delay (ns):                  4.528                                                                           
  Slack (ns):                  -7.607                                                                          
  Arrival (ns):                20.060                                                                          
  Required (ns):               12.453                                                                          

Path 11
  From:                        CORETSE_AHB_0/CoreTSE_top_inst/CORETSE_AHBilI/CORETSE_AHBiOooI/CORETSE_AHBl1Oo/CORETSE_AHBIOlo/CORETSE_AHBlOo1[4]:CLK
  To:                          CORETSE_AHB_0/CoreTSE_top_inst/CORETSE_AHBilI/CORETSE_AHBOlooI.CORETSE_AHBO0ooI/CORETSE_AHBO1li/CORETSE_AHBIIIi[11]:D
  Delay (ns):                  4.522                                                                           
  Slack (ns):                  -7.600                                                                          
  Arrival (ns):                20.060                                                                          
  Required (ns):               12.460                                                                          

Path 12
  From:                        CORETSE_AHB_0/CoreTSE_top_inst/CORETSE_AHBilI/CORETSE_AHBiOooI/CORETSE_AHBl1Oo/CORETSE_AHBIOlo/CORETSE_AHBlOo1[4]:CLK
  To:                          CORETSE_AHB_0/CoreTSE_top_inst/CORETSE_AHBilI/CORETSE_AHBOlooI.CORETSE_AHBO0ooI/CORETSE_AHBO1li/CORETSE_AHBIIIi[10]:D
  Delay (ns):                  4.501                                                                           
  Slack (ns):                  -7.586                                                                          
  Arrival (ns):                20.039                                                                          
  Required (ns):               12.453                                                                          

Path 13
  From:                        CORETSE_AHB_0/CoreTSE_top_inst/CORETSE_AHBilI/CORETSE_AHBiOooI/CORETSE_AHBl1Oo/CORETSE_AHBIOlo/CORETSE_AHBlOo1[10]:CLK
  To:                          CORETSE_AHB_0/CoreTSE_top_inst/CORETSE_AHBilI/CORETSE_AHBOlooI.CORETSE_AHBO0ooI/CORETSE_AHBO1li/CORETSE_AHBIIIi[12]:D
  Delay (ns):                  4.453                                                                           
  Slack (ns):                  -7.543                                                                          
  Arrival (ns):                19.994                                                                          
  Required (ns):               12.451                                                                          

Path 14
  From:                        CORETSE_AHB_0/CoreTSE_top_inst/CORETSE_AHBilI/CORETSE_AHBiOooI/CORETSE_AHBl1Oo/CORETSE_AHBiOlo/CORETSE_AHBl1o_fast[1]:CLK
  To:                          CORETSE_AHB_0/CoreTSE_top_inst/CORETSE_AHBilI/CORETSE_AHBOlooI.CORETSE_AHBO0ooI/CORETSE_AHBO1li/CORETSE_AHBIIIi[12]:D
  Delay (ns):                  4.448                                                                           
  Slack (ns):                  -7.540                                                                          
  Arrival (ns):                19.991                                                                          
  Required (ns):               12.451                                                                          

Path 15
  From:                        CORETSE_AHB_0/CoreTSE_top_inst/CORETSE_AHBilI/CORETSE_AHBiOooI/CORETSE_AHBl1Oo/CORETSE_AHBIOlo/CORETSE_AHBlOo1[10]:CLK
  To:                          CORETSE_AHB_0/CoreTSE_top_inst/CORETSE_AHBilI/CORETSE_AHBOlooI.CORETSE_AHBO0ooI/CORETSE_AHBO1li/CORETSE_AHBIIIi[11]:D
  Delay (ns):                  4.452                                                                           
  Slack (ns):                  -7.533                                                                          
  Arrival (ns):                19.993                                                                          
  Required (ns):               12.460                                                                          

Path 16
  From:                        CORETSE_AHB_0/CoreTSE_top_inst/CORETSE_AHBilI/CORETSE_AHBiOooI/CORETSE_AHBl1Oo/CORETSE_AHBiOlo/CORETSE_AHBl1o_fast[1]:CLK
  To:                          CORETSE_AHB_0/CoreTSE_top_inst/CORETSE_AHBilI/CORETSE_AHBOlooI.CORETSE_AHBO0ooI/CORETSE_AHBO1li/CORETSE_AHBIIIi[11]:D
  Delay (ns):                  4.447                                                                           
  Slack (ns):                  -7.530                                                                          
  Arrival (ns):                19.990                                                                          
  Required (ns):               12.460                                                                          

Path 17
  From:                        CORETSE_AHB_0/CoreTSE_top_inst/CORETSE_AHBilI/CORETSE_AHBiOooI/CORETSE_AHBl1Oo/CORETSE_AHBIOlo/CORETSE_AHBlOo1[6]:CLK
  To:                          CORETSE_AHB_0/CoreTSE_top_inst/CORETSE_AHBilI/CORETSE_AHBOlooI.CORETSE_AHBO0ooI/CORETSE_AHBO1li/CORETSE_AHBIIIi[12]:D
  Delay (ns):                  4.455                                                                           
  Slack (ns):                  -7.529                                                                          
  Arrival (ns):                19.980                                                                          
  Required (ns):               12.451                                                                          

Path 18
  From:                        CORETSE_AHB_0/CoreTSE_top_inst/CORETSE_AHBilI/CORETSE_AHBiOooI/CORETSE_AHBl1Oo/CORETSE_AHBIOlo/CORETSE_AHBlOo1[10]:CLK
  To:                          CORETSE_AHB_0/CoreTSE_top_inst/CORETSE_AHBilI/CORETSE_AHBOlooI.CORETSE_AHBO0ooI/CORETSE_AHBO1li/CORETSE_AHBIIIi[10]:D
  Delay (ns):                  4.431                                                                           
  Slack (ns):                  -7.519                                                                          
  Arrival (ns):                19.972                                                                          
  Required (ns):               12.453                                                                          

Path 19
  From:                        CORETSE_AHB_0/CoreTSE_top_inst/CORETSE_AHBilI/CORETSE_AHBiOooI/CORETSE_AHBl1Oo/CORETSE_AHBIOlo/CORETSE_AHBlOo1[6]:CLK
  To:                          CORETSE_AHB_0/CoreTSE_top_inst/CORETSE_AHBilI/CORETSE_AHBOlooI.CORETSE_AHBO0ooI/CORETSE_AHBO1li/CORETSE_AHBIIIi[11]:D
  Delay (ns):                  4.454                                                                           
  Slack (ns):                  -7.519                                                                          
  Arrival (ns):                19.979                                                                          
  Required (ns):               12.460                                                                          

Path 20
  From:                        CORETSE_AHB_0/CoreTSE_top_inst/CORETSE_AHBilI/CORETSE_AHBiOooI/CORETSE_AHBl1Oo/CORETSE_AHBiOlo/CORETSE_AHBl1o_fast[0]:CLK
  To:                          CORETSE_AHB_0/CoreTSE_top_inst/CORETSE_AHBilI/CORETSE_AHBOlooI.CORETSE_AHBO0ooI/CORETSE_AHBO1li/CORETSE_AHBIIIi[10]:D
  Delay (ns):                  4.419                                                                           
  Slack (ns):                  -7.509                                                                          
  Arrival (ns):                19.962                                                                          
  Required (ns):               12.453                                                                          

Path 21
  From:                        CORETSE_AHB_0/CoreTSE_top_inst/CORETSE_AHBilI/CORETSE_AHBiOooI/CORETSE_AHBl1Oo/CORETSE_AHBIOlo/CORETSE_AHBlOo1[6]:CLK
  To:                          CORETSE_AHB_0/CoreTSE_top_inst/CORETSE_AHBilI/CORETSE_AHBOlooI.CORETSE_AHBO0ooI/CORETSE_AHBO1li/CORETSE_AHBIIIi[10]:D
  Delay (ns):                  4.433                                                                           
  Slack (ns):                  -7.505                                                                          
  Arrival (ns):                19.958                                                                          
  Required (ns):               12.453                                                                          

Path 22
  From:                        CORETSE_AHB_0/CoreTSE_top_inst/CORETSE_AHBilI/CORETSE_AHBiOooI/CORETSE_AHBl1Oo/CORETSE_AHBiOlo/CORETSE_AHBl1o_fast[10]:CLK
  To:                          CORETSE_AHB_0/CoreTSE_top_inst/CORETSE_AHBilI/CORETSE_AHBOlooI.CORETSE_AHBO0ooI/CORETSE_AHBO1li/CORETSE_AHBIIIi[12]:D
  Delay (ns):                  4.411                                                                           
  Slack (ns):                  -7.492                                                                          
  Arrival (ns):                19.943                                                                          
  Required (ns):               12.451                                                                          

Path 23
  From:                        CORETSE_AHB_0/CoreTSE_top_inst/CORETSE_AHBilI/CORETSE_AHBiOooI/CORETSE_AHBl1Oo/CORETSE_AHBIOlo/CORETSE_AHBlOo1[14]:CLK
  To:                          CORETSE_AHB_0/CoreTSE_top_inst/CORETSE_AHBilI/CORETSE_AHBOlooI.CORETSE_AHBO0ooI/CORETSE_AHBO1li/CORETSE_AHBIIIi[12]:D
  Delay (ns):                  4.396                                                                           
  Slack (ns):                  -7.487                                                                          
  Arrival (ns):                19.938                                                                          
  Required (ns):               12.451                                                                          

Path 24
  From:                        CORETSE_AHB_0/CoreTSE_top_inst/CORETSE_AHBilI/CORETSE_AHBiOooI/CORETSE_AHBl1Oo/CORETSE_AHBiOlo/CORETSE_AHBl1o_fast[10]:CLK
  To:                          CORETSE_AHB_0/CoreTSE_top_inst/CORETSE_AHBilI/CORETSE_AHBOlooI.CORETSE_AHBO0ooI/CORETSE_AHBO1li/CORETSE_AHBIIIi[11]:D
  Delay (ns):                  4.410                                                                           
  Slack (ns):                  -7.482                                                                          
  Arrival (ns):                19.942                                                                          
  Required (ns):               12.460                                                                          

Path 25
  From:                        CORETSE_AHB_0/CoreTSE_top_inst/CORETSE_AHBilI/CORETSE_AHBiOooI/CORETSE_AHBl1Oo/CORETSE_AHBIOlo/CORETSE_AHBlOo1[14]:CLK
  To:                          CORETSE_AHB_0/CoreTSE_top_inst/CORETSE_AHBilI/CORETSE_AHBOlooI.CORETSE_AHBO0ooI/CORETSE_AHBO1li/CORETSE_AHBIIIi[11]:D
  Delay (ns):                  4.395                                                                           
  Slack (ns):                  -7.477                                                                          
  Arrival (ns):                19.937                                                                          
  Required (ns):               12.460                                                                          

Path 26
  From:                        CORETSE_AHB_0/CoreTSE_top_inst/CORETSE_AHBilI/CORETSE_AHBiOooI/CORETSE_AHBl1Oo/CORETSE_AHBiOlo/CORETSE_AHBl1o_fast[10]:CLK
  To:                          CORETSE_AHB_0/CoreTSE_top_inst/CORETSE_AHBilI/CORETSE_AHBOlooI.CORETSE_AHBO0ooI/CORETSE_AHBO1li/CORETSE_AHBIIIi[10]:D
  Delay (ns):                  4.389                                                                           
  Slack (ns):                  -7.468                                                                          
  Arrival (ns):                19.921                                                                          
  Required (ns):               12.453                                                                          

Path 27
  From:                        CORETSE_AHB_0/CoreTSE_top_inst/CORETSE_AHBilI/CORETSE_AHBiOooI/CORETSE_AHBl1Oo/CORETSE_AHBIOlo/CORETSE_AHBlOo1[14]:CLK
  To:                          CORETSE_AHB_0/CoreTSE_top_inst/CORETSE_AHBilI/CORETSE_AHBOlooI.CORETSE_AHBO0ooI/CORETSE_AHBO1li/CORETSE_AHBIIIi[10]:D
  Delay (ns):                  4.374                                                                           
  Slack (ns):                  -7.463                                                                          
  Arrival (ns):                19.916                                                                          
  Required (ns):               12.453                                                                          

Path 28
  From:                        CORETSE_AHB_0/CoreTSE_top_inst/CORETSE_AHBilI/CORETSE_AHBiOooI/CORETSE_AHBl1Oo/CORETSE_AHBiOlo/CORETSE_AHBl1o[11]:CLK
  To:                          CORETSE_AHB_0/CoreTSE_top_inst/CORETSE_AHBilI/CORETSE_AHBOlooI.CORETSE_AHBO0ooI/CORETSE_AHBO1li/CORETSE_AHBIIIi[12]:D
  Delay (ns):                  4.331                                                                           
  Slack (ns):                  -7.439                                                                          
  Arrival (ns):                19.890                                                                          
  Required (ns):               12.451                                                                          

Path 29
  From:                        CORETSE_AHB_0/CoreTSE_top_inst/CORETSE_AHBilI/CORETSE_AHBiOooI/CORETSE_AHBl1Oo/CORETSE_AHBIOlo/CORETSE_AHBlOo1[11]:CLK
  To:                          CORETSE_AHB_0/CoreTSE_top_inst/CORETSE_AHBilI/CORETSE_AHBOlooI.CORETSE_AHBO0ooI/CORETSE_AHBO1li/CORETSE_AHBIIIi[12]:D
  Delay (ns):                  4.353                                                                           
  Slack (ns):                  -7.433                                                                          
  Arrival (ns):                19.884                                                                          
  Required (ns):               12.451                                                                          

Path 30
  From:                        CORETSE_AHB_0/CoreTSE_top_inst/CORETSE_AHBilI/CORETSE_AHBiOooI/CORETSE_AHBl1Oo/CORETSE_AHBiOlo/CORETSE_AHBl1o[11]:CLK
  To:                          CORETSE_AHB_0/CoreTSE_top_inst/CORETSE_AHBilI/CORETSE_AHBOlooI.CORETSE_AHBO0ooI/CORETSE_AHBO1li/CORETSE_AHBIIIi[11]:D
  Delay (ns):                  4.330                                                                           
  Slack (ns):                  -7.429                                                                          
  Arrival (ns):                19.889                                                                          
  Required (ns):               12.460                                                                          

Path 31
  From:                        CORETSE_AHB_0/CoreTSE_top_inst/CORETSE_AHBilI/CORETSE_AHBiOooI/CORETSE_AHBl1Oo/CORETSE_AHBIOlo/CORETSE_AHBlOo1[11]:CLK
  To:                          CORETSE_AHB_0/CoreTSE_top_inst/CORETSE_AHBilI/CORETSE_AHBOlooI.CORETSE_AHBO0ooI/CORETSE_AHBO1li/CORETSE_AHBIIIi[11]:D
  Delay (ns):                  4.352                                                                           
  Slack (ns):                  -7.423                                                                          
  Arrival (ns):                19.883                                                                          
  Required (ns):               12.460                                                                          

Path 32
  From:                        CORETSE_AHB_0/CoreTSE_top_inst/CORETSE_AHBilI/CORETSE_AHBiOooI/CORETSE_AHBl1Oo/CORETSE_AHBiOlo/CORETSE_AHBl1o_fast[13]:CLK
  To:                          CORETSE_AHB_0/CoreTSE_top_inst/CORETSE_AHBilI/CORETSE_AHBOlooI.CORETSE_AHBO0ooI/CORETSE_AHBO1li/CORETSE_AHBIIIi[12]:D
  Delay (ns):                  4.324                                                                           
  Slack (ns):                  -7.421                                                                          
  Arrival (ns):                19.872                                                                          
  Required (ns):               12.451                                                                          

Path 33
  From:                        CORETSE_AHB_0/CoreTSE_top_inst/CORETSE_AHBilI/CORETSE_AHBiOooI/CORETSE_AHBl1Oo/CORETSE_AHBiOlo/CORETSE_AHBl1o_fast[13]:CLK
  To:                          CORETSE_AHB_0/CoreTSE_top_inst/CORETSE_AHBilI/CORETSE_AHBOlooI.CORETSE_AHBO0ooI/CORETSE_AHBO1li/CORETSE_AHBIIIi[11]:D
  Delay (ns):                  4.323                                                                           
  Slack (ns):                  -7.411                                                                          
  Arrival (ns):                19.871                                                                          
  Required (ns):               12.460                                                                          

Path 34
  From:                        CORETSE_AHB_0/CoreTSE_top_inst/CORETSE_AHBilI/CORETSE_AHBiOooI/CORETSE_AHBl1Oo/CORETSE_AHBIOlo/CORETSE_AHBlOo1[11]:CLK
  To:                          CORETSE_AHB_0/CoreTSE_top_inst/CORETSE_AHBilI/CORETSE_AHBOlooI.CORETSE_AHBO0ooI/CORETSE_AHBO1li/CORETSE_AHBIIIi[10]:D
  Delay (ns):                  4.331                                                                           
  Slack (ns):                  -7.409                                                                          
  Arrival (ns):                19.862                                                                          
  Required (ns):               12.453                                                                          

Path 35
  From:                        CORETSE_AHB_0/CoreTSE_top_inst/CORETSE_AHBilI/CORETSE_AHBiOooI/CORETSE_AHBl1Oo/CORETSE_AHBiOlo/CORETSE_AHBl1o[15]:CLK
  To:                          CORETSE_AHB_0/CoreTSE_top_inst/CORETSE_AHBilI/CORETSE_AHBOlooI.CORETSE_AHBO0ooI/CORETSE_AHBO1li/CORETSE_AHBIIIi[12]:D
  Delay (ns):                  4.300                                                                           
  Slack (ns):                  -7.408                                                                          
  Arrival (ns):                19.859                                                                          
  Required (ns):               12.451                                                                          

Path 36
  From:                        CORETSE_AHB_0/CoreTSE_top_inst/CORETSE_AHBilI/CORETSE_AHBiOooI/CORETSE_AHBl1Oo/CORETSE_AHBiOlo/CORETSE_AHBl1o[15]:CLK
  To:                          CORETSE_AHB_0/CoreTSE_top_inst/CORETSE_AHBilI/CORETSE_AHBOlooI.CORETSE_AHBO0ooI/CORETSE_AHBO1li/CORETSE_AHBIIIi[11]:D
  Delay (ns):                  4.299                                                                           
  Slack (ns):                  -7.398                                                                          
  Arrival (ns):                19.858                                                                          
  Required (ns):               12.460                                                                          

Path 37
  From:                        CORETSE_AHB_0/CoreTSE_top_inst/CORETSE_AHBilI/CORETSE_AHBiOooI/CORETSE_AHBl1Oo/CORETSE_AHBIOlo/CORETSE_AHBlOo1[0]:CLK
  To:                          CORETSE_AHB_0/CoreTSE_top_inst/CORETSE_AHBilI/CORETSE_AHBOlooI.CORETSE_AHBO0ooI/CORETSE_AHBO1li/CORETSE_AHBIIIi[10]:D
  Delay (ns):                  4.291                                                                           
  Slack (ns):                  -7.361                                                                          
  Arrival (ns):                19.814                                                                          
  Required (ns):               12.453                                                                          

Path 38
  From:                        CORETSE_AHB_0/CoreTSE_top_inst/CORETSE_AHBilI/CORETSE_AHBiOooI/CORETSE_AHBl1Oo/CORETSE_AHBIOlo/CORETSE_AHBlOo1[1]:CLK
  To:                          CORETSE_AHB_0/CoreTSE_top_inst/CORETSE_AHBilI/CORETSE_AHBOlooI.CORETSE_AHBO0ooI/CORETSE_AHBO1li/CORETSE_AHBIIIi[12]:D
  Delay (ns):                  4.288                                                                           
  Slack (ns):                  -7.360                                                                          
  Arrival (ns):                19.811                                                                          
  Required (ns):               12.451                                                                          

Path 39
  From:                        CORETSE_AHB_0/CoreTSE_top_inst/CORETSE_AHBilI/CORETSE_AHBiOooI/CORETSE_AHBl1Oo/CORETSE_AHBIOlo/CORETSE_AHBlOo1[1]:CLK
  To:                          CORETSE_AHB_0/CoreTSE_top_inst/CORETSE_AHBilI/CORETSE_AHBOlooI.CORETSE_AHBO0ooI/CORETSE_AHBO1li/CORETSE_AHBIIIi[11]:D
  Delay (ns):                  4.287                                                                           
  Slack (ns):                  -7.350                                                                          
  Arrival (ns):                19.810                                                                          
  Required (ns):               12.460                                                                          

Path 40
  From:                        CORETSE_AHB_0/CoreTSE_top_inst/CORETSE_AHBio0.CORETSE_AHBOi0/CORETSE_AHBOoi0/CORETSE_AHBI0i0[1]:CLK
  To:                          SERDES_IF2_0/SERDESIF_INST/INST_SERDESIF_IP:EPCS_TXDATA[21]
  Delay (ns):                  5.375                                                                           
  Slack (ns):                  -7.344                                                                          
  Arrival (ns):                13.226                                                                          
  Required (ns):               5.882                                                                           

Path 41
  From:                        CORETSE_AHB_0/CoreTSE_top_inst/CORETSE_AHBilI/CORETSE_AHBoOooI/CORETSE_AHBO1II/CORETSE_AHBllOI[11]:CLK
  To:                          CoreTSE_Webserver_MSS_0/MSS_ADLIB_INST/INST_MSS_075_IP:F_HM0_RDATA[11]
  Delay (ns):                  3.890                                                                           
  Slack (ns):                  -7.337                                                                          
  Arrival (ns):                19.457                                                                          
  Required (ns):               12.120                                                                          

Path 42
  From:                        CORETSE_AHB_0/CoreTSE_top_inst/CORETSE_AHBilI/CORETSE_AHBiOooI/CORETSE_AHBl1Oo/CORETSE_AHBIOlo/CORETSE_AHBlOo1[15]:CLK
  To:                          CORETSE_AHB_0/CoreTSE_top_inst/CORETSE_AHBilI/CORETSE_AHBOlooI.CORETSE_AHBO0ooI/CORETSE_AHBO1li/CORETSE_AHBIIIi[12]:D
  Delay (ns):                  4.229                                                                           
  Slack (ns):                  -7.325                                                                          
  Arrival (ns):                19.776                                                                          
  Required (ns):               12.451                                                                          

Path 43
  From:                        CORETSE_AHB_0/CoreTSE_top_inst/CORETSE_AHBilI/CORETSE_AHBiOooI/CORETSE_AHBl1Oo/CORETSE_AHBIOlo/CORETSE_AHBlOo1[7]:CLK
  To:                          CORETSE_AHB_0/CoreTSE_top_inst/CORETSE_AHBilI/CORETSE_AHBOlooI.CORETSE_AHBO0ooI/CORETSE_AHBO1li/CORETSE_AHBIIIi[12]:D
  Delay (ns):                  4.241                                                                           
  Slack (ns):                  -7.318                                                                          
  Arrival (ns):                19.769                                                                          
  Required (ns):               12.451                                                                          

Path 44
  From:                        CORETSE_AHB_0/CoreTSE_top_inst/CORETSE_AHBilI/CORETSE_AHBiOooI/CORETSE_AHBl1Oo/CORETSE_AHBIOlo/CORETSE_AHBlOo1[15]:CLK
  To:                          CORETSE_AHB_0/CoreTSE_top_inst/CORETSE_AHBilI/CORETSE_AHBOlooI.CORETSE_AHBO0ooI/CORETSE_AHBO1li/CORETSE_AHBIIIi[11]:D
  Delay (ns):                  4.228                                                                           
  Slack (ns):                  -7.315                                                                          
  Arrival (ns):                19.775                                                                          
  Required (ns):               12.460                                                                          

Path 45
  From:                        CORETSE_AHB_0/CoreTSE_top_inst/CORETSE_AHBilI/CORETSE_AHBiOooI/CORETSE_AHBl1Oo/CORETSE_AHBIOlo/CORETSE_AHBlOo1[9]:CLK
  To:                          CORETSE_AHB_0/CoreTSE_top_inst/CORETSE_AHBilI/CORETSE_AHBOlooI.CORETSE_AHBO0ooI/CORETSE_AHBO1li/CORETSE_AHBIIIi[12]:D
  Delay (ns):                  4.233                                                                           
  Slack (ns):                  -7.314                                                                          
  Arrival (ns):                19.765                                                                          
  Required (ns):               12.451                                                                          

Path 46
  From:                        CORETSE_AHB_0/CoreTSE_top_inst/CORETSE_AHBilI/CORETSE_AHBiOooI/CORETSE_AHBl1Oo/CORETSE_AHBIOlo/CORETSE_AHBlOo1[7]:CLK
  To:                          CORETSE_AHB_0/CoreTSE_top_inst/CORETSE_AHBilI/CORETSE_AHBOlooI.CORETSE_AHBO0ooI/CORETSE_AHBO1li/CORETSE_AHBIIIi[11]:D
  Delay (ns):                  4.240                                                                           
  Slack (ns):                  -7.308                                                                          
  Arrival (ns):                19.768                                                                          
  Required (ns):               12.460                                                                          

Path 47
  From:                        CORETSE_AHB_0/CoreTSE_top_inst/CORETSE_AHBilI/CORETSE_AHBiOooI/CORETSE_AHBl1Oo/CORETSE_AHBIOlo/CORETSE_AHBlOo1[9]:CLK
  To:                          CORETSE_AHB_0/CoreTSE_top_inst/CORETSE_AHBilI/CORETSE_AHBOlooI.CORETSE_AHBO0ooI/CORETSE_AHBO1li/CORETSE_AHBIIIi[11]:D
  Delay (ns):                  4.232                                                                           
  Slack (ns):                  -7.304                                                                          
  Arrival (ns):                19.764                                                                          
  Required (ns):               12.460                                                                          

Path 48
  From:                        CORETSE_AHB_0/CoreTSE_top_inst/CORETSE_AHBilI/CORETSE_AHBiOooI/CORETSE_AHBl1Oo/CORETSE_AHBIOlo/CORETSE_AHBlOo1[7]:CLK
  To:                          CORETSE_AHB_0/CoreTSE_top_inst/CORETSE_AHBilI/CORETSE_AHBOlooI.CORETSE_AHBO0ooI/CORETSE_AHBO1li/CORETSE_AHBIIIi[10]:D
  Delay (ns):                  4.219                                                                           
  Slack (ns):                  -7.294                                                                          
  Arrival (ns):                19.747                                                                          
  Required (ns):               12.453                                                                          

Path 49
  From:                        CORETSE_AHB_0/CoreTSE_top_inst/CORETSE_AHBilI/CORETSE_AHBiOooI/CORETSE_AHBl1Oo/CORETSE_AHBIOlo/CORETSE_AHBlOo1[9]:CLK
  To:                          CORETSE_AHB_0/CoreTSE_top_inst/CORETSE_AHBilI/CORETSE_AHBOlooI.CORETSE_AHBO0ooI/CORETSE_AHBO1li/CORETSE_AHBIIIi[10]:D
  Delay (ns):                  4.211                                                                           
  Slack (ns):                  -7.290                                                                          
  Arrival (ns):                19.743                                                                          
  Required (ns):               12.453                                                                          

Path 50
  From:                        CORETSE_AHB_0/CoreTSE_top_inst/CORETSE_AHBilI/CORETSE_AHBiOooI/CORETSE_AHBl1Oo/CORETSE_AHBIOlo/CORETSE_AHBlOo1[3]:CLK
  To:                          CORETSE_AHB_0/CoreTSE_top_inst/CORETSE_AHBilI/CORETSE_AHBOlooI.CORETSE_AHBO0ooI/CORETSE_AHBO1li/CORETSE_AHBIIIi[12]:D
  Delay (ns):                  4.215                                                                           
  Slack (ns):                  -7.287                                                                          
  Arrival (ns):                19.738                                                                          
  Required (ns):               12.451                                                                          

Path 51
  From:                        CORETSE_AHB_0/CoreTSE_top_inst/CORETSE_AHBilI/CORETSE_AHBiOooI/CORETSE_AHBl1Oo/CORETSE_AHBIOlo/CORETSE_AHBlOo1[3]:CLK
  To:                          CORETSE_AHB_0/CoreTSE_top_inst/CORETSE_AHBilI/CORETSE_AHBOlooI.CORETSE_AHBO0ooI/CORETSE_AHBO1li/CORETSE_AHBIIIi[11]:D
  Delay (ns):                  4.214                                                                           
  Slack (ns):                  -7.277                                                                          
  Arrival (ns):                19.737                                                                          
  Required (ns):               12.460                                                                          

Path 52
  From:                        CORETSE_AHB_0/CoreTSE_top_inst/CORETSE_AHBilI/CORETSE_AHBiOooI/CORETSE_AHBl1Oo/CORETSE_AHBoOlo/CORETSE_AHBIOi1:CLK
  To:                          CoreTSE_Webserver_MSS_0/MSS_ADLIB_INST/INST_MSS_075_IP:F_HM0_RDATA[3]
  Delay (ns):                  3.856                                                                           
  Slack (ns):                  -7.276                                                                          
  Arrival (ns):                19.406                                                                          
  Required (ns):               12.130                                                                          

Path 53
  From:                        CORETSE_AHB_0/CoreTSE_top_inst/CORETSE_AHBilI/CORETSE_AHBiOooI/CORETSE_AHBl1Oo/CORETSE_AHBiOlo/CORETSE_AHBl1o_fast[1]:CLK
  To:                          CORETSE_AHB_0/CoreTSE_top_inst/CORETSE_AHBilI/CORETSE_AHBOlooI.CORETSE_AHBO0ooI/CORETSE_AHBO1li/CORETSE_AHBIIIi[10]:D
  Delay (ns):                  4.182                                                                           
  Slack (ns):                  -7.272                                                                          
  Arrival (ns):                19.725                                                                          
  Required (ns):               12.453                                                                          

Path 54
  From:                        CORETSE_AHB_0/CoreTSE_top_inst/CORETSE_AHBilI/CORETSE_AHBoOooI/CORETSE_AHBO1II/CORETSE_AHBllOI[20]:CLK
  To:                          CoreTSE_Webserver_MSS_0/MSS_ADLIB_INST/INST_MSS_075_IP:F_HM0_RDATA[20]
  Delay (ns):                  3.693                                                                           
  Slack (ns):                  -7.267                                                                          
  Arrival (ns):                19.261                                                                          
  Required (ns):               11.994                                                                          

Path 55
  From:                        CORETSE_AHB_0/CoreTSE_top_inst/CORETSE_AHBilI/CORETSE_AHBiOooI/CORETSE_AHBl1Oo/CORETSE_AHBIOlo/CORETSE_AHBlOo1[3]:CLK
  To:                          CORETSE_AHB_0/CoreTSE_top_inst/CORETSE_AHBilI/CORETSE_AHBOlooI.CORETSE_AHBO0ooI/CORETSE_AHBO1li/CORETSE_AHBIIIi[10]:D
  Delay (ns):                  4.193                                                                           
  Slack (ns):                  -7.263                                                                          
  Arrival (ns):                19.716                                                                          
  Required (ns):               12.453                                                                          

Path 56
  From:                        CORETSE_AHB_0/CoreTSE_top_inst/CORETSE_AHBilI/CORETSE_AHBiOooI/CORETSE_AHBl1Oo/CORETSE_AHBiOlo/CORETSE_AHBl1o_fast[9]:CLK
  To:                          CORETSE_AHB_0/CoreTSE_top_inst/CORETSE_AHBilI/CORETSE_AHBOlooI.CORETSE_AHBO0ooI/CORETSE_AHBO1li/CORETSE_AHBIIIi[12]:D
  Delay (ns):                  4.166                                                                           
  Slack (ns):                  -7.262                                                                          
  Arrival (ns):                19.713                                                                          
  Required (ns):               12.451                                                                          

Path 57
  From:                        CORETSE_AHB_0/CoreTSE_top_inst/CORETSE_AHBilI/CORETSE_AHBiOooI/CORETSE_AHBl1Oo/CORETSE_AHBiOlo/CORETSE_AHBl1o_fast[9]:CLK
  To:                          CORETSE_AHB_0/CoreTSE_top_inst/CORETSE_AHBilI/CORETSE_AHBOlooI.CORETSE_AHBO0ooI/CORETSE_AHBO1li/CORETSE_AHBIIIi[11]:D
  Delay (ns):                  4.165                                                                           
  Slack (ns):                  -7.252                                                                          
  Arrival (ns):                19.712                                                                          
  Required (ns):               12.460                                                                          

Path 58
  From:                        CORETSE_AHB_0/CoreTSE_top_inst/CORETSE_AHBilI/CORETSE_AHBiOooI/CORETSE_AHBl1Oo/CORETSE_AHBiOlo/CORETSE_AHBl1o_fast[9]:CLK
  To:                          CORETSE_AHB_0/CoreTSE_top_inst/CORETSE_AHBilI/CORETSE_AHBOlooI.CORETSE_AHBO0ooI/CORETSE_AHBO1li/CORETSE_AHBIIIi[10]:D
  Delay (ns):                  4.144                                                                           
  Slack (ns):                  -7.238                                                                          
  Arrival (ns):                19.691                                                                          
  Required (ns):               12.453                                                                          

Path 59
  From:                        CORETSE_AHB_0/CoreTSE_top_inst/CORETSE_AHBilI/CORETSE_AHBiOooI/CORETSE_AHBl1Oo/CORETSE_AHBiOlo/CORETSE_AHBl1o[3]:CLK
  To:                          CORETSE_AHB_0/CoreTSE_top_inst/CORETSE_AHBilI/CORETSE_AHBOlooI.CORETSE_AHBO0ooI/CORETSE_AHBO1li/CORETSE_AHBIIIi[12]:D
  Delay (ns):                  4.153                                                                           
  Slack (ns):                  -7.236                                                                          
  Arrival (ns):                19.687                                                                          
  Required (ns):               12.451                                                                          

Path 60
  From:                        CORETSE_AHB_0/CoreTSE_top_inst/CORETSE_AHBilI/CORETSE_AHBiOooI/CORETSE_AHBl1Oo/CORETSE_AHBiOlo/CORETSE_AHBl1o[0]:CLK
  To:                          CORETSE_AHB_0/CoreTSE_top_inst/CORETSE_AHBilI/CORETSE_AHBOlooI.CORETSE_AHBO0ooI/CORETSE_AHBO1li/CORETSE_AHBIIIi[12]:D
  Delay (ns):                  4.149                                                                           
  Slack (ns):                  -7.232                                                                          
  Arrival (ns):                19.683                                                                          
  Required (ns):               12.451                                                                          

Path 61
  From:                        CORETSE_AHB_0/CoreTSE_top_inst/CORETSE_AHBio0.CORETSE_AHBOi0/CORETSE_AHBOoi0/CORETSE_AHBI0i0[7]:CLK
  To:                          SERDES_IF2_0/SERDESIF_INST/INST_SERDESIF_IP:EPCS_TXDATA[27]
  Delay (ns):                  5.314                                                                           
  Slack (ns):                  -7.229                                                                          
  Arrival (ns):                13.165                                                                          
  Required (ns):               5.936                                                                           

Path 62
  From:                        CORETSE_AHB_0/CoreTSE_top_inst/CORETSE_AHBilI/CORETSE_AHBiOooI/CORETSE_AHBl1Oo/CORETSE_AHBiOlo/CORETSE_AHBl1o[14]:CLK
  To:                          CORETSE_AHB_0/CoreTSE_top_inst/CORETSE_AHBilI/CORETSE_AHBOlooI.CORETSE_AHBO0ooI/CORETSE_AHBO1li/CORETSE_AHBIIIi[12]:D
  Delay (ns):                  4.138                                                                           
  Slack (ns):                  -7.228                                                                          
  Arrival (ns):                19.679                                                                          
  Required (ns):               12.451                                                                          

Path 63
  From:                        CORETSE_AHB_0/CoreTSE_top_inst/CORETSE_AHBilI/CORETSE_AHBiOooI/CORETSE_AHBl1Oo/CORETSE_AHBiOlo/CORETSE_AHBl1o[3]:CLK
  To:                          CORETSE_AHB_0/CoreTSE_top_inst/CORETSE_AHBilI/CORETSE_AHBOlooI.CORETSE_AHBO0ooI/CORETSE_AHBO1li/CORETSE_AHBIIIi[11]:D
  Delay (ns):                  4.152                                                                           
  Slack (ns):                  -7.226                                                                          
  Arrival (ns):                19.686                                                                          
  Required (ns):               12.460                                                                          

Path 64
  From:                        CORETSE_AHB_0/CoreTSE_top_inst/CORETSE_AHBilI/CORETSE_AHBiOooI/CORETSE_AHBl1Oo/CORETSE_AHBiOlo/CORETSE_AHBl1o[0]:CLK
  To:                          CORETSE_AHB_0/CoreTSE_top_inst/CORETSE_AHBilI/CORETSE_AHBOlooI.CORETSE_AHBO0ooI/CORETSE_AHBO1li/CORETSE_AHBIIIi[11]:D
  Delay (ns):                  4.148                                                                           
  Slack (ns):                  -7.222                                                                          
  Arrival (ns):                19.682                                                                          
  Required (ns):               12.460                                                                          

Path 65
  From:                        CORETSE_AHB_0/CoreTSE_top_inst/CORETSE_AHBilI/CORETSE_AHBiOooI/CORETSE_AHBl1Oo/CORETSE_AHBiOlo/CORETSE_AHBl1o[14]:CLK
  To:                          CORETSE_AHB_0/CoreTSE_top_inst/CORETSE_AHBilI/CORETSE_AHBOlooI.CORETSE_AHBO0ooI/CORETSE_AHBO1li/CORETSE_AHBIIIi[11]:D
  Delay (ns):                  4.137                                                                           
  Slack (ns):                  -7.218                                                                          
  Arrival (ns):                19.678                                                                          
  Required (ns):               12.460                                                                          

Path 66
  From:                        CORETSE_AHB_0/CoreTSE_top_inst/CORETSE_AHBilI/CORETSE_AHBiOooI/CORETSE_AHBl1Oo/CORETSE_AHBiOlo/CORETSE_AHBl1o[3]:CLK
  To:                          CORETSE_AHB_0/CoreTSE_top_inst/CORETSE_AHBilI/CORETSE_AHBOlooI.CORETSE_AHBO0ooI/CORETSE_AHBO1li/CORETSE_AHBIIIi[10]:D
  Delay (ns):                  4.131                                                                           
  Slack (ns):                  -7.212                                                                          
  Arrival (ns):                19.665                                                                          
  Required (ns):               12.453                                                                          

Path 67
  From:                        CORETSE_AHB_0/CoreTSE_top_inst/CORETSE_AHBilI/CORETSE_AHBiOooI/CORETSE_AHBl1Oo/CORETSE_AHBiOlo/CORETSE_AHBl1o_fast[5]:CLK
  To:                          CORETSE_AHB_0/CoreTSE_top_inst/CORETSE_AHBilI/CORETSE_AHBOlooI.CORETSE_AHBO0ooI/CORETSE_AHBO1li/CORETSE_AHBIIIi[12]:D
  Delay (ns):                  4.134                                                                           
  Slack (ns):                  -7.206                                                                          
  Arrival (ns):                19.657                                                                          
  Required (ns):               12.451                                                                          

Path 68
  From:                        CORETSE_AHB_0/CoreTSE_top_inst/CORETSE_AHBio0.CORETSE_AHBOi0/CORETSE_AHBOoi0/CORETSE_AHBI0i0[0]:CLK
  To:                          SERDES_IF2_0/SERDESIF_INST/INST_SERDESIF_IP:EPCS_TXDATA[20]
  Delay (ns):                  5.183                                                                           
  Slack (ns):                  -7.200                                                                          
  Arrival (ns):                13.036                                                                          
  Required (ns):               5.836                                                                           

Path 69
  From:                        CORETSE_AHB_0/CoreTSE_top_inst/CORETSE_AHBilI/CORETSE_AHBiOooI/CORETSE_AHBl1Oo/CORETSE_AHBiOlo/CORETSE_AHBl1o_fast[5]:CLK
  To:                          CORETSE_AHB_0/CoreTSE_top_inst/CORETSE_AHBilI/CORETSE_AHBOlooI.CORETSE_AHBO0ooI/CORETSE_AHBO1li/CORETSE_AHBIIIi[11]:D
  Delay (ns):                  4.133                                                                           
  Slack (ns):                  -7.196                                                                          
  Arrival (ns):                19.656                                                                          
  Required (ns):               12.460                                                                          

Path 70
  From:                        CORETSE_AHB_0/CoreTSE_top_inst/CORETSE_AHBilI/CORETSE_AHBiOooI/CORETSE_AHBl1Oo/CORETSE_AHBIOlo/CORETSE_AHBlOo1[15]:CLK
  To:                          CORETSE_AHB_0/CoreTSE_top_inst/CORETSE_AHBilI/CORETSE_AHBOlooI.CORETSE_AHBO0ooI/CORETSE_AHBO1li/CORETSE_AHBIIIi[10]:D
  Delay (ns):                  4.101                                                                           
  Slack (ns):                  -7.195                                                                          
  Arrival (ns):                19.648                                                                          
  Required (ns):               12.453                                                                          

Path 71
  From:                        CORETSE_AHB_0/CoreTSE_top_inst/CORETSE_AHBilI/CORETSE_AHBiOooI/CORETSE_AHBl1Oo/CORETSE_AHBiOlo/CORETSE_AHBl1o_fast[13]:CLK
  To:                          CORETSE_AHB_0/CoreTSE_top_inst/CORETSE_AHBilI/CORETSE_AHBOlooI.CORETSE_AHBO0ooI/CORETSE_AHBO1li/CORETSE_AHBIIIi[10]:D
  Delay (ns):                  4.094                                                                           
  Slack (ns):                  -7.189                                                                          
  Arrival (ns):                19.642                                                                          
  Required (ns):               12.453                                                                          

Path 72
  From:                        CORETSE_AHB_0/CoreTSE_top_inst/CORETSE_AHBilI/CORETSE_AHBiOooI/CORETSE_AHBl1Oo/CORETSE_AHBiOlo/CORETSE_AHBl1o_fast[5]:CLK
  To:                          CORETSE_AHB_0/CoreTSE_top_inst/CORETSE_AHBilI/CORETSE_AHBOlooI.CORETSE_AHBO0ooI/CORETSE_AHBO1li/CORETSE_AHBIIIi[10]:D
  Delay (ns):                  4.112                                                                           
  Slack (ns):                  -7.182                                                                          
  Arrival (ns):                19.635                                                                          
  Required (ns):               12.453                                                                          

Path 73
  From:                        CORETSE_AHB_0/CoreTSE_top_inst/CORETSE_AHBilI/CORETSE_AHBiOooI/CORETSE_AHBl1Oo/CORETSE_AHBiOlo/CORETSE_AHBl1o_fast[2]:CLK
  To:                          CORETSE_AHB_0/CoreTSE_top_inst/CORETSE_AHBilI/CORETSE_AHBOlooI.CORETSE_AHBO0ooI/CORETSE_AHBO1li/CORETSE_AHBIIIi[12]:D
  Delay (ns):                  4.097                                                                           
  Slack (ns):                  -7.180                                                                          
  Arrival (ns):                19.631                                                                          
  Required (ns):               12.451                                                                          

Path 74
  From:                        CORETSE_AHB_0/CoreTSE_top_inst/CORETSE_AHBilI/CORETSE_AHBiOooI/CORETSE_AHBl1Oo/CORETSE_AHBiOlo/CORETSE_AHBl1o[4]:CLK
  To:                          CORETSE_AHB_0/CoreTSE_top_inst/CORETSE_AHBilI/CORETSE_AHBOlooI.CORETSE_AHBO0ooI/CORETSE_AHBO1li/CORETSE_AHBIIIi[12]:D
  Delay (ns):                  4.087                                                                           
  Slack (ns):                  -7.179                                                                          
  Arrival (ns):                19.630                                                                          
  Required (ns):               12.451                                                                          

Path 75
  From:                        CORETSE_AHB_0/CoreTSE_top_inst/CORETSE_AHBilI/CORETSE_AHBiOooI/CORETSE_AHBl1Oo/CORETSE_AHBIOlo/CORETSE_AHBlOo1[12]:CLK
  To:                          CORETSE_AHB_0/CoreTSE_top_inst/CORETSE_AHBilI/CORETSE_AHBOlooI.CORETSE_AHBO0ooI/CORETSE_AHBO1li/CORETSE_AHBIIIi[10]:D
  Delay (ns):                  4.082                                                                           
  Slack (ns):                  -7.176                                                                          
  Arrival (ns):                19.629                                                                          
  Required (ns):               12.453                                                                          

Path 76
  From:                        CORETSE_AHB_0/CoreTSE_top_inst/CORETSE_AHBilI/CORETSE_AHBiOooI/CORETSE_AHBl1Oo/CORETSE_AHBiOlo/CORETSE_AHBl1o_fast[2]:CLK
  To:                          CORETSE_AHB_0/CoreTSE_top_inst/CORETSE_AHBilI/CORETSE_AHBOlooI.CORETSE_AHBO0ooI/CORETSE_AHBO1li/CORETSE_AHBIIIi[11]:D
  Delay (ns):                  4.096                                                                           
  Slack (ns):                  -7.170                                                                          
  Arrival (ns):                19.630                                                                          
  Required (ns):               12.460                                                                          

Path 77
  From:                        CORETSE_AHB_0/CoreTSE_top_inst/CORETSE_AHBilI/CORETSE_AHBiOooI/CORETSE_AHBl1Oo/CORETSE_AHBiOlo/CORETSE_AHBl1o[4]:CLK
  To:                          CORETSE_AHB_0/CoreTSE_top_inst/CORETSE_AHBilI/CORETSE_AHBOlooI.CORETSE_AHBO0ooI/CORETSE_AHBO1li/CORETSE_AHBIIIi[11]:D
  Delay (ns):                  4.086                                                                           
  Slack (ns):                  -7.169                                                                          
  Arrival (ns):                19.629                                                                          
  Required (ns):               12.460                                                                          

Path 78
  From:                        CORETSE_AHB_0/CoreTSE_top_inst/CORETSE_AHBilI/CORETSE_AHBiOooI/CORETSE_AHBl1Oo/CORETSE_AHBiOlo/CORETSE_AHBl1o[14]:CLK
  To:                          CORETSE_AHB_0/CoreTSE_top_inst/CORETSE_AHBilI/CORETSE_AHBOlooI.CORETSE_AHBO0ooI/CORETSE_AHBO1li/CORETSE_AHBIIIi[10]:D
  Delay (ns):                  4.075                                                                           
  Slack (ns):                  -7.163                                                                          
  Arrival (ns):                19.616                                                                          
  Required (ns):               12.453                                                                          

Path 79
  From:                        CORETSE_AHB_0/CoreTSE_top_inst/CORETSE_AHBilI/CORETSE_AHBiOooI/CORETSE_AHBl1Oo/CORETSE_AHBIOlo/CORETSE_AHBlOo1[5]:CLK
  To:                          CORETSE_AHB_0/CoreTSE_top_inst/CORETSE_AHBilI/CORETSE_AHBOlooI.CORETSE_AHBO0ooI/CORETSE_AHBO1li/CORETSE_AHBIIIi[12]:D
  Delay (ns):                  4.079                                                                           
  Slack (ns):                  -7.160                                                                          
  Arrival (ns):                19.611                                                                          
  Required (ns):               12.451                                                                          

Path 80
  From:                        CORETSE_AHB_0/CoreTSE_top_inst/CORETSE_AHBilI/CORETSE_AHBiOooI/CORETSE_AHBl1Oo/CORETSE_AHBiOlo/CORETSE_AHBl1o_fast[2]:CLK
  To:                          CORETSE_AHB_0/CoreTSE_top_inst/CORETSE_AHBilI/CORETSE_AHBOlooI.CORETSE_AHBO0ooI/CORETSE_AHBO1li/CORETSE_AHBIIIi[10]:D
  Delay (ns):                  4.075                                                                           
  Slack (ns):                  -7.156                                                                          
  Arrival (ns):                19.609                                                                          
  Required (ns):               12.453                                                                          

Path 81
  From:                        CORETSE_AHB_0/CoreTSE_top_inst/CORETSE_AHBilI/CORETSE_AHBiOooI/CORETSE_AHBl1Oo/CORETSE_AHBiOlo/CORETSE_AHBl1o_fast[0]:CLK
  To:                          CORETSE_AHB_0/CoreTSE_top_inst/CORETSE_AHBilI/CORETSE_AHBOlooI.CORETSE_AHBO0ooI/CORETSE_AHBO1li/CORETSE_AHBIIIi[38]:D
  Delay (ns):                  4.055                                                                           
  Slack (ns):                  -7.150                                                                          
  Arrival (ns):                19.598                                                                          
  Required (ns):               12.448                                                                          

Path 82
  From:                        CORETSE_AHB_0/CoreTSE_top_inst/CORETSE_AHBilI/CORETSE_AHBiOooI/CORETSE_AHBl1Oo/CORETSE_AHBIOlo/CORETSE_AHBlOo1[5]:CLK
  To:                          CORETSE_AHB_0/CoreTSE_top_inst/CORETSE_AHBilI/CORETSE_AHBOlooI.CORETSE_AHBO0ooI/CORETSE_AHBO1li/CORETSE_AHBIIIi[11]:D
  Delay (ns):                  4.078                                                                           
  Slack (ns):                  -7.150                                                                          
  Arrival (ns):                19.610                                                                          
  Required (ns):               12.460                                                                          

Path 83
  From:                        CORETSE_AHB_0/CoreTSE_top_inst/CORETSE_AHBilI/CORETSE_AHBoOooI/CORETSE_AHBO1II/CORETSE_AHBllOI[6]:CLK
  To:                          CoreTSE_Webserver_MSS_0/MSS_ADLIB_INST/INST_MSS_075_IP:F_HM0_RDATA[6]
  Delay (ns):                  3.714                                                                           
  Slack (ns):                  -7.143                                                                          
  Arrival (ns):                19.281                                                                          
  Required (ns):               12.138                                                                          

Path 84
  From:                        CORETSE_AHB_0/CoreTSE_top_inst/CORETSE_AHBilI/CORETSE_AHBiOooI/CORETSE_AHBl1Oo/CORETSE_AHBiOlo/CORETSE_AHBl1o_fast[0]:CLK
  To:                          CORETSE_AHB_0/CoreTSE_top_inst/CORETSE_AHBilI/CORETSE_AHBOlooI.CORETSE_AHBO0ooI/CORETSE_AHBO1li/CORETSE_AHBIIIi[41]:D
  Delay (ns):                  4.054                                                                           
  Slack (ns):                  -7.141                                                                          
  Arrival (ns):                19.597                                                                          
  Required (ns):               12.456                                                                          

Path 85
  From:                        CORETSE_AHB_0/CoreTSE_top_inst/CORETSE_AHBilI/CORETSE_AHBiOooI/CORETSE_AHBl1Oo/CORETSE_AHBIOlo/CORETSE_AHBlOo1[5]:CLK
  To:                          CORETSE_AHB_0/CoreTSE_top_inst/CORETSE_AHBilI/CORETSE_AHBOlooI.CORETSE_AHBO0ooI/CORETSE_AHBO1li/CORETSE_AHBIIIi[10]:D
  Delay (ns):                  4.057                                                                           
  Slack (ns):                  -7.136                                                                          
  Arrival (ns):                19.589                                                                          
  Required (ns):               12.453                                                                          

Path 86
  From:                        CORETSE_AHB_0/CoreTSE_top_inst/CORETSE_AHBio0.CORETSE_AHBOi0/CORETSE_AHBOoi0/CORETSE_AHBI0i0[5]:CLK
  To:                          SERDES_IF2_0/SERDESIF_INST/INST_SERDESIF_IP:EPCS_TXDATA[25]
  Delay (ns):                  5.241                                                                           
  Slack (ns):                  -7.134                                                                          
  Arrival (ns):                13.092                                                                          
  Required (ns):               5.958                                                                           

Path 87
  From:                        CORETSE_AHB_0/CoreTSE_top_inst/CORETSE_AHBilI/CORETSE_AHBoOooI/CORETSE_AHBO1II/CORETSE_AHBllOI[36]:CLK
  To:                          CoreTSE_Webserver_MSS_0/MSS_ADLIB_INST/INST_MSS_075_IP:F_HM0_RDATA[20]
  Delay (ns):                  3.557                                                                           
  Slack (ns):                  -7.131                                                                          
  Arrival (ns):                19.125                                                                          
  Required (ns):               11.994                                                                          

Path 88
  From:                        CORETSE_AHB_0/CoreTSE_top_inst/CORETSE_AHBilI/CORETSE_AHBoOooI/CORETSE_AHBO1II/CORETSE_AHBllOI[25]:CLK
  To:                          CoreTSE_Webserver_MSS_0/MSS_ADLIB_INST/INST_MSS_075_IP:F_HM0_RDATA[25]
  Delay (ns):                  3.588                                                                           
  Slack (ns):                  -7.120                                                                          
  Arrival (ns):                19.112                                                                          
  Required (ns):               11.992                                                                          

Path 89
  From:                        CORETSE_AHB_0/CoreTSE_top_inst/CORETSE_AHBilI/CORETSE_AHBiOooI/CORETSE_AHBl1Oo/CORETSE_AHBiOlo/CORETSE_AHBl1o[12]:CLK
  To:                          CORETSE_AHB_0/CoreTSE_top_inst/CORETSE_AHBilI/CORETSE_AHBOlooI.CORETSE_AHBO0ooI/CORETSE_AHBO1li/CORETSE_AHBIIIi[10]:D
  Delay (ns):                  4.032                                                                           
  Slack (ns):                  -7.117                                                                          
  Arrival (ns):                19.570                                                                          
  Required (ns):               12.453                                                                          

Path 90
  From:                        CORETSE_AHB_0/CoreTSE_top_inst/CORETSE_AHBilI/CORETSE_AHBiOooI/CORETSE_AHBl1Oo/CORETSE_AHBIOlo/CORETSE_AHBlOo1[1]:CLK
  To:                          CORETSE_AHB_0/CoreTSE_top_inst/CORETSE_AHBilI/CORETSE_AHBOlooI.CORETSE_AHBO0ooI/CORETSE_AHBO1li/CORETSE_AHBIIIi[10]:D
  Delay (ns):                  4.022                                                                           
  Slack (ns):                  -7.092                                                                          
  Arrival (ns):                19.545                                                                          
  Required (ns):               12.453                                                                          

Path 91
  From:                        CORETSE_AHB_0/CoreTSE_top_inst/CORETSE_AHBilI/CORETSE_AHBiOooI/CORETSE_AHBl1Oo/CORETSE_AHBiOlo/CORETSE_AHBl1o_fast[12]:CLK
  To:                          CORETSE_AHB_0/CoreTSE_top_inst/CORETSE_AHBilI/CORETSE_AHBOlooI.CORETSE_AHBO0ooI/CORETSE_AHBO1li/CORETSE_AHBIIIi[12]:D
  Delay (ns):                  3.980                                                                           
  Slack (ns):                  -7.088                                                                          
  Arrival (ns):                19.539                                                                          
  Required (ns):               12.451                                                                          

Path 92
  From:                        CORETSE_AHB_0/CoreTSE_top_inst/CORETSE_AHBilI/CORETSE_AHBiOooI/CORETSE_AHBl1Oo/CORETSE_AHBiOlo/CORETSE_AHBl1o_fast[15]:CLK
  To:                          CORETSE_AHB_0/CoreTSE_top_inst/CORETSE_AHBilI/CORETSE_AHBOlooI.CORETSE_AHBO0ooI/CORETSE_AHBO1li/CORETSE_AHBIIIi[10]:D
  Delay (ns):                  3.989                                                                           
  Slack (ns):                  -7.083                                                                          
  Arrival (ns):                19.536                                                                          
  Required (ns):               12.453                                                                          

Path 93
  From:                        CORETSE_AHB_0/CoreTSE_top_inst/CORETSE_AHBilI/CORETSE_AHBiOooI/CORETSE_AHBl1Oo/CORETSE_AHBiOlo/CORETSE_AHBl1o_fast[12]:CLK
  To:                          CORETSE_AHB_0/CoreTSE_top_inst/CORETSE_AHBilI/CORETSE_AHBOlooI.CORETSE_AHBO0ooI/CORETSE_AHBO1li/CORETSE_AHBIIIi[11]:D
  Delay (ns):                  3.979                                                                           
  Slack (ns):                  -7.078                                                                          
  Arrival (ns):                19.538                                                                          
  Required (ns):               12.460                                                                          

Path 94
  From:                        CORETSE_AHB_0/CoreTSE_top_inst/CORETSE_AHBilI/CORETSE_AHBoOooI/CORETSE_AHBO1II/CORETSE_AHBllOI[12]:CLK
  To:                          CoreTSE_Webserver_MSS_0/MSS_ADLIB_INST/INST_MSS_075_IP:F_HM0_RDATA[12]
  Delay (ns):                  3.635                                                                           
  Slack (ns):                  -7.077                                                                          
  Arrival (ns):                19.186                                                                          
  Required (ns):               12.109                                                                          

Path 95
  From:                        CORETSE_AHB_0/CoreTSE_top_inst/CORETSE_AHBilI/CORETSE_AHBoOooI/CORETSE_AHBO1II/CORETSE_AHBllOI[4]:CLK
  To:                          CoreTSE_Webserver_MSS_0/MSS_ADLIB_INST/INST_MSS_075_IP:F_HM0_RDATA[4]
  Delay (ns):                  3.619                                                                           
  Slack (ns):                  -7.067                                                                          
  Arrival (ns):                19.162                                                                          
  Required (ns):               12.095                                                                          

Path 96
  From:                        CORETSE_AHB_0/CoreTSE_top_inst/CORETSE_AHBilI/CORETSE_AHBiOooI/CORETSE_AHBl1Oo/CORETSE_AHBiOlo/CORETSE_AHBl1o[6]:CLK
  To:                          CORETSE_AHB_0/CoreTSE_top_inst/CORETSE_AHBilI/CORETSE_AHBOlooI.CORETSE_AHBO0ooI/CORETSE_AHBO1li/CORETSE_AHBIIIi[10]:D
  Delay (ns):                  3.990                                                                           
  Slack (ns):                  -7.061                                                                          
  Arrival (ns):                19.514                                                                          
  Required (ns):               12.453                                                                          

Path 97
  From:                        CORETSE_AHB_0/CoreTSE_top_inst/CORETSE_AHBilI/CORETSE_AHBiOooI/CORETSE_AHBl1Oo/CORETSE_AHBiOlo/CORETSE_AHBl1o_fast[0]:CLK
  To:                          CORETSE_AHB_0/CoreTSE_top_inst/CORETSE_AHBilI/CORETSE_AHBOlooI.CORETSE_AHBO0ooI/CORETSE_AHBO1li/CORETSE_AHBIIIi[6]:D
  Delay (ns):                  3.954                                                                           
  Slack (ns):                  -7.051                                                                          
  Arrival (ns):                19.497                                                                          
  Required (ns):               12.446                                                                          

Path 98
  From:                        CORETSE_AHB_0/CoreTSE_top_inst/CORETSE_AHBilI/CORETSE_AHBoOooI/CORETSE_AHBl1II/CORETSE_AHBOI1I[14]:CLK
  To:                          CoreTSE_Webserver_MSS_0/MSS_ADLIB_INST/INST_MSS_075_IP:F_HM0_RDATA[12]
  Delay (ns):                  3.617                                                                           
  Slack (ns):                  -7.049                                                                          
  Arrival (ns):                19.158                                                                          
  Required (ns):               12.109                                                                          

Path 99
  From:                        CORETSE_AHB_0/CoreTSE_top_inst/CORETSE_AHBilI/CORETSE_AHBiOooI/CORETSE_AHBl1Oo/CORETSE_AHBIOlo/CORETSE_AHBlOo1[4]:CLK
  To:                          CORETSE_AHB_0/CoreTSE_top_inst/CORETSE_AHBilI/CORETSE_AHBOlooI.CORETSE_AHBO0ooI/CORETSE_AHBO1li/CORETSE_AHBIIIi[38]:D
  Delay (ns):                  3.958                                                                           
  Slack (ns):                  -7.048                                                                          
  Arrival (ns):                19.496                                                                          
  Required (ns):               12.448                                                                          

Path 100
  From:                        CORETSE_AHB_0/CoreTSE_top_inst/CORETSE_AHBilI/CORETSE_AHBiOooI/CORETSE_AHBl1Oo/CORETSE_AHBiOlo/CORETSE_AHBl1o[6]:CLK
  To:                          CORETSE_AHB_0/CoreTSE_top_inst/CORETSE_AHBilI/CORETSE_AHBOlooI.CORETSE_AHBO0ooI/CORETSE_AHBO1li/CORETSE_AHBIIIi[12]:D
  Delay (ns):                  3.968                                                                           
  Slack (ns):                  -7.041                                                                          
  Arrival (ns):                19.492                                                                          
  Required (ns):               12.451                                                                          

