Timing Violation Report Max Delay Analysis

SmartTime Version 
Microsemi Corporation - Microsemi Libero Software Release  (Version 11.7.0.113)
Date: Mon Jan 11 22:30:22 2016


Design: CoreTSE_Webserver
Family: SmartFusion2
Die: M2S090TS
Package: 484 FBGA
Temperature Range: 0 - 85 C
Voltage Range: 1.14 - 1.26 V
Speed Grade: -1
Design State: Post-Layout
Data source: Production
Min Operating Conditions: BEST - 1.26 V - 0 C
Max Operating Conditions: WORST - 1.14 V - 85 C
Scenario for Timing Analysis: timing_analysis


Path 1
  From:                        CORETSE_AHB_0/CoreTSE_top_inst/CORETSE_AHBilI/CORETSE_AHBiOooI/CORETSE_AHBl1Oo/CORETSE_AHBIOlo/CORETSE_AHBlOo1[4]:CLK
  To:                          CORETSE_AHB_0/CoreTSE_top_inst/CORETSE_AHBilI/CORETSE_AHBOlooI.CORETSE_AHBO0ooI/CORETSE_AHBO1li/CORETSE_AHBIIIi[10]:D
  Delay (ns):                  4.952                                                                           
  Slack (ns):                  -8.039                                                                          
  Arrival (ns):                20.499                                                                          
  Required (ns):               12.460                                                                          

Path 2
  From:                        CORETSE_AHB_0/CoreTSE_top_inst/CORETSE_AHBilI/CORETSE_AHBiOooI/CORETSE_AHBl1Oo/CORETSE_AHBiOlo/CORETSE_AHBl1o_fast[9]:CLK
  To:                          CORETSE_AHB_0/CoreTSE_top_inst/CORETSE_AHBilI/CORETSE_AHBOlooI.CORETSE_AHBO0ooI/CORETSE_AHBO1li/CORETSE_AHBIIIi[12]:D
  Delay (ns):                  4.873                                                                           
  Slack (ns):                  -7.966                                                                          
  Arrival (ns):                20.419                                                                          
  Required (ns):               12.453                                                                          

Path 3
  From:                        CORETSE_AHB_0/CoreTSE_top_inst/CORETSE_AHBilI/CORETSE_AHBiOooI/CORETSE_AHBl1Oo/CORETSE_AHBiOlo/CORETSE_AHBl1o_fast[9]:CLK
  To:                          CORETSE_AHB_0/CoreTSE_top_inst/CORETSE_AHBilI/CORETSE_AHBOlooI.CORETSE_AHBO0ooI/CORETSE_AHBO1li/CORETSE_AHBIIIi[11]:D
  Delay (ns):                  4.871                                                                           
  Slack (ns):                  -7.957                                                                          
  Arrival (ns):                20.417                                                                          
  Required (ns):               12.460                                                                          

Path 4
  From:                        CORETSE_AHB_0/CoreTSE_top_inst/CORETSE_AHBilI/CORETSE_AHBiOooI/CORETSE_AHBl1Oo/CORETSE_AHBiOlo/CORETSE_AHBl1o[0]:CLK
  To:                          CORETSE_AHB_0/CoreTSE_top_inst/CORETSE_AHBilI/CORETSE_AHBOlooI.CORETSE_AHBO0ooI/CORETSE_AHBO1li/CORETSE_AHBIIIi[12]:D
  Delay (ns):                  4.838                                                                           
  Slack (ns):                  -7.930                                                                          
  Arrival (ns):                20.383                                                                          
  Required (ns):               12.453                                                                          

Path 5
  From:                        CORETSE_AHB_0/CoreTSE_top_inst/CORETSE_AHBilI/CORETSE_AHBiOooI/CORETSE_AHBl1Oo/CORETSE_AHBIOlo/CORETSE_AHBlOo1[1]:CLK
  To:                          CORETSE_AHB_0/CoreTSE_top_inst/CORETSE_AHBilI/CORETSE_AHBOlooI.CORETSE_AHBO0ooI/CORETSE_AHBO1li/CORETSE_AHBIIIi[10]:D
  Delay (ns):                  4.865                                                                           
  Slack (ns):                  -7.928                                                                          
  Arrival (ns):                20.388                                                                          
  Required (ns):               12.460                                                                          

Path 6
  From:                        CORETSE_AHB_0/CoreTSE_top_inst/CORETSE_AHBilI/CORETSE_AHBiOooI/CORETSE_AHBl1Oo/CORETSE_AHBiOlo/CORETSE_AHBl1o[0]:CLK
  To:                          CORETSE_AHB_0/CoreTSE_top_inst/CORETSE_AHBilI/CORETSE_AHBOlooI.CORETSE_AHBO0ooI/CORETSE_AHBO1li/CORETSE_AHBIIIi[11]:D
  Delay (ns):                  4.836                                                                           
  Slack (ns):                  -7.921                                                                          
  Arrival (ns):                20.381                                                                          
  Required (ns):               12.460                                                                          

Path 7
  From:                        CORETSE_AHB_0/CoreTSE_top_inst/CORETSE_AHBilI/CORETSE_AHBiOooI/CORETSE_AHBl1Oo/CORETSE_AHBiOlo/CORETSE_AHBl1o[4]:CLK
  To:                          CORETSE_AHB_0/CoreTSE_top_inst/CORETSE_AHBilI/CORETSE_AHBOlooI.CORETSE_AHBO0ooI/CORETSE_AHBO1li/CORETSE_AHBIIIi[12]:D
  Delay (ns):                  4.782                                                                           
  Slack (ns):                  -7.874                                                                          
  Arrival (ns):                20.327                                                                          
  Required (ns):               12.453                                                                          

Path 8
  From:                        CORETSE_AHB_0/CoreTSE_top_inst/CORETSE_AHBilI/CORETSE_AHBiOooI/CORETSE_AHBl1Oo/CORETSE_AHBiOlo/CORETSE_AHBl1o[4]:CLK
  To:                          CORETSE_AHB_0/CoreTSE_top_inst/CORETSE_AHBilI/CORETSE_AHBOlooI.CORETSE_AHBO0ooI/CORETSE_AHBO1li/CORETSE_AHBIIIi[11]:D
  Delay (ns):                  4.780                                                                           
  Slack (ns):                  -7.865                                                                          
  Arrival (ns):                20.325                                                                          
  Required (ns):               12.460                                                                          

Path 9
  From:                        CORETSE_AHB_0/CoreTSE_top_inst/CORETSE_AHBilI/CORETSE_AHBiOooI/CORETSE_AHBl1Oo/CORETSE_AHBiOlo/CORETSE_AHBl1o_fast[13]:CLK
  To:                          CORETSE_AHB_0/CoreTSE_top_inst/CORETSE_AHBilI/CORETSE_AHBOlooI.CORETSE_AHBO0ooI/CORETSE_AHBO1li/CORETSE_AHBIIIi[12]:D
  Delay (ns):                  4.773                                                                           
  Slack (ns):                  -7.852                                                                          
  Arrival (ns):                20.305                                                                          
  Required (ns):               12.453                                                                          

Path 10
  From:                        CORETSE_AHB_0/CoreTSE_top_inst/CORETSE_AHBilI/CORETSE_AHBiOooI/CORETSE_AHBl1Oo/CORETSE_AHBiOlo/CORETSE_AHBl1o_fast[12]:CLK
  To:                          CORETSE_AHB_0/CoreTSE_top_inst/CORETSE_AHBilI/CORETSE_AHBOlooI.CORETSE_AHBO0ooI/CORETSE_AHBO1li/CORETSE_AHBIIIi[12]:D
  Delay (ns):                  4.766                                                                           
  Slack (ns):                  -7.852                                                                          
  Arrival (ns):                20.305                                                                          
  Required (ns):               12.453                                                                          

Path 11
  From:                        CORETSE_AHB_0/CoreTSE_top_inst/CORETSE_AHBilI/CORETSE_AHBiOooI/CORETSE_AHBl1Oo/CORETSE_AHBiOlo/CORETSE_AHBl1o_fast[13]:CLK
  To:                          CORETSE_AHB_0/CoreTSE_top_inst/CORETSE_AHBilI/CORETSE_AHBOlooI.CORETSE_AHBO0ooI/CORETSE_AHBO1li/CORETSE_AHBIIIi[11]:D
  Delay (ns):                  4.771                                                                           
  Slack (ns):                  -7.843                                                                          
  Arrival (ns):                20.303                                                                          
  Required (ns):               12.460                                                                          

Path 12
  From:                        CORETSE_AHB_0/CoreTSE_top_inst/CORETSE_AHBilI/CORETSE_AHBiOooI/CORETSE_AHBl1Oo/CORETSE_AHBiOlo/CORETSE_AHBl1o_fast[12]:CLK
  To:                          CORETSE_AHB_0/CoreTSE_top_inst/CORETSE_AHBilI/CORETSE_AHBOlooI.CORETSE_AHBO0ooI/CORETSE_AHBO1li/CORETSE_AHBIIIi[11]:D
  Delay (ns):                  4.764                                                                           
  Slack (ns):                  -7.843                                                                          
  Arrival (ns):                20.303                                                                          
  Required (ns):               12.460                                                                          

Path 13
  From:                        CORETSE_AHB_0/CoreTSE_top_inst/CORETSE_AHBilI/CORETSE_AHBiOooI/CORETSE_AHBl1Oo/CORETSE_AHBiOlo/CORETSE_AHBl1o_fast[1]:CLK
  To:                          CORETSE_AHB_0/CoreTSE_top_inst/CORETSE_AHBilI/CORETSE_AHBOlooI.CORETSE_AHBO0ooI/CORETSE_AHBO1li/CORETSE_AHBIIIi[12]:D
  Delay (ns):                  4.710                                                                           
  Slack (ns):                  -7.800                                                                          
  Arrival (ns):                20.253                                                                          
  Required (ns):               12.453                                                                          

Path 14
  From:                        CORETSE_AHB_0/CoreTSE_top_inst/CORETSE_AHBilI/CORETSE_AHBiOooI/CORETSE_AHBl1Oo/CORETSE_AHBiOlo/CORETSE_AHBl1o_fast[15]:CLK
  To:                          CORETSE_AHB_0/CoreTSE_top_inst/CORETSE_AHBilI/CORETSE_AHBOlooI.CORETSE_AHBO0ooI/CORETSE_AHBO1li/CORETSE_AHBIIIi[12]:D
  Delay (ns):                  4.697                                                                           
  Slack (ns):                  -7.792                                                                          
  Arrival (ns):                20.245                                                                          
  Required (ns):               12.453                                                                          

Path 15
  From:                        CORETSE_AHB_0/CoreTSE_top_inst/CORETSE_AHBilI/CORETSE_AHBiOooI/CORETSE_AHBl1Oo/CORETSE_AHBiOlo/CORETSE_AHBl1o_fast[1]:CLK
  To:                          CORETSE_AHB_0/CoreTSE_top_inst/CORETSE_AHBilI/CORETSE_AHBOlooI.CORETSE_AHBO0ooI/CORETSE_AHBO1li/CORETSE_AHBIIIi[11]:D
  Delay (ns):                  4.708                                                                           
  Slack (ns):                  -7.791                                                                          
  Arrival (ns):                20.251                                                                          
  Required (ns):               12.460                                                                          

Path 16
  From:                        CORETSE_AHB_0/CoreTSE_top_inst/CORETSE_AHBilI/CORETSE_AHBiOooI/CORETSE_AHBl1Oo/CORETSE_AHBIOlo/CORETSE_AHBlOo1_fast[13]:CLK
  To:                          CORETSE_AHB_0/CoreTSE_top_inst/CORETSE_AHBilI/CORETSE_AHBOlooI.CORETSE_AHBO0ooI/CORETSE_AHBO1li/CORETSE_AHBIIIi[12]:D
  Delay (ns):                  4.698                                                                           
  Slack (ns):                  -7.784                                                                          
  Arrival (ns):                20.237                                                                          
  Required (ns):               12.453                                                                          

Path 17
  From:                        CORETSE_AHB_0/CoreTSE_top_inst/CORETSE_AHBilI/CORETSE_AHBiOooI/CORETSE_AHBl1Oo/CORETSE_AHBiOlo/CORETSE_AHBl1o_fast[15]:CLK
  To:                          CORETSE_AHB_0/CoreTSE_top_inst/CORETSE_AHBilI/CORETSE_AHBOlooI.CORETSE_AHBO0ooI/CORETSE_AHBO1li/CORETSE_AHBIIIi[11]:D
  Delay (ns):                  4.695                                                                           
  Slack (ns):                  -7.783                                                                          
  Arrival (ns):                20.243                                                                          
  Required (ns):               12.460                                                                          

Path 18
  From:                        CORETSE_AHB_0/CoreTSE_top_inst/CORETSE_AHBilI/CORETSE_AHBiOooI/CORETSE_AHBl1Oo/CORETSE_AHBIOlo/CORETSE_AHBlOo1_fast[13]:CLK
  To:                          CORETSE_AHB_0/CoreTSE_top_inst/CORETSE_AHBilI/CORETSE_AHBOlooI.CORETSE_AHBO0ooI/CORETSE_AHBO1li/CORETSE_AHBIIIi[11]:D
  Delay (ns):                  4.696                                                                           
  Slack (ns):                  -7.775                                                                          
  Arrival (ns):                20.235                                                                          
  Required (ns):               12.460                                                                          

Path 19
  From:                        CORETSE_AHB_0/CoreTSE_top_inst/CORETSE_AHBilI/CORETSE_AHBiOooI/CORETSE_AHBl1Oo/CORETSE_AHBIOlo/CORETSE_AHBlOo1[0]:CLK
  To:                          CORETSE_AHB_0/CoreTSE_top_inst/CORETSE_AHBilI/CORETSE_AHBOlooI.CORETSE_AHBO0ooI/CORETSE_AHBO1li/CORETSE_AHBIIIi[10]:D
  Delay (ns):                  4.691                                                                           
  Slack (ns):                  -7.754                                                                          
  Arrival (ns):                20.214                                                                          
  Required (ns):               12.460                                                                          

Path 20
  From:                        CORETSE_AHB_0/CoreTSE_top_inst/CORETSE_AHBilI/CORETSE_AHBiOooI/CORETSE_AHBl1Oo/CORETSE_AHBiOlo/CORETSE_AHBl1o_fast[2]:CLK
  To:                          CORETSE_AHB_0/CoreTSE_top_inst/CORETSE_AHBilI/CORETSE_AHBOlooI.CORETSE_AHBO0ooI/CORETSE_AHBO1li/CORETSE_AHBIIIi[12]:D
  Delay (ns):                  4.617                                                                           
  Slack (ns):                  -7.698                                                                          
  Arrival (ns):                20.151                                                                          
  Required (ns):               12.453                                                                          

Path 21
  From:                        CORETSE_AHB_0/CoreTSE_top_inst/CORETSE_AHBilI/CORETSE_AHBoOooI/CORETSE_AHBO1II/CORETSE_AHBOIiI[0]:CLK
  To:                          CoreTSE_Webserver_MSS_0/MSS_ADLIB_INST/INST_MSS_075_IP:F_HM0_RDATA[19]
  Delay (ns):                  4.122                                                                           
  Slack (ns):                  -7.691                                                                          
  Arrival (ns):                19.676                                                                          
  Required (ns):               11.985                                                                          

Path 22
  From:                        CORETSE_AHB_0/CoreTSE_top_inst/CORETSE_AHBilI/CORETSE_AHBiOooI/CORETSE_AHBl1Oo/CORETSE_AHBiOlo/CORETSE_AHBl1o_fast[2]:CLK
  To:                          CORETSE_AHB_0/CoreTSE_top_inst/CORETSE_AHBilI/CORETSE_AHBOlooI.CORETSE_AHBO0ooI/CORETSE_AHBO1li/CORETSE_AHBIIIi[11]:D
  Delay (ns):                  4.615                                                                           
  Slack (ns):                  -7.689                                                                          
  Arrival (ns):                20.149                                                                          
  Required (ns):               12.460                                                                          

Path 23
  From:                        CORETSE_AHB_0/CoreTSE_top_inst/CORETSE_AHBilI/CORETSE_AHBiOooI/CORETSE_AHBl1Oo/CORETSE_AHBiOlo/CORETSE_AHBl1o[4]:CLK
  To:                          CORETSE_AHB_0/CoreTSE_top_inst/CORETSE_AHBilI/CORETSE_AHBOlooI.CORETSE_AHBO0ooI/CORETSE_AHBO1li/CORETSE_AHBIIIi[10]:D
  Delay (ns):                  4.564                                                                           
  Slack (ns):                  -7.649                                                                          
  Arrival (ns):                20.109                                                                          
  Required (ns):               12.460                                                                          

Path 24
  From:                        CORETSE_AHB_0/CoreTSE_top_inst/CORETSE_AHBilI/CORETSE_AHBiOooI/CORETSE_AHBl1Oo/CORETSE_AHBIOlo/CORETSE_AHBlOo1[6]:CLK
  To:                          CORETSE_AHB_0/CoreTSE_top_inst/CORETSE_AHBilI/CORETSE_AHBOlooI.CORETSE_AHBO0ooI/CORETSE_AHBO1li/CORETSE_AHBIIIi[12]:D
  Delay (ns):                  4.569                                                                           
  Slack (ns):                  -7.643                                                                          
  Arrival (ns):                20.096                                                                          
  Required (ns):               12.453                                                                          

Path 25
  From:                        CORETSE_AHB_0/CoreTSE_top_inst/CORETSE_AHBilI/CORETSE_AHBiOooI/CORETSE_AHBl1Oo/CORETSE_AHBiOlo/CORETSE_AHBl1o[11]:CLK
  To:                          CORETSE_AHB_0/CoreTSE_top_inst/CORETSE_AHBilI/CORETSE_AHBOlooI.CORETSE_AHBO0ooI/CORETSE_AHBO1li/CORETSE_AHBIIIi[12]:D
  Delay (ns):                  4.555                                                                           
  Slack (ns):                  -7.639                                                                          
  Arrival (ns):                20.092                                                                          
  Required (ns):               12.453                                                                          

Path 26
  From:                        CORETSE_AHB_0/CoreTSE_top_inst/CORETSE_AHBilI/CORETSE_AHBiOooI/CORETSE_AHBl1Oo/CORETSE_AHBiOlo/CORETSE_AHBl1o_fast[14]:CLK
  To:                          CORETSE_AHB_0/CoreTSE_top_inst/CORETSE_AHBilI/CORETSE_AHBOlooI.CORETSE_AHBO0ooI/CORETSE_AHBO1li/CORETSE_AHBIIIi[12]:D
  Delay (ns):                  4.552                                                                           
  Slack (ns):                  -7.639                                                                          
  Arrival (ns):                20.092                                                                          
  Required (ns):               12.453                                                                          

Path 27
  From:                        CORETSE_AHB_0/CoreTSE_top_inst/CORETSE_AHBilI/CORETSE_AHBiOooI/CORETSE_AHBl1Oo/CORETSE_AHBIOlo/CORETSE_AHBlOo1[6]:CLK
  To:                          CORETSE_AHB_0/CoreTSE_top_inst/CORETSE_AHBilI/CORETSE_AHBOlooI.CORETSE_AHBO0ooI/CORETSE_AHBO1li/CORETSE_AHBIIIi[11]:D
  Delay (ns):                  4.567                                                                           
  Slack (ns):                  -7.634                                                                          
  Arrival (ns):                20.094                                                                          
  Required (ns):               12.460                                                                          

Path 28
  From:                        CORETSE_AHB_0/CoreTSE_top_inst/CORETSE_AHBilI/CORETSE_AHBiOooI/CORETSE_AHBl1Oo/CORETSE_AHBiOlo/CORETSE_AHBl1o_fast[9]:CLK
  To:                          CORETSE_AHB_0/CoreTSE_top_inst/CORETSE_AHBilI/CORETSE_AHBOlooI.CORETSE_AHBO0ooI/CORETSE_AHBO1li/CORETSE_AHBIIIi[10]:D
  Delay (ns):                  4.546                                                                           
  Slack (ns):                  -7.632                                                                          
  Arrival (ns):                20.092                                                                          
  Required (ns):               12.460                                                                          

Path 29
  From:                        CORETSE_AHB_0/CoreTSE_top_inst/CORETSE_AHBilI/CORETSE_AHBiOooI/CORETSE_AHBl1Oo/CORETSE_AHBiOlo/CORETSE_AHBl1o[11]:CLK
  To:                          CORETSE_AHB_0/CoreTSE_top_inst/CORETSE_AHBilI/CORETSE_AHBOlooI.CORETSE_AHBO0ooI/CORETSE_AHBO1li/CORETSE_AHBIIIi[11]:D
  Delay (ns):                  4.553                                                                           
  Slack (ns):                  -7.630                                                                          
  Arrival (ns):                20.090                                                                          
  Required (ns):               12.460                                                                          

Path 30
  From:                        CORETSE_AHB_0/CoreTSE_top_inst/CORETSE_AHBilI/CORETSE_AHBiOooI/CORETSE_AHBl1Oo/CORETSE_AHBiOlo/CORETSE_AHBl1o_fast[14]:CLK
  To:                          CORETSE_AHB_0/CoreTSE_top_inst/CORETSE_AHBilI/CORETSE_AHBOlooI.CORETSE_AHBO0ooI/CORETSE_AHBO1li/CORETSE_AHBIIIi[11]:D
  Delay (ns):                  4.550                                                                           
  Slack (ns):                  -7.630                                                                          
  Arrival (ns):                20.090                                                                          
  Required (ns):               12.460                                                                          

Path 31
  From:                        CORETSE_AHB_0/CoreTSE_top_inst/CORETSE_AHBilI/CORETSE_AHBoOooI/CORETSE_AHBO1II/CORETSE_AHBllOI[37]:CLK
  To:                          CoreTSE_Webserver_MSS_0/MSS_ADLIB_INST/INST_MSS_075_IP:F_HM0_RDATA[21]
  Delay (ns):                  4.034                                                                           
  Slack (ns):                  -7.616                                                                          
  Arrival (ns):                19.570                                                                          
  Required (ns):               11.954                                                                          

Path 32
  From:                        CORETSE_AHB_0/CoreTSE_top_inst/CORETSE_AHBilI/CORETSE_AHBoOooI/CORETSE_AHBl1II/CORETSE_AHBOI1I[4]:CLK
  To:                          CoreTSE_Webserver_MSS_0/MSS_ADLIB_INST/INST_MSS_075_IP:F_HM0_RDATA[2]
  Delay (ns):                  3.828                                                                           
  Slack (ns):                  -7.580                                                                          
  Arrival (ns):                19.368                                                                          
  Required (ns):               11.788                                                                          

Path 33
  From:                        CORETSE_AHB_0/CoreTSE_top_inst/CORETSE_AHBilI/CORETSE_AHBiOooI/CORETSE_AHBl1Oo/CORETSE_AHBiOlo/CORETSE_AHBl1o[14]:CLK
  To:                          CORETSE_AHB_0/CoreTSE_top_inst/CORETSE_AHBilI/CORETSE_AHBOlooI.CORETSE_AHBO0ooI/CORETSE_AHBO1li/CORETSE_AHBIIIi[12]:D
  Delay (ns):                  4.483                                                                           
  Slack (ns):                  -7.576                                                                          
  Arrival (ns):                20.029                                                                          
  Required (ns):               12.453                                                                          

Path 34
  From:                        CORETSE_AHB_0/CoreTSE_top_inst/CORETSE_AHBilI/CORETSE_AHBiOooI/CORETSE_AHBl1Oo/CORETSE_AHBiOlo/CORETSE_AHBl1o[14]:CLK
  To:                          CORETSE_AHB_0/CoreTSE_top_inst/CORETSE_AHBilI/CORETSE_AHBOlooI.CORETSE_AHBO0ooI/CORETSE_AHBO1li/CORETSE_AHBIIIi[11]:D
  Delay (ns):                  4.481                                                                           
  Slack (ns):                  -7.567                                                                          
  Arrival (ns):                20.027                                                                          
  Required (ns):               12.460                                                                          

Path 35
  From:                        CORETSE_AHB_0/CoreTSE_top_inst/CORETSE_AHBilI/CORETSE_AHBiOooI/CORETSE_AHBl1Oo/CORETSE_AHBIOlo/CORETSE_AHBlOo1_fast[12]:CLK
  To:                          CORETSE_AHB_0/CoreTSE_top_inst/CORETSE_AHBilI/CORETSE_AHBOlooI.CORETSE_AHBO0ooI/CORETSE_AHBO1li/CORETSE_AHBIIIi[12]:D
  Delay (ns):                  4.490                                                                           
  Slack (ns):                  -7.567                                                                          
  Arrival (ns):                20.020                                                                          
  Required (ns):               12.453                                                                          

Path 36
  From:                        CORETSE_AHB_0/CoreTSE_top_inst/CORETSE_AHBilI/CORETSE_AHBiOooI/CORETSE_AHBl1Oo/CORETSE_AHBIOlo/CORETSE_AHBlOo1_fast[13]:CLK
  To:                          CORETSE_AHB_0/CoreTSE_top_inst/CORETSE_AHBilI/CORETSE_AHBOlooI.CORETSE_AHBO0ooI/CORETSE_AHBO1li/CORETSE_AHBIIIi[10]:D
  Delay (ns):                  4.487                                                                           
  Slack (ns):                  -7.566                                                                          
  Arrival (ns):                20.026                                                                          
  Required (ns):               12.460                                                                          

Path 37
  From:                        CORETSE_AHB_0/CoreTSE_top_inst/CORETSE_AHBilI/CORETSE_AHBiOooI/CORETSE_AHBl1Oo/CORETSE_AHBIOlo/CORETSE_AHBlOo1_fast[12]:CLK
  To:                          CORETSE_AHB_0/CoreTSE_top_inst/CORETSE_AHBilI/CORETSE_AHBOlooI.CORETSE_AHBO0ooI/CORETSE_AHBO1li/CORETSE_AHBIIIi[11]:D
  Delay (ns):                  4.488                                                                           
  Slack (ns):                  -7.558                                                                          
  Arrival (ns):                20.018                                                                          
  Required (ns):               12.460                                                                          

Path 38
  From:                        CORETSE_AHB_0/CoreTSE_top_inst/CORETSE_AHBilI/CORETSE_AHBiOooI/CORETSE_AHBl1Oo/CORETSE_AHBiOlo/CORETSE_AHBl1o_fast[10]:CLK
  To:                          CORETSE_AHB_0/CoreTSE_top_inst/CORETSE_AHBilI/CORETSE_AHBOlooI.CORETSE_AHBO0ooI/CORETSE_AHBO1li/CORETSE_AHBIIIi[12]:D
  Delay (ns):                  4.457                                                                           
  Slack (ns):                  -7.543                                                                          
  Arrival (ns):                19.996                                                                          
  Required (ns):               12.453                                                                          

Path 39
  From:                        CORETSE_AHB_0/CoreTSE_top_inst/CORETSE_AHBilI/CORETSE_AHBiOooI/CORETSE_AHBl1Oo/CORETSE_AHBiOlo/CORETSE_AHBl1o_fast[10]:CLK
  To:                          CORETSE_AHB_0/CoreTSE_top_inst/CORETSE_AHBilI/CORETSE_AHBOlooI.CORETSE_AHBO0ooI/CORETSE_AHBO1li/CORETSE_AHBIIIi[11]:D
  Delay (ns):                  4.455                                                                           
  Slack (ns):                  -7.534                                                                          
  Arrival (ns):                19.994                                                                          
  Required (ns):               12.460                                                                          

Path 40
  From:                        CORETSE_AHB_0/CoreTSE_top_inst/CORETSE_AHBilI/CORETSE_AHBiOooI/CORETSE_AHBl1Oo/CORETSE_AHBiOlo/CORETSE_AHBl1o_fast[13]:CLK
  To:                          CORETSE_AHB_0/CoreTSE_top_inst/CORETSE_AHBilI/CORETSE_AHBOlooI.CORETSE_AHBO0ooI/CORETSE_AHBO1li/CORETSE_AHBIIIi[10]:D
  Delay (ns):                  4.445                                                                           
  Slack (ns):                  -7.517                                                                          
  Arrival (ns):                19.977                                                                          
  Required (ns):               12.460                                                                          

Path 41
  From:                        CORETSE_AHB_0/CoreTSE_top_inst/CORETSE_AHBilI/CORETSE_AHBoOooI/CORETSE_AHBO1II/CORETSE_AHBllOI[38]:CLK
  To:                          CoreTSE_Webserver_MSS_0/MSS_ADLIB_INST/INST_MSS_075_IP:F_HM0_RDATA[22]
  Delay (ns):                  3.669                                                                           
  Slack (ns):                  -7.515                                                                          
  Arrival (ns):                19.245                                                                          
  Required (ns):               11.730                                                                          

Path 42
  From:                        CORETSE_AHB_0/CoreTSE_top_inst/CORETSE_AHBilI/CORETSE_AHBiOooI/CORETSE_AHBl1Oo/CORETSE_AHBIOlo/CORETSE_AHBlOo1[9]:CLK
  To:                          CORETSE_AHB_0/CoreTSE_top_inst/CORETSE_AHBilI/CORETSE_AHBOlooI.CORETSE_AHBO0ooI/CORETSE_AHBO1li/CORETSE_AHBIIIi[12]:D
  Delay (ns):                  4.418                                                                           
  Slack (ns):                  -7.511                                                                          
  Arrival (ns):                19.964                                                                          
  Required (ns):               12.453                                                                          

Path 43
  From:                        CORETSE_AHB_0/CoreTSE_top_inst/CORETSE_AHBilI/CORETSE_AHBiOooI/CORETSE_AHBl1Oo/CORETSE_AHBIOlo/CORETSE_AHBlOo1[14]:CLK
  To:                          CORETSE_AHB_0/CoreTSE_top_inst/CORETSE_AHBilI/CORETSE_AHBOlooI.CORETSE_AHBO0ooI/CORETSE_AHBO1li/CORETSE_AHBIIIi[10]:D
  Delay (ns):                  4.424                                                                           
  Slack (ns):                  -7.503                                                                          
  Arrival (ns):                19.963                                                                          
  Required (ns):               12.460                                                                          

Path 44
  From:                        CORETSE_AHB_0/CoreTSE_top_inst/CORETSE_AHBilI/CORETSE_AHBiOooI/CORETSE_AHBl1Oo/CORETSE_AHBIOlo/CORETSE_AHBlOo1[9]:CLK
  To:                          CORETSE_AHB_0/CoreTSE_top_inst/CORETSE_AHBilI/CORETSE_AHBOlooI.CORETSE_AHBO0ooI/CORETSE_AHBO1li/CORETSE_AHBIIIi[11]:D
  Delay (ns):                  4.416                                                                           
  Slack (ns):                  -7.502                                                                          
  Arrival (ns):                19.962                                                                          
  Required (ns):               12.460                                                                          

Path 45
  From:                        CORETSE_AHB_0/CoreTSE_top_inst/CORETSE_AHBilI/CORETSE_AHBiOooI/CORETSE_AHBl1Oo/CORETSE_AHBIOlo/CORETSE_AHBlOo1[14]:CLK
  To:                          CORETSE_AHB_0/CoreTSE_top_inst/CORETSE_AHBilI/CORETSE_AHBOlooI.CORETSE_AHBO0ooI/CORETSE_AHBO1li/CORETSE_AHBIIIi[12]:D
  Delay (ns):                  4.414                                                                           
  Slack (ns):                  -7.500                                                                          
  Arrival (ns):                19.953                                                                          
  Required (ns):               12.453                                                                          

Path 46
  From:                        CORETSE_AHB_0/CoreTSE_top_inst/CORETSE_AHBilI/CORETSE_AHBoOooI/CORETSE_AHBO1II/CORETSE_AHBllOI[4]:CLK
  To:                          CoreTSE_Webserver_MSS_0/MSS_ADLIB_INST/INST_MSS_075_IP:F_HM0_RDATA[4]
  Delay (ns):                  4.035                                                                           
  Slack (ns):                  -7.498                                                                          
  Arrival (ns):                19.593                                                                          
  Required (ns):               12.095                                                                          

Path 47
  From:                        CORETSE_AHB_0/CoreTSE_top_inst/CORETSE_AHBilI/CORETSE_AHBoOooI/CORETSE_AHBO1II/CORETSE_AHBllOI[3]:CLK
  To:                          CoreTSE_Webserver_MSS_0/MSS_ADLIB_INST/INST_MSS_075_IP:F_HM0_RDATA[3]
  Delay (ns):                  4.078                                                                           
  Slack (ns):                  -7.496                                                                          
  Arrival (ns):                19.626                                                                          
  Required (ns):               12.130                                                                          

Path 48
  From:                        CORETSE_AHB_0/CoreTSE_top_inst/CORETSE_AHBilI/CORETSE_AHBiOooI/CORETSE_AHBl1Oo/CORETSE_AHBIOlo/CORETSE_AHBlOo1[14]:CLK
  To:                          CORETSE_AHB_0/CoreTSE_top_inst/CORETSE_AHBilI/CORETSE_AHBOlooI.CORETSE_AHBO0ooI/CORETSE_AHBO1li/CORETSE_AHBIIIi[11]:D
  Delay (ns):                  4.412                                                                           
  Slack (ns):                  -7.491                                                                          
  Arrival (ns):                19.951                                                                          
  Required (ns):               12.460                                                                          

Path 49
  From:                        CORETSE_AHB_0/CoreTSE_top_inst/CORETSE_AHBilI/CORETSE_AHBiOooI/CORETSE_AHBl1Oo/CORETSE_AHBiOlo/CORETSE_AHBl1o_fast[5]:CLK
  To:                          CORETSE_AHB_0/CoreTSE_top_inst/CORETSE_AHBilI/CORETSE_AHBOlooI.CORETSE_AHBO0ooI/CORETSE_AHBO1li/CORETSE_AHBIIIi[12]:D
  Delay (ns):                  4.398                                                                           
  Slack (ns):                  -7.468                                                                          
  Arrival (ns):                19.921                                                                          
  Required (ns):               12.453                                                                          

Path 50
  From:                        CORETSE_AHB_0/CoreTSE_top_inst/CORETSE_AHBilI/CORETSE_AHBoOooI/CORETSE_AHBl1II/CORETSE_AHBoIOI:CLK
  To:                          CoreTSE_Webserver_MSS_0/MSS_ADLIB_INST/INST_MSS_075_IP:F_HM0_RDATA[21]
  Delay (ns):                  3.883                                                                           
  Slack (ns):                  -7.465                                                                          
  Arrival (ns):                19.419                                                                          
  Required (ns):               11.954                                                                          

Path 51
  From:                        CORETSE_AHB_0/CoreTSE_top_inst/CORETSE_AHBilI/CORETSE_AHBiOooI/CORETSE_AHBl1Oo/CORETSE_AHBiOlo/CORETSE_AHBl1o_fast[10]:CLK
  To:                          CORETSE_AHB_0/CoreTSE_top_inst/CORETSE_AHBilI/CORETSE_AHBOlooI.CORETSE_AHBO0ooI/CORETSE_AHBO1li/CORETSE_AHBIIIi[10]:D
  Delay (ns):                  4.384                                                                           
  Slack (ns):                  -7.463                                                                          
  Arrival (ns):                19.923                                                                          
  Required (ns):               12.460                                                                          

Path 52
  From:                        CORETSE_AHB_0/CoreTSE_top_inst/CORETSE_AHBilI/CORETSE_AHBiOooI/CORETSE_AHBl1Oo/CORETSE_AHBIOlo/CORETSE_AHBlOo1[3]:CLK
  To:                          CORETSE_AHB_0/CoreTSE_top_inst/CORETSE_AHBilI/CORETSE_AHBOlooI.CORETSE_AHBO0ooI/CORETSE_AHBO1li/CORETSE_AHBIIIi[10]:D
  Delay (ns):                  4.390                                                                           
  Slack (ns):                  -7.462                                                                          
  Arrival (ns):                19.922                                                                          
  Required (ns):               12.460                                                                          

Path 53
  From:                        CORETSE_AHB_0/CoreTSE_top_inst/CORETSE_AHBilI/CORETSE_AHBiOooI/CORETSE_AHBl1Oo/CORETSE_AHBiOlo/CORETSE_AHBl1o_fast[5]:CLK
  To:                          CORETSE_AHB_0/CoreTSE_top_inst/CORETSE_AHBilI/CORETSE_AHBOlooI.CORETSE_AHBO0ooI/CORETSE_AHBO1li/CORETSE_AHBIIIi[11]:D
  Delay (ns):                  4.396                                                                           
  Slack (ns):                  -7.459                                                                          
  Arrival (ns):                19.919                                                                          
  Required (ns):               12.460                                                                          

Path 54
  From:                        CORETSE_AHB_0/CoreTSE_top_inst/CORETSE_AHBilI/CORETSE_AHBiOooI/CORETSE_AHBl1Oo/CORETSE_AHBiOlo/CORETSE_AHBl1o[14]:CLK
  To:                          CORETSE_AHB_0/CoreTSE_top_inst/CORETSE_AHBilI/CORETSE_AHBOlooI.CORETSE_AHBO0ooI/CORETSE_AHBO1li/CORETSE_AHBIIIi[10]:D
  Delay (ns):                  4.370                                                                           
  Slack (ns):                  -7.456                                                                          
  Arrival (ns):                19.916                                                                          
  Required (ns):               12.460                                                                          

Path 55
  From:                        CORETSE_AHB_0/CoreTSE_top_inst/CORETSE_AHBilI/CORETSE_AHBoOooI/CORETSE_AHBO1II/CORETSE_AHBllOI[16]:CLK
  To:                          CoreTSE_Webserver_MSS_0/MSS_ADLIB_INST/INST_MSS_075_IP:F_HM0_RDATA[16]
  Delay (ns):                  3.929                                                                           
  Slack (ns):                  -7.452                                                                          
  Arrival (ns):                19.493                                                                          
  Required (ns):               12.041                                                                          

Path 56
  From:                        CORETSE_AHB_0/CoreTSE_top_inst/CORETSE_AHBilI/CORETSE_AHBiOooI/CORETSE_AHBl1Oo/CORETSE_AHBIOlo/CORETSE_AHBlOo1[4]:CLK
  To:                          CORETSE_AHB_0/CoreTSE_top_inst/CORETSE_AHBilI/CORETSE_AHBOlooI.CORETSE_AHBO0ooI/CORETSE_AHBO1li/CORETSE_AHBIIIi[12]:D
  Delay (ns):                  4.356                                                                           
  Slack (ns):                  -7.450                                                                          
  Arrival (ns):                19.903                                                                          
  Required (ns):               12.453                                                                          

Path 57
  From:                        CORETSE_AHB_0/CoreTSE_top_inst/CORETSE_AHBilI/CORETSE_AHBiOooI/CORETSE_AHBl1Oo/CORETSE_AHBIOlo/CORETSE_AHBlOo1[4]:CLK
  To:                          CORETSE_AHB_0/CoreTSE_top_inst/CORETSE_AHBilI/CORETSE_AHBOlooI.CORETSE_AHBO0ooI/CORETSE_AHBO1li/CORETSE_AHBIIIi[11]:D
  Delay (ns):                  4.354                                                                           
  Slack (ns):                  -7.441                                                                          
  Arrival (ns):                19.901                                                                          
  Required (ns):               12.460                                                                          

Path 58
  From:                        CORETSE_AHB_0/CoreTSE_top_inst/CORETSE_AHBilI/CORETSE_AHBiOooI/CORETSE_AHBl1Oo/CORETSE_AHBIOlo/CORETSE_AHBlOo1[1]:CLK
  To:                          CORETSE_AHB_0/CoreTSE_top_inst/CORETSE_AHBilI/CORETSE_AHBOlooI.CORETSE_AHBO0ooI/CORETSE_AHBO1li/CORETSE_AHBIIIi[12]:D
  Delay (ns):                  4.363                                                                           
  Slack (ns):                  -7.433                                                                          
  Arrival (ns):                19.886                                                                          
  Required (ns):               12.453                                                                          

Path 59
  From:                        CORETSE_AHB_0/CoreTSE_top_inst/CORETSE_AHBilI/CORETSE_AHBoOooI/CORETSE_AHBO1II/CORETSE_AHBllOI[19]:CLK
  To:                          CoreTSE_Webserver_MSS_0/MSS_ADLIB_INST/INST_MSS_075_IP:F_HM0_RDATA[19]
  Delay (ns):                  3.855                                                                           
  Slack (ns):                  -7.428                                                                          
  Arrival (ns):                19.413                                                                          
  Required (ns):               11.985                                                                          

Path 60
  From:                        CORETSE_AHB_0/CoreTSE_top_inst/CORETSE_AHBilI/CORETSE_AHBoOooI/CORETSE_AHBO1II/CORETSE_AHBllOI[20]:CLK
  To:                          CoreTSE_Webserver_MSS_0/MSS_ADLIB_INST/INST_MSS_075_IP:F_HM0_RDATA[20]
  Delay (ns):                  3.846                                                                           
  Slack (ns):                  -7.425                                                                          
  Arrival (ns):                19.419                                                                          
  Required (ns):               11.994                                                                          

Path 61
  From:                        CORETSE_AHB_0/CoreTSE_top_inst/CORETSE_AHBilI/CORETSE_AHBiOooI/CORETSE_AHBl1Oo/CORETSE_AHBIOlo/CORETSE_AHBlOo1[5]:CLK
  To:                          CORETSE_AHB_0/CoreTSE_top_inst/CORETSE_AHBilI/CORETSE_AHBOlooI.CORETSE_AHBO0ooI/CORETSE_AHBO1li/CORETSE_AHBIIIi[12]:D
  Delay (ns):                  4.346                                                                           
  Slack (ns):                  -7.425                                                                          
  Arrival (ns):                19.878                                                                          
  Required (ns):               12.453                                                                          

Path 62
  From:                        CORETSE_AHB_0/CoreTSE_top_inst/CORETSE_AHBilI/CORETSE_AHBiOooI/CORETSE_AHBl1Oo/CORETSE_AHBIOlo/CORETSE_AHBlOo1[1]:CLK
  To:                          CORETSE_AHB_0/CoreTSE_top_inst/CORETSE_AHBilI/CORETSE_AHBOlooI.CORETSE_AHBO0ooI/CORETSE_AHBO1li/CORETSE_AHBIIIi[11]:D
  Delay (ns):                  4.361                                                                           
  Slack (ns):                  -7.424                                                                          
  Arrival (ns):                19.884                                                                          
  Required (ns):               12.460                                                                          

Path 63
  From:                        CORETSE_AHB_0/CoreTSE_top_inst/CORETSE_AHBilI/CORETSE_AHBiOooI/CORETSE_AHBl1Oo/CORETSE_AHBIOlo/CORETSE_AHBlOo1[5]:CLK
  To:                          CORETSE_AHB_0/CoreTSE_top_inst/CORETSE_AHBilI/CORETSE_AHBOlooI.CORETSE_AHBO0ooI/CORETSE_AHBO1li/CORETSE_AHBIIIi[11]:D
  Delay (ns):                  4.344                                                                           
  Slack (ns):                  -7.416                                                                          
  Arrival (ns):                19.876                                                                          
  Required (ns):               12.460                                                                          

Path 64
  From:                        CORETSE_AHB_0/CoreTSE_top_inst/CORETSE_AHBilI/CORETSE_AHBoOooI/CORETSE_AHBO1II/CORETSE_AHBllOI[11]:CLK
  To:                          CoreTSE_Webserver_MSS_0/MSS_ADLIB_INST/INST_MSS_075_IP:F_HM0_RDATA[11]
  Delay (ns):                  3.952                                                                           
  Slack (ns):                  -7.399                                                                          
  Arrival (ns):                19.519                                                                          
  Required (ns):               12.120                                                                          

Path 65
  From:                        CORETSE_AHB_0/CoreTSE_top_inst/CORETSE_AHBilI/CORETSE_AHBiOooI/CORETSE_AHBl1Oo/CORETSE_AHBIOlo/CORETSE_AHBlOo1[2]:CLK
  To:                          CORETSE_AHB_0/CoreTSE_top_inst/CORETSE_AHBilI/CORETSE_AHBOlooI.CORETSE_AHBO0ooI/CORETSE_AHBO1li/CORETSE_AHBIIIi[10]:D
  Delay (ns):                  4.327                                                                           
  Slack (ns):                  -7.399                                                                          
  Arrival (ns):                19.859                                                                          
  Required (ns):               12.460                                                                          

Path 66
  From:                        CORETSE_AHB_0/CoreTSE_top_inst/CORETSE_AHBilI/CORETSE_AHBoOooI/CORETSE_AHBO1II/CORETSE_AHBllOI[32]:CLK
  To:                          CoreTSE_Webserver_MSS_0/MSS_ADLIB_INST/INST_MSS_075_IP:F_HM0_RDATA[16]
  Delay (ns):                  3.865                                                                           
  Slack (ns):                  -7.396                                                                          
  Arrival (ns):                19.437                                                                          
  Required (ns):               12.041                                                                          

Path 67
  From:                        CORETSE_AHB_0/CoreTSE_top_inst/CORETSE_AHBilI/CORETSE_AHBiOooI/CORETSE_AHBl1Oo/CORETSE_AHBiOlo/CORETSE_AHBl1o_fast[0]:CLK
  To:                          CORETSE_AHB_0/CoreTSE_top_inst/CORETSE_AHBilI/CORETSE_AHBOlooI.CORETSE_AHBO0ooI/CORETSE_AHBO1li/CORETSE_AHBIIIi[10]:D
  Delay (ns):                  4.331                                                                           
  Slack (ns):                  -7.394                                                                          
  Arrival (ns):                19.854                                                                          
  Required (ns):               12.460                                                                          

Path 68
  From:                        CORETSE_AHB_0/CoreTSE_top_inst/CORETSE_AHBilI/CORETSE_AHBoOooI/CORETSE_AHBO1II/CORETSE_AHBllOI[15]:CLK
  To:                          CoreTSE_Webserver_MSS_0/MSS_ADLIB_INST/INST_MSS_075_IP:F_HM0_RDATA[15]
  Delay (ns):                  3.825                                                                           
  Slack (ns):                  -7.378                                                                          
  Arrival (ns):                19.388                                                                          
  Required (ns):               12.010                                                                          

Path 69
  From:                        CORETSE_AHB_0/CoreTSE_top_inst/CORETSE_AHBilI/CORETSE_AHBoOooI/CORETSE_AHBO1II/CORETSE_AHBIlOI:CLK
  To:                          CoreTSE_Webserver_MSS_0/MSS_ADLIB_INST/INST_MSS_075_IP:F_HM0_RDATA[30]
  Delay (ns):                  3.765                                                                           
  Slack (ns):                  -7.375                                                                          
  Arrival (ns):                19.329                                                                          
  Required (ns):               11.954                                                                          

Path 70
  From:                        CORETSE_AHB_0/CoreTSE_top_inst/CORETSE_AHBilI/CORETSE_AHBiOooI/CORETSE_AHBl1Oo/CORETSE_AHBiOlo/CORETSE_AHBl1o[3]:CLK
  To:                          CORETSE_AHB_0/CoreTSE_top_inst/CORETSE_AHBilI/CORETSE_AHBOlooI.CORETSE_AHBO0ooI/CORETSE_AHBO1li/CORETSE_AHBIIIi[12]:D
  Delay (ns):                  4.291                                                                           
  Slack (ns):                  -7.372                                                                          
  Arrival (ns):                19.825                                                                          
  Required (ns):               12.453                                                                          

Path 71
  From:                        CORETSE_AHB_0/CoreTSE_top_inst/CORETSE_AHBilI/CORETSE_AHBiOooI/CORETSE_AHBl1Oo/CORETSE_AHBiOlo/CORETSE_AHBl1o[3]:CLK
  To:                          CORETSE_AHB_0/CoreTSE_top_inst/CORETSE_AHBilI/CORETSE_AHBOlooI.CORETSE_AHBO0ooI/CORETSE_AHBO1li/CORETSE_AHBIIIi[11]:D
  Delay (ns):                  4.289                                                                           
  Slack (ns):                  -7.363                                                                          
  Arrival (ns):                19.823                                                                          
  Required (ns):               12.460                                                                          

Path 72
  From:                        CORETSE_AHB_0/CoreTSE_top_inst/CORETSE_AHBilI/CORETSE_AHBoOooI/CORETSE_AHBO1II/CORETSE_AHBllOI[8]:CLK
  To:                          CoreTSE_Webserver_MSS_0/MSS_ADLIB_INST/INST_MSS_075_IP:F_HM0_RDATA[8]
  Delay (ns):                  3.934                                                                           
  Slack (ns):                  -7.356                                                                          
  Arrival (ns):                19.492                                                                          
  Required (ns):               12.136                                                                          

Path 73
  From:                        CORETSE_AHB_0/CoreTSE_top_inst/CORETSE_AHBilI/CORETSE_AHBiOooI/CORETSE_AHBl1Oo/CORETSE_AHBiOlo/CORETSE_AHBl1o[6]:CLK
  To:                          CORETSE_AHB_0/CoreTSE_top_inst/CORETSE_AHBilI/CORETSE_AHBOlooI.CORETSE_AHBO0ooI/CORETSE_AHBO1li/CORETSE_AHBIIIi[12]:D
  Delay (ns):                  4.268                                                                           
  Slack (ns):                  -7.351                                                                          
  Arrival (ns):                19.804                                                                          
  Required (ns):               12.453                                                                          

Path 74
  From:                        CORETSE_AHB_0/CoreTSE_top_inst/CORETSE_AHBilI/CORETSE_AHBoOooI/CORETSE_AHBO1II/CORETSE_AHBllOI[25]:CLK
  To:                          CoreTSE_Webserver_MSS_0/MSS_ADLIB_INST/INST_MSS_075_IP:F_HM0_RDATA[25]
  Delay (ns):                  3.799                                                                           
  Slack (ns):                  -7.343                                                                          
  Arrival (ns):                19.335                                                                          
  Required (ns):               11.992                                                                          

Path 75
  From:                        CORETSE_AHB_0/CoreTSE_top_inst/CORETSE_AHBilI/CORETSE_AHBiOooI/CORETSE_AHBl1Oo/CORETSE_AHBiOlo/CORETSE_AHBl1o[6]:CLK
  To:                          CORETSE_AHB_0/CoreTSE_top_inst/CORETSE_AHBilI/CORETSE_AHBOlooI.CORETSE_AHBO0ooI/CORETSE_AHBO1li/CORETSE_AHBIIIi[11]:D
  Delay (ns):                  4.266                                                                           
  Slack (ns):                  -7.342                                                                          
  Arrival (ns):                19.802                                                                          
  Required (ns):               12.460                                                                          

Path 76
  From:                        CORETSE_AHB_0/CoreTSE_top_inst/CORETSE_AHBilI/CORETSE_AHBoOooI/CORETSE_AHBO1II/CORETSE_AHBllOI[22]:CLK
  To:                          CoreTSE_Webserver_MSS_0/MSS_ADLIB_INST/INST_MSS_075_IP:F_HM0_RDATA[22]
  Delay (ns):                  3.506                                                                           
  Slack (ns):                  -7.340                                                                          
  Arrival (ns):                19.070                                                                          
  Required (ns):               11.730                                                                          

Path 77
  From:                        CORETSE_AHB_0/CoreTSE_top_inst/CORETSE_AHBilI/CORETSE_AHBoOooI/CORETSE_AHBO1II/CORETSE_AHBllOI[17]:CLK
  To:                          CoreTSE_Webserver_MSS_0/MSS_ADLIB_INST/INST_MSS_075_IP:F_HM0_RDATA[17]
  Delay (ns):                  3.692                                                                           
  Slack (ns):                  -7.334                                                                          
  Arrival (ns):                19.239                                                                          
  Required (ns):               11.905                                                                          

Path 78
  From:                        CORETSE_AHB_0/CoreTSE_top_inst/CORETSE_AHBilI/CORETSE_AHBoOooI/CORETSE_AHBO1II/CORETSE_AHBllOI[30]:CLK
  To:                          CoreTSE_Webserver_MSS_0/MSS_ADLIB_INST/INST_MSS_075_IP:F_HM0_RDATA[30]
  Delay (ns):                  3.715                                                                           
  Slack (ns):                  -7.325                                                                          
  Arrival (ns):                19.279                                                                          
  Required (ns):               11.954                                                                          

Path 79
  From:                        CORETSE_AHB_0/CoreTSE_top_inst/CORETSE_AHBilI/CORETSE_AHBiOooI/CORETSE_AHBl1Oo/CORETSE_AHBiOlo/CORETSE_AHBl1o_fast[1]:CLK
  To:                          CORETSE_AHB_0/CoreTSE_top_inst/CORETSE_AHBilI/CORETSE_AHBOlooI.CORETSE_AHBO0ooI/CORETSE_AHBO1li/CORETSE_AHBIIIi[10]:D
  Delay (ns):                  4.233                                                                           
  Slack (ns):                  -7.316                                                                          
  Arrival (ns):                19.776                                                                          
  Required (ns):               12.460                                                                          

Path 80
  From:                        CORETSE_AHB_0/CoreTSE_top_inst/CORETSE_AHBilI/CORETSE_AHBiOooI/CORETSE_AHBl1Oo/CORETSE_AHBiOlo/CORETSE_AHBl1o[7]:CLK
  To:                          CORETSE_AHB_0/CoreTSE_top_inst/CORETSE_AHBilI/CORETSE_AHBOlooI.CORETSE_AHBO0ooI/CORETSE_AHBO1li/CORETSE_AHBIIIi[12]:D
  Delay (ns):                  4.251                                                                           
  Slack (ns):                  -7.315                                                                          
  Arrival (ns):                19.768                                                                          
  Required (ns):               12.453                                                                          

Path 81
  From:                        CORETSE_AHB_0/CoreTSE_top_inst/CORETSE_AHBilI/CORETSE_AHBiOooI/CORETSE_AHBl1Oo/CORETSE_AHBiOlo/CORETSE_AHBl1o_fast[0]:CLK
  To:                          CORETSE_AHB_0/CoreTSE_top_inst/CORETSE_AHBilI/CORETSE_AHBOlooI.CORETSE_AHBO0ooI/CORETSE_AHBO1li/CORETSE_AHBIIIi[12]:D
  Delay (ns):                  4.241                                                                           
  Slack (ns):                  -7.311                                                                          
  Arrival (ns):                19.764                                                                          
  Required (ns):               12.453                                                                          

Path 82
  From:                        CORETSE_AHB_0/CoreTSE_top_inst/CORETSE_AHBilI/CORETSE_AHBiOooI/CORETSE_AHBl1Oo/CORETSE_AHBIOlo/CORETSE_AHBlOo1[15]:CLK
  To:                          CORETSE_AHB_0/CoreTSE_top_inst/CORETSE_AHBilI/CORETSE_AHBOlooI.CORETSE_AHBO0ooI/CORETSE_AHBO1li/CORETSE_AHBIIIi[12]:D
  Delay (ns):                  4.225                                                                           
  Slack (ns):                  -7.311                                                                          
  Arrival (ns):                19.764                                                                          
  Required (ns):               12.453                                                                          

Path 83
  From:                        CORETSE_AHB_0/CoreTSE_top_inst/CORETSE_AHBilI/CORETSE_AHBoOooI/CORETSE_AHBO1II/CORETSE_AHBllOI[39]:CLK
  To:                          CoreTSE_Webserver_MSS_0/MSS_ADLIB_INST/INST_MSS_075_IP:F_HM0_RDATA[23]
  Delay (ns):                  3.715                                                                           
  Slack (ns):                  -7.310                                                                          
  Arrival (ns):                19.291                                                                          
  Required (ns):               11.981                                                                          

Path 84
  From:                        CORETSE_AHB_0/CoreTSE_top_inst/CORETSE_AHBilI/CORETSE_AHBiOooI/CORETSE_AHBl1Oo/CORETSE_AHBiOlo/CORETSE_AHBl1o[7]:CLK
  To:                          CORETSE_AHB_0/CoreTSE_top_inst/CORETSE_AHBilI/CORETSE_AHBOlooI.CORETSE_AHBO0ooI/CORETSE_AHBO1li/CORETSE_AHBIIIi[11]:D
  Delay (ns):                  4.249                                                                           
  Slack (ns):                  -7.306                                                                          
  Arrival (ns):                19.766                                                                          
  Required (ns):               12.460                                                                          

Path 85
  From:                        CORETSE_AHB_0/CoreTSE_top_inst/CORETSE_AHBilI/CORETSE_AHBiOooI/CORETSE_AHBl1Oo/CORETSE_AHBiOlo/CORETSE_AHBl1o[6]:CLK
  To:                          CORETSE_AHB_0/CoreTSE_top_inst/CORETSE_AHBilI/CORETSE_AHBOlooI.CORETSE_AHBO0ooI/CORETSE_AHBO1li/CORETSE_AHBIIIi[10]:D
  Delay (ns):                  4.230                                                                           
  Slack (ns):                  -7.306                                                                          
  Arrival (ns):                19.766                                                                          
  Required (ns):               12.460                                                                          

Path 86
  From:                        CORETSE_AHB_0/CoreTSE_top_inst/CORETSE_AHBilI/CORETSE_AHBiOooI/CORETSE_AHBl1Oo/CORETSE_AHBiOlo/CORETSE_AHBl1o_fast[0]:CLK
  To:                          CORETSE_AHB_0/CoreTSE_top_inst/CORETSE_AHBilI/CORETSE_AHBOlooI.CORETSE_AHBO0ooI/CORETSE_AHBO1li/CORETSE_AHBIIIi[11]:D
  Delay (ns):                  4.239                                                                           
  Slack (ns):                  -7.302                                                                          
  Arrival (ns):                19.762                                                                          
  Required (ns):               12.460                                                                          

Path 87
  From:                        CORETSE_AHB_0/CoreTSE_top_inst/CORETSE_AHBilI/CORETSE_AHBiOooI/CORETSE_AHBl1Oo/CORETSE_AHBIOlo/CORETSE_AHBlOo1[15]:CLK
  To:                          CORETSE_AHB_0/CoreTSE_top_inst/CORETSE_AHBilI/CORETSE_AHBOlooI.CORETSE_AHBO0ooI/CORETSE_AHBO1li/CORETSE_AHBIIIi[11]:D
  Delay (ns):                  4.223                                                                           
  Slack (ns):                  -7.302                                                                          
  Arrival (ns):                19.762                                                                          
  Required (ns):               12.460                                                                          

Path 88
  From:                        CORETSE_AHB_0/CoreTSE_top_inst/CORETSE_AHBilI/CORETSE_AHBiOooI/CORETSE_AHBl1Oo/CORETSE_AHBIOlo/CORETSE_AHBlOo1[6]:CLK
  To:                          CORETSE_AHB_0/CoreTSE_top_inst/CORETSE_AHBilI/CORETSE_AHBOlooI.CORETSE_AHBO0ooI/CORETSE_AHBO1li/CORETSE_AHBIIIi[10]:D
  Delay (ns):                  4.224                                                                           
  Slack (ns):                  -7.291                                                                          
  Arrival (ns):                19.751                                                                          
  Required (ns):               12.460                                                                          

Path 89
  From:                        CORETSE_AHB_0/CoreTSE_top_inst/CORETSE_AHBilI/CORETSE_AHBiOooI/CORETSE_AHBl1Oo/CORETSE_AHBIOlo/CORETSE_AHBlOo1[4]:CLK
  To:                          CORETSE_AHB_0/CoreTSE_top_inst/CORETSE_AHBilI/CORETSE_AHBOlooI.CORETSE_AHBO0ooI/CORETSE_AHBO1li/CORETSE_AHBIIIi[6]:D
  Delay (ns):                  4.185                                                                           
  Slack (ns):                  -7.286                                                                          
  Arrival (ns):                19.732                                                                          
  Required (ns):               12.446                                                                          

Path 90
  From:                        CORETSE_AHB_0/CoreTSE_top_inst/CORETSE_AHBilI/CORETSE_AHBiOooI/CORETSE_AHBl1Oo/CORETSE_AHBIOlo/CORETSE_AHBlOo1[0]:CLK
  To:                          CORETSE_AHB_0/CoreTSE_top_inst/CORETSE_AHBilI/CORETSE_AHBOlooI.CORETSE_AHBO0ooI/CORETSE_AHBO1li/CORETSE_AHBIIIi[12]:D
  Delay (ns):                  4.214                                                                           
  Slack (ns):                  -7.284                                                                          
  Arrival (ns):                19.737                                                                          
  Required (ns):               12.453                                                                          

Path 91
  From:                        CORETSE_AHB_0/CoreTSE_top_inst/CORETSE_AHBilI/CORETSE_AHBiOooI/CORETSE_AHBl1Oo/CORETSE_AHBIOlo/CORETSE_AHBlOo1[15]:CLK
  To:                          CORETSE_AHB_0/CoreTSE_top_inst/CORETSE_AHBilI/CORETSE_AHBOlooI.CORETSE_AHBO0ooI/CORETSE_AHBO1li/CORETSE_AHBIIIi[10]:D
  Delay (ns):                  4.201                                                                           
  Slack (ns):                  -7.280                                                                          
  Arrival (ns):                19.740                                                                          
  Required (ns):               12.460                                                                          

Path 92
  From:                        CORETSE_AHB_0/CoreTSE_top_inst/CORETSE_AHBilI/CORETSE_AHBiOooI/CORETSE_AHBl1Oo/CORETSE_AHBIOlo/CORETSE_AHBlOo1[0]:CLK
  To:                          CORETSE_AHB_0/CoreTSE_top_inst/CORETSE_AHBilI/CORETSE_AHBOlooI.CORETSE_AHBO0ooI/CORETSE_AHBO1li/CORETSE_AHBIIIi[11]:D
  Delay (ns):                  4.212                                                                           
  Slack (ns):                  -7.275                                                                          
  Arrival (ns):                19.735                                                                          
  Required (ns):               12.460                                                                          

Path 93
  From:                        CORETSE_AHB_0/CoreTSE_top_inst/CORETSE_AHBilI/CORETSE_AHBoOooI/CORETSE_AHBO1II/CORETSE_AHBllOI[24]:CLK
  To:                          CoreTSE_Webserver_MSS_0/MSS_ADLIB_INST/INST_MSS_075_IP:F_HM0_RDATA[24]
  Delay (ns):                  3.794                                                                           
  Slack (ns):                  -7.273                                                                          
  Arrival (ns):                19.318                                                                          
  Required (ns):               12.045                                                                          

Path 94
  From:                        CORETSE_AHB_0/CoreTSE_top_inst/CORETSE_AHBilI/CORETSE_AHBiOooI/CORETSE_AHBl1Oo/CORETSE_AHBIOlo/CORETSE_AHBlOo1[2]:CLK
  To:                          CORETSE_AHB_0/CoreTSE_top_inst/CORETSE_AHBilI/CORETSE_AHBOlooI.CORETSE_AHBO0ooI/CORETSE_AHBO1li/CORETSE_AHBIIIi[12]:D
  Delay (ns):                  4.191                                                                           
  Slack (ns):                  -7.270                                                                          
  Arrival (ns):                19.723                                                                          
  Required (ns):               12.453                                                                          

Path 95
  From:                        CORETSE_AHB_0/CoreTSE_top_inst/CORETSE_AHBilI/CORETSE_AHBoOooI/CORETSE_AHBO1II/CORETSE_AHBllOI[35]:CLK
  To:                          CoreTSE_Webserver_MSS_0/MSS_ADLIB_INST/INST_MSS_075_IP:F_HM0_RDATA[19]
  Delay (ns):                  3.697                                                                           
  Slack (ns):                  -7.267                                                                          
  Arrival (ns):                19.252                                                                          
  Required (ns):               11.985                                                                          

Path 96
  From:                        CORETSE_AHB_0/CoreTSE_top_inst/CORETSE_AHBio0.CORETSE_AHBOi0/CORETSE_AHBOoi0/CORETSE_AHBI0i0[6]:CLK
  To:                          SERDES_IF2_0/SERDESIF_INST/INST_SERDESIF_IP:EPCS_TXDATA[26]
  Delay (ns):                  5.407                                                                           
  Slack (ns):                  -7.261                                                                          
  Arrival (ns):                13.257                                                                          
  Required (ns):               5.996                                                                           

Path 97
  From:                        CORETSE_AHB_0/CoreTSE_top_inst/CORETSE_AHBilI/CORETSE_AHBiOooI/CORETSE_AHBl1Oo/CORETSE_AHBIOlo/CORETSE_AHBlOo1[2]:CLK
  To:                          CORETSE_AHB_0/CoreTSE_top_inst/CORETSE_AHBilI/CORETSE_AHBOlooI.CORETSE_AHBO0ooI/CORETSE_AHBO1li/CORETSE_AHBIIIi[11]:D
  Delay (ns):                  4.189                                                                           
  Slack (ns):                  -7.261                                                                          
  Arrival (ns):                19.721                                                                          
  Required (ns):               12.460                                                                          

Path 98
  From:                        CORETSE_AHB_0/CoreTSE_top_inst/CORETSE_AHBilI/CORETSE_AHBoOooI/CORETSE_AHBO1II/CORETSE_AHBllOI[36]:CLK
  To:                          CoreTSE_Webserver_MSS_0/MSS_ADLIB_INST/INST_MSS_075_IP:F_HM0_RDATA[20]
  Delay (ns):                  3.681                                                                           
  Slack (ns):                  -7.260                                                                          
  Arrival (ns):                19.254                                                                          
  Required (ns):               11.994                                                                          

Path 99
  From:                        CORETSE_AHB_0/CoreTSE_top_inst/CORETSE_AHBilI/CORETSE_AHBiOooI/CORETSE_AHBl1Oo/CORETSE_AHBIOlo/CORETSE_AHBlOo1[10]:CLK
  To:                          CORETSE_AHB_0/CoreTSE_top_inst/CORETSE_AHBilI/CORETSE_AHBOlooI.CORETSE_AHBO0ooI/CORETSE_AHBO1li/CORETSE_AHBIIIi[12]:D
  Delay (ns):                  4.183                                                                           
  Slack (ns):                  -7.260                                                                          
  Arrival (ns):                19.713                                                                          
  Required (ns):               12.453                                                                          

Path 100
  From:                        CORETSE_AHB_0/CoreTSE_top_inst/CORETSE_AHBilI/CORETSE_AHBoOooI/CORETSE_AHBl1II/CORETSE_AHBOI1I[5]:CLK
  To:                          CoreTSE_Webserver_MSS_0/MSS_ADLIB_INST/INST_MSS_075_IP:F_HM0_RDATA[3]
  Delay (ns):                  3.846                                                                           
  Slack (ns):                  -7.251                                                                          
  Arrival (ns):                19.381                                                                          
  Required (ns):               12.130                                                                          

