Timing Violation Report Min Delay Analysis

SmartTime Version v11.7
Microsemi Corporation - Microsemi Libero Software Release v11.7 (Version 11.7.0.119)
Date: Wed Feb 17 17:40:30 2016


Design: CoreTSE_Webserver
Family: SmartFusion2
Die: M2S090TS
Package: 484 FBGA
Temperature Range: 0 - 85 C
Voltage Range: 1.14 - 1.26 V
Speed Grade: -1
Design State: Post-Layout
Data source: Production
Min Operating Conditions: BEST - 1.26 V - 0 C
Max Operating Conditions: WORST - 1.14 V - 85 C
Scenario for Timing Analysis: timing_analysis


Path 1
  From:                        CoreTSE_Webserver_MSS_0/MSS_ADLIB_INST/INST_MSS_075_IP:CLK_CONFIG_APB
  To:                          CoreConfigP_0/state[0]:D
  Delay (ns):                  1.641                                                                           
  Slack (ns):                  -1.599                                                                          
  Arrival (ns):                1.641                                                                           
  Required (ns):               3.240                                                                           

Path 2
  From:                        CoreTSE_Webserver_MSS_0/MSS_ADLIB_INST/INST_MSS_075_IP:CLK_CONFIG_APB
  To:                          CoreConfigP_0/FIC_2_APB_M_PREADY:EN
  Delay (ns):                  2.468                                                                           
  Slack (ns):                  -0.779                                                                          
  Arrival (ns):                2.468                                                                           
  Required (ns):               3.247                                                                           

Path 3
  From:                        CoreTSE_Webserver_MSS_0/MSS_ADLIB_INST/INST_MSS_075_IP:CLK_CONFIG_APB
  To:                          CoreConfigP_0/control_reg_1[0]:EN
  Delay (ns):                  2.580                                                                           
  Slack (ns):                  -0.655                                                                          
  Arrival (ns):                2.580                                                                           
  Required (ns):               3.235                                                                           

Path 4
  From:                        CoreTSE_Webserver_MSS_0/MSS_ADLIB_INST/INST_MSS_075_IP:CLK_CONFIG_APB
  To:                          CoreConfigP_0/control_reg_1[1]:EN
  Delay (ns):                  2.580                                                                           
  Slack (ns):                  -0.646                                                                          
  Arrival (ns):                2.580                                                                           
  Required (ns):               3.226                                                                           

Path 5
  From:                        CORETSE_AHB_0/CoreTSE_top_inst/CORETSE_AHBio0.CORETSE_AHBOi0/CORETSE_AHBOoi0/CORETSE_AHBo110:CLK
  To:                          CORETSE_AHB_0/CoreTSE_top_inst/CORETSE_AHBilI/CORETSE_AHBiOooI/CORETSE_AHBl1Oo/CORETSE_AHBIOlo/CORETSE_AHBoi1II:D
  Delay (ns):                  4.686                                                                           
  Slack (ns):                  0.010                                                                           
  Arrival (ns):                7.257                                                                           
  Required (ns):               7.247                                                                           

Path 6
  From:                        CoreTSE_Webserver_MSS_0/MSS_ADLIB_INST/INST_MSS_075_IP:CLK_CONFIG_APB
  To:                          CoreConfigP_0/pwdata[4]:D
  Delay (ns):                  3.234                                                                           
  Slack (ns):                  0.018                                                                           
  Arrival (ns):                3.234                                                                           
  Required (ns):               3.216                                                                           

Path 7
  From:                        CoreTSE_Webserver_MSS_0/MSS_ADLIB_INST/INST_MSS_075_IP:CLK_CONFIG_APB
  To:                          CoreConfigP_0/pwdata[26]:D
  Delay (ns):                  3.270                                                                           
  Slack (ns):                  0.027                                                                           
  Arrival (ns):                3.270                                                                           
  Required (ns):               3.243                                                                           

Path 8
  From:                        CoreTSE_Webserver_MSS_0/MSS_ADLIB_INST/INST_MSS_075_IP:CLK_CONFIG_APB
  To:                          CoreConfigP_0/FIC_2_APB_M_PRDATA[17]:D
  Delay (ns):                  3.280                                                                           
  Slack (ns):                  0.031                                                                           
  Arrival (ns):                3.280                                                                           
  Required (ns):               3.249                                                                           

Path 9
  From:                        CoreTSE_Webserver_MSS_0/MSS_ADLIB_INST/INST_MSS_075_IP:CLK_CONFIG_APB
  To:                          CoreConfigP_0/FIC_2_APB_M_PRDATA[16]:D
  Delay (ns):                  3.279                                                                           
  Slack (ns):                  0.037                                                                           
  Arrival (ns):                3.279                                                                           
  Required (ns):               3.242                                                                           

Path 10
  From:                        CoreTSE_Webserver_MSS_0/MSS_ADLIB_INST/INST_MSS_075_IP:CLK_CONFIG_APB
  To:                          CoreConfigP_0/FIC_2_APB_M_PRDATA[18]:D
  Delay (ns):                  3.279                                                                           
  Slack (ns):                  0.037                                                                           
  Arrival (ns):                3.279                                                                           
  Required (ns):               3.242                                                                           

Path 11
  From:                        CoreTSE_Webserver_MSS_0/MSS_ADLIB_INST/INST_MSS_075_IP:CLK_CONFIG_APB
  To:                          CoreConfigP_0/paddr[13]:D
  Delay (ns):                  3.285                                                                           
  Slack (ns):                  0.038                                                                           
  Arrival (ns):                3.285                                                                           
  Required (ns):               3.247                                                                           

Path 12
  From:                        CoreTSE_Webserver_MSS_0/MSS_ADLIB_INST/INST_MSS_075_IP:CLK_CONFIG_APB
  To:                          CoreConfigP_0/pwdata[16]:D
  Delay (ns):                  3.293                                                                           
  Slack (ns):                  0.043                                                                           
  Arrival (ns):                3.293                                                                           
  Required (ns):               3.250                                                                           

Path 13
  From:                        CoreTSE_Webserver_MSS_0/MSS_ADLIB_INST/INST_MSS_075_IP:CLK_CONFIG_APB
  To:                          CoreConfigP_0/paddr[2]:D
  Delay (ns):                  3.283                                                                           
  Slack (ns):                  0.045                                                                           
  Arrival (ns):                3.283                                                                           
  Required (ns):               3.238                                                                           

Path 14
  From:                        CoreTSE_Webserver_MSS_0/MSS_ADLIB_INST/INST_MSS_075_IP:CLK_CONFIG_APB
  To:                          CoreConfigP_0/pwdata[13]:D
  Delay (ns):                  3.277                                                                           
  Slack (ns):                  0.057                                                                           
  Arrival (ns):                3.277                                                                           
  Required (ns):               3.220                                                                           

Path 15
  From:                        SERDES_IF2_0/SERDESIF_INST/INST_SERDESIF_IP:EPCS_RXCLK[1]
  To:                          CORETSE_AHB_0/CoreTSE_top_inst/CORETSE_AHBio0.CORETSE_AHBOi0/CORETSE_AHBIoi0/CORETSE_AHBol11/CORETSE_AHBooIOI[4]:D
  Delay (ns):                  2.648                                                                           
  Slack (ns):                  0.061                                                                           
  Arrival (ns):                2.648                                                                           
  Required (ns):               2.587                                                                           

Path 16
  From:                        CoreTSE_Webserver_MSS_0/MSS_ADLIB_INST/INST_MSS_075_IP:CLK_CONFIG_APB
  To:                          CoreConfigP_0/control_reg_1[1]:D
  Delay (ns):                  3.287                                                                           
  Slack (ns):                  0.061                                                                           
  Arrival (ns):                3.287                                                                           
  Required (ns):               3.226                                                                           

Path 17
  From:                        CoreTSE_Webserver_MSS_0/MSS_ADLIB_INST/INST_MSS_075_IP:CLK_CONFIG_APB
  To:                          CoreConfigP_0/paddr[8]:D
  Delay (ns):                  3.325                                                                           
  Slack (ns):                  0.067                                                                           
  Arrival (ns):                3.325                                                                           
  Required (ns):               3.258                                                                           

Path 18
  From:                        CoreTSE_Webserver_MSS_0/MSS_ADLIB_INST/INST_MSS_075_IP:CLK_CONFIG_APB
  To:                          CoreConfigP_0/pwdata[12]:D
  Delay (ns):                  3.323                                                                           
  Slack (ns):                  0.077                                                                           
  Arrival (ns):                3.323                                                                           
  Required (ns):               3.246                                                                           

Path 19
  From:                        CoreTSE_Webserver_MSS_0/MSS_ADLIB_INST/INST_MSS_075_IP:CLK_CONFIG_APB
  To:                          CoreConfigP_0/pwrite:D
  Delay (ns):                  3.309                                                                           
  Slack (ns):                  0.078                                                                           
  Arrival (ns):                3.309                                                                           
  Required (ns):               3.231                                                                           

Path 20
  From:                        CoreTSE_Webserver_MSS_0/MSS_ADLIB_INST/INST_MSS_075_IP:CLK_CONFIG_APB
  To:                          CoreConfigP_0/pwdata[18]:D
  Delay (ns):                  3.305                                                                           
  Slack (ns):                  0.080                                                                           
  Arrival (ns):                3.305                                                                           
  Required (ns):               3.225                                                                           

Path 21
  From:                        CoreTSE_Webserver_MSS_0/MSS_ADLIB_INST/INST_MSS_075_IP:CLK_CONFIG_APB
  To:                          CoreConfigP_0/pwdata[23]:D
  Delay (ns):                  3.306                                                                           
  Slack (ns):                  0.086                                                                           
  Arrival (ns):                3.306                                                                           
  Required (ns):               3.220                                                                           

Path 22
  From:                        CoreTSE_Webserver_MSS_0/MSS_ADLIB_INST/INST_MSS_075_IP:CLK_CONFIG_APB
  To:                          CoreConfigP_0/paddr[14]:D
  Delay (ns):                  3.337                                                                           
  Slack (ns):                  0.087                                                                           
  Arrival (ns):                3.337                                                                           
  Required (ns):               3.250                                                                           

Path 23
  From:                        CoreTSE_Webserver_MSS_0/MSS_ADLIB_INST/INST_MSS_075_IP:CLK_CONFIG_APB
  To:                          CoreConfigP_0/pwdata[21]:D
  Delay (ns):                  3.350                                                                           
  Slack (ns):                  0.100                                                                           
  Arrival (ns):                3.350                                                                           
  Required (ns):               3.250                                                                           

Path 24
  From:                        CoreTSE_Webserver_MSS_0/MSS_ADLIB_INST/INST_MSS_075_IP:CLK_CONFIG_APB
  To:                          CoreConfigP_0/pwdata[0]:D
  Delay (ns):                  3.364                                                                           
  Slack (ns):                  0.106                                                                           
  Arrival (ns):                3.364                                                                           
  Required (ns):               3.258                                                                           

Path 25
  From:                        CoreTSE_Webserver_MSS_0/MSS_ADLIB_INST/INST_MSS_075_IP:CLK_CONFIG_APB
  To:                          CoreConfigP_0/pwdata[30]:D
  Delay (ns):                  3.351                                                                           
  Slack (ns):                  0.111                                                                           
  Arrival (ns):                3.351                                                                           
  Required (ns):               3.240                                                                           

Path 26
  From:                        CoreTSE_Webserver_MSS_0/MSS_ADLIB_INST/INST_MSS_075_IP:CLK_CONFIG_APB
  To:                          CoreConfigP_0/pwdata[20]:D
  Delay (ns):                  3.319                                                                           
  Slack (ns):                  0.111                                                                           
  Arrival (ns):                3.319                                                                           
  Required (ns):               3.208                                                                           

Path 27
  From:                        CoreTSE_Webserver_MSS_0/MSS_ADLIB_INST/INST_MSS_075_IP:CLK_CONFIG_APB
  To:                          CoreConfigP_0/pwdata[29]:D
  Delay (ns):                  3.379                                                                           
  Slack (ns):                  0.121                                                                           
  Arrival (ns):                3.379                                                                           
  Required (ns):               3.258                                                                           

Path 28
  From:                        CoreTSE_Webserver_MSS_0/MSS_ADLIB_INST/INST_MSS_075_IP:CLK_CONFIG_APB
  To:                          CoreConfigP_0/FIC_2_APB_M_PRDATA[1]:D
  Delay (ns):                  3.363                                                                           
  Slack (ns):                  0.123                                                                           
  Arrival (ns):                3.363                                                                           
  Required (ns):               3.240                                                                           

Path 29
  From:                        CoreTSE_Webserver_MSS_0/MSS_ADLIB_INST/INST_MSS_075_IP:CLK_CONFIG_APB
  To:                          CoreConfigP_0/pwdata[3]:D
  Delay (ns):                  3.344                                                                           
  Slack (ns):                  0.124                                                                           
  Arrival (ns):                3.344                                                                           
  Required (ns):               3.220                                                                           

Path 30
  From:                        CoreTSE_Webserver_MSS_0/MSS_ADLIB_INST/INST_MSS_075_IP:CLK_CONFIG_APB
  To:                          CoreConfigP_0/paddr[10]:D
  Delay (ns):                  3.391                                                                           
  Slack (ns):                  0.148                                                                           
  Arrival (ns):                3.391                                                                           
  Required (ns):               3.243                                                                           

Path 31
  From:                        SERDES_IF2_0/SERDESIF_INST/INST_SERDESIF_IP:EPCS_RXCLK[1]
  To:                          CORETSE_AHB_0/CoreTSE_top_inst/CORETSE_AHBio0.CORETSE_AHBOi0/CORETSE_AHBIoi0/CORETSE_AHBol11/CORETSE_AHBioIOI[10]:D
  Delay (ns):                  2.752                                                                           
  Slack (ns):                  0.156                                                                           
  Arrival (ns):                2.752                                                                           
  Required (ns):               2.596                                                                           

Path 32
  From:                        CoreTSE_Webserver_MSS_0/MSS_ADLIB_INST/INST_MSS_075_IP:CLK_CONFIG_APB
  To:                          CoreConfigP_0/pwdata[5]:D
  Delay (ns):                  3.402                                                                           
  Slack (ns):                  0.159                                                                           
  Arrival (ns):                3.402                                                                           
  Required (ns):               3.243                                                                           

Path 33
  From:                        CoreTSE_Webserver_MSS_0/MSS_ADLIB_INST/INST_MSS_075_IP:CLK_CONFIG_APB
  To:                          CoreConfigP_0/paddr[6]:D
  Delay (ns):                  3.419                                                                           
  Slack (ns):                  0.161                                                                           
  Arrival (ns):                3.419                                                                           
  Required (ns):               3.258                                                                           

Path 34
  From:                        CoreTSE_Webserver_MSS_0/MSS_ADLIB_INST/INST_MSS_075_IP:CLK_CONFIG_APB
  To:                          CoreConfigP_0/pwdata[19]:D
  Delay (ns):                  3.414                                                                           
  Slack (ns):                  0.162                                                                           
  Arrival (ns):                3.414                                                                           
  Required (ns):               3.252                                                                           

Path 35
  From:                        CoreTSE_Webserver_MSS_0/MSS_ADLIB_INST/INST_MSS_075_IP:CLK_CONFIG_APB
  To:                          CoreConfigP_0/pwdata[25]:D
  Delay (ns):                  3.385                                                                           
  Slack (ns):                  0.165                                                                           
  Arrival (ns):                3.385                                                                           
  Required (ns):               3.220                                                                           

Path 36
  From:                        SERDES_IF2_0/SERDESIF_INST/INST_SERDESIF_IP:EPCS_RXCLK[1]
  To:                          CORETSE_AHB_0/CoreTSE_top_inst/CORETSE_AHBio0.CORETSE_AHBOi0/CORETSE_AHBIoi0/CORETSE_AHBol11/CORETSE_AHBioIOI[17]:D
  Delay (ns):                  2.773                                                                           
  Slack (ns):                  0.175                                                                           
  Arrival (ns):                2.773                                                                           
  Required (ns):               2.598                                                                           

Path 37
  From:                        CoreTSE_Webserver_MSS_0/MSS_ADLIB_INST/INST_MSS_075_IP:CLK_CONFIG_APB
  To:                          CoreConfigP_0/pwdata[17]:D
  Delay (ns):                  3.446                                                                           
  Slack (ns):                  0.188                                                                           
  Arrival (ns):                3.446                                                                           
  Required (ns):               3.258                                                                           

Path 38
  From:                        SERDES_IF2_0/SERDESIF_INST/INST_SERDESIF_IP:EPCS_RXCLK[1]
  To:                          CORETSE_AHB_0/CoreTSE_top_inst/CORETSE_AHBio0.CORETSE_AHBOi0/CORETSE_AHBIoi0/CORETSE_AHBol11/CORETSE_AHBioIOI[14]:D
  Delay (ns):                  2.779                                                                           
  Slack (ns):                  0.189                                                                           
  Arrival (ns):                2.779                                                                           
  Required (ns):               2.590                                                                           

Path 39
  From:                        CoreTSE_Webserver_MSS_0/MSS_ADLIB_INST/INST_MSS_075_IP:CLK_CONFIG_APB
  To:                          CoreConfigP_0/pwdata[6]:D
  Delay (ns):                  3.438                                                                           
  Slack (ns):                  0.200                                                                           
  Arrival (ns):                3.438                                                                           
  Required (ns):               3.238                                                                           

Path 40
  From:                        CoreTSE_Webserver_MSS_0/MSS_ADLIB_INST/INST_MSS_075_IP:CLK_CONFIG_APB
  To:                          CoreConfigP_0/FIC_2_APB_M_PRDATA[0]:D
  Delay (ns):                  3.447                                                                           
  Slack (ns):                  0.200                                                                           
  Arrival (ns):                3.447                                                                           
  Required (ns):               3.247                                                                           

Path 41
  From:                        CoreTSE_Webserver_MSS_0/MSS_ADLIB_INST/INST_MSS_075_IP:CLK_CONFIG_APB
  To:                          CoreConfigP_0/pwdata[1]:D
  Delay (ns):                  3.430                                                                           
  Slack (ns):                  0.204                                                                           
  Arrival (ns):                3.430                                                                           
  Required (ns):               3.226                                                                           

Path 42
  From:                        CoreTSE_Webserver_MSS_0/MSS_ADLIB_INST/INST_MSS_075_IP:CLK_CONFIG_APB
  To:                          CoreConfigP_0/paddr[12]:D
  Delay (ns):                  3.464                                                                           
  Slack (ns):                  0.212                                                                           
  Arrival (ns):                3.464                                                                           
  Required (ns):               3.252                                                                           

Path 43
  From:                        CORETSE_AHB_0/CoreTSE_top_inst/CORETSE_AHBilI/CORETSE_AHBiOooI/CORETSE_AHBooOo/CORETSE_AHBoioo:CLK
  To:                          CORETSE_AHB_0/CoreTSE_top_inst/CORETSE_AHBilI/CORETSE_AHBiOooI/CORETSE_AHBooOo/CORETSE_AHBiioo:D
  Delay (ns):                  0.271                                                                           
  Slack (ns):                  0.222                                                                           
  Arrival (ns):                3.433                                                                           
  Required (ns):               3.211                                                                           

Path 44
  From:                        CORETSE_AHB_0/CoreTSE_top_inst/CORETSE_AHBilI/CORETSE_AHBiOooI/CORETSE_AHBliOo/CORETSE_AHBl0oo:CLK
  To:                          CORETSE_AHB_0/CoreTSE_top_inst/CORETSE_AHBilI/CORETSE_AHBiOooI/CORETSE_AHBliOo/CORETSE_AHBo0oo:D
  Delay (ns):                  0.280                                                                           
  Slack (ns):                  0.226                                                                           
  Arrival (ns):                3.416                                                                           
  Required (ns):               3.190                                                                           

Path 45
  From:                        CORETSE_AHB_0/CoreTSE_top_inst/CORETSE_AHBilI/CORETSE_AHBiOooI/CORETSE_AHBooOo/CORETSE_AHBIlio:CLK
  To:                          CORETSE_AHB_0/CoreTSE_top_inst/CORETSE_AHBilI/CORETSE_AHBiOooI/CORETSE_AHBooOo/CORETSE_AHBllio:D
  Delay (ns):                  0.283                                                                           
  Slack (ns):                  0.226                                                                           
  Arrival (ns):                3.438                                                                           
  Required (ns):               3.212                                                                           

Path 46
  From:                        CoreResetP_0/sdif0_spll_lock_q1:CLK
  To:                          CoreResetP_0/sdif0_spll_lock_q2:D
  Delay (ns):                  0.283                                                                           
  Slack (ns):                  0.227                                                                           
  Arrival (ns):                3.435                                                                           
  Required (ns):               3.208                                                                           

Path 47
  From:                        CORETSE_AHB_0/CoreTSE_top_inst/CORETSE_AHBio0.CORETSE_AHBOi0/CORETSE_AHBIoi0/CORETSE_AHBO011/CORETSE_AHBi101/CORETSE_AHBl0lo:CLK
  To:                          CORETSE_AHB_0/CoreTSE_top_inst/CORETSE_AHBio0.CORETSE_AHBOi0/CORETSE_AHBIoi0/CORETSE_AHBO011/CORETSE_AHBi101/CORETSE_AHBloI1:D
  Delay (ns):                  0.275                                                                           
  Slack (ns):                  0.228                                                                           
  Arrival (ns):                2.852                                                                           
  Required (ns):               2.624                                                                           

Path 48
  From:                        CORETSE_AHB_0/CoreTSE_top_inst/CORETSE_AHBio0.CORETSE_AHBOi0/CORETSE_AHBIoi0/CORETSE_AHBO011/CORETSE_AHBi101/CORETSE_AHBOllo:CLK
  To:                          CORETSE_AHB_0/CoreTSE_top_inst/CORETSE_AHBio0.CORETSE_AHBOi0/CORETSE_AHBIoi0/CORETSE_AHBO011/CORETSE_AHBi101/CORETSE_AHBO1I1:D
  Delay (ns):                  0.278                                                                           
  Slack (ns):                  0.228                                                                           
  Arrival (ns):                2.856                                                                           
  Required (ns):               2.628                                                                           

Path 49
  From:                        CORETSE_AHB_0/CoreTSE_top_inst/CORETSE_AHBio0.CORETSE_AHBOi0/CORETSE_AHBIoi0/CORETSE_AHBil11/CORETSE_AHBiOoi:CLK
  To:                          CORETSE_AHB_0/CoreTSE_top_inst/CORETSE_AHBio0.CORETSE_AHBOi0/CORETSE_AHBIoi0/CORETSE_AHBil11/CORETSE_AHBOIoi:D
  Delay (ns):                  0.271                                                                           
  Slack (ns):                  0.229                                                                           
  Arrival (ns):                2.825                                                                           
  Required (ns):               2.596                                                                           

Path 50
  From:                        CoreResetP_0/RESET_N_M2F_q1:CLK
  To:                          CoreResetP_0/RESET_N_M2F_clk_base:D
  Delay (ns):                  0.279                                                                           
  Slack (ns):                  0.229                                                                           
  Arrival (ns):                3.409                                                                           
  Required (ns):               3.180                                                                           

Path 51
  From:                        CORETSE_AHB_0/CoreTSE_top_inst/CORETSE_AHBio0.CORETSE_AHBOi0/CORETSE_AHBIoi0/CORETSE_AHBO011/CORETSE_AHBi101/CORETSE_AHBlllo:CLK
  To:                          CORETSE_AHB_0/CoreTSE_top_inst/CORETSE_AHBio0.CORETSE_AHBOi0/CORETSE_AHBIoi0/CORETSE_AHBO011/CORETSE_AHBi101/CORETSE_AHBl1I1:D
  Delay (ns):                  0.278                                                                           
  Slack (ns):                  0.229                                                                           
  Arrival (ns):                2.858                                                                           
  Required (ns):               2.629                                                                           

Path 52
  From:                        CORETSE_AHB_0/CoreTSE_top_inst/CORETSE_AHBilI/CORETSE_AHBoOooI/CORETSE_AHBi0II/CORETSE_AHBo1oI:CLK
  To:                          CORETSE_AHB_0/CoreTSE_top_inst/CORETSE_AHBilI/CORETSE_AHBoOooI/CORETSE_AHBi0II/CORETSE_AHBi1oI:D
  Delay (ns):                  0.278                                                                           
  Slack (ns):                  0.230                                                                           
  Arrival (ns):                3.430                                                                           
  Required (ns):               3.200                                                                           

Path 53
  From:                        CORETSE_AHB_0/CoreTSE_top_inst/CORETSE_AHBio0.CORETSE_AHBOi0/CORETSE_AHBIoi0/CORETSE_AHBol11/CORETSE_AHBioIOI[9]:CLK
  To:                          CORETSE_AHB_0/CoreTSE_top_inst/CORETSE_AHBio0.CORETSE_AHBOi0/CORETSE_AHBIoi0/CORETSE_AHBol11/CORETSE_AHBoOlOI[9]:D
  Delay (ns):                  0.278                                                                           
  Slack (ns):                  0.230                                                                           
  Arrival (ns):                2.828                                                                           
  Required (ns):               2.598                                                                           

Path 54
  From:                        CORETSE_AHB_0/CoreTSE_top_inst/CORETSE_AHBio0.CORETSE_AHBOi0/CORETSE_AHBIoi0/CORETSE_AHBO011/CORETSE_AHBi101/CORETSE_AHBlIlo:CLK
  To:                          CORETSE_AHB_0/CoreTSE_top_inst/CORETSE_AHBio0.CORETSE_AHBOi0/CORETSE_AHBIoi0/CORETSE_AHBO011/CORETSE_AHBi101/CORETSE_AHBo0I1:D
  Delay (ns):                  0.279                                                                           
  Slack (ns):                  0.230                                                                           
  Arrival (ns):                2.869                                                                           
  Required (ns):               2.639                                                                           

Path 55
  From:                        CORETSE_AHB_0/CoreTSE_top_inst/CORETSE_AHBilI/CORETSE_AHBiOooI/CORETSE_AHBlOIo/CORETSE_AHBl00o:CLK
  To:                          CORETSE_AHB_0/CoreTSE_top_inst/CORETSE_AHBilI/CORETSE_AHBiOooI/CORETSE_AHBlOIo/CORETSE_AHBo00o:D
  Delay (ns):                  0.278                                                                           
  Slack (ns):                  0.231                                                                           
  Arrival (ns):                3.425                                                                           
  Required (ns):               3.194                                                                           

Path 56
  From:                        CoreResetP_0/sm0_areset_n_rcosc_q1:CLK
  To:                          CoreResetP_0/sm0_areset_n_rcosc:D
  Delay (ns):                  0.278                                                                           
  Slack (ns):                  0.231                                                                           
  Arrival (ns):                5.200                                                                           
  Required (ns):               4.969                                                                           

Path 57
  From:                        CORETSE_AHB_0/CoreTSE_top_inst/CORETSE_AHBilI/CORETSE_AHBIOooI/CORETSE_AHBOil0/CORETSE_AHBOl0oI[0]:CLK
  To:                          CORETSE_AHB_0/CoreTSE_top_inst/CORETSE_AHBilI/CORETSE_AHBIOooI/CORETSE_AHBOil0/CORETSE_AHBOl0oI[1]:D
  Delay (ns):                  0.286                                                                           
  Slack (ns):                  0.231                                                                           
  Arrival (ns):                3.430                                                                           
  Required (ns):               3.199                                                                           

Path 58
  From:                        CORETSE_AHB_0/CoreTSE_top_inst/CORETSE_AHBio0.CORETSE_AHBOi0/CORETSE_AHBIoi0/CORETSE_AHBiI11/CORETSE_AHBollII[0]:CLK
  To:                          CORETSE_AHB_0/CoreTSE_top_inst/CORETSE_AHBio0.CORETSE_AHBOi0/CORETSE_AHBIoi0/CORETSE_AHBiI11/CORETSE_AHBOI1II[0]:D
  Delay (ns):                  0.287                                                                           
  Slack (ns):                  0.231                                                                           
  Arrival (ns):                2.872                                                                           
  Required (ns):               2.641                                                                           

Path 59
  From:                        CORETSE_AHB_0/CoreTSE_top_inst/CORETSE_AHBio0.CORETSE_AHBOi0/CORETSE_AHBIoi0/CORETSE_AHBol11/CORETSE_AHBioIOI[10]:CLK
  To:                          CORETSE_AHB_0/CoreTSE_top_inst/CORETSE_AHBio0.CORETSE_AHBOi0/CORETSE_AHBIoi0/CORETSE_AHBol11/CORETSE_AHBoOlOI[10]:D
  Delay (ns):                  0.280                                                                           
  Slack (ns):                  0.232                                                                           
  Arrival (ns):                2.828                                                                           
  Required (ns):               2.596                                                                           

Path 60
  From:                        CORETSE_AHB_0/CoreTSE_top_inst/CORETSE_AHBio0.CORETSE_AHBOi0/CORETSE_AHBIoi0/CORETSE_AHBO011/CORETSE_AHBi101/CORETSE_AHBI0lo:CLK
  To:                          CORETSE_AHB_0/CoreTSE_top_inst/CORETSE_AHBio0.CORETSE_AHBOi0/CORETSE_AHBIoi0/CORETSE_AHBO011/CORETSE_AHBi101/CORETSE_AHBIoI1:D
  Delay (ns):                  0.274                                                                           
  Slack (ns):                  0.232                                                                           
  Arrival (ns):                2.858                                                                           
  Required (ns):               2.626                                                                           

Path 61
  From:                        CORETSE_AHB_0/CoreTSE_top_inst/CORETSE_AHBIOI[1]:CLK
  To:                          CORETSE_AHB_0/CoreTSE_top_inst/CORETSE_AHBIOI[2]:D
  Delay (ns):                  0.286                                                                           
  Slack (ns):                  0.232                                                                           
  Arrival (ns):                2.858                                                                           
  Required (ns):               2.626                                                                           

Path 62
  From:                        CORETSE_AHB_0/CoreTSE_top_inst/CORETSE_AHBio0.CORETSE_AHBOi0/CORETSE_AHBIoi0/CORETSE_AHBil11/CORETSE_AHBl1IOI:CLK
  To:                          CORETSE_AHB_0/CoreTSE_top_inst/CORETSE_AHBio0.CORETSE_AHBOi0/CORETSE_AHBIoi0/CORETSE_AHBil11/CORETSE_AHBo1IOI:D
  Delay (ns):                  0.281                                                                           
  Slack (ns):                  0.232                                                                           
  Arrival (ns):                2.838                                                                           
  Required (ns):               2.606                                                                           

Path 63
  From:                        CORETSE_AHB_0/CoreTSE_top_inst/CORETSE_AHBio0.CORETSE_AHBOi0/CORETSE_AHBIoi0/CORETSE_AHBol11/CORETSE_AHBioIOI[14]:CLK
  To:                          CORETSE_AHB_0/CoreTSE_top_inst/CORETSE_AHBio0.CORETSE_AHBOi0/CORETSE_AHBIoi0/CORETSE_AHBol11/CORETSE_AHBoOlOI[14]:D
  Delay (ns):                  0.286                                                                           
  Slack (ns):                  0.233                                                                           
  Arrival (ns):                2.829                                                                           
  Required (ns):               2.596                                                                           

Path 64
  From:                        CORETSE_AHB_0/CoreTSE_top_inst/CORETSE_AHBio0.CORETSE_AHBOi0/CORETSE_AHBIoi0/CORETSE_AHBi011/CORETSE_AHBIO0o:CLK
  To:                          CORETSE_AHB_0/CoreTSE_top_inst/CORETSE_AHBio0.CORETSE_AHBOi0/CORETSE_AHBIoi0/CORETSE_AHBi011/CORETSE_AHBlO0o:D
  Delay (ns):                  0.284                                                                           
  Slack (ns):                  0.233                                                                           
  Arrival (ns):                2.842                                                                           
  Required (ns):               2.609                                                                           

Path 65
  From:                        CoreResetP_0/sdif0_areset_n_q1:CLK
  To:                          CoreResetP_0/sm0_areset_n_clk_base:D
  Delay (ns):                  0.290                                                                           
  Slack (ns):                  0.234                                                                           
  Arrival (ns):                3.442                                                                           
  Required (ns):               3.208                                                                           

Path 66
  From:                        CORETSE_AHB_0/CoreTSE_top_inst/CORETSE_AHBilI/CORETSE_AHBoOooI/CORETSE_AHBI1II/CORETSE_AHBl10I:CLK
  To:                          CORETSE_AHB_0/CoreTSE_top_inst/CORETSE_AHBilI/CORETSE_AHBoOooI/CORETSE_AHBI1II/CORETSE_AHBI10I:D
  Delay (ns):                  0.287                                                                           
  Slack (ns):                  0.235                                                                           
  Arrival (ns):                3.419                                                                           
  Required (ns):               3.184                                                                           

Path 67
  From:                        CORETSE_AHB_0/CoreTSE_top_inst/CORETSE_AHBIOI[4]:CLK
  To:                          CORETSE_AHB_0/CoreTSE_top_inst/CORETSE_AHBIOI[5]:D
  Delay (ns):                  0.289                                                                           
  Slack (ns):                  0.235                                                                           
  Arrival (ns):                2.861                                                                           
  Required (ns):               2.626                                                                           

Path 68
  From:                        CORETSE_AHB_0/CoreTSE_top_inst/CORETSE_AHBio0.CORETSE_AHBOi0/CORETSE_AHBIoi0/CORETSE_AHBiI11/CORETSE_AHBollII[5]:CLK
  To:                          CORETSE_AHB_0/CoreTSE_top_inst/CORETSE_AHBio0.CORETSE_AHBOi0/CORETSE_AHBIoi0/CORETSE_AHBiI11/CORETSE_AHBOI1II[5]:D
  Delay (ns):                  0.290                                                                           
  Slack (ns):                  0.235                                                                           
  Arrival (ns):                2.867                                                                           
  Required (ns):               2.632                                                                           

Path 69
  From:                        CORETSE_AHB_0/CoreTSE_top_inst/CORETSE_AHBio0.CORETSE_AHBOi0/CORETSE_AHBIoi0/CORETSE_AHBil11/CORETSE_AHBOii0[5]:CLK
  To:                          CORETSE_AHB_0/CoreTSE_top_inst/CORETSE_AHBio0.CORETSE_AHBOi0/CORETSE_AHBlOO1/CORETSE_AHBOi10[5]:D
  Delay (ns):                  0.283                                                                           
  Slack (ns):                  0.235                                                                           
  Arrival (ns):                2.832                                                                           
  Required (ns):               2.597                                                                           

Path 70
  From:                        CORETSE_AHB_0/CoreTSE_top_inst/CORETSE_AHBio0.CORETSE_AHBOi0/CORETSE_AHBIoi0/CORETSE_AHBol11/CORETSE_AHBioIOI[18]:CLK
  To:                          CORETSE_AHB_0/CoreTSE_top_inst/CORETSE_AHBio0.CORETSE_AHBOi0/CORETSE_AHBIoi0/CORETSE_AHBol11/CORETSE_AHBoOlOI[18]:D
  Delay (ns):                  0.283                                                                           
  Slack (ns):                  0.236                                                                           
  Arrival (ns):                2.820                                                                           
  Required (ns):               2.584                                                                           

Path 71
  From:                        CORETSE_AHB_0/CoreTSE_top_inst/CORETSE_AHBilI/CORETSE_AHBiOooI/CORETSE_AHBooOo/CORETSE_AHBIlOi:CLK
  To:                          CORETSE_AHB_0/CoreTSE_top_inst/CORETSE_AHBilI/CORETSE_AHBiOooI/CORETSE_AHBooOo/CORETSE_AHBO11:D
  Delay (ns):                  0.290                                                                           
  Slack (ns):                  0.237                                                                           
  Arrival (ns):                3.430                                                                           
  Required (ns):               3.193                                                                           

Path 72
  From:                        CoreResetP_0/CONFIG1_DONE_q1:CLK
  To:                          CoreResetP_0/CONFIG1_DONE_clk_base:D
  Delay (ns):                  0.286                                                                           
  Slack (ns):                  0.237                                                                           
  Arrival (ns):                3.445                                                                           
  Required (ns):               3.208                                                                           

Path 73
  From:                        CORETSE_AHB_0/CoreTSE_top_inst/CORETSE_AHBio0.CORETSE_AHBOi0/CORETSE_AHBIoi0/CORETSE_AHBil11/CORETSE_AHBOii0[11]:CLK
  To:                          CORETSE_AHB_0/CoreTSE_top_inst/CORETSE_AHBio0.CORETSE_AHBOi0/CORETSE_AHBlOO1/CORETSE_AHBOi10[11]:D
  Delay (ns):                  0.278                                                                           
  Slack (ns):                  0.238                                                                           
  Arrival (ns):                2.820                                                                           
  Required (ns):               2.582                                                                           

Path 74
  From:                        CORETSE_AHB_0/CoreTSE_top_inst/CORETSE_AHBio0.CORETSE_AHBOi0/CORETSE_AHBIoi0/CORETSE_AHBO011/CORETSE_AHBi101/CORETSE_AHBillo:CLK
  To:                          CORETSE_AHB_0/CoreTSE_top_inst/CORETSE_AHBio0.CORETSE_AHBOi0/CORETSE_AHBIoi0/CORETSE_AHBO011/CORETSE_AHBi101/CORETSE_AHBi1I1:D
  Delay (ns):                  0.284                                                                           
  Slack (ns):                  0.238                                                                           
  Arrival (ns):                2.856                                                                           
  Required (ns):               2.618                                                                           

Path 75
  From:                        CORETSE_AHB_0/CoreTSE_top_inst/CORETSE_AHBio0.CORETSE_AHBOi0/CORETSE_AHBIoi0/CORETSE_AHBil11/CORETSE_AHBOii0[14]:CLK
  To:                          CORETSE_AHB_0/CoreTSE_top_inst/CORETSE_AHBio0.CORETSE_AHBOi0/CORETSE_AHBlOO1/CORETSE_AHBOi10[14]:D
  Delay (ns):                  0.280                                                                           
  Slack (ns):                  0.238                                                                           
  Arrival (ns):                2.824                                                                           
  Required (ns):               2.586                                                                           

Path 76
  From:                        CORETSE_AHB_0/CoreTSE_top_inst/CORETSE_AHBio0.CORETSE_AHBOi0/CORETSE_AHBIoi0/CORETSE_AHBol11/CORETSE_AHBioIOI[19]:CLK
  To:                          CORETSE_AHB_0/CoreTSE_top_inst/CORETSE_AHBio0.CORETSE_AHBOi0/CORETSE_AHBIoi0/CORETSE_AHBol11/CORETSE_AHBoOlOI[19]:D
  Delay (ns):                  0.290                                                                           
  Slack (ns):                  0.238                                                                           
  Arrival (ns):                2.831                                                                           
  Required (ns):               2.593                                                                           

Path 77
  From:                        CORETSE_AHB_0/CoreTSE_top_inst/CORETSE_AHBio0.CORETSE_AHBOi0/CORETSE_AHBIoi0/CORETSE_AHBol11/CORETSE_AHBioIOI[16]:CLK
  To:                          CORETSE_AHB_0/CoreTSE_top_inst/CORETSE_AHBio0.CORETSE_AHBOi0/CORETSE_AHBIoi0/CORETSE_AHBol11/CORETSE_AHBoOlOI[16]:D
  Delay (ns):                  0.281                                                                           
  Slack (ns):                  0.239                                                                           
  Arrival (ns):                2.823                                                                           
  Required (ns):               2.584                                                                           

Path 78
  From:                        CoreResetP_0/CONFIG2_DONE_q1:CLK
  To:                          CoreResetP_0/CONFIG2_DONE_clk_base:D
  Delay (ns):                  0.286                                                                           
  Slack (ns):                  0.239                                                                           
  Arrival (ns):                3.430                                                                           
  Required (ns):               3.191                                                                           

Path 79
  From:                        CORETSE_AHB_0/CoreTSE_top_inst/CORETSE_AHBio0.CORETSE_AHBOi0/CORETSE_AHBIoi0/CORETSE_AHBol11/CORETSE_AHBioIOI[15]:CLK
  To:                          CORETSE_AHB_0/CoreTSE_top_inst/CORETSE_AHBio0.CORETSE_AHBOi0/CORETSE_AHBIoi0/CORETSE_AHBol11/CORETSE_AHBoOlOI[15]:D
  Delay (ns):                  0.286                                                                           
  Slack (ns):                  0.239                                                                           
  Arrival (ns):                2.823                                                                           
  Required (ns):               2.584                                                                           

Path 80
  From:                        CORETSE_AHB_0/CoreTSE_top_inst/CORETSE_AHBio0.CORETSE_AHBOi0/CORETSE_AHBIoi0/CORETSE_AHBil11/CORETSE_AHBo1OOI:CLK
  To:                          CORETSE_AHB_0/CoreTSE_top_inst/CORETSE_AHBio0.CORETSE_AHBOi0/CORETSE_AHBIoi0/CORETSE_AHBil11/CORETSE_AHBo1OOI:D
  Delay (ns):                  0.289                                                                           
  Slack (ns):                  0.239                                                                           
  Arrival (ns):                2.851                                                                           
  Required (ns):               2.612                                                                           

Path 81
  From:                        CORETSE_AHB_0/CoreTSE_top_inst/CORETSE_AHBilI/CORETSE_AHBOlooI.CORETSE_AHBO0ooI/CORETSE_AHBo1li/CORETSE_AHBIl0i:CLK
  To:                          CORETSE_AHB_0/CoreTSE_top_inst/CORETSE_AHBilI/CORETSE_AHBOlooI.CORETSE_AHBO0ooI/CORETSE_AHBo1li/CORETSE_AHBll0i:D
  Delay (ns):                  0.283                                                                           
  Slack (ns):                  0.239                                                                           
  Arrival (ns):                3.412                                                                           
  Required (ns):               3.173                                                                           

Path 82
  From:                        CORETSE_AHB_0/CoreTSE_top_inst/CORETSE_AHBilI/CORETSE_AHBoOooI/CORETSE_AHBi0II/CORETSE_AHBOOiI:CLK
  To:                          CORETSE_AHB_0/CoreTSE_top_inst/CORETSE_AHBilI/CORETSE_AHBoOooI/CORETSE_AHBi0II/CORETSE_AHBIOiI:D
  Delay (ns):                  0.286                                                                           
  Slack (ns):                  0.239                                                                           
  Arrival (ns):                3.430                                                                           
  Required (ns):               3.191                                                                           

Path 83
  From:                        CORETSE_AHB_0/CoreTSE_top_inst/CORETSE_AHBio0.CORETSE_AHBOi0/CORETSE_AHBIoi0/CORETSE_AHBol11/CORETSE_AHBioIOI[12]:CLK
  To:                          CORETSE_AHB_0/CoreTSE_top_inst/CORETSE_AHBio0.CORETSE_AHBOi0/CORETSE_AHBIoi0/CORETSE_AHBol11/CORETSE_AHBoOlOI[12]:D
  Delay (ns):                  0.286                                                                           
  Slack (ns):                  0.240                                                                           
  Arrival (ns):                2.820                                                                           
  Required (ns):               2.580                                                                           

Path 84
  From:                        CORETSE_AHB_0/CoreTSE_top_inst/CORETSE_AHBio0.CORETSE_AHBOi0/CORETSE_AHBIoi0/CORETSE_AHBO011/CORETSE_AHBioO1[1]:CLK
  To:                          CORETSE_AHB_0/CoreTSE_top_inst/CORETSE_AHBio0.CORETSE_AHBOi0/CORETSE_AHBIoi0/CORETSE_AHBO011/CORETSE_AHBioO1[1]:D
  Delay (ns):                  0.288                                                                           
  Slack (ns):                  0.240                                                                           
  Arrival (ns):                2.870                                                                           
  Required (ns):               2.630                                                                           

Path 85
  From:                        CORETSE_AHB_0/CoreTSE_top_inst/CORETSE_AHBio0.CORETSE_AHBOi0/CORETSE_AHBIoi0/CORETSE_AHBO011/CORETSE_AHBi101/CORETSE_AHBo0lo:CLK
  To:                          CORETSE_AHB_0/CoreTSE_top_inst/CORETSE_AHBio0.CORETSE_AHBOi0/CORETSE_AHBIoi0/CORETSE_AHBO011/CORETSE_AHBi101/CORETSE_AHBOiI1:D
  Delay (ns):                  0.288                                                                           
  Slack (ns):                  0.241                                                                           
  Arrival (ns):                2.861                                                                           
  Required (ns):               2.620                                                                           

Path 86
  From:                        CoreResetP_0/release_sdif3_core_q1:CLK
  To:                          CoreResetP_0/release_sdif3_core_clk_base:D
  Delay (ns):                  0.290                                                                           
  Slack (ns):                  0.241                                                                           
  Arrival (ns):                3.449                                                                           
  Required (ns):               3.208                                                                           

Path 87
  From:                        CORETSE_AHB_0/CoreTSE_top_inst/CORETSE_AHBio0.CORETSE_AHBOi0/CORETSE_AHBIoi0/CORETSE_AHBi011/CORETSE_AHBIOlII:CLK
  To:                          CORETSE_AHB_0/CoreTSE_top_inst/CORETSE_AHBio0.CORETSE_AHBOi0/CORETSE_AHBIoi0/CORETSE_AHBi011/CORETSE_AHBlOlII:D
  Delay (ns):                  0.280                                                                           
  Slack (ns):                  0.241                                                                           
  Arrival (ns):                2.803                                                                           
  Required (ns):               2.562                                                                           

Path 88
  From:                        CORETSE_AHB_0/CoreTSE_top_inst/CORETSE_AHBio0.CORETSE_AHBOi0/CORETSE_AHBIoi0/CORETSE_AHBil11/CORETSE_AHBOIoi:CLK
  To:                          CORETSE_AHB_0/CoreTSE_top_inst/CORETSE_AHBio0.CORETSE_AHBOi0/CORETSE_AHBIoi0/CORETSE_AHBil11/CORETSE_AHBIIoi:D
  Delay (ns):                  0.295                                                                           
  Slack (ns):                  0.241                                                                           
  Arrival (ns):                2.843                                                                           
  Required (ns):               2.602                                                                           

Path 89
  From:                        CORETSE_AHB_0/CoreTSE_top_inst/CORETSE_AHBio0.CORETSE_AHBOi0/CORETSE_AHBIoi0/CORETSE_AHBi011/CORETSE_AHBoiIII:CLK
  To:                          CORETSE_AHB_0/CoreTSE_top_inst/CORETSE_AHBio0.CORETSE_AHBOi0/CORETSE_AHBIoi0/CORETSE_AHBi011/CORETSE_AHBiiIII:D
  Delay (ns):                  0.280                                                                           
  Slack (ns):                  0.241                                                                           
  Arrival (ns):                2.815                                                                           
  Required (ns):               2.574                                                                           

Path 90
  From:                        CORETSE_AHB_0/CoreTSE_top_inst/CORETSE_AHBilI/CORETSE_AHBiOooI/CORETSE_AHBooOo/CORETSE_AHBoIio:CLK
  To:                          CORETSE_AHB_0/CoreTSE_top_inst/CORETSE_AHBilI/CORETSE_AHBiOooI/CORETSE_AHBooOo/CORETSE_AHBiIio:D
  Delay (ns):                  0.287                                                                           
  Slack (ns):                  0.242                                                                           
  Arrival (ns):                3.409                                                                           
  Required (ns):               3.167                                                                           

Path 91
  From:                        CORETSE_AHB_0/CoreTSE_top_inst/CORETSE_AHBio0.CORETSE_AHBOi0/CORETSE_AHBIoi0/CORETSE_AHBO011/CORETSE_AHBi101/CORETSE_AHBIIlo:CLK
  To:                          CORETSE_AHB_0/CoreTSE_top_inst/CORETSE_AHBio0.CORETSE_AHBOi0/CORETSE_AHBIoi0/CORETSE_AHBO011/CORETSE_AHBi101/CORETSE_AHBl0I1:D
  Delay (ns):                  0.286                                                                           
  Slack (ns):                  0.244                                                                           
  Arrival (ns):                2.858                                                                           
  Required (ns):               2.614                                                                           

Path 92
  From:                        CORETSE_AHB_0/CoreTSE_top_inst/CORETSE_AHBio0.CORETSE_AHBOi0/CORETSE_AHBIoi0/CORETSE_AHBO011/CORETSE_AHBloO1:CLK
  To:                          CORETSE_AHB_0/CoreTSE_top_inst/CORETSE_AHBio0.CORETSE_AHBOi0/CORETSE_AHBIoi0/CORETSE_AHBO011/CORETSE_AHBloO1:D
  Delay (ns):                  0.292                                                                           
  Slack (ns):                  0.244                                                                           
  Arrival (ns):                2.873                                                                           
  Required (ns):               2.629                                                                           

Path 93
  From:                        CORETSE_AHB_0/CoreTSE_top_inst/CORETSE_AHBio0.CORETSE_AHBOi0/CORETSE_AHBIoi0/CORETSE_AHBO011/CORETSE_AHBl1O1:CLK
  To:                          CORETSE_AHB_0/CoreTSE_top_inst/CORETSE_AHBio0.CORETSE_AHBOi0/CORETSE_AHBIoi0/CORETSE_AHBO011/CORETSE_AHBl1O1:D
  Delay (ns):                  0.293                                                                           
  Slack (ns):                  0.245                                                                           
  Arrival (ns):                2.875                                                                           
  Required (ns):               2.630                                                                           

Path 94
  From:                        CoreConfigP_0/state[1]:CLK
  To:                          CoreConfigP_0/state[1]:D
  Delay (ns):                  0.294                                                                           
  Slack (ns):                  0.245                                                                           
  Arrival (ns):                3.492                                                                           
  Required (ns):               3.247                                                                           

Path 95
  From:                        CORETSE_AHB_0/CoreTSE_top_inst/CORETSE_AHBio0.CORETSE_AHBOi0/CORETSE_AHBIoi0/CORETSE_AHBO011/CORETSE_AHBolI1:CLK
  To:                          CORETSE_AHB_0/CoreTSE_top_inst/CORETSE_AHBio0.CORETSE_AHBOi0/CORETSE_AHBIoi0/CORETSE_AHBO011/CORETSE_AHBolI1:D
  Delay (ns):                  0.291                                                                           
  Slack (ns):                  0.245                                                                           
  Arrival (ns):                2.862                                                                           
  Required (ns):               2.617                                                                           

Path 96
  From:                        CoreResetP_0/release_sdif0_core_q1:CLK
  To:                          CoreResetP_0/release_sdif0_core_clk_base:D
  Delay (ns):                  0.286                                                                           
  Slack (ns):                  0.245                                                                           
  Arrival (ns):                3.445                                                                           
  Required (ns):               3.200                                                                           

Path 97
  From:                        CORETSE_AHB_0/CoreTSE_top_inst/CORETSE_AHBio0.CORETSE_AHBOi0/CORETSE_AHBlOO1/CORETSE_AHBOi10[4]:CLK
  To:                          CORETSE_AHB_0/CoreTSE_top_inst/CORETSE_AHBio0.CORETSE_AHBOi0/CORETSE_AHBlOO1/CORETSE_AHBiOo0[4]:D
  Delay (ns):                  0.294                                                                           
  Slack (ns):                  0.245                                                                           
  Arrival (ns):                2.843                                                                           
  Required (ns):               2.598                                                                           

Path 98
  From:                        CORETSE_AHB_0/CoreTSE_top_inst/CORETSE_AHBilI/CORETSE_AHBoOooI/CORETSE_AHBI1II/CORETSE_AHBI10I:CLK
  To:                          CORETSE_AHB_0/CoreTSE_top_inst/CORETSE_AHBilI/CORETSE_AHBoOooI/CORETSE_AHBI1II/CORETSE_AHBooi:D
  Delay (ns):                  0.293                                                                           
  Slack (ns):                  0.246                                                                           
  Arrival (ns):                3.430                                                                           
  Required (ns):               3.184                                                                           

Path 99
  From:                        CoreTSE_Webserver_MSS_0/MSS_ADLIB_INST/INST_MSS_075_IP:CLK_CONFIG_APB
  To:                          CoreConfigP_0/paddr[4]:D
  Delay (ns):                  3.472                                                                           
  Slack (ns):                  0.246                                                                           
  Arrival (ns):                3.472                                                                           
  Required (ns):               3.226                                                                           

Path 100
  From:                        CORETSE_AHB_0/CoreTSE_top_inst/CORETSE_AHBio0.CORETSE_AHBOi0/CORETSE_AHBo1i0/CORETSE_AHBII10:CLK
  To:                          CORETSE_AHB_0/CoreTSE_top_inst/CORETSE_AHBio0.CORETSE_AHBOi0/CORETSE_AHBo1i0/CORETSE_AHBlI10:D
  Delay (ns):                  0.291                                                                           
  Slack (ns):                  0.246                                                                           
  Arrival (ns):                2.856                                                                           
  Required (ns):               2.610                                                                           

