Timing Violation Report Min Delay Analysis

SmartTime Version 
Microsemi Corporation - Microsemi Libero Software Release  (Version 11.7.0.113)
Date: Tue Jan 12 11:11:16 2016


Design: CoreTSE_Webserver
Family: SmartFusion2
Die: M2S090TS
Package: 484 FBGA
Temperature Range: 0 - 85 C
Voltage Range: 1.14 - 1.26 V
Speed Grade: -1
Design State: Post-Layout
Data source: Production
Min Operating Conditions: BEST - 1.26 V - 0 C
Max Operating Conditions: WORST - 1.14 V - 85 C
Scenario for Timing Analysis: timing_analysis


Path 1
  From:                        CoreConfigP_0/control_reg_1[0]:CLK
  To:                          CoreResetP_0/CONFIG1_DONE_q1:D
  Delay (ns):                  0.299                                                                           
  Slack (ns):                  -1.844                                                                          
  Arrival (ns):                3.478                                                                           
  Required (ns):               5.322                                                                           

Path 2
  From:                        CoreTSE_Webserver_MSS_0/MSS_ADLIB_INST/INST_MSS_075_IP:CLK_CONFIG_APB
  To:                          CoreConfigP_0/pwdata[29]:D
  Delay (ns):                  3.253                                                                           
  Slack (ns):                  0.002                                                                           
  Arrival (ns):                3.253                                                                           
  Required (ns):               3.251                                                                           

Path 3
  From:                        CoreTSE_Webserver_MSS_0/MSS_ADLIB_INST/INST_MSS_075_IP:CLK_CONFIG_APB
  To:                          CoreConfigP_0/pwdata[23]:D
  Delay (ns):                  3.256                                                                           
  Slack (ns):                  0.005                                                                           
  Arrival (ns):                3.256                                                                           
  Required (ns):               3.251                                                                           

Path 4
  From:                        CoreTSE_Webserver_MSS_0/MSS_ADLIB_INST/INST_MSS_075_IP:CLK_CONFIG_APB
  To:                          CoreConfigP_0/pwdata[10]:D
  Delay (ns):                  3.251                                                                           
  Slack (ns):                  0.007                                                                           
  Arrival (ns):                3.251                                                                           
  Required (ns):               3.244                                                                           

Path 5
  From:                        CoreTSE_Webserver_MSS_0/MSS_ADLIB_INST/INST_MSS_075_IP:CLK_CONFIG_APB
  To:                          CoreConfigP_0/pwdata[17]:D
  Delay (ns):                  3.252                                                                           
  Slack (ns):                  0.009                                                                           
  Arrival (ns):                3.252                                                                           
  Required (ns):               3.243                                                                           

Path 6
  From:                        CoreTSE_Webserver_MSS_0/MSS_ADLIB_INST/INST_MSS_075_IP:CLK_CONFIG_APB
  To:                          CoreConfigP_0/paddr[5]:D
  Delay (ns):                  3.268                                                                           
  Slack (ns):                  0.025                                                                           
  Arrival (ns):                3.268                                                                           
  Required (ns):               3.243                                                                           

Path 7
  From:                        CoreTSE_Webserver_MSS_0/MSS_ADLIB_INST/INST_MSS_075_IP:CLK_CONFIG_APB
  To:                          CoreConfigP_0/pwdata[15]:D
  Delay (ns):                  3.291                                                                           
  Slack (ns):                  0.039                                                                           
  Arrival (ns):                3.291                                                                           
  Required (ns):               3.252                                                                           

Path 8
  From:                        CoreTSE_Webserver_MSS_0/MSS_ADLIB_INST/INST_MSS_075_IP:CLK_CONFIG_APB
  To:                          CoreConfigP_0/pwdata[0]:D
  Delay (ns):                  3.266                                                                           
  Slack (ns):                  0.041                                                                           
  Arrival (ns):                3.266                                                                           
  Required (ns):               3.225                                                                           

Path 9
  From:                        CoreTSE_Webserver_MSS_0/MSS_ADLIB_INST/INST_MSS_075_IP:CLK_CONFIG_APB
  To:                          CoreConfigP_0/pwdata[27]:D
  Delay (ns):                  3.294                                                                           
  Slack (ns):                  0.042                                                                           
  Arrival (ns):                3.294                                                                           
  Required (ns):               3.252                                                                           

Path 10
  From:                        CoreTSE_Webserver_MSS_0/MSS_ADLIB_INST/INST_MSS_075_IP:CLK_CONFIG_APB
  To:                          CoreConfigP_0/control_reg_1[0]:D
  Delay (ns):                  3.268                                                                           
  Slack (ns):                  0.043                                                                           
  Arrival (ns):                3.268                                                                           
  Required (ns):               3.225                                                                           

Path 11
  From:                        CoreTSE_Webserver_MSS_0/MSS_ADLIB_INST/INST_MSS_075_IP:CLK_CONFIG_APB
  To:                          CoreConfigP_0/paddr[10]:D
  Delay (ns):                  3.303                                                                           
  Slack (ns):                  0.051                                                                           
  Arrival (ns):                3.303                                                                           
  Required (ns):               3.252                                                                           

Path 12
  From:                        CoreTSE_Webserver_MSS_0/MSS_ADLIB_INST/INST_MSS_075_IP:CLK_CONFIG_APB
  To:                          CoreConfigP_0/paddr[11]:D
  Delay (ns):                  3.290                                                                           
  Slack (ns):                  0.051                                                                           
  Arrival (ns):                3.290                                                                           
  Required (ns):               3.239                                                                           

Path 13
  From:                        SERDES_IF2_0/SERDESIF_INST/INST_SERDESIF_IP:EPCS_RXCLK[1]
  To:                          CORETSE_AHB_0/CoreTSE_top_inst/CORETSE_AHBio0.CORETSE_AHBOi0/CORETSE_AHBIoi0/CORETSE_AHBol11/CORETSE_AHBooIOI[0]:D
  Delay (ns):                  4.782                                                                           
  Slack (ns):                  0.053                                                                           
  Arrival (ns):                4.782                                                                           
  Required (ns):               4.729                                                                           

Path 14
  From:                        SERDES_IF2_0/SERDESIF_INST/INST_SERDESIF_IP:EPCS_RXCLK[1]
  To:                          CORETSE_AHB_0/CoreTSE_top_inst/CORETSE_AHBio0.CORETSE_AHBOi0/CORETSE_AHBIoi0/CORETSE_AHBol11/CORETSE_AHBooIOI[1]:D
  Delay (ns):                  4.795                                                                           
  Slack (ns):                  0.053                                                                           
  Arrival (ns):                4.795                                                                           
  Required (ns):               4.742                                                                           

Path 15
  From:                        CoreTSE_Webserver_MSS_0/MSS_ADLIB_INST/INST_MSS_075_IP:CLK_CONFIG_APB
  To:                          CoreConfigP_0/pwdata[2]:D
  Delay (ns):                  3.314                                                                           
  Slack (ns):                  0.062                                                                           
  Arrival (ns):                3.314                                                                           
  Required (ns):               3.252                                                                           

Path 16
  From:                        CoreTSE_Webserver_MSS_0/MSS_ADLIB_INST/INST_MSS_075_IP:CLK_CONFIG_APB
  To:                          CoreConfigP_0/pwrite:D
  Delay (ns):                  3.308                                                                           
  Slack (ns):                  0.064                                                                           
  Arrival (ns):                3.308                                                                           
  Required (ns):               3.244                                                                           

Path 17
  From:                        CoreTSE_Webserver_MSS_0/MSS_ADLIB_INST/INST_MSS_075_IP:CLK_CONFIG_APB
  To:                          CoreConfigP_0/FIC_2_APB_M_PRDATA[17]:D
  Delay (ns):                  3.317                                                                           
  Slack (ns):                  0.065                                                                           
  Arrival (ns):                3.317                                                                           
  Required (ns):               3.252                                                                           

Path 18
  From:                        CoreTSE_Webserver_MSS_0/MSS_ADLIB_INST/INST_MSS_075_IP:CLK_CONFIG_APB
  To:                          CoreConfigP_0/FIC_2_APB_M_PRDATA[16]:D
  Delay (ns):                  3.317                                                                           
  Slack (ns):                  0.065                                                                           
  Arrival (ns):                3.317                                                                           
  Required (ns):               3.252                                                                           

Path 19
  From:                        CoreTSE_Webserver_MSS_0/MSS_ADLIB_INST/INST_MSS_075_IP:CLK_CONFIG_APB
  To:                          CoreConfigP_0/FIC_2_APB_M_PRDATA[18]:D
  Delay (ns):                  3.317                                                                           
  Slack (ns):                  0.073                                                                           
  Arrival (ns):                3.317                                                                           
  Required (ns):               3.244                                                                           

Path 20
  From:                        CoreTSE_Webserver_MSS_0/MSS_ADLIB_INST/INST_MSS_075_IP:CLK_CONFIG_APB
  To:                          CoreConfigP_0/pwdata[25]:D
  Delay (ns):                  3.324                                                                           
  Slack (ns):                  0.073                                                                           
  Arrival (ns):                3.324                                                                           
  Required (ns):               3.251                                                                           

Path 21
  From:                        CoreTSE_Webserver_MSS_0/MSS_ADLIB_INST/INST_MSS_075_IP:CLK_CONFIG_APB
  To:                          CoreConfigP_0/paddr[9]:D
  Delay (ns):                  3.325                                                                           
  Slack (ns):                  0.081                                                                           
  Arrival (ns):                3.325                                                                           
  Required (ns):               3.244                                                                           

Path 22
  From:                        CoreTSE_Webserver_MSS_0/MSS_ADLIB_INST/INST_MSS_075_IP:CLK_CONFIG_APB
  To:                          CoreConfigP_0/pwdata[19]:D
  Delay (ns):                  3.338                                                                           
  Slack (ns):                  0.087                                                                           
  Arrival (ns):                3.338                                                                           
  Required (ns):               3.251                                                                           

Path 23
  From:                        CoreTSE_Webserver_MSS_0/MSS_ADLIB_INST/INST_MSS_075_IP:CLK_CONFIG_APB
  To:                          CoreConfigP_0/pwdata[18]:D
  Delay (ns):                  3.348                                                                           
  Slack (ns):                  0.096                                                                           
  Arrival (ns):                3.348                                                                           
  Required (ns):               3.252                                                                           

Path 24
  From:                        CoreTSE_Webserver_MSS_0/MSS_ADLIB_INST/INST_MSS_075_IP:CLK_CONFIG_APB
  To:                          CoreConfigP_0/paddr[13]:D
  Delay (ns):                  3.348                                                                           
  Slack (ns):                  0.101                                                                           
  Arrival (ns):                3.348                                                                           
  Required (ns):               3.247                                                                           

Path 25
  From:                        CoreConfigP_0/control_reg_1[1]:CLK
  To:                          CoreResetP_0/CONFIG2_DONE_q1:D
  Delay (ns):                  2.257                                                                           
  Slack (ns):                  0.112                                                                           
  Arrival (ns):                5.436                                                                           
  Required (ns):               5.324                                                                           

Path 26
  From:                        CoreTSE_Webserver_MSS_0/MSS_ADLIB_INST/INST_MSS_075_IP:CLK_CONFIG_APB
  To:                          CoreConfigP_0/pwdata[8]:D
  Delay (ns):                  3.356                                                                           
  Slack (ns):                  0.113                                                                           
  Arrival (ns):                3.356                                                                           
  Required (ns):               3.243                                                                           

Path 27
  From:                        SERDES_IF2_0/SERDESIF_INST/INST_SERDESIF_IP:EPCS_TXCLK[1]
  To:                          CORETSE_AHB_0/CoreTSE_top_inst/CORETSE_AHBIOI[0]:D
  Delay (ns):                  4.900                                                                           
  Slack (ns):                  0.117                                                                           
  Arrival (ns):                4.900                                                                           
  Required (ns):               4.783                                                                           

Path 28
  From:                        SERDES_IF2_0/SERDESIF_INST/INST_SERDESIF_IP:EPCS_RXCLK[1]
  To:                          CORETSE_AHB_0/CoreTSE_top_inst/CORETSE_AHBio0.CORETSE_AHBOi0/CORETSE_AHBIoi0/CORETSE_AHBol11/CORETSE_AHBioIOI[11]:D
  Delay (ns):                  4.857                                                                           
  Slack (ns):                  0.123                                                                           
  Arrival (ns):                4.857                                                                           
  Required (ns):               4.734                                                                           

Path 29
  From:                        CoreTSE_Webserver_MSS_0/MSS_ADLIB_INST/INST_MSS_075_IP:CLK_CONFIG_APB
  To:                          CoreConfigP_0/pwdata[3]:D
  Delay (ns):                  3.368                                                                           
  Slack (ns):                  0.124                                                                           
  Arrival (ns):                3.368                                                                           
  Required (ns):               3.244                                                                           

Path 30
  From:                        CoreTSE_Webserver_MSS_0/MSS_ADLIB_INST/INST_MSS_075_IP:CLK_CONFIG_APB
  To:                          CoreConfigP_0/pwdata[4]:D
  Delay (ns):                  3.363                                                                           
  Slack (ns):                  0.124                                                                           
  Arrival (ns):                3.363                                                                           
  Required (ns):               3.239                                                                           

Path 31
  From:                        SERDES_IF2_0/SERDESIF_INST/INST_SERDESIF_IP:EPCS_RXCLK[1]
  To:                          CORETSE_AHB_0/CoreTSE_top_inst/CORETSE_AHBio0.CORETSE_AHBOi0/CORETSE_AHBIoi0/CORETSE_AHBol11/CORETSE_AHBooIOI[6]:D
  Delay (ns):                  4.864                                                                           
  Slack (ns):                  0.128                                                                           
  Arrival (ns):                4.864                                                                           
  Required (ns):               4.736                                                                           

Path 32
  From:                        CoreTSE_Webserver_MSS_0/MSS_ADLIB_INST/INST_MSS_075_IP:CLK_CONFIG_APB
  To:                          CoreConfigP_0/paddr[2]:D
  Delay (ns):                  3.377                                                                           
  Slack (ns):                  0.130                                                                           
  Arrival (ns):                3.377                                                                           
  Required (ns):               3.247                                                                           

Path 33
  From:                        CoreTSE_Webserver_MSS_0/MSS_ADLIB_INST/INST_MSS_075_IP:CLK_CONFIG_APB
  To:                          CoreConfigP_0/pwdata[13]:D
  Delay (ns):                  3.380                                                                           
  Slack (ns):                  0.137                                                                           
  Arrival (ns):                3.380                                                                           
  Required (ns):               3.243                                                                           

Path 34
  From:                        CoreTSE_Webserver_MSS_0/MSS_ADLIB_INST/INST_MSS_075_IP:CLK_CONFIG_APB
  To:                          CoreConfigP_0/pwdata[14]:D
  Delay (ns):                  3.384                                                                           
  Slack (ns):                  0.141                                                                           
  Arrival (ns):                3.384                                                                           
  Required (ns):               3.243                                                                           

Path 35
  From:                        CoreTSE_Webserver_MSS_0/MSS_ADLIB_INST/INST_MSS_075_IP:CLK_CONFIG_APB
  To:                          CoreConfigP_0/pwdata[22]:D
  Delay (ns):                  3.390                                                                           
  Slack (ns):                  0.146                                                                           
  Arrival (ns):                3.390                                                                           
  Required (ns):               3.244                                                                           

Path 36
  From:                        CoreTSE_Webserver_MSS_0/MSS_ADLIB_INST/INST_MSS_075_IP:CLK_CONFIG_APB
  To:                          CoreConfigP_0/paddr[7]:D
  Delay (ns):                  3.412                                                                           
  Slack (ns):                  0.168                                                                           
  Arrival (ns):                3.412                                                                           
  Required (ns):               3.244                                                                           

Path 37
  From:                        CoreTSE_Webserver_MSS_0/MSS_ADLIB_INST/INST_MSS_075_IP:CLK_CONFIG_APB
  To:                          CoreConfigP_0/paddr[4]:D
  Delay (ns):                  3.390                                                                           
  Slack (ns):                  0.172                                                                           
  Arrival (ns):                3.390                                                                           
  Required (ns):               3.218                                                                           

Path 38
  From:                        CoreTSE_Webserver_MSS_0/MSS_ADLIB_INST/INST_MSS_075_IP:CLK_CONFIG_APB
  To:                          CoreConfigP_0/pwdata[9]:D
  Delay (ns):                  3.398                                                                           
  Slack (ns):                  0.180                                                                           
  Arrival (ns):                3.398                                                                           
  Required (ns):               3.218                                                                           

Path 39
  From:                        CoreTSE_Webserver_MSS_0/MSS_ADLIB_INST/INST_MSS_075_IP:CLK_CONFIG_APB
  To:                          CoreConfigP_0/pwdata[31]:D
  Delay (ns):                  3.434                                                                           
  Slack (ns):                  0.183                                                                           
  Arrival (ns):                3.434                                                                           
  Required (ns):               3.251                                                                           

Path 40
  From:                        CoreTSE_Webserver_MSS_0/MSS_ADLIB_INST/INST_MSS_075_IP:CLK_CONFIG_APB
  To:                          CoreConfigP_0/paddr[8]:D
  Delay (ns):                  3.408                                                                           
  Slack (ns):                  0.183                                                                           
  Arrival (ns):                3.408                                                                           
  Required (ns):               3.225                                                                           

Path 41
  From:                        CoreTSE_Webserver_MSS_0/MSS_ADLIB_INST/INST_MSS_075_IP:CLK_CONFIG_APB
  To:                          CoreConfigP_0/paddr[15]:D
  Delay (ns):                  3.437                                                                           
  Slack (ns):                  0.196                                                                           
  Arrival (ns):                3.437                                                                           
  Required (ns):               3.241                                                                           

Path 42
  From:                        CoreTSE_Webserver_MSS_0/MSS_ADLIB_INST/INST_MSS_075_IP:CLK_CONFIG_APB
  To:                          CoreConfigP_0/paddr[3]:D
  Delay (ns):                  3.446                                                                           
  Slack (ns):                  0.198                                                                           
  Arrival (ns):                3.446                                                                           
  Required (ns):               3.248                                                                           

Path 43
  From:                        CoreTSE_Webserver_MSS_0/MSS_ADLIB_INST/INST_MSS_075_IP:CLK_CONFIG_APB
  To:                          CoreConfigP_0/state[0]:D
  Delay (ns):                  3.451                                                                           
  Slack (ns):                  0.204                                                                           
  Arrival (ns):                3.451                                                                           
  Required (ns):               3.247                                                                           

Path 44
  From:                        CoreTSE_Webserver_MSS_0/MSS_ADLIB_INST/INST_MSS_075_IP:CLK_CONFIG_APB
  To:                          CoreConfigP_0/pwdata[24]:D
  Delay (ns):                  3.455                                                                           
  Slack (ns):                  0.208                                                                           
  Arrival (ns):                3.455                                                                           
  Required (ns):               3.247                                                                           

Path 45
  From:                        CoreTSE_Webserver_MSS_0/MSS_ADLIB_INST/INST_MSS_075_IP:CLK_CONFIG_APB
  To:                          CoreConfigP_0/pwdata[1]:D
  Delay (ns):                  3.440                                                                           
  Slack (ns):                  0.215                                                                           
  Arrival (ns):                3.440                                                                           
  Required (ns):               3.225                                                                           

Path 46
  From:                        CoreTSE_Webserver_MSS_0/MSS_ADLIB_INST/INST_MSS_075_IP:CLK_CONFIG_APB
  To:                          CoreConfigP_0/control_reg_1[1]:D
  Delay (ns):                  3.441                                                                           
  Slack (ns):                  0.216                                                                           
  Arrival (ns):                3.441                                                                           
  Required (ns):               3.225                                                                           

Path 47
  From:                        SERDES_IF2_0/SERDESIF_INST/INST_SERDESIF_IP:EPCS_RXCLK[1]
  To:                          CORETSE_AHB_0/CoreTSE_top_inst/CORETSE_AHBio0.CORETSE_AHBOi0/CORETSE_AHBIoi0/CORETSE_AHBol11/CORETSE_AHBioIOI[18]:D
  Delay (ns):                  4.948                                                                           
  Slack (ns):                  0.217                                                                           
  Arrival (ns):                4.948                                                                           
  Required (ns):               4.731                                                                           

Path 48
  From:                        CORETSE_AHB_0/CoreTSE_top_inst/CORETSE_AHBio0.CORETSE_AHBOi0/CORETSE_AHBIoi0/CORETSE_AHBO011/CORETSE_AHBi101/CORETSE_AHBOllo:CLK
  To:                          CORETSE_AHB_0/CoreTSE_top_inst/CORETSE_AHBio0.CORETSE_AHBOi0/CORETSE_AHBIoi0/CORETSE_AHBO011/CORETSE_AHBi101/CORETSE_AHBO1I1:D
  Delay (ns):                  0.275                                                                           
  Slack (ns):                  0.220                                                                           
  Arrival (ns):                4.996                                                                           
  Required (ns):               4.776                                                                           

Path 49
  From:                        CORETSE_AHB_0/CoreTSE_top_inst/CORETSE_AHBio0.CORETSE_AHBOi0/CORETSE_AHBIoi0/CORETSE_AHBol11/CORETSE_AHBioIOI[14]:CLK
  To:                          CORETSE_AHB_0/CoreTSE_top_inst/CORETSE_AHBio0.CORETSE_AHBOi0/CORETSE_AHBIoi0/CORETSE_AHBol11/CORETSE_AHBoOlOI[14]:D
  Delay (ns):                  0.275                                                                           
  Slack (ns):                  0.221                                                                           
  Arrival (ns):                4.968                                                                           
  Required (ns):               4.747                                                                           

Path 50
  From:                        CORETSE_AHB_0/CoreTSE_top_inst/CORETSE_AHBilI/CORETSE_AHBiOooI/CORETSE_AHBlOIo/CORETSE_AHBl00o:CLK
  To:                          CORETSE_AHB_0/CoreTSE_top_inst/CORETSE_AHBilI/CORETSE_AHBiOooI/CORETSE_AHBlOIo/CORETSE_AHBo00o:D
  Delay (ns):                  0.281                                                                           
  Slack (ns):                  0.224                                                                           
  Arrival (ns):                5.575                                                                           
  Required (ns):               5.351                                                                           

Path 51
  From:                        CORETSE_AHB_0/CoreTSE_top_inst/CORETSE_AHBio0.CORETSE_AHBOi0/CORETSE_AHBIoi0/CORETSE_AHBO011/CORETSE_AHBi101/CORETSE_AHBOIlo:CLK
  To:                          CORETSE_AHB_0/CoreTSE_top_inst/CORETSE_AHBio0.CORETSE_AHBOi0/CORETSE_AHBIoi0/CORETSE_AHBO011/CORETSE_AHBi101/CORETSE_AHBO0I1:D
  Delay (ns):                  0.274                                                                           
  Slack (ns):                  0.225                                                                           
  Arrival (ns):                5.013                                                                           
  Required (ns):               4.788                                                                           

Path 52
  From:                        CORETSE_AHB_0/CoreTSE_top_inst/CORETSE_AHBilI/CORETSE_AHBoOooI/CORETSE_AHBI1II/CORETSE_AHBIo0I[0]:CLK
  To:                          CORETSE_AHB_0/CoreTSE_top_inst/CORETSE_AHBilI/CORETSE_AHBoOooI/CORETSE_AHBI1II/CORETSE_AHBOo0I[0]:D
  Delay (ns):                  0.275                                                                           
  Slack (ns):                  0.225                                                                           
  Arrival (ns):                5.544                                                                           
  Required (ns):               5.319                                                                           

Path 53
  From:                        CORETSE_AHB_0/CoreTSE_top_inst/CORETSE_AHBio0.CORETSE_AHBOi0/CORETSE_AHBIoi0/CORETSE_AHBol11/CORETSE_AHBioIOI[15]:CLK
  To:                          CORETSE_AHB_0/CoreTSE_top_inst/CORETSE_AHBio0.CORETSE_AHBOi0/CORETSE_AHBIoi0/CORETSE_AHBol11/CORETSE_AHBoOlOI[15]:D
  Delay (ns):                  0.280                                                                           
  Slack (ns):                  0.226                                                                           
  Arrival (ns):                4.973                                                                           
  Required (ns):               4.747                                                                           

Path 54
  From:                        CORETSE_AHB_0/CoreTSE_top_inst/CORETSE_AHBilI/CORETSE_AHBoOooI/CORETSE_AHBI1II/CORETSE_AHBOo0I[0]:CLK
  To:                          CORETSE_AHB_0/CoreTSE_top_inst/CORETSE_AHBilI/CORETSE_AHBoOooI/CORETSE_AHBI1II/CORETSE_AHBOIOI[0]:D
  Delay (ns):                  0.271                                                                           
  Slack (ns):                  0.226                                                                           
  Arrival (ns):                5.545                                                                           
  Required (ns):               5.319                                                                           

Path 55
  From:                        CoreResetP_0/sdif0_spll_lock_q1:CLK
  To:                          CoreResetP_0/sdif0_spll_lock_q2:D
  Delay (ns):                  0.283                                                                           
  Slack (ns):                  0.227                                                                           
  Arrival (ns):                5.576                                                                           
  Required (ns):               5.349                                                                           

Path 56
  From:                        CoreTSE_Webserver_MSS_0/MSS_ADLIB_INST/INST_MSS_075_IP:CLK_CONFIG_APB
  To:                          CoreConfigP_0/pwdata[5]:D
  Delay (ns):                  3.475                                                                           
  Slack (ns):                  0.228                                                                           
  Arrival (ns):                3.475                                                                           
  Required (ns):               3.247                                                                           

Path 57
  From:                        CORETSE_AHB_0/CoreTSE_top_inst/CORETSE_AHBilI/CORETSE_AHBoOooI/CORETSE_AHBi0II/CORETSE_AHBiloI[0]:CLK
  To:                          CORETSE_AHB_0/CoreTSE_top_inst/CORETSE_AHBilI/CORETSE_AHBoOooI/CORETSE_AHBi0II/CORETSE_AHBOoi[0]:D
  Delay (ns):                  0.286                                                                           
  Slack (ns):                  0.230                                                                           
  Arrival (ns):                5.578                                                                           
  Required (ns):               5.348                                                                           

Path 58
  From:                        CORETSE_AHB_0/CoreTSE_top_inst/CORETSE_AHBio0.CORETSE_AHBOi0/CORETSE_AHBIoi0/CORETSE_AHBO011/CORETSE_AHBi101/CORETSE_AHBiIlo:CLK
  To:                          CORETSE_AHB_0/CoreTSE_top_inst/CORETSE_AHBio0.CORETSE_AHBOi0/CORETSE_AHBIoi0/CORETSE_AHBO011/CORETSE_AHBi101/CORETSE_AHBi0I1:D
  Delay (ns):                  0.284                                                                           
  Slack (ns):                  0.230                                                                           
  Arrival (ns):                4.993                                                                           
  Required (ns):               4.763                                                                           

Path 59
  From:                        CORETSE_AHB_0/CoreTSE_top_inst/CORETSE_AHBilI/CORETSE_AHBiOooI/CORETSE_AHBooOo/CORETSE_AHBilio:CLK
  To:                          CORETSE_AHB_0/CoreTSE_top_inst/CORETSE_AHBilI/CORETSE_AHBiOooI/CORETSE_AHBooOo/CORETSE_AHBO0io:D
  Delay (ns):                  0.287                                                                           
  Slack (ns):                  0.230                                                                           
  Arrival (ns):                5.576                                                                           
  Required (ns):               5.346                                                                           

Path 60
  From:                        CORETSE_AHB_0/CoreTSE_top_inst/CORETSE_AHBio0.CORETSE_AHBOi0/CORETSE_AHBIoi0/CORETSE_AHBil11/CORETSE_AHBl1IOI:CLK
  To:                          CORETSE_AHB_0/CoreTSE_top_inst/CORETSE_AHBio0.CORETSE_AHBOi0/CORETSE_AHBIoi0/CORETSE_AHBil11/CORETSE_AHBo1IOI:D
  Delay (ns):                  0.283                                                                           
  Slack (ns):                  0.230                                                                           
  Arrival (ns):                4.964                                                                           
  Required (ns):               4.734                                                                           

Path 61
  From:                        CoreResetP_0/sdif0_areset_n_rcosc_q1:CLK
  To:                          CoreResetP_0/sdif0_areset_n_rcosc:D
  Delay (ns):                  0.283                                                                           
  Slack (ns):                  0.231                                                                           
  Arrival (ns):                5.205                                                                           
  Required (ns):               4.974                                                                           

Path 62
  From:                        CORETSE_AHB_0/CoreTSE_top_inst/CORETSE_AHBIOI[3]:CLK
  To:                          CORETSE_AHB_0/CoreTSE_top_inst/CORETSE_AHBIOI[4]:D
  Delay (ns):                  0.287                                                                           
  Slack (ns):                  0.231                                                                           
  Arrival (ns):                5.020                                                                           
  Required (ns):               4.789                                                                           

Path 63
  From:                        CoreResetP_0/FIC_2_APB_M_PRESET_N_q1:CLK
  To:                          CoreResetP_0/FIC_2_APB_M_PRESET_N_clk_base:D
  Delay (ns):                  0.278                                                                           
  Slack (ns):                  0.232                                                                           
  Arrival (ns):                5.550                                                                           
  Required (ns):               5.318                                                                           

Path 64
  From:                        CORETSE_AHB_0/CoreTSE_top_inst/CORETSE_AHBilI/CORETSE_AHBiOooI/CORETSE_AHBooOo/CORETSE_AHBoioo:CLK
  To:                          CORETSE_AHB_0/CoreTSE_top_inst/CORETSE_AHBilI/CORETSE_AHBiOooI/CORETSE_AHBooOo/CORETSE_AHBiioo:D
  Delay (ns):                  0.290                                                                           
  Slack (ns):                  0.233                                                                           
  Arrival (ns):                5.579                                                                           
  Required (ns):               5.346                                                                           

Path 65
  From:                        CoreResetP_0/count_sdif0_enable_q1:CLK
  To:                          CoreResetP_0/count_sdif0_enable_rcosc:D
  Delay (ns):                  0.286                                                                           
  Slack (ns):                  0.233                                                                           
  Arrival (ns):                5.213                                                                           
  Required (ns):               4.980                                                                           

Path 66
  From:                        CoreTSE_Webserver_MSS_0/MSS_ADLIB_INST/INST_MSS_075_IP:CLK_CONFIG_APB
  To:                          CoreConfigP_0/control_reg_1[0]:EN
  Delay (ns):                  3.458                                                                           
  Slack (ns):                  0.233                                                                           
  Arrival (ns):                3.458                                                                           
  Required (ns):               3.225                                                                           

Path 67
  From:                        CoreTSE_Webserver_MSS_0/MSS_ADLIB_INST/INST_MSS_075_IP:CLK_CONFIG_APB
  To:                          CoreConfigP_0/control_reg_1[1]:EN
  Delay (ns):                  3.458                                                                           
  Slack (ns):                  0.233                                                                           
  Arrival (ns):                3.458                                                                           
  Required (ns):               3.225                                                                           

Path 68
  From:                        CORETSE_AHB_0/CoreTSE_top_inst/CORETSE_AHBilI/CORETSE_AHBoOooI/CORETSE_AHBi0II/CORETSE_AHBiloI[4]:CLK
  To:                          CORETSE_AHB_0/CoreTSE_top_inst/CORETSE_AHBilI/CORETSE_AHBoOooI/CORETSE_AHBi0II/CORETSE_AHBOoi[4]:D
  Delay (ns):                  0.290                                                                           
  Slack (ns):                  0.234                                                                           
  Arrival (ns):                5.582                                                                           
  Required (ns):               5.348                                                                           

Path 69
  From:                        CORETSE_AHB_0/CoreTSE_top_inst/CORETSE_AHBio0.CORETSE_AHBOi0/CORETSE_AHBo1i0/CORETSE_AHBII10:CLK
  To:                          CORETSE_AHB_0/CoreTSE_top_inst/CORETSE_AHBio0.CORETSE_AHBOi0/CORETSE_AHBo1i0/CORETSE_AHBlI10:D
  Delay (ns):                  0.279                                                                           
  Slack (ns):                  0.234                                                                           
  Arrival (ns):                4.991                                                                           
  Required (ns):               4.757                                                                           

Path 70
  From:                        CORETSE_AHB_0/CoreTSE_top_inst/CORETSE_AHBilI/CORETSE_AHBoOooI/CORETSE_AHBi0II/CORETSE_AHBiloI[2]:CLK
  To:                          CORETSE_AHB_0/CoreTSE_top_inst/CORETSE_AHBilI/CORETSE_AHBoOooI/CORETSE_AHBi0II/CORETSE_AHBOoi[2]:D
  Delay (ns):                  0.290                                                                           
  Slack (ns):                  0.234                                                                           
  Arrival (ns):                5.582                                                                           
  Required (ns):               5.348                                                                           

Path 71
  From:                        CORETSE_AHB_0/CoreTSE_top_inst/CORETSE_AHBilI/CORETSE_AHBoOooI/CORETSE_AHBi0II/CORETSE_AHBiloI[6]:CLK
  To:                          CORETSE_AHB_0/CoreTSE_top_inst/CORETSE_AHBilI/CORETSE_AHBoOooI/CORETSE_AHBi0II/CORETSE_AHBOoi[6]:D
  Delay (ns):                  0.283                                                                           
  Slack (ns):                  0.235                                                                           
  Arrival (ns):                5.575                                                                           
  Required (ns):               5.340                                                                           

Path 72
  From:                        CORETSE_AHB_0/CoreTSE_top_inst/CORETSE_AHBilI/CORETSE_AHBiOooI/CORETSE_AHBooOo/CORETSE_AHBO0Oi:CLK
  To:                          CORETSE_AHB_0/CoreTSE_top_inst/CORETSE_AHBilI/CORETSE_AHBiOooI/CORETSE_AHBooOo/CORETSE_AHBl0Oi:D
  Delay (ns):                  0.280                                                                           
  Slack (ns):                  0.235                                                                           
  Arrival (ns):                5.556                                                                           
  Required (ns):               5.321                                                                           

Path 73
  From:                        CORETSE_AHB_0/CoreTSE_top_inst/CORETSE_AHBio0.CORETSE_AHBOi0/CORETSE_AHBlOO1/CORETSE_AHBOi10[4]:CLK
  To:                          CORETSE_AHB_0/CoreTSE_top_inst/CORETSE_AHBio0.CORETSE_AHBOi0/CORETSE_AHBlOO1/CORETSE_AHBlOo0[4]:D
  Delay (ns):                  0.277                                                                           
  Slack (ns):                  0.236                                                                           
  Arrival (ns):                4.960                                                                           
  Required (ns):               4.724                                                                           

Path 74
  From:                        CORETSE_AHB_0/CoreTSE_top_inst/CORETSE_AHBilI/CORETSE_AHBiOooI/CORETSE_AHBooOo/CORETSE_AHBOlOi:CLK
  To:                          CORETSE_AHB_0/CoreTSE_top_inst/CORETSE_AHBilI/CORETSE_AHBiOooI/CORETSE_AHBooOo/CORETSE_AHBI11:D
  Delay (ns):                  0.291                                                                           
  Slack (ns):                  0.236                                                                           
  Arrival (ns):                5.567                                                                           
  Required (ns):               5.331                                                                           

Path 75
  From:                        CORETSE_AHB_0/CoreTSE_top_inst/CORETSE_AHBIOI[2]:CLK
  To:                          CORETSE_AHB_0/CoreTSE_top_inst/CORETSE_AHBIOI[3]:D
  Delay (ns):                  0.284                                                                           
  Slack (ns):                  0.236                                                                           
  Arrival (ns):                5.017                                                                           
  Required (ns):               4.781                                                                           

Path 76
  From:                        CORETSE_AHB_0/CoreTSE_top_inst/CORETSE_AHBio0.CORETSE_AHBOi0/CORETSE_AHBIoi0/CORETSE_AHBol11/CORETSE_AHBioIOI[16]:CLK
  To:                          CORETSE_AHB_0/CoreTSE_top_inst/CORETSE_AHBio0.CORETSE_AHBOi0/CORETSE_AHBIoi0/CORETSE_AHBol11/CORETSE_AHBoOlOI[16]:D
  Delay (ns):                  0.290                                                                           
  Slack (ns):                  0.237                                                                           
  Arrival (ns):                4.974                                                                           
  Required (ns):               4.737                                                                           

Path 77
  From:                        CoreResetP_0/sdif0_areset_n_q1:CLK
  To:                          CoreResetP_0/sm0_areset_n_clk_base:D
  Delay (ns):                  0.287                                                                           
  Slack (ns):                  0.237                                                                           
  Arrival (ns):                5.556                                                                           
  Required (ns):               5.319                                                                           

Path 78
  From:                        CORETSE_AHB_0/CoreTSE_top_inst/CORETSE_AHBilI/CORETSE_AHBoOooI/CORETSE_AHBi0II/CORETSE_AHBi0oI:CLK
  To:                          CORETSE_AHB_0/CoreTSE_top_inst/CORETSE_AHBilI/CORETSE_AHBoOooI/CORETSE_AHBi0II/CORETSE_AHBO1oI:D
  Delay (ns):                  0.290                                                                           
  Slack (ns):                  0.237                                                                           
  Arrival (ns):                5.563                                                                           
  Required (ns):               5.326                                                                           

Path 79
  From:                        CORETSE_AHB_0/CoreTSE_top_inst/CORETSE_AHBilI/CORETSE_AHBoOooI/CORETSE_AHBi0II/CORETSE_AHBlioI[11]:CLK
  To:                          CORETSE_AHB_0/CoreTSE_top_inst/CORETSE_AHBilI/CORETSE_AHBoOooI/CORETSE_AHBi0II/CORETSE_AHBoioI:D
  Delay (ns):                  0.278                                                                           
  Slack (ns):                  0.237                                                                           
  Arrival (ns):                5.573                                                                           
  Required (ns):               5.336                                                                           

Path 80
  From:                        CoreResetP_0/sm0_areset_n_rcosc_q1:CLK
  To:                          CoreResetP_0/sm0_areset_n_rcosc:D
  Delay (ns):                  0.278                                                                           
  Slack (ns):                  0.237                                                                           
  Arrival (ns):                5.205                                                                           
  Required (ns):               4.968                                                                           

Path 81
  From:                        CORETSE_AHB_0/CoreTSE_top_inst/CORETSE_AHBio0.CORETSE_AHBOi0/CORETSE_AHBIoi0/CORETSE_AHBO011/CORETSE_AHBi101/CORETSE_AHBollo:CLK
  To:                          CORETSE_AHB_0/CoreTSE_top_inst/CORETSE_AHBio0.CORETSE_AHBOi0/CORETSE_AHBIoi0/CORETSE_AHBO011/CORETSE_AHBi101/CORETSE_AHBo1I1:D
  Delay (ns):                  0.284                                                                           
  Slack (ns):                  0.237                                                                           
  Arrival (ns):                4.999                                                                           
  Required (ns):               4.762                                                                           

Path 82
  From:                        CoreResetP_0/ddr_settled_q1:CLK
  To:                          CoreResetP_0/ddr_settled_clk_base:D
  Delay (ns):                  0.286                                                                           
  Slack (ns):                  0.237                                                                           
  Arrival (ns):                5.586                                                                           
  Required (ns):               5.349                                                                           

Path 83
  From:                        CoreConfigP_0/INIT_DONE_q1:CLK
  To:                          CoreConfigP_0/INIT_DONE_q2:D
  Delay (ns):                  0.280                                                                           
  Slack (ns):                  0.238                                                                           
  Arrival (ns):                3.479                                                                           
  Required (ns):               3.241                                                                           

Path 84
  From:                        CORETSE_AHB_0/CoreTSE_top_inst/CORETSE_AHBilI/CORETSE_AHBoOooI/CORETSE_AHBI1II/CORETSE_AHBli0I:CLK
  To:                          CORETSE_AHB_0/CoreTSE_top_inst/CORETSE_AHBilI/CORETSE_AHBoOooI/CORETSE_AHBI1II/CORETSE_AHBoi0I:D
  Delay (ns):                  0.280                                                                           
  Slack (ns):                  0.238                                                                           
  Arrival (ns):                5.580                                                                           
  Required (ns):               5.342                                                                           

Path 85
  From:                        CoreTSE_Webserver_MSS_0/MSS_ADLIB_INST/INST_MSS_075_IP:CLK_CONFIG_APB
  To:                          CoreConfigP_0/pwdata[12]:D
  Delay (ns):                  3.479                                                                           
  Slack (ns):                  0.238                                                                           
  Arrival (ns):                3.479                                                                           
  Required (ns):               3.241                                                                           

Path 86
  From:                        CORETSE_AHB_0/CoreTSE_top_inst/CORETSE_AHBio0.CORETSE_AHBOi0/CORETSE_AHBIoi0/CORETSE_AHBol11/CORETSE_AHBioIOI[9]:CLK
  To:                          CORETSE_AHB_0/CoreTSE_top_inst/CORETSE_AHBio0.CORETSE_AHBOi0/CORETSE_AHBIoi0/CORETSE_AHBol11/CORETSE_AHBoOlOI[9]:D
  Delay (ns):                  0.286                                                                           
  Slack (ns):                  0.238                                                                           
  Arrival (ns):                4.987                                                                           
  Required (ns):               4.749                                                                           

Path 87
  From:                        CORETSE_AHB_0/CoreTSE_top_inst/CORETSE_AHBio0.CORETSE_AHBOi0/CORETSE_AHBIoi0/CORETSE_AHBi011/CORETSE_AHBIO0o:CLK
  To:                          CORETSE_AHB_0/CoreTSE_top_inst/CORETSE_AHBio0.CORETSE_AHBOi0/CORETSE_AHBIoi0/CORETSE_AHBi011/CORETSE_AHBlO0o:D
  Delay (ns):                  0.283                                                                           
  Slack (ns):                  0.238                                                                           
  Arrival (ns):                4.995                                                                           
  Required (ns):               4.757                                                                           

Path 88
  From:                        CoreResetP_0/release_sdif1_core_q1:CLK
  To:                          CoreResetP_0/release_sdif1_core_clk_base:D
  Delay (ns):                  0.287                                                                           
  Slack (ns):                  0.239                                                                           
  Arrival (ns):                5.579                                                                           
  Required (ns):               5.340                                                                           

Path 89
  From:                        CORETSE_AHB_0/CoreTSE_top_inst/CORETSE_AHBio0.CORETSE_AHBOi0/CORETSE_AHBIoi0/CORETSE_AHBO011/CORETSE_AHBloO1:CLK
  To:                          CORETSE_AHB_0/CoreTSE_top_inst/CORETSE_AHBio0.CORETSE_AHBOi0/CORETSE_AHBIoi0/CORETSE_AHBO011/CORETSE_AHBloO1:D
  Delay (ns):                  0.288                                                                           
  Slack (ns):                  0.239                                                                           
  Arrival (ns):                5.021                                                                           
  Required (ns):               4.782                                                                           

Path 90
  From:                        CORETSE_AHB_0/CoreTSE_top_inst/CORETSE_AHBilI/CORETSE_AHBoOooI/CORETSE_AHBi0II/CORETSE_AHBo1oI:CLK
  To:                          CORETSE_AHB_0/CoreTSE_top_inst/CORETSE_AHBilI/CORETSE_AHBoOooI/CORETSE_AHBi0II/CORETSE_AHBi1oI:D
  Delay (ns):                  0.279                                                                           
  Slack (ns):                  0.240                                                                           
  Arrival (ns):                5.554                                                                           
  Required (ns):               5.314                                                                           

Path 91
  From:                        CORETSE_AHB_0/CoreTSE_top_inst/CORETSE_AHBilI/CORETSE_AHBoOooI/CORETSE_AHBi0II/CORETSE_AHBOOiI:CLK
  To:                          CORETSE_AHB_0/CoreTSE_top_inst/CORETSE_AHBilI/CORETSE_AHBoOooI/CORETSE_AHBi0II/CORETSE_AHBIOiI:D
  Delay (ns):                  0.280                                                                           
  Slack (ns):                  0.240                                                                           
  Arrival (ns):                5.576                                                                           
  Required (ns):               5.336                                                                           

Path 92
  From:                        CORETSE_AHB_0/CoreTSE_top_inst/CORETSE_AHBIOI[1]:CLK
  To:                          CORETSE_AHB_0/CoreTSE_top_inst/CORETSE_AHBIOI[2]:D
  Delay (ns):                  0.286                                                                           
  Slack (ns):                  0.240                                                                           
  Arrival (ns):                5.021                                                                           
  Required (ns):               4.781                                                                           

Path 93
  From:                        CoreResetP_0/release_sdif3_core_q1:CLK
  To:                          CoreResetP_0/release_sdif3_core_clk_base:D
  Delay (ns):                  0.290                                                                           
  Slack (ns):                  0.241                                                                           
  Arrival (ns):                5.590                                                                           
  Required (ns):               5.349                                                                           

Path 94
  From:                        CORETSE_AHB_0/CoreTSE_top_inst/CORETSE_AHBilI/CORETSE_AHBOlooI.CORETSE_AHBO0ooI/CORETSE_AHBo1li/CORETSE_AHBIl0i:CLK
  To:                          CORETSE_AHB_0/CoreTSE_top_inst/CORETSE_AHBilI/CORETSE_AHBOlooI.CORETSE_AHBO0ooI/CORETSE_AHBo1li/CORETSE_AHBll0i:D
  Delay (ns):                  0.286                                                                           
  Slack (ns):                  0.242                                                                           
  Arrival (ns):                5.555                                                                           
  Required (ns):               5.313                                                                           

Path 95
  From:                        CORETSE_AHB_0/CoreTSE_top_inst/CORETSE_AHBilI/CORETSE_AHBOlooI.CORETSE_AHBolooI/CORETSE_AHBiO0oI.CORETSE_AHBII0oI/CORETSE_AHBIoloI.CORETSE_AHBl1loI[0]:CLK
  To:                          CORETSE_AHB_0/CoreTSE_top_inst/CORETSE_AHBilI/CORETSE_AHBOlooI.CORETSE_AHBolooI/CORETSE_AHBiO0oI.CORETSE_AHBII0oI/CORETSE_AHBIoloI.CORETSE_AHBo1loI[0]:D
  Delay (ns):                  0.290                                                                           
  Slack (ns):                  0.243                                                                           
  Arrival (ns):                5.561                                                                           
  Required (ns):               5.318                                                                           

Path 96
  From:                        CORETSE_AHB_0/CoreTSE_top_inst/CORETSE_AHBio0.CORETSE_AHBOi0/CORETSE_AHBIoi0/CORETSE_AHBi011/CORETSE_AHBIOlII:CLK
  To:                          CORETSE_AHB_0/CoreTSE_top_inst/CORETSE_AHBio0.CORETSE_AHBOi0/CORETSE_AHBIoi0/CORETSE_AHBi011/CORETSE_AHBlOlII:D
  Delay (ns):                  0.288                                                                           
  Slack (ns):                  0.243                                                                           
  Arrival (ns):                4.964                                                                           
  Required (ns):               4.721                                                                           

Path 97
  From:                        CORETSE_AHB_0/CoreTSE_top_inst/CORETSE_AHBio0.CORETSE_AHBOi0/CORETSE_AHBIoi0/CORETSE_AHBil11/CORETSE_AHBolIOI:CLK
  To:                          CORETSE_AHB_0/CoreTSE_top_inst/CORETSE_AHBio0.CORETSE_AHBOi0/CORETSE_AHBIoi0/CORETSE_AHBil11/CORETSE_AHBolIOI:D
  Delay (ns):                  0.292                                                                           
  Slack (ns):                  0.245                                                                           
  Arrival (ns):                4.973                                                                           
  Required (ns):               4.728                                                                           

Path 98
  From:                        CORETSE_AHB_0/CoreTSE_top_inst/CORETSE_AHBio0.CORETSE_AHBOi0/CORETSE_AHBlOO1/CORETSE_AHBOi10[10]:CLK
  To:                          CORETSE_AHB_0/CoreTSE_top_inst/CORETSE_AHBio0.CORETSE_AHBOi0/CORETSE_AHBlOO1/CORETSE_AHBO0o0[2]:D
  Delay (ns):                  0.293                                                                           
  Slack (ns):                  0.245                                                                           
  Arrival (ns):                4.979                                                                           
  Required (ns):               4.734                                                                           

Path 99
  From:                        CoreResetP_0/POWER_ON_RESET_N_q1:CLK
  To:                          CoreResetP_0/POWER_ON_RESET_N_clk_base:D
  Delay (ns):                  0.286                                                                           
  Slack (ns):                  0.245                                                                           
  Arrival (ns):                5.570                                                                           
  Required (ns):               5.325                                                                           

Path 100
  From:                        CORETSE_AHB_0/CoreTSE_top_inst/CORETSE_AHBio0.CORETSE_AHBOi0/CORETSE_AHBIoi0/CORETSE_AHBiI11/CORETSE_AHBlI0II:CLK
  To:                          CORETSE_AHB_0/CoreTSE_top_inst/CORETSE_AHBio0.CORETSE_AHBOi0/CORETSE_AHBIoi0/CORETSE_AHBiI11/CORETSE_AHBlI0II:D
  Delay (ns):                  0.294                                                                           
  Slack (ns):                  0.246                                                                           
  Arrival (ns):                5.019                                                                           
  Required (ns):               4.773                                                                           

