Timing Violation Report Min Delay Analysis

SmartTime Version v11.7 SP1.1
Microsemi Corporation - Microsemi Libero Software Release v11.7 SP1.1 (Version 11.7.1.14)
Date: Wed Oct 19 14:14:22 2016


Design: CoreTSE_Webserver
Family: SmartFusion2
Die: M2S090TS
Package: 484 FBGA
Temperature Range: 0 - 85 C
Voltage Range: 1.14 - 1.26 V
Speed Grade: -1
Design State: Post-Layout
Data source: Production
Min Operating Conditions: BEST - 1.26 V - 0 C
Max Operating Conditions: WORST - 1.14 V - 85 C
Scenario for Timing Analysis: timing_analysis


Path 1
  From:                        SERDES_IF2_0/SERDESIF_INST/INST_SERDESIF_IP:EPCS_RXCLK[1]
  To:                          CORETSE_AHB_0/CoreTSE_top_inst/CORETSE_AHBio0.CORETSE_AHBOi0/CORETSE_AHBIoi0/CORETSE_AHBol11/CORETSE_AHBioIOI[14]:D
  Delay (ns):                  2.789                                                                           
  Slack (ns):                  0.182                                                                           
  Arrival (ns):                2.789                                                                           
  Required (ns):               2.607                                                                           

Path 2
  From:                        SERDES_IF2_0/SERDESIF_INST/INST_SERDESIF_IP:EPCS_RXCLK[1]
  To:                          CORETSE_AHB_0/CoreTSE_top_inst/CORETSE_AHBio0.CORETSE_AHBOi0/CORETSE_AHBIoi0/CORETSE_AHBol11/CORETSE_AHBioIOI[19]:D
  Delay (ns):                  2.794                                                                           
  Slack (ns):                  0.196                                                                           
  Arrival (ns):                2.794                                                                           
  Required (ns):               2.598                                                                           

Path 3
  From:                        CORETSE_AHB_0/CoreTSE_top_inst/CORETSE_AHBio0.CORETSE_AHBOi0/CORETSE_AHBOoi0/CORETSE_AHBo110:CLK
  To:                          CORETSE_AHB_0/CoreTSE_top_inst/CORETSE_AHBilI/CORETSE_AHBiOooI/CORETSE_AHBl1Oo/CORETSE_AHBIOlo/CORETSE_AHBoi1II:D
  Delay (ns):                  2.776                                                                           
  Slack (ns):                  0.198                                                                           
  Arrival (ns):                7.251                                                                           
  Required (ns):               7.053                                                                           

Path 4
  From:                        CORETSE_AHB_0/CoreTSE_top_inst/CORETSE_AHBio0.CORETSE_AHBOi0/CORETSE_AHBIoi0/CORETSE_AHBO011/CORETSE_AHBi101/CORETSE_AHBl0lo:CLK
  To:                          CORETSE_AHB_0/CoreTSE_top_inst/CORETSE_AHBio0.CORETSE_AHBOi0/CORETSE_AHBIoi0/CORETSE_AHBO011/CORETSE_AHBi101/CORETSE_AHBloI1:D
  Delay (ns):                  0.271                                                                           
  Slack (ns):                  0.224                                                                           
  Arrival (ns):                4.746                                                                           
  Required (ns):               4.522                                                                           

Path 5
  From:                        CORETSE_AHB_0/CoreTSE_top_inst/CORETSE_AHBilI/CORETSE_AHBiOooI/CORETSE_AHBooOo/CORETSE_AHBoioo:CLK
  To:                          CORETSE_AHB_0/CoreTSE_top_inst/CORETSE_AHBilI/CORETSE_AHBiOooI/CORETSE_AHBooOo/CORETSE_AHBiioo:D
  Delay (ns):                  0.283                                                                           
  Slack (ns):                  0.227                                                                           
  Arrival (ns):                3.246                                                                           
  Required (ns):               3.019                                                                           

Path 6
  From:                        CORETSE_AHB_0/CoreTSE_top_inst/CORETSE_AHBilI/CORETSE_AHBoOooI/CORETSE_AHBi0II/CORETSE_AHBiloI[8]:CLK
  To:                          CORETSE_AHB_0/CoreTSE_top_inst/CORETSE_AHBilI/CORETSE_AHBoOooI/CORETSE_AHBi0II/CORETSE_AHBOoi[8]:D
  Delay (ns):                  0.283                                                                           
  Slack (ns):                  0.227                                                                           
  Arrival (ns):                3.253                                                                           
  Required (ns):               3.026                                                                           

Path 7
  From:                        CORETSE_AHB_0/CoreTSE_top_inst/CORETSE_AHBio0.CORETSE_AHBOi0/CORETSE_AHBIoi0/CORETSE_AHBO011/CORETSE_AHBi101/CORETSE_AHBOllo:CLK
  To:                          CORETSE_AHB_0/CoreTSE_top_inst/CORETSE_AHBio0.CORETSE_AHBOi0/CORETSE_AHBIoi0/CORETSE_AHBO011/CORETSE_AHBi101/CORETSE_AHBO1I1:D
  Delay (ns):                  0.283                                                                           
  Slack (ns):                  0.229                                                                           
  Arrival (ns):                4.757                                                                           
  Required (ns):               4.528                                                                           

Path 8
  From:                        CORETSE_AHB_0/CoreTSE_top_inst/CORETSE_AHBio0.CORETSE_AHBOi0/CORETSE_AHBIoi0/CORETSE_AHBil11/CORETSE_AHBiOoi:CLK
  To:                          CORETSE_AHB_0/CoreTSE_top_inst/CORETSE_AHBio0.CORETSE_AHBOi0/CORETSE_AHBIoi0/CORETSE_AHBil11/CORETSE_AHBOIoi:D
  Delay (ns):                  0.278                                                                           
  Slack (ns):                  0.230                                                                           
  Arrival (ns):                2.820                                                                           
  Required (ns):               2.590                                                                           

Path 9
  From:                        CoreResetP_0/sdif0_spll_lock_q1:CLK
  To:                          CoreResetP_0/sdif0_spll_lock_q2:D
  Delay (ns):                  0.287                                                                           
  Slack (ns):                  0.230                                                                           
  Arrival (ns):                3.266                                                                           
  Required (ns):               3.036                                                                           

Path 10
  From:                        CORETSE_AHB_0/CoreTSE_top_inst/CORETSE_AHBilI/CORETSE_AHBoOooI/CORETSE_AHBi0II/CORETSE_AHBiloI[10]:CLK
  To:                          CORETSE_AHB_0/CoreTSE_top_inst/CORETSE_AHBilI/CORETSE_AHBoOooI/CORETSE_AHBi0II/CORETSE_AHBOoi[10]:D
  Delay (ns):                  0.286                                                                           
  Slack (ns):                  0.230                                                                           
  Arrival (ns):                3.256                                                                           
  Required (ns):               3.026                                                                           

Path 11
  From:                        CORETSE_AHB_0/CoreTSE_top_inst/CORETSE_AHBilI/CORETSE_AHBoOooI/CORETSE_AHBi0II/CORETSE_AHBo1oI:CLK
  To:                          CORETSE_AHB_0/CoreTSE_top_inst/CORETSE_AHBilI/CORETSE_AHBoOooI/CORETSE_AHBi0II/CORETSE_AHBi1oI:D
  Delay (ns):                  0.287                                                                           
  Slack (ns):                  0.231                                                                           
  Arrival (ns):                3.251                                                                           
  Required (ns):               3.020                                                                           

Path 12
  From:                        CORETSE_AHB_0/CoreTSE_top_inst/CORETSE_AHBIOI[3]:CLK
  To:                          CORETSE_AHB_0/CoreTSE_top_inst/CORETSE_AHBIOI[4]:D
  Delay (ns):                  0.279                                                                           
  Slack (ns):                  0.231                                                                           
  Arrival (ns):                4.745                                                                           
  Required (ns):               4.514                                                                           

Path 13
  From:                        CoreConfigP_0/SDIF_RELEASED_q1:CLK
  To:                          CoreConfigP_0/SDIF_RELEASED_q2:D
  Delay (ns):                  0.286                                                                           
  Slack (ns):                  0.231                                                                           
  Arrival (ns):                3.432                                                                           
  Required (ns):               3.201                                                                           

Path 14
  From:                        CoreResetP_0/POWER_ON_RESET_N_q1:CLK
  To:                          CoreResetP_0/POWER_ON_RESET_N_clk_base:D
  Delay (ns):                  0.271                                                                           
  Slack (ns):                  0.231                                                                           
  Arrival (ns):                3.239                                                                           
  Required (ns):               3.008                                                                           

Path 15
  From:                        CoreResetP_0/sm0_state[0]:CLK
  To:                          CoreResetP_0/sm0_state[1]:D
  Delay (ns):                  0.289                                                                           
  Slack (ns):                  0.232                                                                           
  Arrival (ns):                3.265                                                                           
  Required (ns):               3.033                                                                           

Path 16
  From:                        CORETSE_AHB_0/CoreTSE_top_inst/CORETSE_AHBio0.CORETSE_AHBOi0/CORETSE_AHBIoi0/CORETSE_AHBiI11/CORETSE_AHBollII[6]:CLK
  To:                          CORETSE_AHB_0/CoreTSE_top_inst/CORETSE_AHBio0.CORETSE_AHBOi0/CORETSE_AHBIoi0/CORETSE_AHBiI11/CORETSE_AHBOI1II[6]:D
  Delay (ns):                  0.287                                                                           
  Slack (ns):                  0.232                                                                           
  Arrival (ns):                4.774                                                                           
  Required (ns):               4.542                                                                           

Path 17
  From:                        CORETSE_AHB_0/CoreTSE_top_inst/CORETSE_AHBio0.CORETSE_AHBOi0/CORETSE_AHBIoi0/CORETSE_AHBi011/CORETSE_AHBIOlII:CLK
  To:                          CORETSE_AHB_0/CoreTSE_top_inst/CORETSE_AHBio0.CORETSE_AHBOi0/CORETSE_AHBIoi0/CORETSE_AHBi011/CORETSE_AHBlOlII:D
  Delay (ns):                  0.280                                                                           
  Slack (ns):                  0.234                                                                           
  Arrival (ns):                2.809                                                                           
  Required (ns):               2.575                                                                           

Path 18
  From:                        CORETSE_AHB_0/CoreTSE_top_inst/CORETSE_AHBio0.CORETSE_AHBOi0/CORETSE_AHBIoi0/CORETSE_AHBi011/CORETSE_AHBoiIII:CLK
  To:                          CORETSE_AHB_0/CoreTSE_top_inst/CORETSE_AHBio0.CORETSE_AHBOi0/CORETSE_AHBIoi0/CORETSE_AHBi011/CORETSE_AHBiiIII:D
  Delay (ns):                  0.274                                                                           
  Slack (ns):                  0.234                                                                           
  Arrival (ns):                2.822                                                                           
  Required (ns):               2.588                                                                           

Path 19
  From:                        CORETSE_AHB_0/CoreTSE_top_inst/CORETSE_AHBio0.CORETSE_AHBOi0/CORETSE_AHBIoi0/CORETSE_AHBO011/CORETSE_AHBi101/CORETSE_AHBIllo:CLK
  To:                          CORETSE_AHB_0/CoreTSE_top_inst/CORETSE_AHBio0.CORETSE_AHBOi0/CORETSE_AHBIoi0/CORETSE_AHBO011/CORETSE_AHBi101/CORETSE_AHBI1I1:D
  Delay (ns):                  0.283                                                                           
  Slack (ns):                  0.234                                                                           
  Arrival (ns):                4.770                                                                           
  Required (ns):               4.536                                                                           

Path 20
  From:                        CORETSE_AHB_0/CoreTSE_top_inst/CORETSE_AHBilI/CORETSE_AHBoOooI/CORETSE_AHBi0II/CORETSE_AHBiloI[11]:CLK
  To:                          CORETSE_AHB_0/CoreTSE_top_inst/CORETSE_AHBilI/CORETSE_AHBoOooI/CORETSE_AHBi0II/CORETSE_AHBOoi[11]:D
  Delay (ns):                  0.290                                                                           
  Slack (ns):                  0.234                                                                           
  Arrival (ns):                3.260                                                                           
  Required (ns):               3.026                                                                           

Path 21
  From:                        CORETSE_AHB_0/CoreTSE_top_inst/CORETSE_AHBio0.CORETSE_AHBOi0/CORETSE_AHBIoi0/CORETSE_AHBO011/CORETSE_AHBi101/CORETSE_AHBiIlo:CLK
  To:                          CORETSE_AHB_0/CoreTSE_top_inst/CORETSE_AHBio0.CORETSE_AHBOi0/CORETSE_AHBIoi0/CORETSE_AHBO011/CORETSE_AHBi101/CORETSE_AHBi0I1:D
  Delay (ns):                  0.283                                                                           
  Slack (ns):                  0.234                                                                           
  Arrival (ns):                4.771                                                                           
  Required (ns):               4.537                                                                           

Path 22
  From:                        CORETSE_AHB_0/CoreTSE_top_inst/CORETSE_AHBio0.CORETSE_AHBOi0/CORETSE_AHBIoi0/CORETSE_AHBiI11/CORETSE_AHBollII[0]:CLK
  To:                          CORETSE_AHB_0/CoreTSE_top_inst/CORETSE_AHBio0.CORETSE_AHBOi0/CORETSE_AHBIoi0/CORETSE_AHBiI11/CORETSE_AHBOI1II[0]:D
  Delay (ns):                  0.283                                                                           
  Slack (ns):                  0.234                                                                           
  Arrival (ns):                4.775                                                                           
  Required (ns):               4.541                                                                           

Path 23
  From:                        CoreResetP_0/release_sdif3_core_q1:CLK
  To:                          CoreResetP_0/release_sdif3_core_clk_base:D
  Delay (ns):                  0.287                                                                           
  Slack (ns):                  0.235                                                                           
  Arrival (ns):                3.252                                                                           
  Required (ns):               3.017                                                                           

Path 24
  From:                        CoreResetP_0/sdif2_areset_n_rcosc_q1:CLK
  To:                          CoreResetP_0/sdif2_areset_n_rcosc:D
  Delay (ns):                  0.286                                                                           
  Slack (ns):                  0.235                                                                           
  Arrival (ns):                3.619                                                                           
  Required (ns):               3.384                                                                           

Path 25
  From:                        CORETSE_AHB_0/CoreTSE_top_inst/CORETSE_AHBilI/CORETSE_AHBoOooI/CORETSE_AHBI1II/CORETSE_AHBi10I:CLK
  To:                          CORETSE_AHB_0/CoreTSE_top_inst/CORETSE_AHBilI/CORETSE_AHBoOooI/CORETSE_AHBI1II/CORETSE_AHBo10I:D
  Delay (ns):                  0.283                                                                           
  Slack (ns):                  0.236                                                                           
  Arrival (ns):                3.231                                                                           
  Required (ns):               2.995                                                                           

Path 26
  From:                        CORETSE_AHB_0/CoreTSE_top_inst/CORETSE_AHBio0.CORETSE_AHBOi0/CORETSE_AHBIoi0/CORETSE_AHBO011/CORETSE_AHBi101/CORETSE_AHBoIlo:CLK
  To:                          CORETSE_AHB_0/CoreTSE_top_inst/CORETSE_AHBio0.CORETSE_AHBOi0/CORETSE_AHBIoi0/CORETSE_AHBO011/CORETSE_AHBi101/CORETSE_AHBo101:D
  Delay (ns):                  0.278                                                                           
  Slack (ns):                  0.236                                                                           
  Arrival (ns):                4.765                                                                           
  Required (ns):               4.529                                                                           

Path 27
  From:                        CORETSE_AHB_0/CoreTSE_top_inst/CORETSE_AHBio0.CORETSE_AHBOi0/CORETSE_AHBIoi0/CORETSE_AHBol11/CORETSE_AHBioIOI[10]:CLK
  To:                          CORETSE_AHB_0/CoreTSE_top_inst/CORETSE_AHBio0.CORETSE_AHBOi0/CORETSE_AHBIoi0/CORETSE_AHBol11/CORETSE_AHBoOlOI[10]:D
  Delay (ns):                  0.279                                                                           
  Slack (ns):                  0.237                                                                           
  Arrival (ns):                2.838                                                                           
  Required (ns):               2.601                                                                           

Path 28
  From:                        CoreResetP_0/CONFIG1_DONE_q1:CLK
  To:                          CoreResetP_0/CONFIG1_DONE_clk_base:D
  Delay (ns):                  0.286                                                                           
  Slack (ns):                  0.237                                                                           
  Arrival (ns):                3.273                                                                           
  Required (ns):               3.036                                                                           

Path 29
  From:                        CORETSE_AHB_0/CoreTSE_top_inst/CORETSE_AHBIOI[7]:CLK
  To:                          CORETSE_AHB_0/CoreTSE_top_inst/CORETSE_AHBIOI[8]:D
  Delay (ns):                  0.284                                                                           
  Slack (ns):                  0.237                                                                           
  Arrival (ns):                4.744                                                                           
  Required (ns):               4.507                                                                           

Path 30
  From:                        CoreResetP_0/FIC_2_APB_M_PRESET_N_q1:CLK
  To:                          CoreResetP_0/FIC_2_APB_M_PRESET_N_clk_base:D
  Delay (ns):                  0.279                                                                           
  Slack (ns):                  0.237                                                                           
  Arrival (ns):                3.261                                                                           
  Required (ns):               3.024                                                                           

Path 31
  From:                        CORETSE_AHB_0/CoreTSE_top_inst/CORETSE_AHBio0.CORETSE_AHBOi0/CORETSE_AHBIoi0/CORETSE_AHBil11/CORETSE_AHBi0oi[2]:CLK
  To:                          CORETSE_AHB_0/CoreTSE_top_inst/CORETSE_AHBio0.CORETSE_AHBOi0/CORETSE_AHBIoi0/CORETSE_AHBil11/CORETSE_AHBi0oi[0]:D
  Delay (ns):                  0.280                                                                           
  Slack (ns):                  0.237                                                                           
  Arrival (ns):                2.827                                                                           
  Required (ns):               2.590                                                                           

Path 32
  From:                        CORETSE_AHB_0/CoreTSE_top_inst/CORETSE_AHBilI/CORETSE_AHBoOooI/CORETSE_AHBi0II/CORETSE_AHBI1oI:CLK
  To:                          CORETSE_AHB_0/CoreTSE_top_inst/CORETSE_AHBilI/CORETSE_AHBoOooI/CORETSE_AHBi0II/CORETSE_AHBl1oI:D
  Delay (ns):                  0.290                                                                           
  Slack (ns):                  0.237                                                                           
  Arrival (ns):                3.244                                                                           
  Required (ns):               3.007                                                                           

Path 33
  From:                        CORETSE_AHB_0/CoreTSE_top_inst/CORETSE_AHBio0.CORETSE_AHBOi0/CORETSE_AHBIoi0/CORETSE_AHBol11/CORETSE_AHBioIOI[12]:CLK
  To:                          CORETSE_AHB_0/CoreTSE_top_inst/CORETSE_AHBio0.CORETSE_AHBOi0/CORETSE_AHBIoi0/CORETSE_AHBol11/CORETSE_AHBoOlOI[12]:D
  Delay (ns):                  0.286                                                                           
  Slack (ns):                  0.238                                                                           
  Arrival (ns):                2.842                                                                           
  Required (ns):               2.604                                                                           

Path 34
  From:                        CoreConfigP_0/INIT_DONE_q1:CLK
  To:                          CoreConfigP_0/INIT_DONE_q2:D
  Delay (ns):                  0.286                                                                           
  Slack (ns):                  0.238                                                                           
  Arrival (ns):                3.440                                                                           
  Required (ns):               3.202                                                                           

Path 35
  From:                        CORETSE_AHB_0/CoreTSE_top_inst/CORETSE_AHBilI/CORETSE_AHBoOooI/CORETSE_AHBI1II/CORETSE_AHBli0I:CLK
  To:                          CORETSE_AHB_0/CoreTSE_top_inst/CORETSE_AHBilI/CORETSE_AHBoOooI/CORETSE_AHBI1II/CORETSE_AHBoi0I:D
  Delay (ns):                  0.286                                                                           
  Slack (ns):                  0.238                                                                           
  Arrival (ns):                3.256                                                                           
  Required (ns):               3.018                                                                           

Path 36
  From:                        CORETSE_AHB_0/CoreTSE_top_inst/CORETSE_AHBilI/CORETSE_AHBoOooI/CORETSE_AHBi0II/CORETSE_AHBiloI[0]:CLK
  To:                          CORETSE_AHB_0/CoreTSE_top_inst/CORETSE_AHBilI/CORETSE_AHBoOooI/CORETSE_AHBi0II/CORETSE_AHBOoi[0]:D
  Delay (ns):                  0.278                                                                           
  Slack (ns):                  0.238                                                                           
  Arrival (ns):                3.255                                                                           
  Required (ns):               3.017                                                                           

Path 37
  From:                        CORETSE_AHB_0/CoreTSE_top_inst/CORETSE_AHBio0.CORETSE_AHBOi0/CORETSE_AHBOoi0/CORETSE_AHBO0i0[0]:CLK
  To:                          CORETSE_AHB_0/CoreTSE_top_inst/CORETSE_AHBio0.CORETSE_AHBOi0/CORETSE_AHBOoi0/CORETSE_AHBO0i0[1]:D
  Delay (ns):                  0.286                                                                           
  Slack (ns):                  0.238                                                                           
  Arrival (ns):                4.773                                                                           
  Required (ns):               4.535                                                                           

Path 38
  From:                        CoreResetP_0/sm0_state[6]:CLK
  To:                          CoreResetP_0/INIT_DONE_int:EN
  Delay (ns):                  0.295                                                                           
  Slack (ns):                  0.238                                                                           
  Arrival (ns):                3.271                                                                           
  Required (ns):               3.033                                                                           

Path 39
  From:                        CORETSE_AHB_0/CoreTSE_top_inst/CORETSE_AHBio0.CORETSE_AHBOi0/CORETSE_AHBIoi0/CORETSE_AHBil11/CORETSE_AHBOii0[1]:CLK
  To:                          CORETSE_AHB_0/CoreTSE_top_inst/CORETSE_AHBio0.CORETSE_AHBOi0/CORETSE_AHBlOO1/CORETSE_AHBOi10[1]:D
  Delay (ns):                  0.286                                                                           
  Slack (ns):                  0.238                                                                           
  Arrival (ns):                2.823                                                                           
  Required (ns):               2.585                                                                           

Path 40
  From:                        CORETSE_AHB_0/CoreTSE_top_inst/CORETSE_AHBio0.CORETSE_AHBOi0/CORETSE_AHBIoi0/CORETSE_AHBol11/CORETSE_AHBioIOI[9]:CLK
  To:                          CORETSE_AHB_0/CoreTSE_top_inst/CORETSE_AHBio0.CORETSE_AHBOi0/CORETSE_AHBIoi0/CORETSE_AHBol11/CORETSE_AHBoOlOI[9]:D
  Delay (ns):                  0.286                                                                           
  Slack (ns):                  0.239                                                                           
  Arrival (ns):                2.830                                                                           
  Required (ns):               2.591                                                                           

Path 41
  From:                        CoreResetP_0/sm0_areset_n_rcosc_q1:CLK
  To:                          CoreResetP_0/sm0_areset_n_rcosc:D
  Delay (ns):                  0.283                                                                           
  Slack (ns):                  0.239                                                                           
  Arrival (ns):                3.625                                                                           
  Required (ns):               3.386                                                                           

Path 42
  From:                        CORETSE_AHB_0/CoreTSE_top_inst/CORETSE_AHBio0.CORETSE_AHBOi0/CORETSE_AHBIoi0/CORETSE_AHBol11/CORETSE_AHBioIOI[11]:CLK
  To:                          CORETSE_AHB_0/CoreTSE_top_inst/CORETSE_AHBio0.CORETSE_AHBOi0/CORETSE_AHBIoi0/CORETSE_AHBol11/CORETSE_AHBoOlOI[11]:D
  Delay (ns):                  0.286                                                                           
  Slack (ns):                  0.239                                                                           
  Arrival (ns):                2.836                                                                           
  Required (ns):               2.597                                                                           

Path 43
  From:                        CORETSE_AHB_0/CoreTSE_top_inst/CORETSE_AHBio0.CORETSE_AHBOi0/CORETSE_AHBIoi0/CORETSE_AHBO011/CORETSE_AHBi101/CORETSE_AHBOIlo:CLK
  To:                          CORETSE_AHB_0/CoreTSE_top_inst/CORETSE_AHBio0.CORETSE_AHBOi0/CORETSE_AHBIoi0/CORETSE_AHBO011/CORETSE_AHBi101/CORETSE_AHBO0I1:D
  Delay (ns):                  0.286                                                                           
  Slack (ns):                  0.239                                                                           
  Arrival (ns):                4.762                                                                           
  Required (ns):               4.523                                                                           

Path 44
  From:                        CORETSE_AHB_0/CoreTSE_top_inst/CORETSE_AHBilI/CORETSE_AHBiOooI/CORETSE_AHBlOIo/CORETSE_AHBl00o:CLK
  To:                          CORETSE_AHB_0/CoreTSE_top_inst/CORETSE_AHBilI/CORETSE_AHBiOooI/CORETSE_AHBlOIo/CORETSE_AHBo00o:D
  Delay (ns):                  0.278                                                                           
  Slack (ns):                  0.240                                                                           
  Arrival (ns):                3.229                                                                           
  Required (ns):               2.989                                                                           

Path 45
  From:                        CoreResetP_0/RESET_N_M2F_q1:CLK
  To:                          CoreResetP_0/RESET_N_M2F_clk_base:D
  Delay (ns):                  0.280                                                                           
  Slack (ns):                  0.240                                                                           
  Arrival (ns):                3.248                                                                           
  Required (ns):               3.008                                                                           

Path 46
  From:                        CORETSE_AHB_0/CoreTSE_top_inst/CORETSE_AHBIOI[4]:CLK
  To:                          CORETSE_AHB_0/CoreTSE_top_inst/CORETSE_AHBIOI[5]:D
  Delay (ns):                  0.288                                                                           
  Slack (ns):                  0.240                                                                           
  Arrival (ns):                4.754                                                                           
  Required (ns):               4.514                                                                           

Path 47
  From:                        CORETSE_AHB_0/CoreTSE_top_inst/CORETSE_AHBio0.CORETSE_AHBOi0/CORETSE_AHBIoi0/CORETSE_AHBO011/CORETSE_AHBi101/CORETSE_AHBillo:CLK
  To:                          CORETSE_AHB_0/CoreTSE_top_inst/CORETSE_AHBio0.CORETSE_AHBOi0/CORETSE_AHBIoi0/CORETSE_AHBO011/CORETSE_AHBi101/CORETSE_AHBi1I1:D
  Delay (ns):                  0.288                                                                           
  Slack (ns):                  0.240                                                                           
  Arrival (ns):                4.769                                                                           
  Required (ns):               4.529                                                                           

Path 48
  From:                        CoreResetP_0/SDIF3_PERST_N_q1:CLK
  To:                          CoreResetP_0/SDIF3_PERST_N_q2:D
  Delay (ns):                  0.280                                                                           
  Slack (ns):                  0.240                                                                           
  Arrival (ns):                3.268                                                                           
  Required (ns):               3.028                                                                           

Path 49
  From:                        CoreResetP_0/sdif1_areset_n_rcosc_q1:CLK
  To:                          CoreResetP_0/sdif1_areset_n_rcosc:D
  Delay (ns):                  0.278                                                                           
  Slack (ns):                  0.240                                                                           
  Arrival (ns):                3.628                                                                           
  Required (ns):               3.388                                                                           

Path 50
  From:                        CORETSE_AHB_0/CoreTSE_top_inst/CORETSE_AHBio0.CORETSE_AHBOi0/CORETSE_AHBo1i0/CORETSE_AHBII10:CLK
  To:                          CORETSE_AHB_0/CoreTSE_top_inst/CORETSE_AHBio0.CORETSE_AHBOi0/CORETSE_AHBo1i0/CORETSE_AHBlI10:D
  Delay (ns):                  0.287                                                                           
  Slack (ns):                  0.240                                                                           
  Arrival (ns):                4.766                                                                           
  Required (ns):               4.526                                                                           

Path 51
  From:                        CORETSE_AHB_0/CoreTSE_top_inst/CORETSE_AHBio0.CORETSE_AHBOi0/CORETSE_AHBIoi0/CORETSE_AHBil11/CORETSE_AHBl0oi[18]:CLK
  To:                          CORETSE_AHB_0/CoreTSE_top_inst/CORETSE_AHBio0.CORETSE_AHBOi0/CORETSE_AHBIoi0/CORETSE_AHBil11/CORETSE_AHBl0oi[2]:D
  Delay (ns):                  0.296                                                                           
  Slack (ns):                  0.240                                                                           
  Arrival (ns):                2.828                                                                           
  Required (ns):               2.588                                                                           

Path 52
  From:                        CORETSE_AHB_0/CoreTSE_top_inst/CORETSE_AHBilI/CORETSE_AHBIOooI/CORETSE_AHBOil0/CORETSE_AHBOl0oI[0]:CLK
  To:                          CORETSE_AHB_0/CoreTSE_top_inst/CORETSE_AHBilI/CORETSE_AHBIOooI/CORETSE_AHBOil0/CORETSE_AHBOl0oI[1]:D
  Delay (ns):                  0.280                                                                           
  Slack (ns):                  0.240                                                                           
  Arrival (ns):                3.248                                                                           
  Required (ns):               3.008                                                                           

Path 53
  From:                        CORETSE_AHB_0/CoreTSE_top_inst/CORETSE_AHBIOI[1]:CLK
  To:                          CORETSE_AHB_0/CoreTSE_top_inst/CORETSE_AHBIOI[2]:D
  Delay (ns):                  0.287                                                                           
  Slack (ns):                  0.240                                                                           
  Arrival (ns):                4.747                                                                           
  Required (ns):               4.507                                                                           

Path 54
  From:                        CoreResetP_0/SDIF2_PERST_N_q1:CLK
  To:                          CoreResetP_0/SDIF2_PERST_N_q2:D
  Delay (ns):                  0.290                                                                           
  Slack (ns):                  0.241                                                                           
  Arrival (ns):                3.270                                                                           
  Required (ns):               3.029                                                                           

Path 55
  From:                        CORETSE_AHB_0/CoreTSE_top_inst/CORETSE_AHBilI/CORETSE_AHBiOooI/CORETSE_AHBooOo/CORETSE_AHBiIOi:CLK
  To:                          CORETSE_AHB_0/CoreTSE_top_inst/CORETSE_AHBilI/CORETSE_AHBiOooI/CORETSE_AHBooOo/CORETSE_AHBOlOi:D
  Delay (ns):                  0.287                                                                           
  Slack (ns):                  0.241                                                                           
  Arrival (ns):                3.235                                                                           
  Required (ns):               2.994                                                                           

Path 56
  From:                        CORETSE_AHB_0/CoreTSE_top_inst/CORETSE_AHBIOI[5]:CLK
  To:                          CORETSE_AHB_0/CoreTSE_top_inst/CORETSE_AHBIOI[6]:D
  Delay (ns):                  0.290                                                                           
  Slack (ns):                  0.242                                                                           
  Arrival (ns):                4.756                                                                           
  Required (ns):               4.514                                                                           

Path 57
  From:                        CORETSE_AHB_0/CoreTSE_top_inst/CORETSE_AHBilI/CORETSE_AHBOlooI.CORETSE_AHBO0ooI/CORETSE_AHBo1li/CORETSE_AHBIl0i:CLK
  To:                          CORETSE_AHB_0/CoreTSE_top_inst/CORETSE_AHBilI/CORETSE_AHBOlooI.CORETSE_AHBO0ooI/CORETSE_AHBo1li/CORETSE_AHBll0i:D
  Delay (ns):                  0.286                                                                           
  Slack (ns):                  0.242                                                                           
  Arrival (ns):                3.222                                                                           
  Required (ns):               2.980                                                                           

Path 58
  From:                        CoreResetP_0/ddr_settled_q1:CLK
  To:                          CoreResetP_0/ddr_settled_clk_base:D
  Delay (ns):                  0.290                                                                           
  Slack (ns):                  0.242                                                                           
  Arrival (ns):                3.269                                                                           
  Required (ns):               3.027                                                                           

Path 59
  From:                        CORETSE_AHB_0/CoreTSE_top_inst/CORETSE_AHBIOI[6]:CLK
  To:                          CORETSE_AHB_0/CoreTSE_top_inst/CORETSE_AHBIOI[7]:D
  Delay (ns):                  0.284                                                                           
  Slack (ns):                  0.243                                                                           
  Arrival (ns):                4.750                                                                           
  Required (ns):               4.507                                                                           

Path 60
  From:                        CORETSE_AHB_0/CoreTSE_top_inst/CORETSE_AHBio0.CORETSE_AHBOi0/CORETSE_AHBIoi0/CORETSE_AHBol11/CORETSE_AHBioIOI[7]:CLK
  To:                          CORETSE_AHB_0/CoreTSE_top_inst/CORETSE_AHBio0.CORETSE_AHBOi0/CORETSE_AHBIoi0/CORETSE_AHBol11/CORETSE_AHBoOlOI[7]:D
  Delay (ns):                  0.284                                                                           
  Slack (ns):                  0.243                                                                           
  Arrival (ns):                2.840                                                                           
  Required (ns):               2.597                                                                           

Path 61
  From:                        CoreResetP_0/sdif0_areset_n_rcosc_q1:CLK
  To:                          CoreResetP_0/sdif0_areset_n_rcosc:D
  Delay (ns):                  0.288                                                                           
  Slack (ns):                  0.243                                                                           
  Arrival (ns):                3.636                                                                           
  Required (ns):               3.393                                                                           

Path 62
  From:                        CORETSE_AHB_0/CoreTSE_top_inst/CORETSE_AHBio0.CORETSE_AHBOi0/CORETSE_AHBIoi0/CORETSE_AHBO011/CORETSE_AHBi101/CORETSE_AHBollo:CLK
  To:                          CORETSE_AHB_0/CoreTSE_top_inst/CORETSE_AHBio0.CORETSE_AHBOi0/CORETSE_AHBIoi0/CORETSE_AHBO011/CORETSE_AHBi101/CORETSE_AHBo1I1:D
  Delay (ns):                  0.284                                                                           
  Slack (ns):                  0.243                                                                           
  Arrival (ns):                4.761                                                                           
  Required (ns):               4.518                                                                           

Path 63
  From:                        CORETSE_AHB_0/CoreTSE_top_inst/CORETSE_AHBilI/CORETSE_AHBoOooI/CORETSE_AHBI1II/CORETSE_AHBl10I:CLK
  To:                          CORETSE_AHB_0/CoreTSE_top_inst/CORETSE_AHBilI/CORETSE_AHBoOooI/CORETSE_AHBI1II/CORETSE_AHBI10I:D
  Delay (ns):                  0.290                                                                           
  Slack (ns):                  0.244                                                                           
  Arrival (ns):                3.238                                                                           
  Required (ns):               2.994                                                                           

Path 64
  From:                        CORETSE_AHB_0/CoreTSE_top_inst/CORETSE_AHBio0.CORETSE_AHBOi0/CORETSE_AHBIoi0/CORETSE_AHBi011/CORETSE_AHBIO0o:CLK
  To:                          CORETSE_AHB_0/CoreTSE_top_inst/CORETSE_AHBio0.CORETSE_AHBOi0/CORETSE_AHBIoi0/CORETSE_AHBi011/CORETSE_AHBlO0o:D
  Delay (ns):                  0.284                                                                           
  Slack (ns):                  0.244                                                                           
  Arrival (ns):                4.756                                                                           
  Required (ns):               4.512                                                                           

Path 65
  From:                        CORETSE_AHB_0/CoreTSE_top_inst/CORETSE_AHBio0.CORETSE_AHBOi0/CORETSE_AHBIoi0/CORETSE_AHBil11/CORETSE_AHBl1IOI:CLK
  To:                          CORETSE_AHB_0/CoreTSE_top_inst/CORETSE_AHBio0.CORETSE_AHBOi0/CORETSE_AHBIoi0/CORETSE_AHBil11/CORETSE_AHBo1IOI:D
  Delay (ns):                  0.291                                                                           
  Slack (ns):                  0.244                                                                           
  Arrival (ns):                2.827                                                                           
  Required (ns):               2.583                                                                           

Path 66
  From:                        CORETSE_AHB_0/CoreTSE_top_inst/CORETSE_AHBio0.CORETSE_AHBOi0/CORETSE_AHBIoi0/CORETSE_AHBO011/CORETSE_AHBi101/CORETSE_AHBlIlo:CLK
  To:                          CORETSE_AHB_0/CoreTSE_top_inst/CORETSE_AHBio0.CORETSE_AHBOi0/CORETSE_AHBIoi0/CORETSE_AHBO011/CORETSE_AHBi101/CORETSE_AHBo0I1:D
  Delay (ns):                  0.286                                                                           
  Slack (ns):                  0.244                                                                           
  Arrival (ns):                4.773                                                                           
  Required (ns):               4.529                                                                           

Path 67
  From:                        CORETSE_AHB_0/CoreTSE_top_inst/CORETSE_AHBilI/CORETSE_AHBOlooI.CORETSE_AHBilooI/CORETSE_AHBiO0oI.CORETSE_AHBII0oI/CORETSE_AHBIoloI.CORETSE_AHBl1loI[0]:CLK
  To:                          CORETSE_AHB_0/CoreTSE_top_inst/CORETSE_AHBilI/CORETSE_AHBOlooI.CORETSE_AHBilooI/CORETSE_AHBiO0oI.CORETSE_AHBII0oI/CORETSE_AHBIoloI.CORETSE_AHBo1loI[0]:D
  Delay (ns):                  0.286                                                                           
  Slack (ns):                  0.245                                                                           
  Arrival (ns):                3.260                                                                           
  Required (ns):               3.015                                                                           

Path 68
  From:                        CoreResetP_0/SDIF1_PERST_N_q1:CLK
  To:                          CoreResetP_0/SDIF1_PERST_N_q2:D
  Delay (ns):                  0.286                                                                           
  Slack (ns):                  0.246                                                                           
  Arrival (ns):                3.274                                                                           
  Required (ns):               3.028                                                                           

Path 69
  From:                        CORETSE_AHB_0/CoreTSE_top_inst/CORETSE_AHBilI/CORETSE_AHBIOooI/CORETSE_AHBOil0/CORETSE_AHBi0l0:CLK
  To:                          CORETSE_AHB_0/CoreTSE_top_inst/CORETSE_AHBilI/CORETSE_AHBOlooI.CORETSE_AHBO0ooI/CORETSE_AHBo1li/CORETSE_AHBlI0i:D
  Delay (ns):                  0.288                                                                           
  Slack (ns):                  0.247                                                                           
  Arrival (ns):                3.255                                                                           
  Required (ns):               3.008                                                                           

Path 70
  From:                        CORETSE_AHB_0/CoreTSE_top_inst/CORETSE_AHBilI/CORETSE_AHBoOooI/CORETSE_AHBi0II/CORETSE_AHBlioI[11]:CLK
  To:                          CORETSE_AHB_0/CoreTSE_top_inst/CORETSE_AHBilI/CORETSE_AHBoOooI/CORETSE_AHBi0II/CORETSE_AHBoioI:D
  Delay (ns):                  0.286                                                                           
  Slack (ns):                  0.247                                                                           
  Arrival (ns):                3.262                                                                           
  Required (ns):               3.015                                                                           

Path 71
  From:                        CORETSE_AHB_0/CoreTSE_top_inst/CORETSE_AHBio0.CORETSE_AHBOi0/CORETSE_AHBIoi0/CORETSE_AHBiI11/CORETSE_AHBollII[1]:CLK
  To:                          CORETSE_AHB_0/CoreTSE_top_inst/CORETSE_AHBio0.CORETSE_AHBOi0/CORETSE_AHBIoi0/CORETSE_AHBiI11/CORETSE_AHBOI1II[1]:D
  Delay (ns):                  0.288                                                                           
  Slack (ns):                  0.247                                                                           
  Arrival (ns):                4.788                                                                           
  Required (ns):               4.541                                                                           

Path 72
  From:                        CORETSE_AHB_0/CoreTSE_top_inst/CORETSE_AHBilI/CORETSE_AHBoOooI/CORETSE_AHBi0II/CORETSE_AHBOOiI:CLK
  To:                          CORETSE_AHB_0/CoreTSE_top_inst/CORETSE_AHBilI/CORETSE_AHBoOooI/CORETSE_AHBi0II/CORETSE_AHBIOiI:D
  Delay (ns):                  0.286                                                                           
  Slack (ns):                  0.247                                                                           
  Arrival (ns):                3.236                                                                           
  Required (ns):               2.989                                                                           

Path 73
  From:                        CORETSE_AHB_0/CoreTSE_top_inst/CORETSE_AHBio0.CORETSE_AHBOi0/CORETSE_AHBOoi0/CORETSE_AHBI0i0[3]:CLK
  To:                          CORETSE_AHB_0/CoreTSE_top_inst/CORETSE_AHBio0.CORETSE_AHBOi0/CORETSE_AHBIoi0/CORETSE_AHBiI11/CORETSE_AHBollII[3]:D
  Delay (ns):                  0.293                                                                           
  Slack (ns):                  0.248                                                                           
  Arrival (ns):                4.768                                                                           
  Required (ns):               4.520                                                                           

Path 74
  From:                        CORETSE_AHB_0/CoreTSE_top_inst/CORETSE_AHBio0.CORETSE_AHBOi0/CORETSE_AHBIoi0/CORETSE_AHBol11/CORETSE_AHBioIOI[8]:CLK
  To:                          CORETSE_AHB_0/CoreTSE_top_inst/CORETSE_AHBio0.CORETSE_AHBOi0/CORETSE_AHBIoi0/CORETSE_AHBol11/CORETSE_AHBoOlOI[8]:D
  Delay (ns):                  0.295                                                                           
  Slack (ns):                  0.249                                                                           
  Arrival (ns):                2.832                                                                           
  Required (ns):               2.583                                                                           

Path 75
  From:                        CORETSE_AHB_0/CoreTSE_top_inst/CORETSE_AHBio0.CORETSE_AHBOi0/CORETSE_AHBlOO1/CORETSE_AHBOi10[15]:CLK
  To:                          CORETSE_AHB_0/CoreTSE_top_inst/CORETSE_AHBio0.CORETSE_AHBOi0/CORETSE_AHBlOO1/CORETSE_AHBOIo0[7]:D
  Delay (ns):                  0.302                                                                           
  Slack (ns):                  0.249                                                                           
  Arrival (ns):                2.837                                                                           
  Required (ns):               2.588                                                                           

Path 76
  From:                        CORETSE_AHB_0/CoreTSE_top_inst/CORETSE_AHBilI/CORETSE_AHBoOooI/CORETSE_AHBi0II/CORETSE_AHBiloI[7]:CLK
  To:                          CORETSE_AHB_0/CoreTSE_top_inst/CORETSE_AHBilI/CORETSE_AHBoOooI/CORETSE_AHBi0II/CORETSE_AHBOoi[7]:D
  Delay (ns):                  0.290                                                                           
  Slack (ns):                  0.251                                                                           
  Arrival (ns):                3.268                                                                           
  Required (ns):               3.017                                                                           

Path 77
  From:                        CORETSE_AHB_0/CoreTSE_top_inst/CORETSE_AHBio0.CORETSE_AHBOi0/CORETSE_AHBIoi0/CORETSE_AHBO011/CORETSE_AHBl1l1[3]:CLK
  To:                          CORETSE_AHB_0/CoreTSE_top_inst/CORETSE_AHBio0.CORETSE_AHBOi0/CORETSE_AHBIoi0/CORETSE_AHBO011/CORETSE_AHBlI01[3]:D
  Delay (ns):                  0.293                                                                           
  Slack (ns):                  0.251                                                                           
  Arrival (ns):                4.773                                                                           
  Required (ns):               4.522                                                                           

Path 78
  From:                        CORETSE_AHB_0/CoreTSE_top_inst/CORETSE_AHBio0.CORETSE_AHBOi0/CORETSE_AHBIoi0/CORETSE_AHBiI11/CORETSE_AHBoO0II:CLK
  To:                          CORETSE_AHB_0/CoreTSE_top_inst/CORETSE_AHBio0.CORETSE_AHBOi0/CORETSE_AHBIoi0/CORETSE_AHBiI11/CORETSE_AHBOI0II:D
  Delay (ns):                  0.308                                                                           
  Slack (ns):                  0.251                                                                           
  Arrival (ns):                4.794                                                                           
  Required (ns):               4.543                                                                           

Path 79
  From:                        CORETSE_AHB_0/CoreTSE_top_inst/CORETSE_AHBio0.CORETSE_AHBOi0/CORETSE_AHBIoi0/CORETSE_AHBO011/CORETSE_AHBi101/CORETSE_AHBIIlo:CLK
  To:                          CORETSE_AHB_0/CoreTSE_top_inst/CORETSE_AHBio0.CORETSE_AHBOi0/CORETSE_AHBIoi0/CORETSE_AHBO011/CORETSE_AHBi101/CORETSE_AHBl0I1:D
  Delay (ns):                  0.290                                                                           
  Slack (ns):                  0.251                                                                           
  Arrival (ns):                4.756                                                                           
  Required (ns):               4.505                                                                           

Path 80
  From:                        CORETSE_AHB_0/CoreTSE_top_inst/CORETSE_AHBio0.CORETSE_AHBOi0/CORETSE_AHBlOO1/CORETSE_AHBOi10[9]:CLK
  To:                          CORETSE_AHB_0/CoreTSE_top_inst/CORETSE_AHBio0.CORETSE_AHBOi0/CORETSE_AHBlOO1/CORETSE_AHBOIo0[1]:D
  Delay (ns):                  0.299                                                                           
  Slack (ns):                  0.251                                                                           
  Arrival (ns):                2.839                                                                           
  Required (ns):               2.588                                                                           

Path 81
  From:                        CoreResetP_0/sdif0_areset_n_q1:CLK
  To:                          CoreResetP_0/sdif0_areset_n_clk_base:D
  Delay (ns):                  0.290                                                                           
  Slack (ns):                  0.252                                                                           
  Arrival (ns):                3.249                                                                           
  Required (ns):               2.997                                                                           

Path 82
  From:                        CORETSE_AHB_0/CoreTSE_top_inst/CORETSE_AHBilI/CORETSE_AHBiOooI/CORETSE_AHBooOo/CORETSE_AHBiIio:CLK
  To:                          CORETSE_AHB_0/CoreTSE_top_inst/CORETSE_AHBilI/CORETSE_AHBiOooI/CORETSE_AHBooOo/CORETSE_AHBOlio:D
  Delay (ns):                  0.292                                                                           
  Slack (ns):                  0.253                                                                           
  Arrival (ns):                3.260                                                                           
  Required (ns):               3.007                                                                           

Path 83
  From:                        CORETSE_AHB_0/CoreTSE_top_inst/CORETSE_AHBio0.CORETSE_AHBOi0/CORETSE_AHBlOO1/CORETSE_AHBOi10[3]:CLK
  To:                          CORETSE_AHB_0/CoreTSE_top_inst/CORETSE_AHBio0.CORETSE_AHBOi0/CORETSE_AHBlOO1/CORETSE_AHBOlo0[3]:D
  Delay (ns):                  0.301                                                                           
  Slack (ns):                  0.253                                                                           
  Arrival (ns):                2.842                                                                           
  Required (ns):               2.589                                                                           

Path 84
  From:                        CORETSE_AHB_0/CoreTSE_top_inst/CORETSE_AHBio0.CORETSE_AHBOi0/CORETSE_AHBlOO1/CORETSE_AHBOi10[6]:CLK
  To:                          CORETSE_AHB_0/CoreTSE_top_inst/CORETSE_AHBio0.CORETSE_AHBOi0/CORETSE_AHBlOO1/CORETSE_AHBoIo0[6]:D
  Delay (ns):                  0.293                                                                           
  Slack (ns):                  0.253                                                                           
  Arrival (ns):                2.841                                                                           
  Required (ns):               2.588                                                                           

Path 85
  From:                        CORETSE_AHB_0/CoreTSE_top_inst/CORETSE_AHBio0.CORETSE_AHBOi0/CORETSE_AHBIoi0/CORETSE_AHBO011/CORETSE_AHBi101/CORETSE_AHBI0lo:CLK
  To:                          CORETSE_AHB_0/CoreTSE_top_inst/CORETSE_AHBio0.CORETSE_AHBOi0/CORETSE_AHBIoi0/CORETSE_AHBO011/CORETSE_AHBi101/CORETSE_AHBIoI1:D
  Delay (ns):                  0.294                                                                           
  Slack (ns):                  0.253                                                                           
  Arrival (ns):                4.790                                                                           
  Required (ns):               4.537                                                                           

Path 86
  From:                        CoreResetP_0/SDIF0_PERST_N_q2:CLK
  To:                          CoreResetP_0/SDIF0_PERST_N_q3:D
  Delay (ns):                  0.303                                                                           
  Slack (ns):                  0.254                                                                           
  Arrival (ns):                3.285                                                                           
  Required (ns):               3.031                                                                           

Path 87
  From:                        CORETSE_AHB_0/CoreTSE_top_inst/CORETSE_AHBio0.CORETSE_AHBOi0/CORETSE_AHBlOO1/CORETSE_AHBOi10[15]:CLK
  To:                          CORETSE_AHB_0/CoreTSE_top_inst/CORETSE_AHBio0.CORETSE_AHBOi0/CORETSE_AHBlOO1/CORETSE_AHBolo0[7]:D
  Delay (ns):                  0.302                                                                           
  Slack (ns):                  0.255                                                                           
  Arrival (ns):                2.837                                                                           
  Required (ns):               2.582                                                                           

Path 88
  From:                        CORETSE_AHB_0/CoreTSE_top_inst/CORETSE_AHBilI/CORETSE_AHBiOooI/CORETSE_AHBooOo/CORETSE_AHBO0io:CLK
  To:                          CORETSE_AHB_0/CoreTSE_top_inst/CORETSE_AHBilI/CORETSE_AHBiOooI/CORETSE_AHBooOo/CORETSE_AHBI0io:D
  Delay (ns):                  0.295                                                                           
  Slack (ns):                  0.255                                                                           
  Arrival (ns):                3.266                                                                           
  Required (ns):               3.011                                                                           

Path 89
  From:                        CORETSE_AHB_0/CoreTSE_top_inst/CORETSE_AHBilI/CORETSE_AHBOlooI.CORETSE_AHBO0ooI/CORETSE_AHBo1li/CORETSE_AHBlOIi:CLK
  To:                          CORETSE_AHB_0/CoreTSE_top_inst/CORETSE_AHBilI/CORETSE_AHBIOooI/CORETSE_AHBOil0/CORETSE_AHBOl0oI[0]:D
  Delay (ns):                  0.304                                                                           
  Slack (ns):                  0.257                                                                           
  Arrival (ns):                3.272                                                                           
  Required (ns):               3.015                                                                           

Path 90
  From:                        CORETSE_AHB_0/CoreTSE_top_inst/CORETSE_AHBio0.CORETSE_AHBOi0/CORETSE_AHBOoi0/CORETSE_AHBI0i0[7]:CLK
  To:                          CORETSE_AHB_0/CoreTSE_top_inst/CORETSE_AHBio0.CORETSE_AHBOi0/CORETSE_AHBIoi0/CORETSE_AHBiI11/CORETSE_AHBollII[7]:D
  Delay (ns):                  0.305                                                                           
  Slack (ns):                  0.257                                                                           
  Arrival (ns):                4.786                                                                           
  Required (ns):               4.529                                                                           

Path 91
  From:                        CORETSE_AHB_0/CoreTSE_top_inst/CORETSE_AHBio0.CORETSE_AHBOi0/CORETSE_AHBlOO1/CORETSE_AHBOi10[9]:CLK
  To:                          CORETSE_AHB_0/CoreTSE_top_inst/CORETSE_AHBio0.CORETSE_AHBOi0/CORETSE_AHBlOO1/CORETSE_AHBolo0[1]:D
  Delay (ns):                  0.299                                                                           
  Slack (ns):                  0.257                                                                           
  Arrival (ns):                2.839                                                                           
  Required (ns):               2.582                                                                           

Path 92
  From:                        CORETSE_AHB_0/CoreTSE_top_inst/CORETSE_AHBio0.CORETSE_AHBOi0/CORETSE_AHBIoi0/CORETSE_AHBO011/CORETSE_AHBOiO1[5]:CLK
  To:                          CORETSE_AHB_0/CoreTSE_top_inst/CORETSE_AHBio0.CORETSE_AHBOi0/CORETSE_AHBIoi0/CORETSE_AHBiI11/CORETSE_AHBl01II[5]:D
  Delay (ns):                  0.297                                                                           
  Slack (ns):                  0.257                                                                           
  Arrival (ns):                4.784                                                                           
  Required (ns):               4.527                                                                           

Path 93
  From:                        CORETSE_AHB_0/CoreTSE_top_inst/CORETSE_AHBilI/CORETSE_AHBiOooI/CORETSE_AHBooOo/CORETSE_AHBloio:CLK
  To:                          CORETSE_AHB_0/CoreTSE_top_inst/CORETSE_AHBilI/CORETSE_AHBiOooI/CORETSE_AHBooOo/CORETSE_AHBooio:D
  Delay (ns):                  0.313                                                                           
  Slack (ns):                  0.257                                                                           
  Arrival (ns):                3.276                                                                           
  Required (ns):               3.019                                                                           

Path 94
  From:                        CORETSE_AHB_0/CoreTSE_top_inst/CORETSE_AHBilI/CORETSE_AHBOlooI.CORETSE_AHBilooI/CORETSE_AHBiO0oI.CORETSE_AHBOO0oI:CLK
  To:                          CORETSE_AHB_0/CoreTSE_top_inst/CORETSE_AHBilI/CORETSE_AHBOlooI.CORETSE_AHBilooI/CORETSE_AHBiO0oI.CORETSE_AHBOI0oI/CORETSE_AHBIoloI.CORETSE_AHBi1loI[0]:D
  Delay (ns):                  0.311                                                                           
  Slack (ns):                  0.257                                                                           
  Arrival (ns):                3.279                                                                           
  Required (ns):               3.022                                                                           

Path 95
  From:                        CORETSE_AHB_0/CoreTSE_top_inst/CORETSE_AHBilI/CORETSE_AHBoOooI/CORETSE_AHBI1II/CORETSE_AHBI10I:CLK
  To:                          CORETSE_AHB_0/CoreTSE_top_inst/CORETSE_AHBilI/CORETSE_AHBoOooI/CORETSE_AHBI1II/CORETSE_AHBooi:D
  Delay (ns):                  0.313                                                                           
  Slack (ns):                  0.260                                                                           
  Arrival (ns):                3.261                                                                           
  Required (ns):               3.001                                                                           

Path 96
  From:                        CORETSE_AHB_0/CoreTSE_top_inst/CORETSE_AHBio0.CORETSE_AHBOi0/CORETSE_AHBlOO1/CORETSE_AHBOi10[3]:CLK
  To:                          CORETSE_AHB_0/CoreTSE_top_inst/CORETSE_AHBio0.CORETSE_AHBOi0/CORETSE_AHBlOO1/CORETSE_AHBoIo0[3]:D
  Delay (ns):                  0.301                                                                           
  Slack (ns):                  0.260                                                                           
  Arrival (ns):                2.842                                                                           
  Required (ns):               2.582                                                                           

Path 97
  From:                        CORETSE_AHB_0/CoreTSE_top_inst/CORETSE_AHBilI/CORETSE_AHBiOooI/CORETSE_AHBooOo/CORETSE_AHBOIio:CLK
  To:                          CORETSE_AHB_0/CoreTSE_top_inst/CORETSE_AHBilI/CORETSE_AHBiOooI/CORETSE_AHBooOo/CORETSE_AHBl0io:D
  Delay (ns):                  0.318                                                                           
  Slack (ns):                  0.262                                                                           
  Arrival (ns):                3.278                                                                           
  Required (ns):               3.016                                                                           

Path 98
  From:                        CORETSE_AHB_0/CoreTSE_top_inst/CORETSE_AHBilI/CORETSE_AHBOlooI.CORETSE_AHBO0ooI/CORETSE_AHBO1li/CORETSE_AHBoili:CLK
  To:                          CORETSE_AHB_0/CoreTSE_top_inst/CORETSE_AHBilI/CORETSE_AHBOlooI.CORETSE_AHBO0ooI/CORETSE_AHBO1li/CORETSE_AHBiili:D
  Delay (ns):                  0.315                                                                           
  Slack (ns):                  0.262                                                                           
  Arrival (ns):                3.274                                                                           
  Required (ns):               3.012                                                                           

Path 99
  From:                        CORETSE_AHB_0/CoreTSE_top_inst/CORETSE_AHBilI/CORETSE_AHBOlooI.CORETSE_AHBilooI/CORETSE_AHBiO0oI.CORETSE_AHBII0oI/CORETSE_AHBIoloI.CORETSE_AHBo1loI[0]:CLK
  To:                          CORETSE_AHB_0/CoreTSE_top_inst/CORETSE_AHBilI/CORETSE_AHBOlooI.CORETSE_AHBilooI/CORETSE_AHBiO0oI.CORETSE_AHBOO0oI:D
  Delay (ns):                  0.309                                                                           
  Slack (ns):                  0.262                                                                           
  Arrival (ns):                3.277                                                                           
  Required (ns):               3.015                                                                           

Path 100
  From:                        CORETSE_AHB_0/CoreTSE_top_inst/CORETSE_AHBilI/CORETSE_AHBIOooI/CORETSE_AHBiol0/CORETSE_AHBo01l/HADDR[8]:CLK
  To:                          CoreAHBLite_0/matrix4x16/masterstage_2/regHADDR[8]:D
  Delay (ns):                  0.319                                                                           
  Slack (ns):                  0.263                                                                           
  Arrival (ns):                3.288                                                                           
  Required (ns):               3.025                                                                           

