Timing Violation Report Max Delay Analysis

SmartTime Version 
Microsemi Corporation - Microsemi Libero Software Release  (Version 11.7.0.113)
Date: Tue Jan 12 11:41:16 2016


Design: CoreTSE_Webserver
Family: SmartFusion2
Die: M2S090TS
Package: 484 FBGA
Temperature Range: 0 - 85 C
Voltage Range: 1.14 - 1.26 V
Speed Grade: -1
Design State: Post-Layout
Data source: Production
Min Operating Conditions: BEST - 1.26 V - 0 C
Max Operating Conditions: WORST - 1.14 V - 85 C
Scenario for Timing Analysis: timing_analysis


Path 1
  From:                        CORETSE_AHB_0/CoreTSE_top_inst/CORETSE_AHBio0.CORETSE_AHBOi0/CORETSE_AHBOoi0/CORETSE_AHBI0i0[1]:CLK
  To:                          SERDES_IF2_0/SERDESIF_INST/INST_SERDESIF_IP:EPCS_TXDATA[21]
  Delay (ns):                  5.168                                                                           
  Slack (ns):                  -7.131                                                                          
  Arrival (ns):                13.013                                                                          
  Required (ns):               5.882                                                                           

Path 2
  From:                        CORETSE_AHB_0/CoreTSE_top_inst/CORETSE_AHBio0.CORETSE_AHBOi0/CORETSE_AHBOoi0/CORETSE_AHBo110:CLK
  To:                          SERDES_IF2_0/SERDESIF_INST/INST_SERDESIF_IP:EPCS_TXDATA[28]
  Delay (ns):                  5.108                                                                           
  Slack (ns):                  -7.088                                                                          
  Arrival (ns):                12.968                                                                          
  Required (ns):               5.880                                                                           

Path 3
  From:                        CORETSE_AHB_0/CoreTSE_top_inst/CORETSE_AHBio0.CORETSE_AHBOi0/CORETSE_AHBIoi0/CORETSE_AHBiI11/CORETSE_AHBlI1II[3]:CLK
  To:                          SERDES_IF2_0/SERDESIF_INST/INST_SERDESIF_IP:EPCS_TXDATA[23]
  Delay (ns):                  5.028                                                                           
  Slack (ns):                  -7.015                                                                          
  Arrival (ns):                12.869                                                                          
  Required (ns):               5.854                                                                           

Path 4
  From:                        CORETSE_AHB_0/CoreTSE_top_inst/CORETSE_AHBio0.CORETSE_AHBOi0/CORETSE_AHBOoi0/CORETSE_AHBI0i0[0]:CLK
  To:                          SERDES_IF2_0/SERDESIF_INST/INST_SERDESIF_IP:EPCS_TXDATA[20]
  Delay (ns):                  4.970                                                                           
  Slack (ns):                  -6.974                                                                          
  Arrival (ns):                12.810                                                                          
  Required (ns):               5.836                                                                           

Path 5
  From:                        CORETSE_AHB_0/CoreTSE_top_inst/CORETSE_AHBio0.CORETSE_AHBOi0/CORETSE_AHBIoi0/CORETSE_AHBiI11/CORETSE_AHBlI1II[0]:CLK
  To:                          SERDES_IF2_0/SERDESIF_INST/INST_SERDESIF_IP:EPCS_TXDATA[20]
  Delay (ns):                  4.930                                                                           
  Slack (ns):                  -6.943                                                                          
  Arrival (ns):                12.779                                                                          
  Required (ns):               5.836                                                                           

Path 6
  From:                        CORETSE_AHB_0/CoreTSE_top_inst/CORETSE_AHBio0.CORETSE_AHBOi0/CORETSE_AHBIoi0/CORETSE_AHBiI11/CORETSE_AHBlI1II[4]:CLK
  To:                          SERDES_IF2_0/SERDESIF_INST/INST_SERDESIF_IP:EPCS_TXDATA[24]
  Delay (ns):                  4.934                                                                           
  Slack (ns):                  -6.916                                                                          
  Arrival (ns):                12.782                                                                          
  Required (ns):               5.866                                                                           

Path 7
  From:                        CORETSE_AHB_0/CoreTSE_top_inst/CORETSE_AHBio0.CORETSE_AHBOi0/CORETSE_AHBOoi0/CORETSE_AHBI0i0[2]:CLK
  To:                          SERDES_IF2_0/SERDESIF_INST/INST_SERDESIF_IP:EPCS_TXDATA[22]
  Delay (ns):                  4.900                                                                           
  Slack (ns):                  -6.842                                                                          
  Arrival (ns):                12.738                                                                          
  Required (ns):               5.896                                                                           

Path 8
  From:                        CORETSE_AHB_0/CoreTSE_top_inst/CORETSE_AHBio0.CORETSE_AHBOi0/CORETSE_AHBOoi0/CORETSE_AHBI0i0[6]:CLK
  To:                          SERDES_IF2_0/SERDESIF_INST/INST_SERDESIF_IP:EPCS_TXDATA[26]
  Delay (ns):                  4.962                                                                           
  Slack (ns):                  -6.814                                                                          
  Arrival (ns):                12.810                                                                          
  Required (ns):               5.996                                                                           

Path 9
  From:                        CORETSE_AHB_0/CoreTSE_top_inst/CORETSE_AHBio0.CORETSE_AHBOi0/CORETSE_AHBOoi0/CORETSE_AHBI0i0[4]:CLK
  To:                          SERDES_IF2_0/SERDESIF_INST/INST_SERDESIF_IP:EPCS_TXDATA[24]
  Delay (ns):                  4.826                                                                           
  Slack (ns):                  -6.806                                                                          
  Arrival (ns):                12.672                                                                          
  Required (ns):               5.866                                                                           

Path 10
  From:                        CORETSE_AHB_0/CoreTSE_top_inst/CORETSE_AHBio0.CORETSE_AHBOi0/CORETSE_AHBIoi0/CORETSE_AHBiI11/CORETSE_AHBlI1II[8]:CLK
  To:                          SERDES_IF2_0/SERDESIF_INST/INST_SERDESIF_IP:EPCS_TXDATA[28]
  Delay (ns):                  4.842                                                                           
  Slack (ns):                  -6.801                                                                          
  Arrival (ns):                12.681                                                                          
  Required (ns):               5.880                                                                           

Path 11
  From:                        CORETSE_AHB_0/CoreTSE_top_inst/CORETSE_AHBio0.CORETSE_AHBOi0/CORETSE_AHBOoi0/CORETSE_AHBI0i0[7]:CLK
  To:                          SERDES_IF2_0/SERDESIF_INST/INST_SERDESIF_IP:EPCS_TXDATA[27]
  Delay (ns):                  4.877                                                                           
  Slack (ns):                  -6.795                                                                          
  Arrival (ns):                12.731                                                                          
  Required (ns):               5.936                                                                           

Path 12
  From:                        CORETSE_AHB_0/CoreTSE_top_inst/CORETSE_AHBio0.CORETSE_AHBOi0/CORETSE_AHBIoi0/CORETSE_AHBiI11/CORETSE_AHBlI1II[9]:CLK
  To:                          SERDES_IF2_0/SERDESIF_INST/INST_SERDESIF_IP:EPCS_TXDATA[29]
  Delay (ns):                  4.868                                                                           
  Slack (ns):                  -6.760                                                                          
  Arrival (ns):                12.718                                                                          
  Required (ns):               5.958                                                                           

Path 13
  From:                        CORETSE_AHB_0/CoreTSE_top_inst/CORETSE_AHBio0.CORETSE_AHBOi0/CORETSE_AHBIoi0/CORETSE_AHBiI11/CORETSE_AHBlI1II[1]:CLK
  To:                          SERDES_IF2_0/SERDESIF_INST/INST_SERDESIF_IP:EPCS_TXDATA[21]
  Delay (ns):                  4.775                                                                           
  Slack (ns):                  -6.735                                                                          
  Arrival (ns):                12.617                                                                          
  Required (ns):               5.882                                                                           

Path 14
  From:                        CORETSE_AHB_0/CoreTSE_top_inst/CORETSE_AHBio0.CORETSE_AHBOi0/CORETSE_AHBOoi0/CORETSE_AHBI0i0[3]:CLK
  To:                          SERDES_IF2_0/SERDESIF_INST/INST_SERDESIF_IP:EPCS_TXDATA[23]
  Delay (ns):                  4.720                                                                           
  Slack (ns):                  -6.711                                                                          
  Arrival (ns):                12.565                                                                          
  Required (ns):               5.854                                                                           

Path 15
  From:                        CORETSE_AHB_0/CoreTSE_top_inst/CORETSE_AHBio0.CORETSE_AHBOi0/CORETSE_AHBIoi0/CORETSE_AHBiI11/CORETSE_AHBlI1II[7]:CLK
  To:                          SERDES_IF2_0/SERDESIF_INST/INST_SERDESIF_IP:EPCS_TXDATA[27]
  Delay (ns):                  4.794                                                                           
  Slack (ns):                  -6.708                                                                          
  Arrival (ns):                12.644                                                                          
  Required (ns):               5.936                                                                           

Path 16
  From:                        CORETSE_AHB_0/CoreTSE_top_inst/CORETSE_AHBio0.CORETSE_AHBOi0/CORETSE_AHBOoi0/CORETSE_AHBI0i0[5]:CLK
  To:                          SERDES_IF2_0/SERDESIF_INST/INST_SERDESIF_IP:EPCS_TXDATA[25]
  Delay (ns):                  4.711                                                                           
  Slack (ns):                  -6.608                                                                          
  Arrival (ns):                12.566                                                                          
  Required (ns):               5.958                                                                           

Path 17
  From:                        CORETSE_AHB_0/CoreTSE_top_inst/CORETSE_AHBio0.CORETSE_AHBOi0/CORETSE_AHBIoi0/CORETSE_AHBiI11/CORETSE_AHBlI1II[2]:CLK
  To:                          SERDES_IF2_0/SERDESIF_INST/INST_SERDESIF_IP:EPCS_TXDATA[22]
  Delay (ns):                  4.606                                                                           
  Slack (ns):                  -6.549                                                                          
  Arrival (ns):                12.445                                                                          
  Required (ns):               5.896                                                                           

Path 18
  From:                        CORETSE_AHB_0/CoreTSE_top_inst/CORETSE_AHBio0.CORETSE_AHBOi0/CORETSE_AHBOoi0/CORETSE_AHBl0i0:CLK
  To:                          SERDES_IF2_0/SERDESIF_INST/INST_SERDESIF_IP:EPCS_TXDATA[29]
  Delay (ns):                  4.571                                                                           
  Slack (ns):                  -6.449                                                                          
  Arrival (ns):                12.407                                                                          
  Required (ns):               5.958                                                                           

Path 19
  From:                        CORETSE_AHB_0/CoreTSE_top_inst/CORETSE_AHBio0.CORETSE_AHBOi0/CORETSE_AHBIoi0/CORETSE_AHBiI11/CORETSE_AHBlI1II[6]:CLK
  To:                          SERDES_IF2_0/SERDESIF_INST/INST_SERDESIF_IP:EPCS_TXDATA[26]
  Delay (ns):                  4.600                                                                           
  Slack (ns):                  -6.446                                                                          
  Arrival (ns):                12.442                                                                          
  Required (ns):               5.996                                                                           

Path 20
  From:                        CORETSE_AHB_0/CoreTSE_top_inst/CORETSE_AHBio0.CORETSE_AHBOi0/CORETSE_AHBIoi0/CORETSE_AHBiI11/CORETSE_AHBlI1II[5]:CLK
  To:                          SERDES_IF2_0/SERDESIF_INST/INST_SERDESIF_IP:EPCS_TXDATA[25]
  Delay (ns):                  4.468                                                                           
  Slack (ns):                  -6.360                                                                          
  Arrival (ns):                12.318                                                                          
  Required (ns):               5.958                                                                           

Path 21
  From:                        CoreResetP_0/MSS_HPMS_READY_int:CLK
  To:                          CORETSE_AHB_0/CoreTSE_top_inst/CORETSE_AHBio0.CORETSE_AHBOi0/CORETSE_AHBIoi0/CORETSE_AHBil11/CORETSE_AHBoIO1[5]:ALn
  Delay (ns):                  6.566                                                                           
  Slack (ns):                  -3.989                                                                          
  Arrival (ns):                15.351                                                                          
  Required (ns):               11.362                                                                          

Path 22
  From:                        CoreResetP_0/MSS_HPMS_READY_int:CLK
  To:                          CORETSE_AHB_0/CoreTSE_top_inst/CORETSE_AHBio0.CORETSE_AHBOi0/CORETSE_AHBIoi0/CORETSE_AHBil11/CORETSE_AHBoIoi[1]:ALn
  Delay (ns):                  6.566                                                                           
  Slack (ns):                  -3.989                                                                          
  Arrival (ns):                15.351                                                                          
  Required (ns):               11.362                                                                          

Path 23
  From:                        CoreResetP_0/MSS_HPMS_READY_int:CLK
  To:                          CORETSE_AHB_0/CoreTSE_top_inst/CORETSE_AHBio0.CORETSE_AHBOi0/CORETSE_AHBIoi0/CORETSE_AHBil11/CORETSE_AHBoIoi[0]:ALn
  Delay (ns):                  6.566                                                                           
  Slack (ns):                  -3.989                                                                          
  Arrival (ns):                15.351                                                                          
  Required (ns):               11.362                                                                          

Path 24
  From:                        CoreResetP_0/MSS_HPMS_READY_int:CLK
  To:                          CORETSE_AHB_0/CoreTSE_top_inst/CORETSE_AHBio0.CORETSE_AHBOi0/CORETSE_AHBIoi0/CORETSE_AHBil11/CORETSE_AHBoIO1[9]:ALn
  Delay (ns):                  6.566                                                                           
  Slack (ns):                  -3.989                                                                          
  Arrival (ns):                15.351                                                                          
  Required (ns):               11.362                                                                          

Path 25
  From:                        CoreResetP_0/MSS_HPMS_READY_int:CLK
  To:                          CORETSE_AHB_0/CoreTSE_top_inst/CORETSE_AHBio0.CORETSE_AHBOi0/CORETSE_AHBIoi0/CORETSE_AHBil11/CORETSE_AHBoIO1[15]:ALn
  Delay (ns):                  6.566                                                                           
  Slack (ns):                  -3.989                                                                          
  Arrival (ns):                15.351                                                                          
  Required (ns):               11.362                                                                          

Path 26
  From:                        CoreResetP_0/MSS_HPMS_READY_int:CLK
  To:                          CORETSE_AHB_0/CoreTSE_top_inst/CORETSE_AHBio0.CORETSE_AHBOi0/CORETSE_AHBIoi0/CORETSE_AHBil11/CORETSE_AHBlIO1:ALn
  Delay (ns):                  6.566                                                                           
  Slack (ns):                  -3.988                                                                          
  Arrival (ns):                15.351                                                                          
  Required (ns):               11.363                                                                          

Path 27
  From:                        CoreResetP_0/MSS_HPMS_READY_int:CLK
  To:                          CORETSE_AHB_0/CoreTSE_top_inst/CORETSE_AHBio0.CORETSE_AHBOi0/CORETSE_AHBIoi0/CORETSE_AHBil11/CORETSE_AHBoIO1[3]:ALn
  Delay (ns):                  6.566                                                                           
  Slack (ns):                  -3.978                                                                          
  Arrival (ns):                15.351                                                                          
  Required (ns):               11.373                                                                          

Path 28
  From:                        CoreResetP_0/MSS_HPMS_READY_int:CLK
  To:                          CORETSE_AHB_0/CoreTSE_top_inst/CORETSE_AHBio0.CORETSE_AHBOi0/CORETSE_AHBIoi0/CORETSE_AHBil11/CORETSE_AHBoIO1[13]:ALn
  Delay (ns):                  6.566                                                                           
  Slack (ns):                  -3.978                                                                          
  Arrival (ns):                15.351                                                                          
  Required (ns):               11.373                                                                          

Path 29
  From:                        CoreResetP_0/MSS_HPMS_READY_int:CLK
  To:                          CORETSE_AHB_0/CoreTSE_top_inst/CORETSE_AHBio0.CORETSE_AHBOi0/CORETSE_AHBIoi0/CORETSE_AHBil11/CORETSE_AHBoIO1[12]:ALn
  Delay (ns):                  6.566                                                                           
  Slack (ns):                  -3.977                                                                          
  Arrival (ns):                15.351                                                                          
  Required (ns):               11.374                                                                          

Path 30
  From:                        CoreResetP_0/MSS_HPMS_READY_int:CLK
  To:                          CORETSE_AHB_0/CoreTSE_top_inst/CORETSE_AHBio0.CORETSE_AHBOi0/CORETSE_AHBIoi0/CORETSE_AHBil11/CORETSE_AHBoIO1[11]:ALn
  Delay (ns):                  6.566                                                                           
  Slack (ns):                  -3.977                                                                          
  Arrival (ns):                15.351                                                                          
  Required (ns):               11.374                                                                          

Path 31
  From:                        CoreResetP_0/MSS_HPMS_READY_int:CLK
  To:                          CORETSE_AHB_0/CoreTSE_top_inst/CORETSE_AHBio0.CORETSE_AHBOi0/CORETSE_AHBIoi0/CORETSE_AHBil11/CORETSE_AHBoIO1[2]:ALn
  Delay (ns):                  6.566                                                                           
  Slack (ns):                  -3.977                                                                          
  Arrival (ns):                15.351                                                                          
  Required (ns):               11.374                                                                          

Path 32
  From:                        CoreResetP_0/MSS_HPMS_READY_int:CLK
  To:                          CORETSE_AHB_0/CoreTSE_top_inst/CORETSE_AHBio0.CORETSE_AHBOi0/CORETSE_AHBIoi0/CORETSE_AHBil11/CORETSE_AHBoIO1[0]:ALn
  Delay (ns):                  6.566                                                                           
  Slack (ns):                  -3.977                                                                          
  Arrival (ns):                15.351                                                                          
  Required (ns):               11.374                                                                          

Path 33
  From:                        CoreResetP_0/MSS_HPMS_READY_int:CLK
  To:                          CORETSE_AHB_0/CoreTSE_top_inst/CORETSE_AHBio0.CORETSE_AHBOi0/CORETSE_AHBIoi0/CORETSE_AHBol11/CORETSE_AHBoOlOI[16]:ALn
  Delay (ns):                  6.556                                                                           
  Slack (ns):                  -3.976                                                                          
  Arrival (ns):                15.341                                                                          
  Required (ns):               11.365                                                                          

Path 34
  From:                        CoreResetP_0/MSS_HPMS_READY_int:CLK
  To:                          CORETSE_AHB_0/CoreTSE_top_inst/CORETSE_AHBio0.CORETSE_AHBOi0/CORETSE_AHBIoi0/CORETSE_AHBol11/CORETSE_AHBioIOI[16]:ALn
  Delay (ns):                  6.556                                                                           
  Slack (ns):                  -3.976                                                                          
  Arrival (ns):                15.341                                                                          
  Required (ns):               11.365                                                                          

Path 35
  From:                        CoreResetP_0/MSS_HPMS_READY_int:CLK
  To:                          CORETSE_AHB_0/CoreTSE_top_inst/CORETSE_AHBio0.CORETSE_AHBOi0/CORETSE_AHBIoi0/CORETSE_AHBol11/CORETSE_AHBioIOI[10]:ALn
  Delay (ns):                  6.556                                                                           
  Slack (ns):                  -3.976                                                                          
  Arrival (ns):                15.341                                                                          
  Required (ns):               11.365                                                                          

Path 36
  From:                        CoreResetP_0/MSS_HPMS_READY_int:CLK
  To:                          CORETSE_AHB_0/CoreTSE_top_inst/CORETSE_AHBio0.CORETSE_AHBOi0/CORETSE_AHBIoi0/CORETSE_AHBol11/CORETSE_AHBioIOI[17]:ALn
  Delay (ns):                  6.556                                                                           
  Slack (ns):                  -3.976                                                                          
  Arrival (ns):                15.341                                                                          
  Required (ns):               11.365                                                                          

Path 37
  From:                        CoreResetP_0/MSS_HPMS_READY_int:CLK
  To:                          CORETSE_AHB_0/CoreTSE_top_inst/CORETSE_AHBio0.CORETSE_AHBOi0/CORETSE_AHBIoi0/CORETSE_AHBol11/CORETSE_AHBoOlOI[7]:ALn
  Delay (ns):                  6.550                                                                           
  Slack (ns):                  -3.975                                                                          
  Arrival (ns):                15.335                                                                          
  Required (ns):               11.360                                                                          

Path 38
  From:                        CoreResetP_0/MSS_HPMS_READY_int:CLK
  To:                          CORETSE_AHB_0/CoreTSE_top_inst/CORETSE_AHBio0.CORETSE_AHBOi0/CORETSE_AHBIoi0/CORETSE_AHBol11/CORETSE_AHBoOlOI[10]:ALn
  Delay (ns):                  6.550                                                                           
  Slack (ns):                  -3.975                                                                          
  Arrival (ns):                15.335                                                                          
  Required (ns):               11.360                                                                          

Path 39
  From:                        CoreResetP_0/MSS_HPMS_READY_int:CLK
  To:                          CORETSE_AHB_0/CoreTSE_top_inst/CORETSE_AHBio0.CORETSE_AHBOi0/CORETSE_AHBIoi0/CORETSE_AHBol11/CORETSE_AHBioIOI[6]:ALn
  Delay (ns):                  6.550                                                                           
  Slack (ns):                  -3.975                                                                          
  Arrival (ns):                15.335                                                                          
  Required (ns):               11.360                                                                          

Path 40
  From:                        CoreResetP_0/MSS_HPMS_READY_int:CLK
  To:                          CORETSE_AHB_0/CoreTSE_top_inst/CORETSE_AHBio0.CORETSE_AHBOi0/CORETSE_AHBIoi0/CORETSE_AHBol11/CORETSE_AHBoOlOI[5]:ALn
  Delay (ns):                  6.550                                                                           
  Slack (ns):                  -3.975                                                                          
  Arrival (ns):                15.335                                                                          
  Required (ns):               11.360                                                                          

Path 41
  From:                        CoreResetP_0/MSS_HPMS_READY_int:CLK
  To:                          CORETSE_AHB_0/CoreTSE_top_inst/CORETSE_AHBio0.CORETSE_AHBOi0/CORETSE_AHBIoi0/CORETSE_AHBol11/CORETSE_AHBoOlOI[13]:ALn
  Delay (ns):                  6.554                                                                           
  Slack (ns):                  -3.972                                                                          
  Arrival (ns):                15.339                                                                          
  Required (ns):               11.367                                                                          

Path 42
  From:                        CoreResetP_0/MSS_HPMS_READY_int:CLK
  To:                          CORETSE_AHB_0/CoreTSE_top_inst/CORETSE_AHBio0.CORETSE_AHBOi0/CORETSE_AHBIoi0/CORETSE_AHBol11/CORETSE_AHBoOlOI[12]:ALn
  Delay (ns):                  6.554                                                                           
  Slack (ns):                  -3.972                                                                          
  Arrival (ns):                15.339                                                                          
  Required (ns):               11.367                                                                          

Path 43
  From:                        CoreResetP_0/MSS_HPMS_READY_int:CLK
  To:                          CORETSE_AHB_0/CoreTSE_top_inst/CORETSE_AHBio0.CORETSE_AHBOi0/CORETSE_AHBlOO1/CORETSE_AHBOlo0[1]:ALn
  Delay (ns):                  6.566                                                                           
  Slack (ns):                  -3.972                                                                          
  Arrival (ns):                15.351                                                                          
  Required (ns):               11.379                                                                          

Path 44
  From:                        CoreResetP_0/MSS_HPMS_READY_int:CLK
  To:                          CORETSE_AHB_0/CoreTSE_top_inst/CORETSE_AHBio0.CORETSE_AHBOi0/CORETSE_AHBlOO1/CORETSE_AHBIIo0[8]:ALn
  Delay (ns):                  6.558                                                                           
  Slack (ns):                  -3.972                                                                          
  Arrival (ns):                15.343                                                                          
  Required (ns):               11.371                                                                          

Path 45
  From:                        CoreResetP_0/MSS_HPMS_READY_int:CLK
  To:                          CORETSE_AHB_0/CoreTSE_top_inst/CORETSE_AHBio0.CORETSE_AHBOi0/CORETSE_AHBIoi0/CORETSE_AHBol11/CORETSE_AHBoOlOI[15]:ALn
  Delay (ns):                  6.554                                                                           
  Slack (ns):                  -3.972                                                                          
  Arrival (ns):                15.339                                                                          
  Required (ns):               11.367                                                                          

Path 46
  From:                        CoreResetP_0/MSS_HPMS_READY_int:CLK
  To:                          CORETSE_AHB_0/CoreTSE_top_inst/CORETSE_AHBio0.CORETSE_AHBOi0/CORETSE_AHBIoi0/CORETSE_AHBol11/CORETSE_AHBioIOI[14]:ALn
  Delay (ns):                  6.554                                                                           
  Slack (ns):                  -3.972                                                                          
  Arrival (ns):                15.339                                                                          
  Required (ns):               11.367                                                                          

Path 47
  From:                        CoreResetP_0/MSS_HPMS_READY_int:CLK
  To:                          CORETSE_AHB_0/CoreTSE_top_inst/CORETSE_AHBio0.CORETSE_AHBOi0/CORETSE_AHBlOO1/CORETSE_AHBoIo0[5]:ALn
  Delay (ns):                  6.566                                                                           
  Slack (ns):                  -3.972                                                                          
  Arrival (ns):                15.351                                                                          
  Required (ns):               11.379                                                                          

Path 48
  From:                        CoreResetP_0/MSS_HPMS_READY_int:CLK
  To:                          CORETSE_AHB_0/CoreTSE_top_inst/CORETSE_AHBio0.CORETSE_AHBOi0/CORETSE_AHBlOO1/CORETSE_AHBoIo0[2]:ALn
  Delay (ns):                  6.566                                                                           
  Slack (ns):                  -3.972                                                                          
  Arrival (ns):                15.351                                                                          
  Required (ns):               11.379                                                                          

Path 49
  From:                        CoreResetP_0/MSS_HPMS_READY_int:CLK
  To:                          CORETSE_AHB_0/CoreTSE_top_inst/CORETSE_AHBio0.CORETSE_AHBOi0/CORETSE_AHBlOO1/CORETSE_AHBOlo0[6]:ALn
  Delay (ns):                  6.566                                                                           
  Slack (ns):                  -3.972                                                                          
  Arrival (ns):                15.351                                                                          
  Required (ns):               11.379                                                                          

Path 50
  From:                        CoreResetP_0/MSS_HPMS_READY_int:CLK
  To:                          CORETSE_AHB_0/CoreTSE_top_inst/CORETSE_AHBio0.CORETSE_AHBOi0/CORETSE_AHBlOO1/CORETSE_AHBOlo0[2]:ALn
  Delay (ns):                  6.566                                                                           
  Slack (ns):                  -3.972                                                                          
  Arrival (ns):                15.351                                                                          
  Required (ns):               11.379                                                                          

Path 51
  From:                        CoreResetP_0/MSS_HPMS_READY_int:CLK
  To:                          CORETSE_AHB_0/CoreTSE_top_inst/CORETSE_AHBio0.CORETSE_AHBOi0/CORETSE_AHBlOO1/CORETSE_AHBoIo0[6]:ALn
  Delay (ns):                  6.566                                                                           
  Slack (ns):                  -3.972                                                                          
  Arrival (ns):                15.351                                                                          
  Required (ns):               11.379                                                                          

Path 52
  From:                        CoreResetP_0/MSS_HPMS_READY_int:CLK
  To:                          CORETSE_AHB_0/CoreTSE_top_inst/CORETSE_AHBio0.CORETSE_AHBOi0/CORETSE_AHBIoi0/CORETSE_AHBol11/CORETSE_AHBioIOI[3]:ALn
  Delay (ns):                  6.554                                                                           
  Slack (ns):                  -3.972                                                                          
  Arrival (ns):                15.339                                                                          
  Required (ns):               11.367                                                                          

Path 53
  From:                        CoreResetP_0/MSS_HPMS_READY_int:CLK
  To:                          CORETSE_AHB_0/CoreTSE_top_inst/CORETSE_AHBio0.CORETSE_AHBOi0/CORETSE_AHBlOO1/CORETSE_AHBI0o0[1]:ALn
  Delay (ns):                  6.558                                                                           
  Slack (ns):                  -3.972                                                                          
  Arrival (ns):                15.343                                                                          
  Required (ns):               11.371                                                                          

Path 54
  From:                        CoreResetP_0/MSS_HPMS_READY_int:CLK
  To:                          CORETSE_AHB_0/CoreTSE_top_inst/CORETSE_AHBio0.CORETSE_AHBOi0/CORETSE_AHBlOO1/CORETSE_AHBI0o0[6]:ALn
  Delay (ns):                  6.558                                                                           
  Slack (ns):                  -3.972                                                                          
  Arrival (ns):                15.343                                                                          
  Required (ns):               11.371                                                                          

Path 55
  From:                        CoreResetP_0/MSS_HPMS_READY_int:CLK
  To:                          CORETSE_AHB_0/CoreTSE_top_inst/CORETSE_AHBio0.CORETSE_AHBOi0/CORETSE_AHBlOO1/CORETSE_AHBoOo0[6]:ALn
  Delay (ns):                  6.558                                                                           
  Slack (ns):                  -3.971                                                                          
  Arrival (ns):                15.343                                                                          
  Required (ns):               11.372                                                                          

Path 56
  From:                        CoreResetP_0/MSS_HPMS_READY_int:CLK
  To:                          CORETSE_AHB_0/CoreTSE_top_inst/CORETSE_AHBio0.CORETSE_AHBOi0/CORETSE_AHBIoi0/CORETSE_AHBol11/CORETSE_AHBOIlOI[5]:ALn
  Delay (ns):                  6.541                                                                           
  Slack (ns):                  -3.971                                                                          
  Arrival (ns):                15.326                                                                          
  Required (ns):               11.355                                                                          

Path 57
  From:                        CoreResetP_0/MSS_HPMS_READY_int:CLK
  To:                          CORETSE_AHB_0/CoreTSE_top_inst/CORETSE_AHBio0.CORETSE_AHBOi0/CORETSE_AHBlOO1/CORETSE_AHBiOo0[5]:ALn
  Delay (ns):                  6.558                                                                           
  Slack (ns):                  -3.971                                                                          
  Arrival (ns):                15.343                                                                          
  Required (ns):               11.372                                                                          

Path 58
  From:                        CoreResetP_0/MSS_HPMS_READY_int:CLK
  To:                          CORETSE_AHB_0/CoreTSE_top_inst/CORETSE_AHBio0.CORETSE_AHBOi0/CORETSE_AHBlOO1/CORETSE_AHBllo0[0]:ALn
  Delay (ns):                  6.561                                                                           
  Slack (ns):                  -3.971                                                                          
  Arrival (ns):                15.346                                                                          
  Required (ns):               11.375                                                                          

Path 59
  From:                        CoreResetP_0/MSS_HPMS_READY_int:CLK
  To:                          CORETSE_AHB_0/CoreTSE_top_inst/CORETSE_AHBio0.CORETSE_AHBOi0/CORETSE_AHBlOO1/CORETSE_AHBolo0[7]:ALn
  Delay (ns):                  6.558                                                                           
  Slack (ns):                  -3.971                                                                          
  Arrival (ns):                15.343                                                                          
  Required (ns):               11.372                                                                          

Path 60
  From:                        CoreResetP_0/MSS_HPMS_READY_int:CLK
  To:                          CORETSE_AHB_0/CoreTSE_top_inst/CORETSE_AHBio0.CORETSE_AHBOi0/CORETSE_AHBlOO1/CORETSE_AHBllo0[1]:ALn
  Delay (ns):                  6.561                                                                           
  Slack (ns):                  -3.971                                                                          
  Arrival (ns):                15.346                                                                          
  Required (ns):               11.375                                                                          

Path 61
  From:                        CoreResetP_0/MSS_HPMS_READY_int:CLK
  To:                          CORETSE_AHB_0/CoreTSE_top_inst/CORETSE_AHBio0.CORETSE_AHBOi0/CORETSE_AHBlOO1/CORETSE_AHBOIo0[7]:ALn
  Delay (ns):                  6.558                                                                           
  Slack (ns):                  -3.971                                                                          
  Arrival (ns):                15.343                                                                          
  Required (ns):               11.372                                                                          

Path 62
  From:                        CoreResetP_0/MSS_HPMS_READY_int:CLK
  To:                          CORETSE_AHB_0/CoreTSE_top_inst/CORETSE_AHBio0.CORETSE_AHBOi0/CORETSE_AHBlOO1/CORETSE_AHBOIo0[2]:ALn
  Delay (ns):                  6.561                                                                           
  Slack (ns):                  -3.971                                                                          
  Arrival (ns):                15.346                                                                          
  Required (ns):               11.375                                                                          

Path 63
  From:                        CoreResetP_0/MSS_HPMS_READY_int:CLK
  To:                          CORETSE_AHB_0/CoreTSE_top_inst/CORETSE_AHBio0.CORETSE_AHBOi0/CORETSE_AHBlOO1/CORETSE_AHBiIo0[0]:ALn
  Delay (ns):                  6.561                                                                           
  Slack (ns):                  -3.971                                                                          
  Arrival (ns):                15.346                                                                          
  Required (ns):               11.375                                                                          

Path 64
  From:                        CoreResetP_0/MSS_HPMS_READY_int:CLK
  To:                          CORETSE_AHB_0/CoreTSE_top_inst/CORETSE_AHBio0.CORETSE_AHBOi0/CORETSE_AHBlOO1/CORETSE_AHBlOo0[1]:ALn
  Delay (ns):                  6.558                                                                           
  Slack (ns):                  -3.971                                                                          
  Arrival (ns):                15.343                                                                          
  Required (ns):               11.372                                                                          

Path 65
  From:                        CoreResetP_0/MSS_HPMS_READY_int:CLK
  To:                          CORETSE_AHB_0/CoreTSE_top_inst/CORETSE_AHBio0.CORETSE_AHBOi0/CORETSE_AHBIoi0/CORETSE_AHBol11/CORETSE_AHBOIlOI[6]:ALn
  Delay (ns):                  6.541                                                                           
  Slack (ns):                  -3.971                                                                          
  Arrival (ns):                15.326                                                                          
  Required (ns):               11.355                                                                          

Path 66
  From:                        CoreResetP_0/MSS_HPMS_READY_int:CLK
  To:                          CORETSE_AHB_0/CoreTSE_top_inst/CORETSE_AHBio0.CORETSE_AHBOi0/CORETSE_AHBlOO1/CORETSE_AHBoOo0[9]:ALn
  Delay (ns):                  6.558                                                                           
  Slack (ns):                  -3.971                                                                          
  Arrival (ns):                15.343                                                                          
  Required (ns):               11.372                                                                          

Path 67
  From:                        CoreResetP_0/MSS_HPMS_READY_int:CLK
  To:                          CORETSE_AHB_0/CoreTSE_top_inst/CORETSE_AHBio0.CORETSE_AHBOi0/CORETSE_AHBlOO1/CORETSE_AHBlOo0[6]:ALn
  Delay (ns):                  6.558                                                                           
  Slack (ns):                  -3.971                                                                          
  Arrival (ns):                15.343                                                                          
  Required (ns):               11.372                                                                          

Path 68
  From:                        CoreResetP_0/MSS_HPMS_READY_int:CLK
  To:                          CORETSE_AHB_0/CoreTSE_top_inst/CORETSE_AHBio0.CORETSE_AHBOi0/CORETSE_AHBlOO1/CORETSE_AHBOIo0[1]:ALn
  Delay (ns):                  6.561                                                                           
  Slack (ns):                  -3.971                                                                          
  Arrival (ns):                15.346                                                                          
  Required (ns):               11.375                                                                          

Path 69
  From:                        CoreResetP_0/MSS_HPMS_READY_int:CLK
  To:                          CORETSE_AHB_0/CoreTSE_top_inst/CORETSE_AHBio0.CORETSE_AHBOi0/CORETSE_AHBlOO1/CORETSE_AHBoOo0[1]:ALn
  Delay (ns):                  6.558                                                                           
  Slack (ns):                  -3.971                                                                          
  Arrival (ns):                15.343                                                                          
  Required (ns):               11.372                                                                          

Path 70
  From:                        CoreResetP_0/MSS_HPMS_READY_int:CLK
  To:                          CORETSE_AHB_0/CoreTSE_top_inst/CORETSE_AHBio0.CORETSE_AHBOi0/CORETSE_AHBlOO1/CORETSE_AHBoOo0[5]:ALn
  Delay (ns):                  6.558                                                                           
  Slack (ns):                  -3.971                                                                          
  Arrival (ns):                15.343                                                                          
  Required (ns):               11.372                                                                          

Path 71
  From:                        CoreResetP_0/MSS_HPMS_READY_int:CLK
  To:                          CORETSE_AHB_0/CoreTSE_top_inst/CORETSE_AHBio0.CORETSE_AHBOi0/CORETSE_AHBIoi0/CORETSE_AHBol11/CORETSE_AHBOIlOI[9]:ALn
  Delay (ns):                  6.541                                                                           
  Slack (ns):                  -3.971                                                                          
  Arrival (ns):                15.326                                                                          
  Required (ns):               11.355                                                                          

Path 72
  From:                        CoreResetP_0/MSS_HPMS_READY_int:CLK
  To:                          CORETSE_AHB_0/CoreTSE_top_inst/CORETSE_AHBio0.CORETSE_AHBOi0/CORETSE_AHBlOO1/CORETSE_AHBIlo0[6]:ALn
  Delay (ns):                  6.557                                                                           
  Slack (ns):                  -3.970                                                                          
  Arrival (ns):                15.342                                                                          
  Required (ns):               11.372                                                                          

Path 73
  From:                        CoreResetP_0/MSS_HPMS_READY_int:CLK
  To:                          CORETSE_AHB_0/CoreTSE_top_inst/CORETSE_AHBio0.CORETSE_AHBOi0/CORETSE_AHBlOO1/CORETSE_AHBOi10[3]:ALn
  Delay (ns):                  6.553                                                                           
  Slack (ns):                  -3.970                                                                          
  Arrival (ns):                15.338                                                                          
  Required (ns):               11.368                                                                          

Path 74
  From:                        CoreResetP_0/MSS_HPMS_READY_int:CLK
  To:                          CORETSE_AHB_0/CoreTSE_top_inst/CORETSE_AHBio0.CORETSE_AHBOi0/CORETSE_AHBlOO1/CORETSE_AHBIOo0[2]:ALn
  Delay (ns):                  6.553                                                                           
  Slack (ns):                  -3.970                                                                          
  Arrival (ns):                15.338                                                                          
  Required (ns):               11.368                                                                          

Path 75
  From:                        CoreResetP_0/MSS_HPMS_READY_int:CLK
  To:                          CORETSE_AHB_0/CoreTSE_top_inst/CORETSE_AHBio0.CORETSE_AHBOi0/CORETSE_AHBlOO1/CORETSE_AHBoi10[0]:ALn
  Delay (ns):                  6.553                                                                           
  Slack (ns):                  -3.970                                                                          
  Arrival (ns):                15.338                                                                          
  Required (ns):               11.368                                                                          

Path 76
  From:                        CoreResetP_0/MSS_HPMS_READY_int:CLK
  To:                          CORETSE_AHB_0/CoreTSE_top_inst/CORETSE_AHBio0.CORETSE_AHBOi0/CORETSE_AHBlOO1/CORETSE_AHBlIo0[1]:ALn
  Delay (ns):                  6.558                                                                           
  Slack (ns):                  -3.970                                                                          
  Arrival (ns):                15.343                                                                          
  Required (ns):               11.373                                                                          

Path 77
  From:                        CoreResetP_0/MSS_HPMS_READY_int:CLK
  To:                          CORETSE_AHB_0/CoreTSE_top_inst/CORETSE_AHBio0.CORETSE_AHBOi0/CORETSE_AHBlOO1/CORETSE_AHBIi10[1]:ALn
  Delay (ns):                  6.553                                                                           
  Slack (ns):                  -3.970                                                                          
  Arrival (ns):                15.338                                                                          
  Required (ns):               11.368                                                                          

Path 78
  From:                        CoreResetP_0/MSS_HPMS_READY_int:CLK
  To:                          CORETSE_AHB_0/CoreTSE_top_inst/CORETSE_AHBio0.CORETSE_AHBOi0/CORETSE_AHBlOO1/CORETSE_AHBlIo0[6]:ALn
  Delay (ns):                  6.558                                                                           
  Slack (ns):                  -3.969                                                                          
  Arrival (ns):                15.343                                                                          
  Required (ns):               11.374                                                                          

Path 79
  From:                        CoreResetP_0/MSS_HPMS_READY_int:CLK
  To:                          CORETSE_AHB_0/CoreTSE_top_inst/CORETSE_AHBio0.CORETSE_AHBOi0/CORETSE_AHBlOO1/CORETSE_AHBOIo0[9]:ALn
  Delay (ns):                  6.558                                                                           
  Slack (ns):                  -3.969                                                                          
  Arrival (ns):                15.343                                                                          
  Required (ns):               11.374                                                                          

Path 80
  From:                        CoreResetP_0/MSS_HPMS_READY_int:CLK
  To:                          CORETSE_AHB_0/CoreTSE_top_inst/CORETSE_AHBio0.CORETSE_AHBOi0/CORETSE_AHBlOO1/CORETSE_AHBolo0[1]:ALn
  Delay (ns):                  6.561                                                                           
  Slack (ns):                  -3.969                                                                          
  Arrival (ns):                15.346                                                                          
  Required (ns):               11.377                                                                          

Path 81
  From:                        CoreResetP_0/MSS_HPMS_READY_int:CLK
  To:                          CORETSE_AHB_0/CoreTSE_top_inst/CORETSE_AHBio0.CORETSE_AHBOi0/CORETSE_AHBlOO1/CORETSE_AHBIOo0[3]:ALn
  Delay (ns):                  6.552                                                                           
  Slack (ns):                  -3.969                                                                          
  Arrival (ns):                15.337                                                                          
  Required (ns):               11.368                                                                          

Path 82
  From:                        CoreResetP_0/MSS_HPMS_READY_int:CLK
  To:                          CORETSE_AHB_0/CoreTSE_top_inst/CORETSE_AHBio0.CORETSE_AHBOi0/CORETSE_AHBlOO1/CORETSE_AHBIlo0[2]:ALn
  Delay (ns):                  6.546                                                                           
  Slack (ns):                  -3.968                                                                          
  Arrival (ns):                15.331                                                                          
  Required (ns):               11.363                                                                          

Path 83
  From:                        CoreResetP_0/MSS_HPMS_READY_int:CLK
  To:                          CORETSE_AHB_0/CoreTSE_top_inst/CORETSE_AHBio0.CORETSE_AHBOi0/CORETSE_AHBlOO1/CORETSE_AHBIlo0[0]:ALn
  Delay (ns):                  6.551                                                                           
  Slack (ns):                  -3.968                                                                          
  Arrival (ns):                15.336                                                                          
  Required (ns):               11.368                                                                          

Path 84
  From:                        CoreResetP_0/MSS_HPMS_READY_int:CLK
  To:                          CORETSE_AHB_0/CoreTSE_top_inst/CORETSE_AHBio0.CORETSE_AHBOi0/CORETSE_AHBIoi0/CORETSE_AHBol11/CORETSE_AHBoOlOI[18]:ALn
  Delay (ns):                  6.556                                                                           
  Slack (ns):                  -3.968                                                                          
  Arrival (ns):                15.341                                                                          
  Required (ns):               11.373                                                                          

Path 85
  From:                        CoreResetP_0/MSS_HPMS_READY_int:CLK
  To:                          CORETSE_AHB_0/CoreTSE_top_inst/CORETSE_AHBio0.CORETSE_AHBOi0/CORETSE_AHBIoi0/CORETSE_AHBil11/CORETSE_AHBlIoi:ALn
  Delay (ns):                  6.540                                                                           
  Slack (ns):                  -3.968                                                                          
  Arrival (ns):                15.325                                                                          
  Required (ns):               11.357                                                                          

Path 86
  From:                        CoreResetP_0/MSS_HPMS_READY_int:CLK
  To:                          CORETSE_AHB_0/CoreTSE_top_inst/CORETSE_AHBio0.CORETSE_AHBOi0/CORETSE_AHBIoi0/CORETSE_AHBol11/CORETSE_AHBioIOI[18]:ALn
  Delay (ns):                  6.556                                                                           
  Slack (ns):                  -3.968                                                                          
  Arrival (ns):                15.341                                                                          
  Required (ns):               11.373                                                                          

Path 87
  From:                        CoreResetP_0/MSS_HPMS_READY_int:CLK
  To:                          CORETSE_AHB_0/CoreTSE_top_inst/CORETSE_AHBio0.CORETSE_AHBOi0/CORETSE_AHBlOO1/CORETSE_AHBlOo0[3]:ALn
  Delay (ns):                  6.548                                                                           
  Slack (ns):                  -3.968                                                                          
  Arrival (ns):                15.333                                                                          
  Required (ns):               11.365                                                                          

Path 88
  From:                        CoreResetP_0/MSS_HPMS_READY_int:CLK
  To:                          CORETSE_AHB_0/CoreTSE_top_inst/CORETSE_AHBio0.CORETSE_AHBOi0/CORETSE_AHBlOO1/CORETSE_AHBIlo0[1]:ALn
  Delay (ns):                  6.548                                                                           
  Slack (ns):                  -3.968                                                                          
  Arrival (ns):                15.333                                                                          
  Required (ns):               11.365                                                                          

Path 89
  From:                        CoreResetP_0/MSS_HPMS_READY_int:CLK
  To:                          CORETSE_AHB_0/CoreTSE_top_inst/CORETSE_AHBio0.CORETSE_AHBOi0/CORETSE_AHBIoi0/CORETSE_AHBil11/CORETSE_AHBOOOOI:ALn
  Delay (ns):                  6.540                                                                           
  Slack (ns):                  -3.968                                                                          
  Arrival (ns):                15.325                                                                          
  Required (ns):               11.357                                                                          

Path 90
  From:                        CoreResetP_0/MSS_HPMS_READY_int:CLK
  To:                          CORETSE_AHB_0/CoreTSE_top_inst/CORETSE_AHBio0.CORETSE_AHBOi0/CORETSE_AHBIoi0/CORETSE_AHBol11/CORETSE_AHBoOlOI[17]:ALn
  Delay (ns):                  6.556                                                                           
  Slack (ns):                  -3.968                                                                          
  Arrival (ns):                15.341                                                                          
  Required (ns):               11.373                                                                          

Path 91
  From:                        CoreResetP_0/MSS_HPMS_READY_int:CLK
  To:                          CORETSE_AHB_0/CoreTSE_top_inst/CORETSE_AHBio0.CORETSE_AHBOi0/CORETSE_AHBlOO1/CORETSE_AHBiOo0[9]:ALn
  Delay (ns):                  6.548                                                                           
  Slack (ns):                  -3.968                                                                          
  Arrival (ns):                15.333                                                                          
  Required (ns):               11.365                                                                          

Path 92
  From:                        CoreResetP_0/MSS_HPMS_READY_int:CLK
  To:                          CORETSE_AHB_0/CoreTSE_top_inst/CORETSE_AHBio0.CORETSE_AHBOi0/CORETSE_AHBIoi0/CORETSE_AHBil11/CORETSE_AHBiOoi:ALn
  Delay (ns):                  6.540                                                                           
  Slack (ns):                  -3.968                                                                          
  Arrival (ns):                15.325                                                                          
  Required (ns):               11.357                                                                          

Path 93
  From:                        CoreResetP_0/MSS_HPMS_READY_int:CLK
  To:                          CORETSE_AHB_0/CoreTSE_top_inst/CORETSE_AHBio0.CORETSE_AHBOi0/CORETSE_AHBlOO1/CORETSE_AHBlIo0[2]:ALn
  Delay (ns):                  6.546                                                                           
  Slack (ns):                  -3.968                                                                          
  Arrival (ns):                15.331                                                                          
  Required (ns):               11.363                                                                          

Path 94
  From:                        CoreResetP_0/MSS_HPMS_READY_int:CLK
  To:                          CORETSE_AHB_0/CoreTSE_top_inst/CORETSE_AHBio0.CORETSE_AHBOi0/CORETSE_AHBlOO1/CORETSE_AHBllo0[5]:ALn
  Delay (ns):                  6.551                                                                           
  Slack (ns):                  -3.968                                                                          
  Arrival (ns):                15.336                                                                          
  Required (ns):               11.368                                                                          

Path 95
  From:                        CoreResetP_0/MSS_HPMS_READY_int:CLK
  To:                          CORETSE_AHB_0/CoreTSE_top_inst/CORETSE_AHBio0.CORETSE_AHBOi0/CORETSE_AHBlOO1/CORETSE_AHBllo0[4]:ALn
  Delay (ns):                  6.551                                                                           
  Slack (ns):                  -3.968                                                                          
  Arrival (ns):                15.336                                                                          
  Required (ns):               11.368                                                                          

Path 96
  From:                        CoreResetP_0/MSS_HPMS_READY_int:CLK
  To:                          CORETSE_AHB_0/CoreTSE_top_inst/CORETSE_AHBio0.CORETSE_AHBOi0/CORETSE_AHBIoi0/CORETSE_AHBil11/CORETSE_AHBOii0[2]:ALn
  Delay (ns):                  6.548                                                                           
  Slack (ns):                  -3.968                                                                          
  Arrival (ns):                15.333                                                                          
  Required (ns):               11.365                                                                          

Path 97
  From:                        CoreResetP_0/MSS_HPMS_READY_int:CLK
  To:                          CORETSE_AHB_0/CoreTSE_top_inst/CORETSE_AHBio0.CORETSE_AHBOi0/CORETSE_AHBIoi0/CORETSE_AHBol11/CORETSE_AHBioIOI[2]:ALn
  Delay (ns):                  6.538                                                                           
  Slack (ns):                  -3.968                                                                          
  Arrival (ns):                15.323                                                                          
  Required (ns):               11.355                                                                          

Path 98
  From:                        CoreResetP_0/MSS_HPMS_READY_int:CLK
  To:                          CORETSE_AHB_0/CoreTSE_top_inst/CORETSE_AHBio0.CORETSE_AHBOi0/CORETSE_AHBIoi0/CORETSE_AHBil11/CORETSE_AHBiiii:ALn
  Delay (ns):                  6.540                                                                           
  Slack (ns):                  -3.968                                                                          
  Arrival (ns):                15.325                                                                          
  Required (ns):               11.357                                                                          

Path 99
  From:                        CoreResetP_0/MSS_HPMS_READY_int:CLK
  To:                          CORETSE_AHB_0/CoreTSE_top_inst/CORETSE_AHBio0.CORETSE_AHBOi0/CORETSE_AHBIoi0/CORETSE_AHBil11/CORETSE_AHBl0oi[22]:ALn
  Delay (ns):                  6.548                                                                           
  Slack (ns):                  -3.968                                                                          
  Arrival (ns):                15.333                                                                          
  Required (ns):               11.365                                                                          

Path 100
  From:                        CoreResetP_0/MSS_HPMS_READY_int:CLK
  To:                          CORETSE_AHB_0/CoreTSE_top_inst/CORETSE_AHBio0.CORETSE_AHBOi0/CORETSE_AHBlOO1/CORETSE_AHBlIo0[5]:ALn
  Delay (ns):                  6.546                                                                           
  Slack (ns):                  -3.968                                                                          
  Arrival (ns):                15.331                                                                          
  Required (ns):               11.363                                                                          

