Timing Violation Report Max Delay Analysis

SmartTime Version 
Microsemi Corporation - Microsemi Libero Software Release  (Version 11.7.0.113)
Date: Mon Jan 11 22:15:12 2016


Design: CoreTSE_Webserver
Family: SmartFusion2
Die: M2S090TS
Package: 484 FBGA
Temperature Range: 0 - 85 C
Voltage Range: 1.14 - 1.26 V
Speed Grade: -1
Design State: Post-Layout
Data source: Production
Min Operating Conditions: BEST - 1.26 V - 0 C
Max Operating Conditions: WORST - 1.14 V - 85 C
Scenario for Timing Analysis: timing_analysis


Path 1
  From:                        CORETSE_AHB_0/CoreTSE_top_inst/CORETSE_AHBilI/CORETSE_AHBiOooI/CORETSE_AHBl1Oo/CORETSE_AHBIOlo/CORETSE_AHBlOo1[4]:CLK
  To:                          CORETSE_AHB_0/CoreTSE_top_inst/CORETSE_AHBilI/CORETSE_AHBOlooI.CORETSE_AHBO0ooI/CORETSE_AHBO1li/CORETSE_AHBIIIi[10]:D
  Delay (ns):                  4.653                                                                           
  Slack (ns):                  -7.738                                                                          
  Arrival (ns):                20.183                                                                          
  Required (ns):               12.445                                                                          

Path 2
  From:                        CORETSE_AHB_0/CoreTSE_top_inst/CORETSE_AHBilI/CORETSE_AHBiOooI/CORETSE_AHBl1Oo/CORETSE_AHBiOlo/CORETSE_AHBl1o_fast[13]:CLK
  To:                          CORETSE_AHB_0/CoreTSE_top_inst/CORETSE_AHBilI/CORETSE_AHBOlooI.CORETSE_AHBO0ooI/CORETSE_AHBO1li/CORETSE_AHBIIIi[11]:D
  Delay (ns):                  4.657                                                                           
  Slack (ns):                  -7.733                                                                          
  Arrival (ns):                20.187                                                                          
  Required (ns):               12.454                                                                          

Path 3
  From:                        CORETSE_AHB_0/CoreTSE_top_inst/CORETSE_AHBilI/CORETSE_AHBiOooI/CORETSE_AHBl1Oo/CORETSE_AHBiOlo/CORETSE_AHBl1o_fast[13]:CLK
  To:                          CORETSE_AHB_0/CoreTSE_top_inst/CORETSE_AHBilI/CORETSE_AHBOlooI.CORETSE_AHBO0ooI/CORETSE_AHBO1li/CORETSE_AHBIIIi[12]:D
  Delay (ns):                  4.657                                                                           
  Slack (ns):                  -7.732                                                                          
  Arrival (ns):                20.187                                                                          
  Required (ns):               12.455                                                                          

Path 4
  From:                        CORETSE_AHB_0/CoreTSE_top_inst/CORETSE_AHBilI/CORETSE_AHBiOooI/CORETSE_AHBl1Oo/CORETSE_AHBiOlo/CORETSE_AHBl1o[15]:CLK
  To:                          CORETSE_AHB_0/CoreTSE_top_inst/CORETSE_AHBilI/CORETSE_AHBOlooI.CORETSE_AHBO0ooI/CORETSE_AHBO1li/CORETSE_AHBIIIi[10]:D
  Delay (ns):                  4.484                                                                           
  Slack (ns):                  -7.581                                                                          
  Arrival (ns):                20.026                                                                          
  Required (ns):               12.445                                                                          

Path 5
  From:                        CORETSE_AHB_0/CoreTSE_top_inst/CORETSE_AHBilI/CORETSE_AHBoOooI/CORETSE_AHBO1II/CORETSE_AHBllOI[25]:CLK
  To:                          CoreTSE_Webserver_MSS_0/MSS_ADLIB_INST/INST_MSS_075_IP:F_HM0_RDATA[25]
  Delay (ns):                  4.044                                                                           
  Slack (ns):                  -7.580                                                                          
  Arrival (ns):                19.572                                                                          
  Required (ns):               11.992                                                                          

Path 6
  From:                        CORETSE_AHB_0/CoreTSE_top_inst/CORETSE_AHBilI/CORETSE_AHBiOooI/CORETSE_AHBl1Oo/CORETSE_AHBiOlo/CORETSE_AHBl1o_fast[15]:CLK
  To:                          CORETSE_AHB_0/CoreTSE_top_inst/CORETSE_AHBilI/CORETSE_AHBOlooI.CORETSE_AHBO0ooI/CORETSE_AHBO1li/CORETSE_AHBIIIi[11]:D
  Delay (ns):                  4.471                                                                           
  Slack (ns):                  -7.559                                                                          
  Arrival (ns):                20.013                                                                          
  Required (ns):               12.454                                                                          

Path 7
  From:                        CORETSE_AHB_0/CoreTSE_top_inst/CORETSE_AHBilI/CORETSE_AHBiOooI/CORETSE_AHBl1Oo/CORETSE_AHBiOlo/CORETSE_AHBl1o_fast[15]:CLK
  To:                          CORETSE_AHB_0/CoreTSE_top_inst/CORETSE_AHBilI/CORETSE_AHBOlooI.CORETSE_AHBO0ooI/CORETSE_AHBO1li/CORETSE_AHBIIIi[12]:D
  Delay (ns):                  4.471                                                                           
  Slack (ns):                  -7.558                                                                          
  Arrival (ns):                20.013                                                                          
  Required (ns):               12.455                                                                          

Path 8
  From:                        CORETSE_AHB_0/CoreTSE_top_inst/CORETSE_AHBilI/CORETSE_AHBiOooI/CORETSE_AHBl1Oo/CORETSE_AHBiOlo/CORETSE_AHBl1o[4]:CLK
  To:                          CORETSE_AHB_0/CoreTSE_top_inst/CORETSE_AHBilI/CORETSE_AHBOlooI.CORETSE_AHBO0ooI/CORETSE_AHBO1li/CORETSE_AHBIIIi[10]:D
  Delay (ns):                  4.458                                                                           
  Slack (ns):                  -7.549                                                                          
  Arrival (ns):                19.994                                                                          
  Required (ns):               12.445                                                                          

Path 9
  From:                        CORETSE_AHB_0/CoreTSE_top_inst/CORETSE_AHBilI/CORETSE_AHBiOooI/CORETSE_AHBl1Oo/CORETSE_AHBIOlo/CORETSE_AHBlOo1_fast[12]:CLK
  To:                          CORETSE_AHB_0/CoreTSE_top_inst/CORETSE_AHBilI/CORETSE_AHBOlooI.CORETSE_AHBO0ooI/CORETSE_AHBO1li/CORETSE_AHBIIIi[11]:D
  Delay (ns):                  4.450                                                                           
  Slack (ns):                  -7.540                                                                          
  Arrival (ns):                19.994                                                                          
  Required (ns):               12.454                                                                          

Path 10
  From:                        CORETSE_AHB_0/CoreTSE_top_inst/CORETSE_AHBilI/CORETSE_AHBiOooI/CORETSE_AHBl1Oo/CORETSE_AHBIOlo/CORETSE_AHBlOo1_fast[12]:CLK
  To:                          CORETSE_AHB_0/CoreTSE_top_inst/CORETSE_AHBilI/CORETSE_AHBOlooI.CORETSE_AHBO0ooI/CORETSE_AHBO1li/CORETSE_AHBIIIi[12]:D
  Delay (ns):                  4.450                                                                           
  Slack (ns):                  -7.539                                                                          
  Arrival (ns):                19.994                                                                          
  Required (ns):               12.455                                                                          

Path 11
  From:                        CORETSE_AHB_0/CoreTSE_top_inst/CORETSE_AHBio0.CORETSE_AHBOi0/CORETSE_AHBOoi0/CORETSE_AHBI0i0[7]:CLK
  To:                          SERDES_IF2_0/SERDESIF_INST/INST_SERDESIF_IP:EPCS_TXDATA[27]
  Delay (ns):                  5.607                                                                           
  Slack (ns):                  -7.528                                                                          
  Arrival (ns):                13.464                                                                          
  Required (ns):               5.936                                                                           

Path 12
  From:                        CORETSE_AHB_0/CoreTSE_top_inst/CORETSE_AHBilI/CORETSE_AHBiOooI/CORETSE_AHBl1Oo/CORETSE_AHBIOlo/CORETSE_AHBlOo1[3]:CLK
  To:                          CORETSE_AHB_0/CoreTSE_top_inst/CORETSE_AHBilI/CORETSE_AHBOlooI.CORETSE_AHBO0ooI/CORETSE_AHBO1li/CORETSE_AHBIIIi[11]:D
  Delay (ns):                  4.435                                                                           
  Slack (ns):                  -7.526                                                                          
  Arrival (ns):                19.980                                                                          
  Required (ns):               12.454                                                                          

Path 13
  From:                        CORETSE_AHB_0/CoreTSE_top_inst/CORETSE_AHBilI/CORETSE_AHBiOooI/CORETSE_AHBl1Oo/CORETSE_AHBIOlo/CORETSE_AHBlOo1[3]:CLK
  To:                          CORETSE_AHB_0/CoreTSE_top_inst/CORETSE_AHBilI/CORETSE_AHBOlooI.CORETSE_AHBO0ooI/CORETSE_AHBO1li/CORETSE_AHBIIIi[12]:D
  Delay (ns):                  4.435                                                                           
  Slack (ns):                  -7.525                                                                          
  Arrival (ns):                19.980                                                                          
  Required (ns):               12.455                                                                          

Path 14
  From:                        CORETSE_AHB_0/CoreTSE_top_inst/CORETSE_AHBilI/CORETSE_AHBiOooI/CORETSE_AHBl1Oo/CORETSE_AHBiOlo/CORETSE_AHBl1o_fast[12]:CLK
  To:                          CORETSE_AHB_0/CoreTSE_top_inst/CORETSE_AHBilI/CORETSE_AHBOlooI.CORETSE_AHBO0ooI/CORETSE_AHBO1li/CORETSE_AHBIIIi[11]:D
  Delay (ns):                  4.442                                                                           
  Slack (ns):                  -7.518                                                                          
  Arrival (ns):                19.972                                                                          
  Required (ns):               12.454                                                                          

Path 15
  From:                        CORETSE_AHB_0/CoreTSE_top_inst/CORETSE_AHBilI/CORETSE_AHBiOooI/CORETSE_AHBl1Oo/CORETSE_AHBIOlo/CORETSE_AHBlOo1_fast[2]:CLK
  To:                          CORETSE_AHB_0/CoreTSE_top_inst/CORETSE_AHBilI/CORETSE_AHBOlooI.CORETSE_AHBO0ooI/CORETSE_AHBO1li/CORETSE_AHBIIIi[10]:D
  Delay (ns):                  4.432                                                                           
  Slack (ns):                  -7.517                                                                          
  Arrival (ns):                19.962                                                                          
  Required (ns):               12.445                                                                          

Path 16
  From:                        CORETSE_AHB_0/CoreTSE_top_inst/CORETSE_AHBilI/CORETSE_AHBiOooI/CORETSE_AHBl1Oo/CORETSE_AHBiOlo/CORETSE_AHBl1o_fast[12]:CLK
  To:                          CORETSE_AHB_0/CoreTSE_top_inst/CORETSE_AHBilI/CORETSE_AHBOlooI.CORETSE_AHBO0ooI/CORETSE_AHBO1li/CORETSE_AHBIIIi[12]:D
  Delay (ns):                  4.442                                                                           
  Slack (ns):                  -7.517                                                                          
  Arrival (ns):                19.972                                                                          
  Required (ns):               12.455                                                                          

Path 17
  From:                        CORETSE_AHB_0/CoreTSE_top_inst/CORETSE_AHBilI/CORETSE_AHBiOooI/CORETSE_AHBl1Oo/CORETSE_AHBIOlo/CORETSE_AHBlOo1_fast[3]:CLK
  To:                          CORETSE_AHB_0/CoreTSE_top_inst/CORETSE_AHBilI/CORETSE_AHBOlooI.CORETSE_AHBO0ooI/CORETSE_AHBO1li/CORETSE_AHBIIIi[10]:D
  Delay (ns):                  4.405                                                                           
  Slack (ns):                  -7.502                                                                          
  Arrival (ns):                19.947                                                                          
  Required (ns):               12.445                                                                          

Path 18
  From:                        CORETSE_AHB_0/CoreTSE_top_inst/CORETSE_AHBio0.CORETSE_AHBOi0/CORETSE_AHBOoi0/CORETSE_AHBI0i0[0]:CLK
  To:                          SERDES_IF2_0/SERDESIF_INST/INST_SERDESIF_IP:EPCS_TXDATA[20]
  Delay (ns):                  5.406                                                                           
  Slack (ns):                  -7.412                                                                          
  Arrival (ns):                13.248                                                                          
  Required (ns):               5.836                                                                           

Path 19
  From:                        CORETSE_AHB_0/CoreTSE_top_inst/CORETSE_AHBilI/CORETSE_AHBiOooI/CORETSE_AHBl1Oo/CORETSE_AHBiOlo/CORETSE_AHBl1o[3]:CLK
  To:                          CORETSE_AHB_0/CoreTSE_top_inst/CORETSE_AHBilI/CORETSE_AHBOlooI.CORETSE_AHBO0ooI/CORETSE_AHBO1li/CORETSE_AHBIIIi[11]:D
  Delay (ns):                  4.314                                                                           
  Slack (ns):                  -7.396                                                                          
  Arrival (ns):                19.850                                                                          
  Required (ns):               12.454                                                                          

Path 20
  From:                        CORETSE_AHB_0/CoreTSE_top_inst/CORETSE_AHBilI/CORETSE_AHBiOooI/CORETSE_AHBl1Oo/CORETSE_AHBiOlo/CORETSE_AHBl1o[3]:CLK
  To:                          CORETSE_AHB_0/CoreTSE_top_inst/CORETSE_AHBilI/CORETSE_AHBOlooI.CORETSE_AHBO0ooI/CORETSE_AHBO1li/CORETSE_AHBIIIi[12]:D
  Delay (ns):                  4.314                                                                           
  Slack (ns):                  -7.395                                                                          
  Arrival (ns):                19.850                                                                          
  Required (ns):               12.455                                                                          

Path 21
  From:                        CORETSE_AHB_0/CoreTSE_top_inst/CORETSE_AHBilI/CORETSE_AHBiOooI/CORETSE_AHBl1Oo/CORETSE_AHBiOlo/CORETSE_AHBl1o[0]:CLK
  To:                          CORETSE_AHB_0/CoreTSE_top_inst/CORETSE_AHBilI/CORETSE_AHBOlooI.CORETSE_AHBO0ooI/CORETSE_AHBO1li/CORETSE_AHBIIIi[11]:D
  Delay (ns):                  4.311                                                                           
  Slack (ns):                  -7.384                                                                          
  Arrival (ns):                19.838                                                                          
  Required (ns):               12.454                                                                          

Path 22
  From:                        CORETSE_AHB_0/CoreTSE_top_inst/CORETSE_AHBilI/CORETSE_AHBiOooI/CORETSE_AHBl1Oo/CORETSE_AHBiOlo/CORETSE_AHBl1o[0]:CLK
  To:                          CORETSE_AHB_0/CoreTSE_top_inst/CORETSE_AHBilI/CORETSE_AHBOlooI.CORETSE_AHBO0ooI/CORETSE_AHBO1li/CORETSE_AHBIIIi[12]:D
  Delay (ns):                  4.311                                                                           
  Slack (ns):                  -7.383                                                                          
  Arrival (ns):                19.838                                                                          
  Required (ns):               12.455                                                                          

Path 23
  From:                        CORETSE_AHB_0/CoreTSE_top_inst/CORETSE_AHBilI/CORETSE_AHBiOooI/CORETSE_AHBl1Oo/CORETSE_AHBIOlo/CORETSE_AHBlOo1_fast[1]:CLK
  To:                          CORETSE_AHB_0/CoreTSE_top_inst/CORETSE_AHBilI/CORETSE_AHBOlooI.CORETSE_AHBO0ooI/CORETSE_AHBO1li/CORETSE_AHBIIIi[10]:D
  Delay (ns):                  4.285                                                                           
  Slack (ns):                  -7.382                                                                          
  Arrival (ns):                19.827                                                                          
  Required (ns):               12.445                                                                          

Path 24
  From:                        CORETSE_AHB_0/CoreTSE_top_inst/CORETSE_AHBilI/CORETSE_AHBiOooI/CORETSE_AHBl1Oo/CORETSE_AHBIOlo/CORETSE_AHBlOo1[6]:CLK
  To:                          CORETSE_AHB_0/CoreTSE_top_inst/CORETSE_AHBilI/CORETSE_AHBOlooI.CORETSE_AHBO0ooI/CORETSE_AHBO1li/CORETSE_AHBIIIi[10]:D
  Delay (ns):                  4.297                                                                           
  Slack (ns):                  -7.375                                                                          
  Arrival (ns):                19.820                                                                          
  Required (ns):               12.445                                                                          

Path 25
  From:                        CORETSE_AHB_0/CoreTSE_top_inst/CORETSE_AHBilI/CORETSE_AHBiOooI/CORETSE_AHBl1Oo/CORETSE_AHBiOlo/CORETSE_AHBl1o[2]:CLK
  To:                          CORETSE_AHB_0/CoreTSE_top_inst/CORETSE_AHBilI/CORETSE_AHBOlooI.CORETSE_AHBO0ooI/CORETSE_AHBO1li/CORETSE_AHBIIIi[11]:D
  Delay (ns):                  4.300                                                                           
  Slack (ns):                  -7.374                                                                          
  Arrival (ns):                19.828                                                                          
  Required (ns):               12.454                                                                          

Path 26
  From:                        CORETSE_AHB_0/CoreTSE_top_inst/CORETSE_AHBilI/CORETSE_AHBiOooI/CORETSE_AHBl1Oo/CORETSE_AHBiOlo/CORETSE_AHBl1o[2]:CLK
  To:                          CORETSE_AHB_0/CoreTSE_top_inst/CORETSE_AHBilI/CORETSE_AHBOlooI.CORETSE_AHBO0ooI/CORETSE_AHBO1li/CORETSE_AHBIIIi[12]:D
  Delay (ns):                  4.300                                                                           
  Slack (ns):                  -7.373                                                                          
  Arrival (ns):                19.828                                                                          
  Required (ns):               12.455                                                                          

Path 27
  From:                        CORETSE_AHB_0/CoreTSE_top_inst/CORETSE_AHBilI/CORETSE_AHBiOooI/CORETSE_AHBl1Oo/CORETSE_AHBIOlo/CORETSE_AHBlOo1[4]:CLK
  To:                          CORETSE_AHB_0/CoreTSE_top_inst/CORETSE_AHBilI/CORETSE_AHBOlooI.CORETSE_AHBO0ooI/CORETSE_AHBO1li/CORETSE_AHBIIIi[11]:D
  Delay (ns):                  4.288                                                                           
  Slack (ns):                  -7.364                                                                          
  Arrival (ns):                19.818                                                                          
  Required (ns):               12.454                                                                          

Path 28
  From:                        CORETSE_AHB_0/CoreTSE_top_inst/CORETSE_AHBilI/CORETSE_AHBiOooI/CORETSE_AHBl1Oo/CORETSE_AHBIOlo/CORETSE_AHBlOo1[4]:CLK
  To:                          CORETSE_AHB_0/CoreTSE_top_inst/CORETSE_AHBilI/CORETSE_AHBOlooI.CORETSE_AHBO0ooI/CORETSE_AHBO1li/CORETSE_AHBIIIi[12]:D
  Delay (ns):                  4.288                                                                           
  Slack (ns):                  -7.363                                                                          
  Arrival (ns):                19.818                                                                          
  Required (ns):               12.455                                                                          

Path 29
  From:                        CORETSE_AHB_0/CoreTSE_top_inst/CORETSE_AHBilI/CORETSE_AHBiOooI/CORETSE_AHBl1Oo/CORETSE_AHBiOlo/CORETSE_AHBl1o[14]:CLK
  To:                          CORETSE_AHB_0/CoreTSE_top_inst/CORETSE_AHBilI/CORETSE_AHBOlooI.CORETSE_AHBO0ooI/CORETSE_AHBO1li/CORETSE_AHBIIIi[11]:D
  Delay (ns):                  4.255                                                                           
  Slack (ns):                  -7.351                                                                          
  Arrival (ns):                19.805                                                                          
  Required (ns):               12.454                                                                          

Path 30
  From:                        CORETSE_AHB_0/CoreTSE_top_inst/CORETSE_AHBilI/CORETSE_AHBiOooI/CORETSE_AHBl1Oo/CORETSE_AHBiOlo/CORETSE_AHBl1o[14]:CLK
  To:                          CORETSE_AHB_0/CoreTSE_top_inst/CORETSE_AHBilI/CORETSE_AHBOlooI.CORETSE_AHBO0ooI/CORETSE_AHBO1li/CORETSE_AHBIIIi[12]:D
  Delay (ns):                  4.255                                                                           
  Slack (ns):                  -7.350                                                                          
  Arrival (ns):                19.805                                                                          
  Required (ns):               12.455                                                                          

Path 31
  From:                        CORETSE_AHB_0/CoreTSE_top_inst/CORETSE_AHBilI/CORETSE_AHBiOooI/CORETSE_AHBl1Oo/CORETSE_AHBiOlo/CORETSE_AHBl1o[1]:CLK
  To:                          CORETSE_AHB_0/CoreTSE_top_inst/CORETSE_AHBilI/CORETSE_AHBOlooI.CORETSE_AHBO0ooI/CORETSE_AHBO1li/CORETSE_AHBIIIi[11]:D
  Delay (ns):                  4.267                                                                           
  Slack (ns):                  -7.350                                                                          
  Arrival (ns):                19.804                                                                          
  Required (ns):               12.454                                                                          

Path 32
  From:                        CORETSE_AHB_0/CoreTSE_top_inst/CORETSE_AHBilI/CORETSE_AHBoOooI/CORETSE_AHBO1II/CORETSE_AHBllOI[20]:CLK
  To:                          CoreTSE_Webserver_MSS_0/MSS_ADLIB_INST/INST_MSS_075_IP:F_HM0_RDATA[20]
  Delay (ns):                  3.771                                                                           
  Slack (ns):                  -7.349                                                                          
  Arrival (ns):                19.343                                                                          
  Required (ns):               11.994                                                                          

Path 33
  From:                        CORETSE_AHB_0/CoreTSE_top_inst/CORETSE_AHBilI/CORETSE_AHBiOooI/CORETSE_AHBl1Oo/CORETSE_AHBiOlo/CORETSE_AHBl1o[1]:CLK
  To:                          CORETSE_AHB_0/CoreTSE_top_inst/CORETSE_AHBilI/CORETSE_AHBOlooI.CORETSE_AHBO0ooI/CORETSE_AHBO1li/CORETSE_AHBIIIi[12]:D
  Delay (ns):                  4.267                                                                           
  Slack (ns):                  -7.349                                                                          
  Arrival (ns):                19.804                                                                          
  Required (ns):               12.455                                                                          

Path 34
  From:                        CORETSE_AHB_0/CoreTSE_top_inst/CORETSE_AHBio0.CORETSE_AHBOi0/CORETSE_AHBOoi0/CORETSE_AHBI0i0[1]:CLK
  To:                          SERDES_IF2_0/SERDESIF_INST/INST_SERDESIF_IP:EPCS_TXDATA[21]
  Delay (ns):                  5.380                                                                           
  Slack (ns):                  -7.344                                                                          
  Arrival (ns):                13.226                                                                          
  Required (ns):               5.882                                                                           

Path 35
  From:                        CORETSE_AHB_0/CoreTSE_top_inst/CORETSE_AHBilI/CORETSE_AHBoOooI/CORETSE_AHBO1II/CORETSE_AHBllOI[6]:CLK
  To:                          CoreTSE_Webserver_MSS_0/MSS_ADLIB_INST/INST_MSS_075_IP:F_HM0_RDATA[6]
  Delay (ns):                  3.896                                                                           
  Slack (ns):                  -7.325                                                                          
  Arrival (ns):                19.463                                                                          
  Required (ns):               12.138                                                                          

Path 36
  From:                        CORETSE_AHB_0/CoreTSE_top_inst/CORETSE_AHBilI/CORETSE_AHBiOooI/CORETSE_AHBl1Oo/CORETSE_AHBiOlo/CORETSE_AHBl1o_fast[3]:CLK
  To:                          CORETSE_AHB_0/CoreTSE_top_inst/CORETSE_AHBilI/CORETSE_AHBOlooI.CORETSE_AHBO0ooI/CORETSE_AHBO1li/CORETSE_AHBIIIi[11]:D
  Delay (ns):                  4.260                                                                           
  Slack (ns):                  -7.324                                                                          
  Arrival (ns):                19.778                                                                          
  Required (ns):               12.454                                                                          

Path 37
  From:                        CORETSE_AHB_0/CoreTSE_top_inst/CORETSE_AHBilI/CORETSE_AHBiOooI/CORETSE_AHBl1Oo/CORETSE_AHBIOlo/CORETSE_AHBlOo1_fast[0]:CLK
  To:                          CORETSE_AHB_0/CoreTSE_top_inst/CORETSE_AHBilI/CORETSE_AHBOlooI.CORETSE_AHBO0ooI/CORETSE_AHBO1li/CORETSE_AHBIIIi[10]:D
  Delay (ns):                  4.237                                                                           
  Slack (ns):                  -7.323                                                                          
  Arrival (ns):                19.768                                                                          
  Required (ns):               12.445                                                                          

Path 38
  From:                        CORETSE_AHB_0/CoreTSE_top_inst/CORETSE_AHBilI/CORETSE_AHBiOooI/CORETSE_AHBl1Oo/CORETSE_AHBiOlo/CORETSE_AHBl1o_fast[3]:CLK
  To:                          CORETSE_AHB_0/CoreTSE_top_inst/CORETSE_AHBilI/CORETSE_AHBOlooI.CORETSE_AHBO0ooI/CORETSE_AHBO1li/CORETSE_AHBIIIi[12]:D
  Delay (ns):                  4.260                                                                           
  Slack (ns):                  -7.323                                                                          
  Arrival (ns):                19.778                                                                          
  Required (ns):               12.455                                                                          

Path 39
  From:                        CORETSE_AHB_0/CoreTSE_top_inst/CORETSE_AHBilI/CORETSE_AHBiOooI/CORETSE_AHBl1Oo/CORETSE_AHBIOlo/CORETSE_AHBlOo1[15]:CLK
  To:                          CORETSE_AHB_0/CoreTSE_top_inst/CORETSE_AHBilI/CORETSE_AHBOlooI.CORETSE_AHBO0ooI/CORETSE_AHBO1li/CORETSE_AHBIIIi[11]:D
  Delay (ns):                  4.242                                                                           
  Slack (ns):                  -7.318                                                                          
  Arrival (ns):                19.772                                                                          
  Required (ns):               12.454                                                                          

Path 40
  From:                        CORETSE_AHB_0/CoreTSE_top_inst/CORETSE_AHBilI/CORETSE_AHBiOooI/CORETSE_AHBl1Oo/CORETSE_AHBIOlo/CORETSE_AHBlOo1[15]:CLK
  To:                          CORETSE_AHB_0/CoreTSE_top_inst/CORETSE_AHBilI/CORETSE_AHBOlooI.CORETSE_AHBO0ooI/CORETSE_AHBO1li/CORETSE_AHBIIIi[12]:D
  Delay (ns):                  4.243                                                                           
  Slack (ns):                  -7.318                                                                          
  Arrival (ns):                19.773                                                                          
  Required (ns):               12.455                                                                          

Path 41
  From:                        CORETSE_AHB_0/CoreTSE_top_inst/CORETSE_AHBilI/CORETSE_AHBiOooI/CORETSE_AHBl1Oo/CORETSE_AHBIOlo/CORETSE_AHBlOo1_fast[12]:CLK
  To:                          CORETSE_AHB_0/CoreTSE_top_inst/CORETSE_AHBilI/CORETSE_AHBOlooI.CORETSE_AHBO0ooI/CORETSE_AHBO1li/CORETSE_AHBIIIi[10]:D
  Delay (ns):                  4.214                                                                           
  Slack (ns):                  -7.313                                                                          
  Arrival (ns):                19.758                                                                          
  Required (ns):               12.445                                                                          

Path 42
  From:                        CORETSE_AHB_0/CoreTSE_top_inst/CORETSE_AHBilI/CORETSE_AHBiOooI/CORETSE_AHBl1Oo/CORETSE_AHBIOlo/CORETSE_AHBlOo1[9]:CLK
  To:                          CORETSE_AHB_0/CoreTSE_top_inst/CORETSE_AHBilI/CORETSE_AHBOlooI.CORETSE_AHBO0ooI/CORETSE_AHBO1li/CORETSE_AHBIIIi[11]:D
  Delay (ns):                  4.199                                                                           
  Slack (ns):                  -7.297                                                                          
  Arrival (ns):                19.751                                                                          
  Required (ns):               12.454                                                                          

Path 43
  From:                        CORETSE_AHB_0/CoreTSE_top_inst/CORETSE_AHBilI/CORETSE_AHBiOooI/CORETSE_AHBl1Oo/CORETSE_AHBIOlo/CORETSE_AHBlOo1[9]:CLK
  To:                          CORETSE_AHB_0/CoreTSE_top_inst/CORETSE_AHBilI/CORETSE_AHBOlooI.CORETSE_AHBO0ooI/CORETSE_AHBO1li/CORETSE_AHBIIIi[12]:D
  Delay (ns):                  4.199                                                                           
  Slack (ns):                  -7.296                                                                          
  Arrival (ns):                19.751                                                                          
  Required (ns):               12.455                                                                          

Path 44
  From:                        CORETSE_AHB_0/CoreTSE_top_inst/CORETSE_AHBilI/CORETSE_AHBiOooI/CORETSE_AHBl1Oo/CORETSE_AHBIOlo/CORETSE_AHBlOo1_fast[12]:CLK
  To:                          CORETSE_AHB_0/CoreTSE_top_inst/CORETSE_AHBilI/CORETSE_AHBOlooI.CORETSE_AHBO0ooI/CORETSE_AHBO1li/CORETSE_AHBIIIi[41]:D
  Delay (ns):                  4.205                                                                           
  Slack (ns):                  -7.289                                                                          
  Arrival (ns):                19.749                                                                          
  Required (ns):               12.460                                                                          

Path 45
  From:                        CORETSE_AHB_0/CoreTSE_top_inst/CORETSE_AHBilI/CORETSE_AHBiOooI/CORETSE_AHBl1Oo/CORETSE_AHBiOlo/CORETSE_AHBl1o[4]:CLK
  To:                          CORETSE_AHB_0/CoreTSE_top_inst/CORETSE_AHBilI/CORETSE_AHBOlooI.CORETSE_AHBO0ooI/CORETSE_AHBO1li/CORETSE_AHBIIIi[11]:D
  Delay (ns):                  4.202                                                                           
  Slack (ns):                  -7.284                                                                          
  Arrival (ns):                19.738                                                                          
  Required (ns):               12.454                                                                          

Path 46
  From:                        CORETSE_AHB_0/CoreTSE_top_inst/CORETSE_AHBilI/CORETSE_AHBiOooI/CORETSE_AHBl1Oo/CORETSE_AHBiOlo/CORETSE_AHBl1o[4]:CLK
  To:                          CORETSE_AHB_0/CoreTSE_top_inst/CORETSE_AHBilI/CORETSE_AHBOlooI.CORETSE_AHBO0ooI/CORETSE_AHBO1li/CORETSE_AHBIIIi[12]:D
  Delay (ns):                  4.202                                                                           
  Slack (ns):                  -7.283                                                                          
  Arrival (ns):                19.738                                                                          
  Required (ns):               12.455                                                                          

Path 47
  From:                        CORETSE_AHB_0/CoreTSE_top_inst/CORETSE_AHBilI/CORETSE_AHBiOooI/CORETSE_AHBl1Oo/CORETSE_AHBiOlo/CORETSE_AHBl1o[6]:CLK
  To:                          CORETSE_AHB_0/CoreTSE_top_inst/CORETSE_AHBilI/CORETSE_AHBOlooI.CORETSE_AHBO0ooI/CORETSE_AHBO1li/CORETSE_AHBIIIi[11]:D
  Delay (ns):                  4.209                                                                           
  Slack (ns):                  -7.270                                                                          
  Arrival (ns):                19.724                                                                          
  Required (ns):               12.454                                                                          

Path 48
  From:                        CORETSE_AHB_0/CoreTSE_top_inst/CORETSE_AHBilI/CORETSE_AHBiOooI/CORETSE_AHBl1Oo/CORETSE_AHBiOlo/CORETSE_AHBl1o[6]:CLK
  To:                          CORETSE_AHB_0/CoreTSE_top_inst/CORETSE_AHBilI/CORETSE_AHBOlooI.CORETSE_AHBO0ooI/CORETSE_AHBO1li/CORETSE_AHBIIIi[12]:D
  Delay (ns):                  4.209                                                                           
  Slack (ns):                  -7.269                                                                          
  Arrival (ns):                19.724                                                                          
  Required (ns):               12.455                                                                          

Path 49
  From:                        CORETSE_AHB_0/CoreTSE_top_inst/CORETSE_AHBilI/CORETSE_AHBiOooI/CORETSE_AHBl1Oo/CORETSE_AHBIOlo/CORETSE_AHBlOo1[6]:CLK
  To:                          CORETSE_AHB_0/CoreTSE_top_inst/CORETSE_AHBilI/CORETSE_AHBOlooI.CORETSE_AHBO0ooI/CORETSE_AHBO1li/CORETSE_AHBIIIi[11]:D
  Delay (ns):                  4.190                                                                           
  Slack (ns):                  -7.259                                                                          
  Arrival (ns):                19.713                                                                          
  Required (ns):               12.454                                                                          

Path 50
  From:                        CORETSE_AHB_0/CoreTSE_top_inst/CORETSE_AHBilI/CORETSE_AHBiOooI/CORETSE_AHBl1Oo/CORETSE_AHBIOlo/CORETSE_AHBlOo1_fast[12]:CLK
  To:                          CORETSE_AHB_0/CoreTSE_top_inst/CORETSE_AHBilI/CORETSE_AHBOlooI.CORETSE_AHBO0ooI/CORETSE_AHBO1li/CORETSE_AHBIIIi[38]:D
  Delay (ns):                  4.174                                                                           
  Slack (ns):                  -7.258                                                                          
  Arrival (ns):                19.718                                                                          
  Required (ns):               12.460                                                                          

Path 51
  From:                        CORETSE_AHB_0/CoreTSE_top_inst/CORETSE_AHBilI/CORETSE_AHBiOooI/CORETSE_AHBl1Oo/CORETSE_AHBIOlo/CORETSE_AHBlOo1[6]:CLK
  To:                          CORETSE_AHB_0/CoreTSE_top_inst/CORETSE_AHBilI/CORETSE_AHBOlooI.CORETSE_AHBO0ooI/CORETSE_AHBO1li/CORETSE_AHBIIIi[12]:D
  Delay (ns):                  4.190                                                                           
  Slack (ns):                  -7.258                                                                          
  Arrival (ns):                19.713                                                                          
  Required (ns):               12.455                                                                          

Path 52
  From:                        CORETSE_AHB_0/CoreTSE_top_inst/CORETSE_AHBio0.CORETSE_AHBOi0/CORETSE_AHBIoi0/CORETSE_AHBiI11/CORETSE_AHBlI1II[8]:CLK
  To:                          SERDES_IF2_0/SERDESIF_INST/INST_SERDESIF_IP:EPCS_TXDATA[28]
  Delay (ns):                  5.300                                                                           
  Slack (ns):                  -7.257                                                                          
  Arrival (ns):                13.137                                                                          
  Required (ns):               5.880                                                                           

Path 53
  From:                        CORETSE_AHB_0/CoreTSE_top_inst/CORETSE_AHBilI/CORETSE_AHBiOooI/CORETSE_AHBl1Oo/CORETSE_AHBIOlo/CORETSE_AHBlOo1[7]:CLK
  To:                          CORETSE_AHB_0/CoreTSE_top_inst/CORETSE_AHBilI/CORETSE_AHBOlooI.CORETSE_AHBO0ooI/CORETSE_AHBO1li/CORETSE_AHBIIIi[11]:D
  Delay (ns):                  4.186                                                                           
  Slack (ns):                  -7.254                                                                          
  Arrival (ns):                19.708                                                                          
  Required (ns):               12.454                                                                          

Path 54
  From:                        CORETSE_AHB_0/CoreTSE_top_inst/CORETSE_AHBilI/CORETSE_AHBiOooI/CORETSE_AHBl1Oo/CORETSE_AHBIOlo/CORETSE_AHBlOo1[7]:CLK
  To:                          CORETSE_AHB_0/CoreTSE_top_inst/CORETSE_AHBilI/CORETSE_AHBOlooI.CORETSE_AHBO0ooI/CORETSE_AHBO1li/CORETSE_AHBIIIi[12]:D
  Delay (ns):                  4.187                                                                           
  Slack (ns):                  -7.254                                                                          
  Arrival (ns):                19.709                                                                          
  Required (ns):               12.455                                                                          

Path 55
  From:                        CORETSE_AHB_0/CoreTSE_top_inst/CORETSE_AHBio0.CORETSE_AHBOi0/CORETSE_AHBOoi0/CORETSE_AHBI0i0[2]:CLK
  To:                          SERDES_IF2_0/SERDESIF_INST/INST_SERDESIF_IP:EPCS_TXDATA[22]
  Delay (ns):                  5.315                                                                           
  Slack (ns):                  -7.252                                                                          
  Arrival (ns):                13.148                                                                          
  Required (ns):               5.896                                                                           

Path 56
  From:                        CORETSE_AHB_0/CoreTSE_top_inst/CORETSE_AHBilI/CORETSE_AHBiOooI/CORETSE_AHBl1Oo/CORETSE_AHBIOlo/CORETSE_AHBlOo1[2]:CLK
  To:                          CORETSE_AHB_0/CoreTSE_top_inst/CORETSE_AHBilI/CORETSE_AHBOlooI.CORETSE_AHBO0ooI/CORETSE_AHBO1li/CORETSE_AHBIIIi[11]:D
  Delay (ns):                  4.160                                                                           
  Slack (ns):                  -7.252                                                                          
  Arrival (ns):                19.706                                                                          
  Required (ns):               12.454                                                                          

Path 57
  From:                        CORETSE_AHB_0/CoreTSE_top_inst/CORETSE_AHBilI/CORETSE_AHBiOooI/CORETSE_AHBl1Oo/CORETSE_AHBIOlo/CORETSE_AHBlOo1[3]:CLK
  To:                          CORETSE_AHB_0/CoreTSE_top_inst/CORETSE_AHBilI/CORETSE_AHBOlooI.CORETSE_AHBO0ooI/CORETSE_AHBO1li/CORETSE_AHBIIIi[10]:D
  Delay (ns):                  4.151                                                                           
  Slack (ns):                  -7.251                                                                          
  Arrival (ns):                19.696                                                                          
  Required (ns):               12.445                                                                          

Path 58
  From:                        CORETSE_AHB_0/CoreTSE_top_inst/CORETSE_AHBilI/CORETSE_AHBiOooI/CORETSE_AHBl1Oo/CORETSE_AHBIOlo/CORETSE_AHBlOo1[2]:CLK
  To:                          CORETSE_AHB_0/CoreTSE_top_inst/CORETSE_AHBilI/CORETSE_AHBOlooI.CORETSE_AHBO0ooI/CORETSE_AHBO1li/CORETSE_AHBIIIi[12]:D
  Delay (ns):                  4.160                                                                           
  Slack (ns):                  -7.251                                                                          
  Arrival (ns):                19.706                                                                          
  Required (ns):               12.455                                                                          

Path 59
  From:                        CORETSE_AHB_0/CoreTSE_top_inst/CORETSE_AHBio0.CORETSE_AHBOi0/CORETSE_AHBOoi0/CORETSE_AHBI0i0[3]:CLK
  To:                          SERDES_IF2_0/SERDESIF_INST/INST_SERDESIF_IP:EPCS_TXDATA[23]
  Delay (ns):                  5.231                                                                           
  Slack (ns):                  -7.224                                                                          
  Arrival (ns):                13.078                                                                          
  Required (ns):               5.854                                                                           

Path 60
  From:                        CORETSE_AHB_0/CoreTSE_top_inst/CORETSE_AHBio0.CORETSE_AHBOi0/CORETSE_AHBOoi0/CORETSE_AHBI0i0[4]:CLK
  To:                          SERDES_IF2_0/SERDESIF_INST/INST_SERDESIF_IP:EPCS_TXDATA[24]
  Delay (ns):                  5.253                                                                           
  Slack (ns):                  -7.219                                                                          
  Arrival (ns):                13.085                                                                          
  Required (ns):               5.866                                                                           

Path 61
  From:                        CORETSE_AHB_0/CoreTSE_top_inst/CORETSE_AHBio0.CORETSE_AHBOi0/CORETSE_AHBOoi0/CORETSE_AHBo110:CLK
  To:                          SERDES_IF2_0/SERDESIF_INST/INST_SERDESIF_IP:EPCS_TXDATA[28]
  Delay (ns):                  5.245                                                                           
  Slack (ns):                  -7.218                                                                          
  Arrival (ns):                13.098                                                                          
  Required (ns):               5.880                                                                           

Path 62
  From:                        CORETSE_AHB_0/CoreTSE_top_inst/CORETSE_AHBilI/CORETSE_AHBiOooI/CORETSE_AHBl1Oo/CORETSE_AHBIOlo/CORETSE_AHBlOo1[9]:CLK
  To:                          CORETSE_AHB_0/CoreTSE_top_inst/CORETSE_AHBilI/CORETSE_AHBOlooI.CORETSE_AHBO0ooI/CORETSE_AHBO1li/CORETSE_AHBIIIi[10]:D
  Delay (ns):                  4.107                                                                           
  Slack (ns):                  -7.214                                                                          
  Arrival (ns):                19.659                                                                          
  Required (ns):               12.445                                                                          

Path 63
  From:                        CORETSE_AHB_0/CoreTSE_top_inst/CORETSE_AHBilI/CORETSE_AHBiOooI/CORETSE_AHBl1Oo/CORETSE_AHBiOlo/CORETSE_AHBl1o[8]:CLK
  To:                          CORETSE_AHB_0/CoreTSE_top_inst/CORETSE_AHBilI/CORETSE_AHBOlooI.CORETSE_AHBO0ooI/CORETSE_AHBO1li/CORETSE_AHBIIIi[10]:D
  Delay (ns):                  4.113                                                                           
  Slack (ns):                  -7.210                                                                          
  Arrival (ns):                19.655                                                                          
  Required (ns):               12.445                                                                          

Path 64
  From:                        CORETSE_AHB_0/CoreTSE_top_inst/CORETSE_AHBilI/CORETSE_AHBoOooI/CORETSE_AHBO1II/CORETSE_AHBllOI[18]:CLK
  To:                          CoreTSE_Webserver_MSS_0/MSS_ADLIB_INST/INST_MSS_075_IP:F_HM0_RDATA[18]
  Delay (ns):                  3.519                                                                           
  Slack (ns):                  -7.209                                                                          
  Arrival (ns):                19.043                                                                          
  Required (ns):               11.834                                                                          

Path 65
  From:                        CORETSE_AHB_0/CoreTSE_top_inst/CORETSE_AHBilI/CORETSE_AHBoOooI/CORETSE_AHBO1II/CORETSE_AHBIlOI:CLK
  To:                          CoreTSE_Webserver_MSS_0/MSS_ADLIB_INST/INST_MSS_075_IP:F_HM0_RDATA[30]
  Delay (ns):                  3.598                                                                           
  Slack (ns):                  -7.204                                                                          
  Arrival (ns):                19.158                                                                          
  Required (ns):               11.954                                                                          

Path 66
  From:                        CORETSE_AHB_0/CoreTSE_top_inst/CORETSE_AHBilI/CORETSE_AHBiOooI/CORETSE_AHBl1Oo/CORETSE_AHBiOlo/CORETSE_AHBl1o[4]:CLK
  To:                          CORETSE_AHB_0/CoreTSE_top_inst/CORETSE_AHBilI/CORETSE_AHBOlooI.CORETSE_AHBO0ooI/CORETSE_AHBO1li/CORETSE_AHBIIIi[41]:D
  Delay (ns):                  4.120                                                                           
  Slack (ns):                  -7.196                                                                          
  Arrival (ns):                19.656                                                                          
  Required (ns):               12.460                                                                          

Path 67
  From:                        CORETSE_AHB_0/CoreTSE_top_inst/CORETSE_AHBilI/CORETSE_AHBiOooI/CORETSE_AHBl1Oo/CORETSE_AHBiOlo/CORETSE_AHBl1o_fast[13]:CLK
  To:                          CORETSE_AHB_0/CoreTSE_top_inst/CORETSE_AHBilI/CORETSE_AHBOlooI.CORETSE_AHBO0ooI/CORETSE_AHBO1li/CORETSE_AHBIIIi[10]:D
  Delay (ns):                  4.110                                                                           
  Slack (ns):                  -7.195                                                                          
  Arrival (ns):                19.640                                                                          
  Required (ns):               12.445                                                                          

Path 68
  From:                        CORETSE_AHB_0/CoreTSE_top_inst/CORETSE_AHBilI/CORETSE_AHBiOooI/CORETSE_AHBl1Oo/CORETSE_AHBiOlo/CORETSE_AHBl1o_fast[9]:CLK
  To:                          CORETSE_AHB_0/CoreTSE_top_inst/CORETSE_AHBilI/CORETSE_AHBOlooI.CORETSE_AHBO0ooI/CORETSE_AHBO1li/CORETSE_AHBIIIi[11]:D
  Delay (ns):                  4.105                                                                           
  Slack (ns):                  -7.191                                                                          
  Arrival (ns):                19.645                                                                          
  Required (ns):               12.454                                                                          

Path 69
  From:                        CORETSE_AHB_0/CoreTSE_top_inst/CORETSE_AHBilI/CORETSE_AHBiOooI/CORETSE_AHBl1Oo/CORETSE_AHBiOlo/CORETSE_AHBl1o_fast[9]:CLK
  To:                          CORETSE_AHB_0/CoreTSE_top_inst/CORETSE_AHBilI/CORETSE_AHBOlooI.CORETSE_AHBO0ooI/CORETSE_AHBO1li/CORETSE_AHBIIIi[12]:D
  Delay (ns):                  4.105                                                                           
  Slack (ns):                  -7.190                                                                          
  Arrival (ns):                19.645                                                                          
  Required (ns):               12.455                                                                          

Path 70
  From:                        CORETSE_AHB_0/CoreTSE_top_inst/CORETSE_AHBilI/CORETSE_AHBiOooI/CORETSE_AHBl1Oo/CORETSE_AHBIOlo/CORETSE_AHBlOo1[4]:CLK
  To:                          CORETSE_AHB_0/CoreTSE_top_inst/CORETSE_AHBilI/CORETSE_AHBOlooI.CORETSE_AHBO0ooI/CORETSE_AHBO1li/CORETSE_AHBIIIi[41]:D
  Delay (ns):                  4.119                                                                           
  Slack (ns):                  -7.189                                                                          
  Arrival (ns):                19.649                                                                          
  Required (ns):               12.460                                                                          

Path 71
  From:                        CORETSE_AHB_0/CoreTSE_top_inst/CORETSE_AHBilI/CORETSE_AHBiOooI/CORETSE_AHBl1Oo/CORETSE_AHBiOlo/CORETSE_AHBl1o_fast[13]:CLK
  To:                          CORETSE_AHB_0/CoreTSE_top_inst/CORETSE_AHBilI/CORETSE_AHBOlooI.CORETSE_AHBO0ooI/CORETSE_AHBO1li/CORETSE_AHBIIIi[41]:D
  Delay (ns):                  4.119                                                                           
  Slack (ns):                  -7.189                                                                          
  Arrival (ns):                19.649                                                                          
  Required (ns):               12.460                                                                          

Path 72
  From:                        CORETSE_AHB_0/CoreTSE_top_inst/CORETSE_AHBilI/CORETSE_AHBiOooI/CORETSE_AHBl1Oo/CORETSE_AHBiOlo/CORETSE_AHBl1o[15]:CLK
  To:                          CORETSE_AHB_0/CoreTSE_top_inst/CORETSE_AHBilI/CORETSE_AHBOlooI.CORETSE_AHBO0ooI/CORETSE_AHBO1li/CORETSE_AHBIIIi[11]:D
  Delay (ns):                  4.095                                                                           
  Slack (ns):                  -7.183                                                                          
  Arrival (ns):                19.637                                                                          
  Required (ns):               12.454                                                                          

Path 73
  From:                        CORETSE_AHB_0/CoreTSE_top_inst/CORETSE_AHBilI/CORETSE_AHBoOooI/CORETSE_AHBo1II/CORETSE_AHBl0Ol:CLK
  To:                          CoreTSE_Webserver_MSS_0/MSS_ADLIB_INST/INST_MSS_075_IP:F_HM0_RDATA[16]
  Delay (ns):                  3.691                                                                           
  Slack (ns):                  -7.182                                                                          
  Arrival (ns):                19.223                                                                          
  Required (ns):               12.041                                                                          

Path 74
  From:                        CORETSE_AHB_0/CoreTSE_top_inst/CORETSE_AHBilI/CORETSE_AHBiOooI/CORETSE_AHBl1Oo/CORETSE_AHBiOlo/CORETSE_AHBl1o[15]:CLK
  To:                          CORETSE_AHB_0/CoreTSE_top_inst/CORETSE_AHBilI/CORETSE_AHBOlooI.CORETSE_AHBO0ooI/CORETSE_AHBO1li/CORETSE_AHBIIIi[12]:D
  Delay (ns):                  4.095                                                                           
  Slack (ns):                  -7.182                                                                          
  Arrival (ns):                19.637                                                                          
  Required (ns):               12.455                                                                          

Path 75
  From:                        CORETSE_AHB_0/CoreTSE_top_inst/CORETSE_AHBilI/CORETSE_AHBoOooI/CORETSE_AHBO1II/CORETSE_AHBllOI[4]:CLK
  To:                          CoreTSE_Webserver_MSS_0/MSS_ADLIB_INST/INST_MSS_075_IP:F_HM0_RDATA[4]
  Delay (ns):                  3.722                                                                           
  Slack (ns):                  -7.179                                                                          
  Arrival (ns):                19.274                                                                          
  Required (ns):               12.095                                                                          

Path 76
  From:                        CORETSE_AHB_0/CoreTSE_top_inst/CORETSE_AHBilI/CORETSE_AHBiOooI/CORETSE_AHBl1Oo/CORETSE_AHBIOlo/CORETSE_AHBlOo1[14]:CLK
  To:                          CORETSE_AHB_0/CoreTSE_top_inst/CORETSE_AHBilI/CORETSE_AHBOlooI.CORETSE_AHBO0ooI/CORETSE_AHBO1li/CORETSE_AHBIIIi[11]:D
  Delay (ns):                  4.099                                                                           
  Slack (ns):                  -7.178                                                                          
  Arrival (ns):                19.632                                                                          
  Required (ns):               12.454                                                                          

Path 77
  From:                        CORETSE_AHB_0/CoreTSE_top_inst/CORETSE_AHBilI/CORETSE_AHBiOooI/CORETSE_AHBl1Oo/CORETSE_AHBIOlo/CORETSE_AHBlOo1[14]:CLK
  To:                          CORETSE_AHB_0/CoreTSE_top_inst/CORETSE_AHBilI/CORETSE_AHBOlooI.CORETSE_AHBO0ooI/CORETSE_AHBO1li/CORETSE_AHBIIIi[12]:D
  Delay (ns):                  4.099                                                                           
  Slack (ns):                  -7.177                                                                          
  Arrival (ns):                19.632                                                                          
  Required (ns):               12.455                                                                          

Path 78
  From:                        CORETSE_AHB_0/CoreTSE_top_inst/CORETSE_AHBilI/CORETSE_AHBiOooI/CORETSE_AHBl1Oo/CORETSE_AHBIOlo/CORETSE_AHBlOo1[15]:CLK
  To:                          CORETSE_AHB_0/CoreTSE_top_inst/CORETSE_AHBilI/CORETSE_AHBOlooI.CORETSE_AHBO0ooI/CORETSE_AHBO1li/CORETSE_AHBIIIi[10]:D
  Delay (ns):                  4.082                                                                           
  Slack (ns):                  -7.167                                                                          
  Arrival (ns):                19.612                                                                          
  Required (ns):               12.445                                                                          

Path 79
  From:                        CORETSE_AHB_0/CoreTSE_top_inst/CORETSE_AHBilI/CORETSE_AHBiOooI/CORETSE_AHBl1Oo/CORETSE_AHBiOlo/CORETSE_AHBl1o_fast[13]:CLK
  To:                          CORETSE_AHB_0/CoreTSE_top_inst/CORETSE_AHBilI/CORETSE_AHBOlooI.CORETSE_AHBO0ooI/CORETSE_AHBO1li/CORETSE_AHBIIIi[38]:D
  Delay (ns):                  4.088                                                                           
  Slack (ns):                  -7.158                                                                          
  Arrival (ns):                19.618                                                                          
  Required (ns):               12.460                                                                          

Path 80
  From:                        CORETSE_AHB_0/CoreTSE_top_inst/CORETSE_AHBilI/CORETSE_AHBiOooI/CORETSE_AHBl1Oo/CORETSE_AHBiOlo/CORETSE_AHBl1o_fast[10]:CLK
  To:                          CORETSE_AHB_0/CoreTSE_top_inst/CORETSE_AHBilI/CORETSE_AHBOlooI.CORETSE_AHBO0ooI/CORETSE_AHBO1li/CORETSE_AHBIIIi[11]:D
  Delay (ns):                  4.041                                                                           
  Slack (ns):                  -7.131                                                                          
  Arrival (ns):                19.585                                                                          
  Required (ns):               12.454                                                                          

Path 81
  From:                        CORETSE_AHB_0/CoreTSE_top_inst/CORETSE_AHBilI/CORETSE_AHBiOooI/CORETSE_AHBl1Oo/CORETSE_AHBiOlo/CORETSE_AHBl1o_fast[10]:CLK
  To:                          CORETSE_AHB_0/CoreTSE_top_inst/CORETSE_AHBilI/CORETSE_AHBOlooI.CORETSE_AHBO0ooI/CORETSE_AHBO1li/CORETSE_AHBIIIi[12]:D
  Delay (ns):                  4.041                                                                           
  Slack (ns):                  -7.130                                                                          
  Arrival (ns):                19.585                                                                          
  Required (ns):               12.455                                                                          

Path 82
  From:                        CORETSE_AHB_0/CoreTSE_top_inst/CORETSE_AHBilI/CORETSE_AHBiOooI/CORETSE_AHBl1Oo/CORETSE_AHBiOlo/CORETSE_AHBl1o_fast[1]:CLK
  To:                          CORETSE_AHB_0/CoreTSE_top_inst/CORETSE_AHBilI/CORETSE_AHBOlooI.CORETSE_AHBO0ooI/CORETSE_AHBO1li/CORETSE_AHBIIIi[11]:D
  Delay (ns):                  4.038                                                                           
  Slack (ns):                  -7.129                                                                          
  Arrival (ns):                19.583                                                                          
  Required (ns):               12.454                                                                          

Path 83
  From:                        CORETSE_AHB_0/CoreTSE_top_inst/CORETSE_AHBilI/CORETSE_AHBiOooI/CORETSE_AHBl1Oo/CORETSE_AHBiOlo/CORETSE_AHBl1o_fast[1]:CLK
  To:                          CORETSE_AHB_0/CoreTSE_top_inst/CORETSE_AHBilI/CORETSE_AHBOlooI.CORETSE_AHBO0ooI/CORETSE_AHBO1li/CORETSE_AHBIIIi[12]:D
  Delay (ns):                  4.038                                                                           
  Slack (ns):                  -7.128                                                                          
  Arrival (ns):                19.583                                                                          
  Required (ns):               12.455                                                                          

Path 84
  From:                        CORETSE_AHB_0/CoreTSE_top_inst/CORETSE_AHBio0.CORETSE_AHBOi0/CORETSE_AHBOoi0/CORETSE_AHBI0i0[5]:CLK
  To:                          SERDES_IF2_0/SERDESIF_INST/INST_SERDESIF_IP:EPCS_TXDATA[25]
  Delay (ns):                  5.227                                                                           
  Slack (ns):                  -7.127                                                                          
  Arrival (ns):                13.085                                                                          
  Required (ns):               5.958                                                                           

Path 85
  From:                        CORETSE_AHB_0/CoreTSE_top_inst/CORETSE_AHBio0.CORETSE_AHBOi0/CORETSE_AHBIoi0/CORETSE_AHBiI11/CORETSE_AHBlI1II[9]:CLK
  To:                          SERDES_IF2_0/SERDESIF_INST/INST_SERDESIF_IP:EPCS_TXDATA[29]
  Delay (ns):                  5.242                                                                           
  Slack (ns):                  -7.124                                                                          
  Arrival (ns):                13.082                                                                          
  Required (ns):               5.958                                                                           

Path 86
  From:                        CORETSE_AHB_0/CoreTSE_top_inst/CORETSE_AHBilI/CORETSE_AHBiOooI/CORETSE_AHBl1Oo/CORETSE_AHBiOlo/CORETSE_AHBl1o[3]:CLK
  To:                          CORETSE_AHB_0/CoreTSE_top_inst/CORETSE_AHBilI/CORETSE_AHBOlooI.CORETSE_AHBO0ooI/CORETSE_AHBO1li/CORETSE_AHBIIIi[10]:D
  Delay (ns):                  4.030                                                                           
  Slack (ns):                  -7.121                                                                          
  Arrival (ns):                19.566                                                                          
  Required (ns):               12.445                                                                          

Path 87
  From:                        CORETSE_AHB_0/CoreTSE_top_inst/CORETSE_AHBilI/CORETSE_AHBiOooI/CORETSE_AHBl1Oo/CORETSE_AHBIOlo/CORETSE_AHBlOo1_fast[2]:CLK
  To:                          CORETSE_AHB_0/CoreTSE_top_inst/CORETSE_AHBilI/CORETSE_AHBOlooI.CORETSE_AHBO0ooI/CORETSE_AHBO1li/CORETSE_AHBIIIi[11]:D
  Delay (ns):                  4.043                                                                           
  Slack (ns):                  -7.119                                                                          
  Arrival (ns):                19.573                                                                          
  Required (ns):               12.454                                                                          

Path 88
  From:                        CORETSE_AHB_0/CoreTSE_top_inst/CORETSE_AHBilI/CORETSE_AHBiOooI/CORETSE_AHBl1Oo/CORETSE_AHBIOlo/CORETSE_AHBlOo1_fast[2]:CLK
  To:                          CORETSE_AHB_0/CoreTSE_top_inst/CORETSE_AHBilI/CORETSE_AHBOlooI.CORETSE_AHBO0ooI/CORETSE_AHBO1li/CORETSE_AHBIIIi[12]:D
  Delay (ns):                  4.043                                                                           
  Slack (ns):                  -7.118                                                                          
  Arrival (ns):                19.573                                                                          
  Required (ns):               12.455                                                                          

Path 89
  From:                        CORETSE_AHB_0/CoreTSE_top_inst/CORETSE_AHBilI/CORETSE_AHBiOooI/CORETSE_AHBl1Oo/CORETSE_AHBiOlo/CORETSE_AHBl1o[4]:CLK
  To:                          CORETSE_AHB_0/CoreTSE_top_inst/CORETSE_AHBilI/CORETSE_AHBOlooI.CORETSE_AHBO0ooI/CORETSE_AHBO1li/CORETSE_AHBIIIi[38]:D
  Delay (ns):                  4.032                                                                           
  Slack (ns):                  -7.108                                                                          
  Arrival (ns):                19.568                                                                          
  Required (ns):               12.460                                                                          

Path 90
  From:                        CORETSE_AHB_0/CoreTSE_top_inst/CORETSE_AHBilI/CORETSE_AHBiOooI/CORETSE_AHBl1Oo/CORETSE_AHBiOlo/CORETSE_AHBl1o_fast[9]:CLK
  To:                          CORETSE_AHB_0/CoreTSE_top_inst/CORETSE_AHBilI/CORETSE_AHBOlooI.CORETSE_AHBO0ooI/CORETSE_AHBO1li/CORETSE_AHBIIIi[10]:D
  Delay (ns):                  4.013                                                                           
  Slack (ns):                  -7.108                                                                          
  Arrival (ns):                19.553                                                                          
  Required (ns):               12.445                                                                          

Path 91
  From:                        CORETSE_AHB_0/CoreTSE_top_inst/CORETSE_AHBilI/CORETSE_AHBiOooI/CORETSE_AHBl1Oo/CORETSE_AHBIOlo/CORETSE_AHBlOo1_fast[3]:CLK
  To:                          CORETSE_AHB_0/CoreTSE_top_inst/CORETSE_AHBilI/CORETSE_AHBOlooI.CORETSE_AHBO0ooI/CORETSE_AHBO1li/CORETSE_AHBIIIi[11]:D
  Delay (ns):                  4.016                                                                           
  Slack (ns):                  -7.104                                                                          
  Arrival (ns):                19.558                                                                          
  Required (ns):               12.454                                                                          

Path 92
  From:                        CORETSE_AHB_0/CoreTSE_top_inst/CORETSE_AHBilI/CORETSE_AHBiOooI/CORETSE_AHBl1Oo/CORETSE_AHBIOlo/CORETSE_AHBlOo1_fast[3]:CLK
  To:                          CORETSE_AHB_0/CoreTSE_top_inst/CORETSE_AHBilI/CORETSE_AHBOlooI.CORETSE_AHBO0ooI/CORETSE_AHBO1li/CORETSE_AHBIIIi[12]:D
  Delay (ns):                  4.016                                                                           
  Slack (ns):                  -7.103                                                                          
  Arrival (ns):                19.558                                                                          
  Required (ns):               12.455                                                                          

Path 93
  From:                        CORETSE_AHB_0/CoreTSE_top_inst/CORETSE_AHBilI/CORETSE_AHBiOooI/CORETSE_AHBl1Oo/CORETSE_AHBIOlo/CORETSE_AHBlOo1[4]:CLK
  To:                          CORETSE_AHB_0/CoreTSE_top_inst/CORETSE_AHBilI/CORETSE_AHBOlooI.CORETSE_AHBO0ooI/CORETSE_AHBO1li/CORETSE_AHBIIIi[38]:D
  Delay (ns):                  4.031                                                                           
  Slack (ns):                  -7.101                                                                          
  Arrival (ns):                19.561                                                                          
  Required (ns):               12.460                                                                          

Path 94
  From:                        CORETSE_AHB_0/CoreTSE_top_inst/CORETSE_AHBilI/CORETSE_AHBiOooI/CORETSE_AHBl1Oo/CORETSE_AHBIOlo/CORETSE_AHBlOo1_fast[8]:CLK
  To:                          CORETSE_AHB_0/CoreTSE_top_inst/CORETSE_AHBilI/CORETSE_AHBOlooI.CORETSE_AHBO0ooI/CORETSE_AHBO1li/CORETSE_AHBIIIi[10]:D
  Delay (ns):                  4.012                                                                           
  Slack (ns):                  -7.100                                                                          
  Arrival (ns):                19.545                                                                          
  Required (ns):               12.445                                                                          

Path 95
  From:                        CORETSE_AHB_0/CoreTSE_top_inst/CORETSE_AHBilI/CORETSE_AHBiOooI/CORETSE_AHBl1Oo/CORETSE_AHBIOlo/CORETSE_AHBlOo1_fast[13]:CLK
  To:                          CORETSE_AHB_0/CoreTSE_top_inst/CORETSE_AHBilI/CORETSE_AHBOlooI.CORETSE_AHBO0ooI/CORETSE_AHBO1li/CORETSE_AHBIIIi[10]:D
  Delay (ns):                  3.997                                                                           
  Slack (ns):                  -7.094                                                                          
  Arrival (ns):                19.539                                                                          
  Required (ns):               12.445                                                                          

Path 96
  From:                        CORETSE_AHB_0/CoreTSE_top_inst/CORETSE_AHBilI/CORETSE_AHBiOooI/CORETSE_AHBl1Oo/CORETSE_AHBIOlo/CORETSE_AHBlOo1_fast[13]:CLK
  To:                          CORETSE_AHB_0/CoreTSE_top_inst/CORETSE_AHBilI/CORETSE_AHBOlooI.CORETSE_AHBO0ooI/CORETSE_AHBO1li/CORETSE_AHBIIIi[41]:D
  Delay (ns):                  4.004                                                                           
  Slack (ns):                  -7.086                                                                          
  Arrival (ns):                19.546                                                                          
  Required (ns):               12.460                                                                          

Path 97
  From:                        CORETSE_AHB_0/CoreTSE_top_inst/CORETSE_AHBilI/CORETSE_AHBiOooI/CORETSE_AHBl1Oo/CORETSE_AHBIOlo/CORETSE_AHBlOi1:CLK
  To:                          CoreTSE_Webserver_MSS_0/MSS_ADLIB_INST/INST_MSS_075_IP:F_HM0_RDATA[1]
  Delay (ns):                  3.611                                                                           
  Slack (ns):                  -7.078                                                                          
  Arrival (ns):                19.148                                                                          
  Required (ns):               12.070                                                                          

Path 98
  From:                        CORETSE_AHB_0/CoreTSE_top_inst/CORETSE_AHBilI/CORETSE_AHBoOooI/CORETSE_AHBl1II/CORETSE_AHBOI1I[7]:CLK
  To:                          CoreTSE_Webserver_MSS_0/MSS_ADLIB_INST/INST_MSS_075_IP:F_HM0_RDATA[5]
  Delay (ns):                  3.626                                                                           
  Slack (ns):                  -7.058                                                                          
  Arrival (ns):                19.167                                                                          
  Required (ns):               12.109                                                                          

Path 99
  From:                        CORETSE_AHB_0/CoreTSE_top_inst/CORETSE_AHBilI/CORETSE_AHBoOooI/CORETSE_AHBO1II/CORETSE_AHBllOI[34]:CLK
  To:                          CoreTSE_Webserver_MSS_0/MSS_ADLIB_INST/INST_MSS_075_IP:F_HM0_RDATA[18]
  Delay (ns):                  3.368                                                                           
  Slack (ns):                  -7.058                                                                          
  Arrival (ns):                18.892                                                                          
  Required (ns):               11.834                                                                          

Path 100
  From:                        CORETSE_AHB_0/CoreTSE_top_inst/CORETSE_AHBilI/CORETSE_AHBoOooI/CORETSE_AHBO1II/CORETSE_AHBllOI[28]:CLK
  To:                          CoreTSE_Webserver_MSS_0/MSS_ADLIB_INST/INST_MSS_075_IP:F_HM0_RDATA[28]
  Delay (ns):                  3.520                                                                           
  Slack (ns):                  -7.057                                                                          
  Arrival (ns):                19.057                                                                          
  Required (ns):               12.000                                                                          

