#------------------------------------------------------------------------------------------------------------------------------------------
# RUN NUMBER: 1   DATE: 21:44:45 11-Jan-2016
# INVOKED AS: //idm/captures/pc/11_7_0_113_hugo/Designer/bin/libero.exe extended_run_lib.tcl -skip_open_project -root {D:\Microsemi_prj\CoreTSE_Webserver\designer\CoreTSE_Webserver} -n 5 -starting_seed_index 1 -compare_criteria violations -analysis max -slack_criteria worst
#------------------------------------------------------------------------------------------------------------------------------------------
# Seed Index  Seed      Maximum Delay        Worst Slack  Report Analyzed                                Saved Design
# ==========  ========  ===============  ===============  =============================================  ===================================
           1         0  N/A                       -7.934  CoreTSE_Webserver_timing_violations_max_r1_s1.rpt  CoreTSE_Webserver_r1_s1
           2  86662958  N/A                       -7.738  CoreTSE_Webserver_timing_violations_max_r1_s2.rpt  CoreTSE_Webserver_r1_s2
           3   8988747  N/A                       -8.039  CoreTSE_Webserver_timing_violations_max_r1_s3.rpt  CoreTSE_Webserver_r1_s3
           4  51071856  N/A                       -8.440  CoreTSE_Webserver_timing_violations_max_r1_s4.rpt  CoreTSE_Webserver_r1_s4
           5  78381505  N/A                       -7.777  CoreTSE_Webserver_timing_violations_max_r1_s5.rpt  CoreTSE_Webserver_r1_s5
#------------------------------------------------------------------------------------------------------------------------------------------
# RUN NUMBER: 2   DATE: 10:39:01 12-Jan-2016
# INVOKED AS: //idm/captures/pc/11_7_0_113_hugo/Designer/bin/libero.exe extended_run_lib.tcl -skip_open_project -root {D:\Microsemi_prj\CoreTSE_Webserver\designer\CoreTSE_Webserver} -n 5 -starting_seed_index 6 -compare_criteria violations -analysis max -slack_criteria worst
#------------------------------------------------------------------------------------------------------------------------------------------
# Seed Index  Seed      Maximum Delay        Worst Slack  Report Analyzed                                Saved Design
# ==========  ========  ===============  ===============  =============================================  ===================================
           6  82287664  N/A                       -7.025  CoreTSE_Webserver_timing_violations_max_r2_s6.rpt  CoreTSE_Webserver_r2_s6
           7  23702026  N/A                       -6.968  CoreTSE_Webserver_timing_violations_max_r2_s7.rpt  CoreTSE_Webserver_r2_s7
           8  51370950  N/A                       -7.014  CoreTSE_Webserver_timing_violations_max_r2_s8.rpt  CoreTSE_Webserver_r2_s8
           9  93189207  N/A                       -7.131  CoreTSE_Webserver_timing_violations_max_r2_s9.rpt  CoreTSE_Webserver_r2_s9
          10  17538078  N/A                       -7.452  CoreTSE_Webserver_timing_violations_max_r2_s10.rpt  CoreTSE_Webserver_r2_s10
#------------------------------------------------------------------------------------------------------------------------------------------
# RUN NUMBER: 3   DATE: 16:05:15 12-Jan-2016
# INVOKED AS: //idm/captures/pc/11_7_0_113_hugo/Designer/bin/libero.exe extended_run_lib.tcl -skip_open_project -root {D:\Microsemi_prj\CoreTSE_Webserver\designer\CoreTSE_Webserver} -n 3 -starting_seed_index 11 -compare_criteria violations -analysis max -slack_criteria worst
#------------------------------------------------------------------------------------------------------------------------------------------
# Seed Index  Seed      Maximum Delay        Worst Slack  Report Analyzed                                Saved Design
# ==========  ========  ===============  ===============  =============================================  ===================================
          11  77122585  N/A                        0.001  CoreTSE_Webserver_timing_violations_max_r3_s11.rpt  CoreTSE_Webserver_r3_s11
          12  27521058  N/A                        0.442  CoreTSE_Webserver_timing_violations_max_r3_s12.rpt  CoreTSE_Webserver_r3_s12
          13  77808595  N/A                        0.072  CoreTSE_Webserver_timing_violations_max_r3_s13.rpt  CoreTSE_Webserver_r3_s13
#------------------------------------------------------------------------------------------------------------------------------------------
# RUN NUMBER: 4   DATE: 17:22:35 17-Feb-2016
# INVOKED AS: D:/Microsemi/Libero_SoC_v11.7/Designer/bin/libero.exe extended_run_lib.tcl -skip_open_project -root {D:\11.7_Upload\SF2_Sec_CoreTSE_Web\CoreTSE_Webserver\designer\CoreTSE_Webserver} -n 3 -starting_seed_index 14 -compare_criteria violations -analysis max -slack_criteria worst
#------------------------------------------------------------------------------------------------------------------------------------------
# Seed Index  Seed      Maximum Delay        Worst Slack  Report Analyzed                                Saved Design
# ==========  ========  ===============  ===============  =============================================  ===================================
          14  85318856  N/A                Layout failed  CoreTSE_Webserver_timing_violations_max_r4_s14.rpt  CoreTSE_Webserver_r4_s14
          15  74257101  N/A                Layout failed  CoreTSE_Webserver_timing_violations_max_r4_s15.rpt  CoreTSE_Webserver_r4_s15
          16  32878858  N/A                Layout failed  CoreTSE_Webserver_timing_violations_max_r4_s16.rpt  CoreTSE_Webserver_r4_s16
#------------------------------------------------------------------------------------------------------------------------------------------
# RUN NUMBER: 5   DATE: 17:27:17 17-Feb-2016
# INVOKED AS: D:/Microsemi/Libero_SoC_v11.7/Designer/bin/libero.exe extended_run_lib.tcl -skip_open_project -root {D:\11.7_Upload\SF2_Sec_CoreTSE_Web\CoreTSE_Webserver\designer\CoreTSE_Webserver} -n 3 -starting_seed_index 17 -compare_criteria violations -analysis max -slack_criteria worst
#------------------------------------------------------------------------------------------------------------------------------------------
# Seed Index  Seed      Maximum Delay        Worst Slack  Report Analyzed                                Saved Design
# ==========  ========  ===============  ===============  =============================================  ===================================
          17  46508465  N/A                        0.305  CoreTSE_Webserver_timing_violations_max_r5_s17.rpt  CoreTSE_Webserver_r5_s17
          18  94448754  N/A                        0.341  CoreTSE_Webserver_timing_violations_max_r5_s18.rpt  CoreTSE_Webserver_r5_s18
          19  15741291  N/A                        0.075  CoreTSE_Webserver_timing_violations_max_r5_s19.rpt  CoreTSE_Webserver_r5_s19
#------------------------------------------------------------------------------------------------------------------------------------------
# RUN NUMBER: 6   DATE: 13:52:23 19-Oct-2016
# INVOKED AS: D:/Microsemi/Libero_SoC_v11.7/Designer/bin/libero.exe extended_run_lib.tcl -skip_open_project -root {D:\CASES\coretse\CoreTSE_Webserver_SC4.0\designer\CoreTSE_Webserver} -n 3 -starting_seed_index 20 -compare_criteria violations -analysis max -slack_criteria worst
#------------------------------------------------------------------------------------------------------------------------------------------
# Seed Index  Seed      Maximum Delay        Worst Slack  Report Analyzed                                Saved Design
# ==========  ========  ===============  ===============  =============================================  ===================================
          20  54522669  N/A                        1.163  CoreTSE_Webserver_timing_violations_max_r6_s20.rpt  CoreTSE_Webserver_r6_s20
          21  48978728  N/A                        1.094  CoreTSE_Webserver_timing_violations_max_r6_s21.rpt  CoreTSE_Webserver_r6_s21
          22  69702706  N/A                        1.027  CoreTSE_Webserver_timing_violations_max_r6_s22.rpt  CoreTSE_Webserver_r6_s22
