********************************************************************
I/O Bank Report - Date: Thu Nov 17 15:35:10 2016
Product: Designer
Release: v11.7 SP2
Version: 11.7.2.2
Design Name: CoreTSE_Webserver
Family: SmartFusion2
Die: M2S090TS
Package: 484 FBGA
********************************************************************


I/O Function:

    Type                                  | w/o register  | w/ register  | w/ DDR register
    --------------------------------------|---------------|--------------|----------------
    Input I/O                             | 4             | 0            | 0
    Output I/O                            | 13            | 0            | 0
    Bidirectional I/O                     | 5             | 0            | 0
    Differential Input I/O Pairs          | 1             | 0            | 0
    Differential Output I/O Pairs         | 0             | 0            | 0

I/O Technology:

                                    |   Voltages    |             I/Os              
    --------------------------------|-------|-------|-------|--------|--------------
    I/O Standard(s)                 | Vddi  | Vref  | Input | Output | Bidirectional
    --------------------------------|-------|-------|-------|--------|--------------
    LVCMOS25                        | 2.50v | N/A   | 4     | 13     | 5            
    LVDS                            | 2.50v | N/A   | 2     | 0      | 0            

I/O Bank Resource Usage:

          |   Voltages    | Single I/Os  | Diff I/O Pairs |        Vref I/Os        |  Type   
          |-------|-------|------|-------|-------|--------|------|-------|----------|---------
          | Vddi  | Vref  | Used | Total | Used  | Total  | Used | Total | Vref Pins|         
    ------|-------|-------|------|-------|-------|--------|------|-------|----------|---------
    Bank0 | N/A   | N/A   | 0    | 0     | 0     | 0      | N/A  | N/A   | N/A      | MSIO    
    Bank1 | N/A   | N/A   | 0    | 70    | 0     | 35     | N/A  | N/A   | N/A      | DDRIO   
    Bank2 | 2.50v | N/A   | 2    | 21    | 0     | 10     | N/A  | N/A   | N/A      | MSIO    
    Bank3 | 2.50v | N/A   | 8    | 44    | 0     | 22     | N/A  | N/A   | N/A      | MSIO    
    Bank4 | N/A   | N/A   | 0    | 0     | 0     | 0      | N/A  | N/A   | N/A      | JTAG    
    Bank5 | 2.50v | N/A   | 0    | 52    | 0     | 26     | N/A  | N/A   | N/A      | MSIO    
    Bank6 | 2.50v | 1.25v | 0    | 3     | 1     | 2      | 0    | 3     | 1        | MSIOD   
    Bank7 | 2.50v | N/A   | 1    | 36    | 0     | 18     | N/A  | N/A   | N/A      | MSIOD   
    Bank8 | 2.50v | N/A   | 11   | 40    | 0     | 20     | N/A  | N/A   | N/A      | MSIO    

I/O Voltage Usage:

       Voltages    |     I/Os     
    -------|-------|------|-------
     Vddi  | Vref  | Used | Total 
    -------|-------|------|-------
     2.50v | N/A   | 24   | 196   
     2.50v | 1.25v | 0    | 3     

