*****************************************************************
Pin Report - Date: Thu Nov 17 15:35:10 2016 Pinchecksum: NOT-AVAILABLE
Product: Designer
Release: v11.7 SP2
Version: 11.7.2.2
Design Name: CoreTSE_Webserver
Family: SmartFusion2
Die: M2S090TS
Package: 484 FBGA
*****************************************************************

Port         |Pin |Fixed |Function                                     |Bank     |I/O Std   |Direction                      |I/O state in Flash*Freeze mode |Resistor Pull                      |I/O available in Flash*Freeze mode |Schmitt Trigger |Odt_Static    |Odt Imp (Ohm)  |Low Power Exit |Input Delay |Slew         |Pre-Emphasis      |Output Drive (mA) |Output Load (pF) |
-------------|----|------|---------------------------------------------|---------|----------|-------------------------------|-------------------------------|-----------------------------------|-----------------------------------|----------------|--------------|---------------|---------------|------------|-------------|------------------|------------------|-----------------|
CLK1_PAD      K1   Yes    MSIOD178PB7/CCC_SW0_CLKI0                     Bank7     LVCMOS25   Input                           TRISTATE                        None                                No                                  Off              ---            ---             Off             Off          ---           ---                ---                ---               
DEVRST_N      R15  Fixed  DEVRST_N                                      ---       
GPIO_0_M2F    E1   Yes    MSIO143PB8                                    Bank8     LVCMOS25   Output                          TRISTATE                        None                                No                                  ---              ---            ---             ---             ---          SLOW          ---                4                  5                 
GPIO_1_M2F    F4   Yes    MSIO145NB8                                    Bank8     LVCMOS25   Output                          TRISTATE                        None                                No                                  ---              ---            ---             ---             ---          SLOW          ---                4                  5                 
GPIO_2_M2F    F3   Yes    MSIO145PB8                                    Bank8     LVCMOS25   Output                          TRISTATE                        None                                No                                  ---              ---            ---             ---             ---          SLOW          ---                4                  5                 
GPIO_3_M2F    G7   Yes    MSIO146NB8                                    Bank8     LVCMOS25   Output                          TRISTATE                        None                                No                                  ---              ---            ---             ---             ---          SLOW          ---                4                  5                 
GPIO_4_M2F    H7   Yes    MSIO146PB8                                    Bank8     LVCMOS25   Output                          TRISTATE                        None                                No                                  ---              ---            ---             ---             ---          SLOW          ---                4                  5                 
GPIO_5_M2F    J6   Yes    MSIO148NB8                                    Bank8     LVCMOS25   Output                          TRISTATE                        None                                No                                  ---              ---            ---             ---             ---          SLOW          ---                4                  5                 
GPIO_6_M2F    H6   Yes    MSIO148PB8                                    Bank8     LVCMOS25   Output                          TRISTATE                        None                                No                                  ---              ---            ---             ---             ---          SLOW          ---                4                  5                 
GPIO_7_M2F    H5   Yes    MSIO150NB8                                    Bank8     LVCMOS25   Output                          TRISTATE                        None                                No                                  ---              ---            ---             ---             ---          SLOW          ---                4                  5                 
MMUART_1_RXD  G18  Yes    MSIO55NB2/MMUART_1_RXD/GPIO_26_B/USB_DATA3_C  Bank2     LVCMOS25   Input                           TRISTATE                        None                                No                                  Off              ---            ---             Off             Off          ---           ---                ---                ---               
MMUART_1_TXD  H19  Yes    MSIO54NB2/MMUART_1_TXD/GPIO_24_B/USB_DATA2_C  Bank2     LVCMOS25   Output                          TRISTATE                        None                                No                                  ---              ---            ---             ---             ---          SLOW          ---                4                  5                 
PHY_MDC       J3   Yes    MSIO157PB8/GB2/CCC_NW0_CLKI1                  Bank8     LVCMOS25   Output                          TRISTATE                        None                                No                                  ---              ---            ---             ---             ---          SLOW          ---                4                  5                 
PHY_MDIO      J4   Yes    MSIO157NB8                                    Bank8     LVCMOS25   Inout                           TRISTATE                        None                                No                                  Off              ---            ---             Off             Off          SLOW          ---                4                  5                 
PHY_RST       K6   Yes    MSIO159PB8/CCC_NW0_CLKI0                      Bank8     LVCMOS25   Output                          TRISTATE                        None                                No                                  ---              ---            ---             ---             ---          SLOW          ---                4                  5                 
REFCLK1_N     U4   Yes    MSIOD194NB6/SERDES_0_REFCLK1_N                Bank6     LVDS       Input                           TRISTATE                        None                                No                                  Off              Off            ---             ---             Off          ---           ---                ---                ---               
REFCLK1_P     U3   Yes    MSIOD194PB6/SERDES_0_REFCLK1_P                Bank6     LVDS       Input                           TRISTATE                        None                                No                                  Off              Off            ---             ---             Off          ---           ---                ---                ---               
RXD0_N        Y1   Fixed  SERDES_0_RXD0_N                               ---       
RXD0_P        W1   Fixed  SERDES_0_RXD0_P                               ---       
RXD1_N        Y3   Fixed  SERDES_0_RXD1_N                               ---       
RXD1_P        W3   Fixed  SERDES_0_RXD1_P                               ---       
RXD2_N        Y5   Fixed  SERDES_0_RXD2_N                               ---       
RXD2_P        W5   Fixed  SERDES_0_RXD2_P                               ---       
RXD3_N        Y7   Fixed  SERDES_0_RXD3_N                               ---       
RXD3_P        W7   Fixed  SERDES_0_RXD3_P                               ---       
SPI_0_CLK     N19  Yes    MSIO12PB3/SPI_0_CLK/USB_XCLK_A                Bank3     LVCMOS25   Inout                           TRISTATE                        None                                No                                  Off              ---            ---             Off             Off          SLOW          ---                4                  5                 
SPI_0_DI      N20  Yes    MSIO12NB3/SPI_0_SDI/GPIO_5_A/USB_DIR_A        Bank3     LVCMOS25   Input                           TRISTATE                        None                                No                                  Off              ---            ---             Off             Off          ---           ---                ---                ---               
SPI_0_DO      N21  Yes    MSIO13PB3/SPI_0_SDO/GPIO_6_A/USB_STP_A        Bank3     LVCMOS25   Output                          TRISTATE                        None                                No                                  ---              ---            ---             ---             ---          SLOW          ---                4                  5                 
SPI_0_SS0     N22  Yes    MSIO13NB3/SPI_0_SS0/GPIO_7_A/USB_NXT_A        Bank3     LVCMOS25   Inout                           TRISTATE                        None                                No                                  Off              ---            ---             Off             Off          SLOW          ---                4                  5                 
SPI_1_CLK     M21  Yes    MSIO16PB3/SPI_1_CLK                           Bank3     LVCMOS25   Inout                           TRISTATE                        None                                No                                  Off              ---            ---             Off             Off          SLOW          ---                4                  5                 
SPI_1_DI      M22  Yes    MSIO16NB3/SPI_1_SDI/GPIO_11_A                 Bank3     LVCMOS25   Input                           TRISTATE                        None                                No                                  Off              ---            ---             Off             Off          ---           ---                ---                ---               
SPI_1_DO      L21  Yes    MSIO17PB3/SPI_1_SDO/GPIO_12_A                 Bank3     LVCMOS25   Output                          TRISTATE                        None                                No                                  ---              ---            ---             ---             ---          SLOW          ---                4                  5                 
SPI_1_SS0     L20  Yes    MSIO17NB3/SPI_1_SS0/GPIO_13_A                 Bank3     LVCMOS25   Inout                           TRISTATE                        None                                No                                  Off              ---            ---             Off             Off          SLOW          ---                4                  5                 
TXD0_N        AA2  Fixed  SERDES_0_TXD0_N                               ---       
TXD0_P        AB2  Fixed  SERDES_0_TXD0_P                               ---       
TXD1_N        AA4  Fixed  SERDES_0_TXD1_N                               ---       
TXD1_P        AB4  Fixed  SERDES_0_TXD1_P                               ---       
TXD2_N        AA6  Fixed  SERDES_0_TXD2_N                               ---       
TXD2_P        AB6  Fixed  SERDES_0_TXD2_P                               ---       
TXD3_N        AA8  Fixed  SERDES_0_TXD3_N                               ---       
TXD3_P        AB8  Fixed  SERDES_0_TXD3_P                               ---       
