D:\Microsemi\Libero_SoC_v11.7\Synplify\bin64\c_hdl.exe  -osyn  D:\CASES\coretse\CoreTSE_Webserver\synthesis\synwork\CoreTSE_Webserver_comp.srs  -top  CoreTSE_Webserver  -hdllog  D:\CASES\coretse\CoreTSE_Webserver\synthesis\synlog\CoreTSE_Webserver_compiler.srr  -encrypt  -mp  1  -verilog  -prodtype  synplify_pro  -infer_seqShift -primux -dspmac -pqdpadd -fixsmult -sdff_counter -divnmod -nram   -I D:\CASES\coretse\CoreTSE_Webserver\synthesis\  -I D:\Microsemi\Libero_SoC_v11.7\Synplify\lib   -v2001  -devicelib  D:\Microsemi\Libero_SoC_v11.7\Synplify\lib\generic\smartfusion2.v  -encrypt  -pro  -dmgen  D:\CASES\coretse\CoreTSE_Webserver\synthesis\dm  -ui -fid2 -ram -sharing on -ll 2000 -autosm  -lib work D:\CASES\coretse\CoreTSE_Webserver\component\Actel\DirectCore\CoreConfigP\7.1.100\rtl\vlog\core\coreconfigp.v -lib work D:\CASES\coretse\CoreTSE_Webserver\component\Actel\DirectCore\CoreResetP\7.1.100\rtl\vlog\core\coreresetp_pcie_hotreset.v -lib work D:\CASES\coretse\CoreTSE_Webserver\component\Actel\DirectCore\CoreResetP\7.1.100\rtl\vlog\core\coreresetp.v -lib work D:\CASES\coretse\CoreTSE_Webserver\component\Actel\DirectCore\CORETSE_AHB\2.1.105\rtl\vlog\core_obfuscated\msgmii_clkrst.v -lib work D:\CASES\coretse\CoreTSE_Webserver\component\Actel\DirectCore\CORETSE_AHB\2.1.105\rtl\vlog\core_obfuscated\msgmii_cnvrxi.v -lib work D:\CASES\coretse\CoreTSE_Webserver\component\Actel\DirectCore\CORETSE_AHB\2.1.105\rtl\vlog\core_obfuscated\msgmii_cnvrxo.v -lib work D:\CASES\coretse\CoreTSE_Webserver\component\Actel\DirectCore\CORETSE_AHB\2.1.105\rtl\vlog\core_obfuscated\msgmii_cnvtxi.v -lib work D:\CASES\coretse\CoreTSE_Webserver\component\Actel\DirectCore\CORETSE_AHB\2.1.105\rtl\vlog\core_obfuscated\msgmii_cnvtxo.v -lib work D:\CASES\coretse\CoreTSE_Webserver\component\Actel\DirectCore\CORETSE_AHB\2.1.105\rtl\vlog\core_obfuscated\peanx_sync.v -lib work D:\CASES\coretse\CoreTSE_Webserver\component\Actel\DirectCore\CORETSE_AHB\2.1.105\rtl\vlog\core_obfuscated\msgmii_peanx_top.v -lib work D:\CASES\coretse\CoreTSE_Webserver\component\Actel\DirectCore\CORETSE_AHB\2.1.105\rtl\vlog\core_obfuscated\r10b8b.v -lib work D:\CASES\coretse\CoreTSE_Webserver\component\Actel\DirectCore\CORETSE_AHB\2.1.105\rtl\vlog\core_obfuscated\perex_pcs.v -lib work D:\CASES\coretse\CoreTSE_Webserver\component\Actel\DirectCore\CORETSE_AHB\2.1.105\rtl\vlog\core_obfuscated\perex_pma.v -lib work D:\CASES\coretse\CoreTSE_Webserver\component\Actel\DirectCore\CORETSE_AHB\2.1.105\rtl\vlog\core_obfuscated\petbm.v -lib work D:\CASES\coretse\CoreTSE_Webserver\component\Actel\DirectCore\CORETSE_AHB\2.1.105\rtl\vlog\core_obfuscated\petcr.v -lib work D:\CASES\coretse\CoreTSE_Webserver\component\Actel\DirectCore\CORETSE_AHB\2.1.105\rtl\vlog\core_obfuscated\t8b10b.v -lib work D:\CASES\coretse\CoreTSE_Webserver\component\Actel\DirectCore\CORETSE_AHB\2.1.105\rtl\vlog\core_obfuscated\petex_top.v -lib work D:\CASES\coretse\CoreTSE_Webserver\component\Actel\DirectCore\CORETSE_AHB\2.1.105\rtl\vlog\core_obfuscated\msgmii_tbi.v -lib work D:\CASES\coretse\CoreTSE_Webserver\component\Actel\DirectCore\CORETSE_AHB\2.1.105\rtl\vlog\core_obfuscated\msgmii_core.v -lib work D:\CASES\coretse\CoreTSE_Webserver\component\Actel\DirectCore\CORETSE_AHB\2.1.105\rtl\vlog\core_obfuscated\rx4096x36.v -lib work D:\CASES\coretse\CoreTSE_Webserver\component\Actel\DirectCore\CORETSE_AHB\2.1.105\rtl\vlog\core_obfuscated\amcxfif_clkrst.v -lib work D:\CASES\coretse\CoreTSE_Webserver\component\Actel\DirectCore\CORETSE_AHB\2.1.105\rtl\vlog\core_obfuscated\amcxfif_hst.v -lib work D:\CASES\coretse\CoreTSE_Webserver\component\Actel\DirectCore\CORETSE_AHB\2.1.105\rtl\vlog\core_obfuscated\amcxrfif_fab.v -lib work D:\CASES\coretse\CoreTSE_Webserver\component\Actel\DirectCore\CORETSE_AHB\2.1.105\rtl\vlog\core_obfuscated\amcxrfif_sys.v -lib work D:\CASES\coretse\CoreTSE_Webserver\component\Actel\DirectCore\CORETSE_AHB\2.1.105\rtl\vlog\core_obfuscated\amcxtfif_fab.v -lib work D:\CASES\coretse\CoreTSE_Webserver\component\Actel\DirectCore\CORETSE_AHB\2.1.105\rtl\vlog\core_obfuscated\amcxtfif_sys.v -lib work D:\CASES\coretse\CoreTSE_Webserver\component\Actel\DirectCore\CORETSE_AHB\2.1.105\rtl\vlog\core_obfuscated\amcxtfif_wtm.v -lib work D:\CASES\coretse\CoreTSE_Webserver\component\Actel\DirectCore\CORETSE_AHB\2.1.105\rtl\vlog\core_obfuscated\amcxfif.v -lib work D:\CASES\coretse\CoreTSE_Webserver\component\Actel\DirectCore\CORETSE_AHB\2.1.105\rtl\vlog\core_obfuscated\arfque.v -lib work D:\CASES\coretse\CoreTSE_Webserver\component\Actel\DirectCore\CORETSE_AHB\2.1.105\rtl\vlog\core_obfuscated\decoder.v -lib work D:\CASES\coretse\CoreTSE_Webserver\component\Actel\DirectCore\CORETSE_AHB\2.1.105\rtl\vlog\core_obfuscated\dmarx.v -lib work D:\CASES\coretse\CoreTSE_Webserver\component\Actel\DirectCore\CORETSE_AHB\2.1.105\rtl\vlog\core_obfuscated\dmatx.v -lib work D:\CASES\coretse\CoreTSE_Webserver\component\Actel\DirectCore\CORETSE_AHB\2.1.105\rtl\vlog\core_obfuscated\dma_dual.v -lib work D:\CASES\coretse\CoreTSE_Webserver\component\Actel\DirectCore\CORETSE_AHB\2.1.105\rtl\vlog\core_obfuscated\slave.v -lib work D:\CASES\coretse\CoreTSE_Webserver\component\Actel\DirectCore\CORETSE_AHB\2.1.105\rtl\vlog\core_obfuscated\tsm_sysreg.v -lib work D:\CASES\coretse\CoreTSE_Webserver\component\Actel\DirectCore\CORETSE_AHB\2.1.105\rtl\vlog\core_obfuscated\mahbe_dual.v -lib work D:\CASES\coretse\CoreTSE_Webserver\component\Actel\DirectCore\CORETSE_AHB\2.1.105\rtl\vlog\core_obfuscated\mmcxwol.v -lib work D:\CASES\coretse\CoreTSE_Webserver\component\Actel\DirectCore\CORETSE_AHB\2.1.105\rtl\vlog\core_obfuscated\pecrc.v -lib work D:\CASES\coretse\CoreTSE_Webserver\component\Actel\DirectCore\CORETSE_AHB\2.1.105\rtl\vlog\core_obfuscated\perfn_top.v -lib work D:\CASES\coretse\CoreTSE_Webserver\component\Actel\DirectCore\CORETSE_AHB\2.1.105\rtl\vlog\core_obfuscated\permc_top.v -lib work D:\CASES\coretse\CoreTSE_Webserver\component\Actel\DirectCore\CORETSE_AHB\2.1.105\rtl\vlog\core_obfuscated\petfn_top.v -lib work D:\CASES\coretse\CoreTSE_Webserver\component\Actel\DirectCore\CORETSE_AHB\2.1.105\rtl\vlog\core_obfuscated\petmc_top.v -lib work D:\CASES\coretse\CoreTSE_Webserver\component\Actel\DirectCore\CORETSE_AHB\2.1.105\rtl\vlog\core_obfuscated\pe_mcxmac_core.v -lib work D:\CASES\coretse\CoreTSE_Webserver\component\Actel\DirectCore\CORETSE_AHB\2.1.105\rtl\vlog\core_obfuscated\pecar.v -lib work D:\CASES\coretse\CoreTSE_Webserver\component\Actel\DirectCore\CORETSE_AHB\2.1.105\rtl\vlog\core_obfuscated\pehst.v -lib work D:\CASES\coretse\CoreTSE_Webserver\component\Actel\DirectCore\CORETSE_AHB\2.1.105\rtl\vlog\core_obfuscated\pemgt.v -lib work D:\CASES\coretse\CoreTSE_Webserver\component\Actel\DirectCore\CORETSE_AHB\2.1.105\rtl\vlog\core_obfuscated\pe_mcxmac.v -lib work D:\CASES\coretse\CoreTSE_Webserver\component\Actel\DirectCore\CORETSE_AHB\2.1.105\rtl\vlog\core_obfuscated\pemstat_cntrl.v -lib work D:\CASES\coretse\CoreTSE_Webserver\component\Actel\DirectCore\CORETSE_AHB\2.1.105\rtl\vlog\core_obfuscated\pemstat_eim.v -lib work D:\CASES\coretse\CoreTSE_Webserver\component\Actel\DirectCore\CORETSE_AHB\2.1.105\rtl\vlog\core_obfuscated\pemstat_ladd.v -lib work D:\CASES\coretse\CoreTSE_Webserver\component\Actel\DirectCore\CORETSE_AHB\2.1.105\rtl\vlog\core_obfuscated\pemstat_linc.v -lib work D:\CASES\coretse\CoreTSE_Webserver\component\Actel\DirectCore\CORETSE_AHB\2.1.105\rtl\vlog\core_obfuscated\pemstat_sadd.v -lib work D:\CASES\coretse\CoreTSE_Webserver\component\Actel\DirectCore\CORETSE_AHB\2.1.105\rtl\vlog\core_obfuscated\pemstat_sinc.v -lib work D:\CASES\coretse\CoreTSE_Webserver\component\Actel\DirectCore\CORETSE_AHB\2.1.105\rtl\vlog\core_obfuscated\pemstat_sinchd.v -lib work D:\CASES\coretse\CoreTSE_Webserver\component\Actel\DirectCore\CORETSE_AHB\2.1.105\rtl\vlog\core_obfuscated\pemstat_sincnf.v -lib work D:\CASES\coretse\CoreTSE_Webserver\component\Actel\DirectCore\CORETSE_AHB\2.1.105\rtl\vlog\core_obfuscated\pemstat_store.v -lib work D:\CASES\coretse\CoreTSE_Webserver\component\Actel\DirectCore\CORETSE_AHB\2.1.105\rtl\vlog\core_obfuscated\pemstat.v -lib work D:\CASES\coretse\CoreTSE_Webserver\component\Actel\DirectCore\CORETSE_AHB\2.1.105\rtl\vlog\core_obfuscated\sib_fifo_mem2p.v -lib work D:\CASES\coretse\CoreTSE_Webserver\component\Actel\DirectCore\CORETSE_AHB\2.1.105\rtl\vlog\core_obfuscated\sib_sync_2flp.v -lib work D:\CASES\coretse\CoreTSE_Webserver\component\Actel\DirectCore\CORETSE_AHB\2.1.105\rtl\vlog\core_obfuscated\sib_fifo_top.v -lib work D:\CASES\coretse\CoreTSE_Webserver\component\Actel\DirectCore\CORETSE_AHB\2.1.105\rtl\vlog\core_obfuscated\ptp_hstinf.v -lib work D:\CASES\coretse\CoreTSE_Webserver\component\Actel\DirectCore\CORETSE_AHB\2.1.105\rtl\vlog\core_obfuscated\ptp_rfp.v -lib work D:\CASES\coretse\CoreTSE_Webserver\component\Actel\DirectCore\CORETSE_AHB\2.1.105\rtl\vlog\core_obfuscated\ptp_rtc.v -lib work D:\CASES\coretse\CoreTSE_Webserver\component\Actel\DirectCore\CORETSE_AHB\2.1.105\rtl\vlog\core_obfuscated\ptp_tfp.v -lib work D:\CASES\coretse\CoreTSE_Webserver\component\Actel\DirectCore\CORETSE_AHB\2.1.105\rtl\vlog\core_obfuscated\ptp_top.v -lib work D:\CASES\coretse\CoreTSE_Webserver\component\Actel\DirectCore\CORETSE_AHB\2.1.105\rtl\vlog\core_obfuscated\si_sal.v -lib work D:\CASES\coretse\CoreTSE_Webserver\component\Actel\DirectCore\CORETSE_AHB\2.1.105\rtl\vlog\core_obfuscated\sib_sync_pulse.v -lib work D:\CASES\coretse\CoreTSE_Webserver\component\Actel\DirectCore\CORETSE_AHB\2.1.105\rtl\vlog\core_obfuscated\tsmac_top.v -lib work D:\CASES\coretse\CoreTSE_Webserver\component\Actel\DirectCore\CORETSE_AHB\2.1.105\rtl\vlog\core_obfuscated\tx2048x40.v -lib work D:\CASES\coretse\CoreTSE_Webserver\component\Actel\DirectCore\CORETSE_AHB\2.1.105\rtl\vlog\core_obfuscated\CoreTSE_top.v -lib work D:\CASES\coretse\CoreTSE_Webserver\component\work\CoreTSE_Webserver\CORETSE_AHB_0\rtl\vlog\core_obfuscated\CoreTSE_AHB.v -lib work D:\CASES\coretse\CoreTSE_Webserver\component\work\CoreTSE_Webserver\FCCC_0\CoreTSE_Webserver_FCCC_0_FCCC.v -lib work D:\CASES\coretse\CoreTSE_Webserver\component\work\CoreTSE_Webserver\FCCC_1\CoreTSE_Webserver_FCCC_1_FCCC.v -lib work D:\CASES\coretse\CoreTSE_Webserver\component\work\CoreTSE_Webserver\FCCC_2\CoreTSE_Webserver_FCCC_2_FCCC.v -lib work D:\CASES\coretse\CoreTSE_Webserver\component\work\CoreTSE_Webserver\FCCC_3\CoreTSE_Webserver_FCCC_3_FCCC.v -lib work D:\CASES\coretse\CoreTSE_Webserver\component\work\CoreTSE_Webserver_MSS\CoreTSE_Webserver_MSS_syn.v -lib work D:\CASES\coretse\CoreTSE_Webserver\component\work\CoreTSE_Webserver_MSS\CoreTSE_Webserver_MSS.v -lib work D:\CASES\coretse\CoreTSE_Webserver\component\Actel\SgCore\OSC\2.0.101\osc_comps.v -lib work D:\CASES\coretse\CoreTSE_Webserver\component\work\CoreTSE_Webserver\OSC_0\CoreTSE_Webserver_OSC_0_OSC.v -lib work D:\CASES\coretse\CoreTSE_Webserver\component\work\CoreTSE_Webserver\SERDES_IF2_0\CoreTSE_Webserver_SERDES_IF2_0_SERDES_IF2_syn.v -lib work D:\CASES\coretse\CoreTSE_Webserver\component\work\CoreTSE_Webserver\SERDES_IF2_0\CoreTSE_Webserver_SERDES_IF2_0_SERDES_IF2.v -lib COREAHBLITE_LIB D:\CASES\coretse\CoreTSE_Webserver\component\Actel\DirectCore\CoreAHBLite\5.2.100\rtl\vlog\core\coreahblite_addrdec.v -lib COREAHBLITE_LIB D:\CASES\coretse\CoreTSE_Webserver\component\Actel\DirectCore\CoreAHBLite\5.2.100\rtl\vlog\core\coreahblite_defaultslavesm.v -lib COREAHBLITE_LIB D:\CASES\coretse\CoreTSE_Webserver\component\Actel\DirectCore\CoreAHBLite\5.2.100\rtl\vlog\core\coreahblite_masterstage.v -lib COREAHBLITE_LIB D:\CASES\coretse\CoreTSE_Webserver\component\Actel\DirectCore\CoreAHBLite\5.2.100\rtl\vlog\core\coreahblite_slavearbiter.v -lib COREAHBLITE_LIB D:\CASES\coretse\CoreTSE_Webserver\component\Actel\DirectCore\CoreAHBLite\5.2.100\rtl\vlog\core\coreahblite_slavestage.v -lib COREAHBLITE_LIB D:\CASES\coretse\CoreTSE_Webserver\component\Actel\DirectCore\CoreAHBLite\5.2.100\rtl\vlog\core\coreahblite_matrix4x16.v -lib COREAHBLITE_LIB D:\CASES\coretse\CoreTSE_Webserver\component\Actel\DirectCore\CoreAHBLite\5.2.100\rtl\vlog\core\coreahblite.v -lib work D:\CASES\coretse\CoreTSE_Webserver\component\work\CoreTSE_Webserver\CoreTSE_Webserver.v 
rc:0 success:1
D:\CASES\coretse\CoreTSE_Webserver\synthesis\synwork\CoreTSE_Webserver_comp.srs|o|1479376604|646692
D:\CASES\coretse\CoreTSE_Webserver\synthesis\synlog\CoreTSE_Webserver_compiler.srr|o|1479376604|138974
D:\Microsemi\Libero_SoC_v11.7\Synplify\lib\generic\smartfusion2.v|i|1449201930|16359
D:\CASES\coretse\CoreTSE_Webserver\component\Actel\DirectCore\CoreConfigP\7.1.100\rtl\vlog\core\coreconfigp.v|i|1475578637|25365
D:\CASES\coretse\CoreTSE_Webserver\component\Actel\DirectCore\CoreResetP\7.1.100\rtl\vlog\core\coreresetp_pcie_hotreset.v|i|1475578637|8822
D:\CASES\coretse\CoreTSE_Webserver\component\Actel\DirectCore\CoreResetP\7.1.100\rtl\vlog\core\coreresetp.v|i|1475578637|65628
D:\CASES\coretse\CoreTSE_Webserver\component\Actel\DirectCore\CORETSE_AHB\2.1.105\rtl\vlog\core_obfuscated\msgmii_clkrst.v|i|1475561794|3518
D:\CASES\coretse\CoreTSE_Webserver\component\Actel\DirectCore\CORETSE_AHB\2.1.105\rtl\vlog\core_obfuscated\msgmii_cnvrxi.v|i|1475561794|14690
D:\CASES\coretse\CoreTSE_Webserver\component\Actel\DirectCore\CORETSE_AHB\2.1.105\rtl\vlog\core_obfuscated\msgmii_cnvrxo.v|i|1475561794|3527
D:\CASES\coretse\CoreTSE_Webserver\component\Actel\DirectCore\CORETSE_AHB\2.1.105\rtl\vlog\core_obfuscated\msgmii_cnvtxi.v|i|1475561794|7811
D:\CASES\coretse\CoreTSE_Webserver\component\Actel\DirectCore\CORETSE_AHB\2.1.105\rtl\vlog\core_obfuscated\msgmii_cnvtxo.v|i|1475561794|3969
D:\CASES\coretse\CoreTSE_Webserver\component\Actel\DirectCore\CORETSE_AHB\2.1.105\rtl\vlog\core_obfuscated\peanx_sync.v|i|1475561794|9508
D:\CASES\coretse\CoreTSE_Webserver\component\Actel\DirectCore\CORETSE_AHB\2.1.105\rtl\vlog\core_obfuscated\msgmii_peanx_top.v|i|1475561794|27046
D:\CASES\coretse\CoreTSE_Webserver\component\Actel\DirectCore\CORETSE_AHB\2.1.105\rtl\vlog\core_obfuscated\r10b8b.v|i|1475561794|25796
D:\CASES\coretse\CoreTSE_Webserver\component\Actel\DirectCore\CORETSE_AHB\2.1.105\rtl\vlog\core_obfuscated\perex_pcs.v|i|1475561794|35994
D:\CASES\coretse\CoreTSE_Webserver\component\Actel\DirectCore\CORETSE_AHB\2.1.105\rtl\vlog\core_obfuscated\perex_pma.v|i|1475561794|10130
D:\CASES\coretse\CoreTSE_Webserver\component\Actel\DirectCore\CORETSE_AHB\2.1.105\rtl\vlog\core_obfuscated\petbm.v|i|1475561794|21197
D:\CASES\coretse\CoreTSE_Webserver\component\Actel\DirectCore\CORETSE_AHB\2.1.105\rtl\vlog\core_obfuscated\petcr.v|i|1475561794|4750
D:\CASES\coretse\CoreTSE_Webserver\component\Actel\DirectCore\CORETSE_AHB\2.1.105\rtl\vlog\core_obfuscated\t8b10b.v|i|1475561794|13788
D:\CASES\coretse\CoreTSE_Webserver\component\Actel\DirectCore\CORETSE_AHB\2.1.105\rtl\vlog\core_obfuscated\petex_top.v|i|1475561794|21622
D:\CASES\coretse\CoreTSE_Webserver\component\Actel\DirectCore\CORETSE_AHB\2.1.105\rtl\vlog\core_obfuscated\msgmii_tbi.v|i|1475561794|9128
D:\CASES\coretse\CoreTSE_Webserver\component\Actel\DirectCore\CORETSE_AHB\2.1.105\rtl\vlog\core_obfuscated\msgmii_core.v|i|1475561794|7458
D:\CASES\coretse\CoreTSE_Webserver\component\Actel\DirectCore\CORETSE_AHB\2.1.105\rtl\vlog\core_obfuscated\rx4096x36.v|i|1475561794|1239
D:\CASES\coretse\CoreTSE_Webserver\component\Actel\DirectCore\CORETSE_AHB\2.1.105\rtl\vlog\core_obfuscated\amcxfif_clkrst.v|i|1475561794|3145
D:\CASES\coretse\CoreTSE_Webserver\component\Actel\DirectCore\CORETSE_AHB\2.1.105\rtl\vlog\core_obfuscated\amcxfif_hst.v|i|1475561794|19289
D:\CASES\coretse\CoreTSE_Webserver\component\Actel\DirectCore\CORETSE_AHB\2.1.105\rtl\vlog\core_obfuscated\amcxrfif_fab.v|i|1475561794|12504
D:\CASES\coretse\CoreTSE_Webserver\component\Actel\DirectCore\CORETSE_AHB\2.1.105\rtl\vlog\core_obfuscated\amcxrfif_sys.v|i|1475561794|21396
D:\CASES\coretse\CoreTSE_Webserver\component\Actel\DirectCore\CORETSE_AHB\2.1.105\rtl\vlog\core_obfuscated\amcxtfif_fab.v|i|1475561794|14187
D:\CASES\coretse\CoreTSE_Webserver\component\Actel\DirectCore\CORETSE_AHB\2.1.105\rtl\vlog\core_obfuscated\amcxtfif_sys.v|i|1475561794|18792
D:\CASES\coretse\CoreTSE_Webserver\component\Actel\DirectCore\CORETSE_AHB\2.1.105\rtl\vlog\core_obfuscated\amcxtfif_wtm.v|i|1475561794|8826
D:\CASES\coretse\CoreTSE_Webserver\component\Actel\DirectCore\CORETSE_AHB\2.1.105\rtl\vlog\core_obfuscated\amcxfif.v|i|1475561794|17007
D:\CASES\coretse\CoreTSE_Webserver\component\Actel\DirectCore\CORETSE_AHB\2.1.105\rtl\vlog\core_obfuscated\arfque.v|i|1475561794|3643
D:\CASES\coretse\CoreTSE_Webserver\component\Actel\DirectCore\CORETSE_AHB\2.1.105\rtl\vlog\core_obfuscated\decoder.v|i|1475561794|3053
D:\CASES\coretse\CoreTSE_Webserver\component\Actel\DirectCore\CORETSE_AHB\2.1.105\rtl\vlog\core_obfuscated\dmarx.v|i|1475561794|9934
D:\CASES\coretse\CoreTSE_Webserver\component\Actel\DirectCore\CORETSE_AHB\2.1.105\rtl\vlog\core_obfuscated\dmatx.v|i|1475561794|11654
D:\CASES\coretse\CoreTSE_Webserver\component\Actel\DirectCore\CORETSE_AHB\2.1.105\rtl\vlog\core_obfuscated\dma_dual.v|i|1475561794|14309
D:\CASES\coretse\CoreTSE_Webserver\component\Actel\DirectCore\CORETSE_AHB\2.1.105\rtl\vlog\core_obfuscated\slave.v|i|1475561794|3766
D:\CASES\coretse\CoreTSE_Webserver\component\Actel\DirectCore\CORETSE_AHB\2.1.105\rtl\vlog\core_obfuscated\tsm_sysreg.v|i|1475561794|7554
D:\CASES\coretse\CoreTSE_Webserver\component\Actel\DirectCore\CORETSE_AHB\2.1.105\rtl\vlog\core_obfuscated\mahbe_dual.v|i|1475561794|7968
D:\CASES\coretse\CoreTSE_Webserver\component\Actel\DirectCore\CORETSE_AHB\2.1.105\rtl\vlog\core_obfuscated\mmcxwol.v|i|1475561794|11000
D:\CASES\coretse\CoreTSE_Webserver\component\Actel\DirectCore\CORETSE_AHB\2.1.105\rtl\vlog\core_obfuscated\pecrc.v|i|1475561794|7914
D:\CASES\coretse\CoreTSE_Webserver\component\Actel\DirectCore\CORETSE_AHB\2.1.105\rtl\vlog\core_obfuscated\perfn_top.v|i|1475561794|37727
D:\CASES\coretse\CoreTSE_Webserver\component\Actel\DirectCore\CORETSE_AHB\2.1.105\rtl\vlog\core_obfuscated\permc_top.v|i|1475561794|17494
D:\CASES\coretse\CoreTSE_Webserver\component\Actel\DirectCore\CORETSE_AHB\2.1.105\rtl\vlog\core_obfuscated\petfn_top.v|i|1475561794|72265
D:\CASES\coretse\CoreTSE_Webserver\component\Actel\DirectCore\CORETSE_AHB\2.1.105\rtl\vlog\core_obfuscated\petmc_top.v|i|1475561794|14617
D:\CASES\coretse\CoreTSE_Webserver\component\Actel\DirectCore\CORETSE_AHB\2.1.105\rtl\vlog\core_obfuscated\pe_mcxmac_core.v|i|1475561794|13154
D:\CASES\coretse\CoreTSE_Webserver\component\Actel\DirectCore\CORETSE_AHB\2.1.105\rtl\vlog\core_obfuscated\pecar.v|i|1475561794|11599
D:\CASES\coretse\CoreTSE_Webserver\component\Actel\DirectCore\CORETSE_AHB\2.1.105\rtl\vlog\core_obfuscated\pehst.v|i|1475561794|23135
D:\CASES\coretse\CoreTSE_Webserver\component\Actel\DirectCore\CORETSE_AHB\2.1.105\rtl\vlog\core_obfuscated\pemgt.v|i|1475561794|20618
D:\CASES\coretse\CoreTSE_Webserver\component\Actel\DirectCore\CORETSE_AHB\2.1.105\rtl\vlog\core_obfuscated\pe_mcxmac.v|i|1475561794|18513
D:\CASES\coretse\CoreTSE_Webserver\component\Actel\DirectCore\CORETSE_AHB\2.1.105\rtl\vlog\core_obfuscated\pemstat_cntrl.v|i|1475561794|14636
D:\CASES\coretse\CoreTSE_Webserver\component\Actel\DirectCore\CORETSE_AHB\2.1.105\rtl\vlog\core_obfuscated\pemstat_eim.v|i|1475561794|30576
D:\CASES\coretse\CoreTSE_Webserver\component\Actel\DirectCore\CORETSE_AHB\2.1.105\rtl\vlog\core_obfuscated\pemstat_ladd.v|i|1475561794|2357
D:\CASES\coretse\CoreTSE_Webserver\component\Actel\DirectCore\CORETSE_AHB\2.1.105\rtl\vlog\core_obfuscated\pemstat_linc.v|i|1475561794|2037
D:\CASES\coretse\CoreTSE_Webserver\component\Actel\DirectCore\CORETSE_AHB\2.1.105\rtl\vlog\core_obfuscated\pemstat_sadd.v|i|1475561794|2165
D:\CASES\coretse\CoreTSE_Webserver\component\Actel\DirectCore\CORETSE_AHB\2.1.105\rtl\vlog\core_obfuscated\pemstat_sinc.v|i|1475561794|2037
D:\CASES\coretse\CoreTSE_Webserver\component\Actel\DirectCore\CORETSE_AHB\2.1.105\rtl\vlog\core_obfuscated\pemstat_sinchd.v|i|1475561794|2039
D:\CASES\coretse\CoreTSE_Webserver\component\Actel\DirectCore\CORETSE_AHB\2.1.105\rtl\vlog\core_obfuscated\pemstat_sincnf.v|i|1475561794|2039
D:\CASES\coretse\CoreTSE_Webserver\component\Actel\DirectCore\CORETSE_AHB\2.1.105\rtl\vlog\core_obfuscated\pemstat_store.v|i|1475561794|24833
D:\CASES\coretse\CoreTSE_Webserver\component\Actel\DirectCore\CORETSE_AHB\2.1.105\rtl\vlog\core_obfuscated\pemstat.v|i|1475561794|8189
D:\CASES\coretse\CoreTSE_Webserver\component\Actel\DirectCore\CORETSE_AHB\2.1.105\rtl\vlog\core_obfuscated\sib_fifo_mem2p.v|i|1475561794|2018
D:\CASES\coretse\CoreTSE_Webserver\component\Actel\DirectCore\CORETSE_AHB\2.1.105\rtl\vlog\core_obfuscated\sib_sync_2flp.v|i|1475561794|1628
D:\CASES\coretse\CoreTSE_Webserver\component\Actel\DirectCore\CORETSE_AHB\2.1.105\rtl\vlog\core_obfuscated\sib_fifo_top.v|i|1475561794|7711
D:\CASES\coretse\CoreTSE_Webserver\component\Actel\DirectCore\CORETSE_AHB\2.1.105\rtl\vlog\core_obfuscated\ptp_hstinf.v|i|1475561794|44279
D:\CASES\coretse\CoreTSE_Webserver\component\Actel\DirectCore\CORETSE_AHB\2.1.105\rtl\vlog\core_obfuscated\ptp_rfp.v|i|1475561794|17704
D:\CASES\coretse\CoreTSE_Webserver\component\Actel\DirectCore\CORETSE_AHB\2.1.105\rtl\vlog\core_obfuscated\ptp_rtc.v|i|1475561794|15104
D:\CASES\coretse\CoreTSE_Webserver\component\Actel\DirectCore\CORETSE_AHB\2.1.105\rtl\vlog\core_obfuscated\ptp_tfp.v|i|1475561794|23705
D:\CASES\coretse\CoreTSE_Webserver\component\Actel\DirectCore\CORETSE_AHB\2.1.105\rtl\vlog\core_obfuscated\ptp_top.v|i|1475561794|9716
D:\CASES\coretse\CoreTSE_Webserver\component\Actel\DirectCore\CORETSE_AHB\2.1.105\rtl\vlog\core_obfuscated\si_sal.v|i|1475561794|6107
D:\CASES\coretse\CoreTSE_Webserver\component\Actel\DirectCore\CORETSE_AHB\2.1.105\rtl\vlog\core_obfuscated\sib_sync_pulse.v|i|1475561794|2531
D:\CASES\coretse\CoreTSE_Webserver\component\Actel\DirectCore\CORETSE_AHB\2.1.105\rtl\vlog\core_obfuscated\tsmac_top.v|i|1475561794|26170
D:\CASES\coretse\CoreTSE_Webserver\component\Actel\DirectCore\CORETSE_AHB\2.1.105\rtl\vlog\core_obfuscated\tx2048x40.v|i|1475561794|1239
D:\CASES\coretse\CoreTSE_Webserver\component\Actel\DirectCore\CORETSE_AHB\2.1.105\rtl\vlog\core_obfuscated\CoreTSE_top.v|i|1475561794|12159
D:\CASES\coretse\CoreTSE_Webserver\component\work\CoreTSE_Webserver\CORETSE_AHB_0\rtl\vlog\core_obfuscated\CoreTSE_AHB.v|i|1479376527|5296
D:\CASES\coretse\CoreTSE_Webserver\component\work\CoreTSE_Webserver\FCCC_0\CoreTSE_Webserver_FCCC_0_FCCC.v|i|1479376528|1794
D:\CASES\coretse\CoreTSE_Webserver\component\work\CoreTSE_Webserver\FCCC_1\CoreTSE_Webserver_FCCC_1_FCCC.v|i|1479376530|1790
D:\CASES\coretse\CoreTSE_Webserver\component\work\CoreTSE_Webserver\FCCC_2\CoreTSE_Webserver_FCCC_2_FCCC.v|i|1479376532|1703
D:\CASES\coretse\CoreTSE_Webserver\component\work\CoreTSE_Webserver\FCCC_3\CoreTSE_Webserver_FCCC_3_FCCC.v|i|1479376534|2119
D:\CASES\coretse\CoreTSE_Webserver\component\work\CoreTSE_Webserver_MSS\CoreTSE_Webserver_MSS_syn.v|i|1479376488|58354
D:\CASES\coretse\CoreTSE_Webserver\component\work\CoreTSE_Webserver_MSS\CoreTSE_Webserver_MSS.v|i|1479376488|60491
D:\CASES\coretse\CoreTSE_Webserver\component\Actel\SgCore\OSC\2.0.101\osc_comps.v|i|1475561803|924
D:\CASES\coretse\CoreTSE_Webserver\component\work\CoreTSE_Webserver\OSC_0\CoreTSE_Webserver_OSC_0_OSC.v|i|1479376535|834
D:\CASES\coretse\CoreTSE_Webserver\component\work\CoreTSE_Webserver\SERDES_IF2_0\CoreTSE_Webserver_SERDES_IF2_0_SERDES_IF2_syn.v|i|1479376541|13104
D:\CASES\coretse\CoreTSE_Webserver\component\work\CoreTSE_Webserver\SERDES_IF2_0\CoreTSE_Webserver_SERDES_IF2_0_SERDES_IF2.v|i|1479376537|18633
D:\CASES\coretse\CoreTSE_Webserver\component\Actel\DirectCore\CoreAHBLite\5.2.100\rtl\vlog\core\coreahblite_addrdec.v|i|1475561793|6576
D:\CASES\coretse\CoreTSE_Webserver\component\Actel\DirectCore\CoreAHBLite\5.2.100\rtl\vlog\core\coreahblite_defaultslavesm.v|i|1475561793|2069
D:\CASES\coretse\CoreTSE_Webserver\component\Actel\DirectCore\CoreAHBLite\5.2.100\rtl\vlog\core\coreahblite_masterstage.v|i|1475561793|16943
D:\CASES\coretse\CoreTSE_Webserver\component\Actel\DirectCore\CoreAHBLite\5.2.100\rtl\vlog\core\coreahblite_slavearbiter.v|i|1475561793|14709
D:\CASES\coretse\CoreTSE_Webserver\component\Actel\DirectCore\CoreAHBLite\5.2.100\rtl\vlog\core\coreahblite_slavestage.v|i|1475561793|8561
D:\CASES\coretse\CoreTSE_Webserver\component\Actel\DirectCore\CoreAHBLite\5.2.100\rtl\vlog\core\coreahblite_matrix4x16.v|i|1475561793|208865
D:\CASES\coretse\CoreTSE_Webserver\component\Actel\DirectCore\CoreAHBLite\5.2.100\rtl\vlog\core\coreahblite.v|i|1475561793|21472
D:\CASES\coretse\CoreTSE_Webserver\component\work\CoreTSE_Webserver\CoreTSE_Webserver.v|i|1479376544|67661
D:\Microsemi\Libero_SoC_v11.7\Synplify\bin\c_hdl.exe|i|1449201922|1295872
D:\Microsemi\Libero_SoC_v11.7\Synplify\bin64\c_hdl.exe|i|1449201924|1897472
