sourcing D:\Microsemi\Libero_SoC_v11.7\Synplify\lib\message_override.tcl


Starting:    D:\Microsemi\Libero_SoC_v11.7\Synplify\bin64\mbin\synbatch.exe
Install:     D:\Microsemi\Libero_SoC_v11.7\Synplify
Hostname:    W764-AITHAS
Date:        Thu Nov 17 15:26:34 2016
Version:     J-2015.03M-SP1-2

Arguments:   -product synplify_pro -licensetype synplifypro_actel -batch -log synplify.log CoreTSE_Webserver_syn.tcl
ProductType: synplify_pro

License checkout: synplifypro_actel
License: synplifypro_actel from server denzil 
Licensed Vendor: actel
License Option: actel_oem

Running in Vendor Mode


Warning: File already exists in project: "D:\CASES\coretse\CoreTSE_Webserver\component\Actel\DirectCore\CORETSE_AHB\2.1.105\rtl\vlog\core_obfuscated\include.v"
auto_infer_blackbox is not supported in current product.

log file: "D:\CASES\coretse\CoreTSE_Webserver\synthesis\CoreTSE_Webserver.srr"

Running: synthesis in foreground



Running CoreTSE_Webserver_syn|synthesis


Running: compile (Compile) on CoreTSE_Webserver_syn|synthesis


Running: compile_flow (Compile Process) on CoreTSE_Webserver_syn|synthesis


Running: compiler (Compile Input) on CoreTSE_Webserver_syn|synthesis

Copied D:\CASES\coretse\CoreTSE_Webserver\synthesis\synwork\CoreTSE_Webserver_comp.srs to D:\CASES\coretse\CoreTSE_Webserver\synthesis\CoreTSE_Webserver.srs


compiler Completed
Return Code: 0
Run Time:0h:00m:11s


Running: multi_srs_gen (Multi-srs Generator) on CoreTSE_Webserver_syn|synthesis

Copied D:\CASES\coretse\CoreTSE_Webserver\synthesis\synwork\CoreTSE_Webserver_comp.srs to D:\CASES\coretse\CoreTSE_Webserver\synthesis\synwork\CoreTSE_Webserver_s.srs


multi_srs_gen Completed
Return Code: 0
Run Time:0h:00m:02s

Copied D:\CASES\coretse\CoreTSE_Webserver\synthesis\synwork\CoreTSE_Webserver_mult.srs to D:\CASES\coretse\CoreTSE_Webserver\synthesis\CoreTSE_Webserver.srs

Complete: Compile Process on CoreTSE_Webserver_syn|synthesis


Running: premap (Pre-mapping) on CoreTSE_Webserver_syn|synthesis

Copied D:\CASES\coretse\CoreTSE_Webserver\synthesis\CoreTSE_Webserver.sap to D:\CASES\coretse\CoreTSE_Webserver\synthesis\synwork\CoreTSE_Webserver_s.sap

Copied D:\CASES\coretse\CoreTSE_Webserver\synthesis\CoreTSE_Webserver.fse to D:\CASES\coretse\CoreTSE_Webserver\synthesis\synwork\CoreTSE_Webserver_s.fse


premap Completed with warnings
Return Code: 1
Run Time:0h:00m:02s

Complete: Compile on CoreTSE_Webserver_syn|synthesis


Running: map (Map) on CoreTSE_Webserver_syn|synthesis


Running: fpga_mapper (Map & Optimize) on CoreTSE_Webserver_syn|synthesis

Copied D:\CASES\coretse\CoreTSE_Webserver\synthesis\synwork\CoreTSE_Webserver_m.srm to D:\CASES\coretse\CoreTSE_Webserver\synthesis\CoreTSE_Webserver.srm


fpga_mapper Completed with warnings
Return Code: 1
Run Time:0h:01m:05s

Complete: Map on CoreTSE_Webserver_syn|synthesis

Complete: Logic Synthesis on CoreTSE_Webserver_syn|synthesis

TCL script complete: "CoreTSE_Webserver_syn.tcl"

exit status=0

exit status=0

License checkin: synplifypro_actel

