Timing Violation Report Max Delay Analysis

SmartTime Version v11.7 SP1.1
Microsemi Corporation - Microsemi Libero Software Release v11.7 SP1.1 (Version 11.7.1.14)
Date: Wed Oct 19 14:03:56 2016


Design: CoreTSE_Webserver
Family: SmartFusion2
Die: M2S090TS
Package: 484 FBGA
Temperature Range: 0 - 85 C
Voltage Range: 1.14 - 1.26 V
Speed Grade: -1
Design State: Post-Layout
Data source: Production
Min Operating Conditions: BEST - 1.26 V - 0 C
Max Operating Conditions: WORST - 1.14 V - 85 C
Scenario for Timing Analysis: timing_analysis


Path 1
  From:                        CORETSE_AHB_0/CoreTSE_top_inst/CORETSE_AHBio0.CORETSE_AHBOi0/CORETSE_AHBOoi0/CORETSE_AHBI0i0[2]:CLK
  To:                          SERDES_IF2_0/SERDESIF_INST/INST_SERDESIF_IP:EPCS_TXDATA[22]
  Delay (ns):                  5.277                                                                           
  Slack (ns):                  1.163                                                                           
  Arrival (ns):                12.733                                                                          
  Required (ns):               13.896                                                                          

Path 2
  From:                        CORETSE_AHB_0/CoreTSE_top_inst/CORETSE_AHBio0.CORETSE_AHBOi0/CORETSE_AHBOoi0/CORETSE_AHBI0i0[5]:CLK
  To:                          SERDES_IF2_0/SERDESIF_INST/INST_SERDESIF_IP:EPCS_TXDATA[25]
  Delay (ns):                  5.308                                                                           
  Slack (ns):                  1.195                                                                           
  Arrival (ns):                12.763                                                                          
  Required (ns):               13.958                                                                          

Path 3
  From:                        CoreTSE_Webserver_MSS_0/MSS_ADLIB_INST/INST_MSS_075_IP:CLK_CONFIG_APB
  To:                          CoreConfigP_0/FIC_2_APB_M_PREADY:EN
  Delay (ns):                  3.729                                                                           
  Slack (ns):                  1.261                                                                           
  Arrival (ns):                3.729                                                                           
  Required (ns):               4.990                                                                           

Path 4
  From:                        CORETSE_AHB_0/CoreTSE_top_inst/CORETSE_AHBio0.CORETSE_AHBOi0/CORETSE_AHBOoi0/CORETSE_AHBI0i0[4]:CLK
  To:                          SERDES_IF2_0/SERDESIF_INST/INST_SERDESIF_IP:EPCS_TXDATA[24]
  Delay (ns):                  5.127                                                                           
  Slack (ns):                  1.294                                                                           
  Arrival (ns):                12.572                                                                          
  Required (ns):               13.866                                                                          

Path 5
  From:                        CORETSE_AHB_0/CoreTSE_top_inst/CORETSE_AHBio0.CORETSE_AHBOi0/CORETSE_AHBIoi0/CORETSE_AHBiI11/CORETSE_AHBlI1II[2]:CLK
  To:                          SERDES_IF2_0/SERDESIF_INST/INST_SERDESIF_IP:EPCS_TXDATA[22]
  Delay (ns):                  5.144                                                                           
  Slack (ns):                  1.308                                                                           
  Arrival (ns):                12.588                                                                          
  Required (ns):               13.896                                                                          

Path 6
  From:                        CORETSE_AHB_0/CoreTSE_top_inst/CORETSE_AHBio0.CORETSE_AHBOi0/CORETSE_AHBOoi0/CORETSE_AHBI0i0[3]:CLK
  To:                          SERDES_IF2_0/SERDESIF_INST/INST_SERDESIF_IP:EPCS_TXDATA[23]
  Delay (ns):                  5.084                                                                           
  Slack (ns):                  1.321                                                                           
  Arrival (ns):                12.533                                                                          
  Required (ns):               13.854                                                                          

Path 7
  From:                        CORETSE_AHB_0/CoreTSE_top_inst/CORETSE_AHBio0.CORETSE_AHBOi0/CORETSE_AHBIoi0/CORETSE_AHBiI11/CORETSE_AHBlI1II[4]:CLK
  To:                          SERDES_IF2_0/SERDESIF_INST/INST_SERDESIF_IP:EPCS_TXDATA[24]
  Delay (ns):                  4.987                                                                           
  Slack (ns):                  1.435                                                                           
  Arrival (ns):                12.431                                                                          
  Required (ns):               13.866                                                                          

Path 8
  From:                        CORETSE_AHB_0/CoreTSE_top_inst/CORETSE_AHBio0.CORETSE_AHBOi0/CORETSE_AHBOoi0/CORETSE_AHBI0i0[1]:CLK
  To:                          SERDES_IF2_0/SERDESIF_INST/INST_SERDESIF_IP:EPCS_TXDATA[21]
  Delay (ns):                  4.959                                                                           
  Slack (ns):                  1.466                                                                           
  Arrival (ns):                12.416                                                                          
  Required (ns):               13.882                                                                          

Path 9
  From:                        CORETSE_AHB_0/CoreTSE_top_inst/CORETSE_AHBio0.CORETSE_AHBOi0/CORETSE_AHBIoi0/CORETSE_AHBiI11/CORETSE_AHBlI1II[9]:CLK
  To:                          SERDES_IF2_0/SERDESIF_INST/INST_SERDESIF_IP:EPCS_TXDATA[29]
  Delay (ns):                  4.804                                                                           
  Slack (ns):                  1.697                                                                           
  Arrival (ns):                12.261                                                                          
  Required (ns):               13.958                                                                          

Path 10
  From:                        CORETSE_AHB_0/CoreTSE_top_inst/CORETSE_AHBio0.CORETSE_AHBOi0/CORETSE_AHBOoi0/CORETSE_AHBI0i0[5]:CLK
  To:                          CORETSE_AHB_0/CoreTSE_top_inst/CORETSE_AHBio0.CORETSE_AHBOi0/CORETSE_AHBIoi0/CORETSE_AHBol11/CORETSE_AHBooIOI[5]:D
  Delay (ns):                  2.759                                                                           
  Slack (ns):                  1.706                                                                           
  Arrival (ns):                10.214                                                                          
  Required (ns):               11.920                                                                          

Path 11
  From:                        CORETSE_AHB_0/CoreTSE_top_inst/CORETSE_AHBio0.CORETSE_AHBOi0/CORETSE_AHBOoi0/CORETSE_AHBo110:CLK
  To:                          SERDES_IF2_0/SERDESIF_INST/INST_SERDESIF_IP:EPCS_TXDATA[28]
  Delay (ns):                  4.658                                                                           
  Slack (ns):                  1.748                                                                           
  Arrival (ns):                12.132                                                                          
  Required (ns):               13.880                                                                          

Path 12
  From:                        CORETSE_AHB_0/CoreTSE_top_inst/CORETSE_AHBio0.CORETSE_AHBOi0/CORETSE_AHBIoi0/CORETSE_AHBiI11/CORETSE_AHBlI1II[3]:CLK
  To:                          SERDES_IF2_0/SERDESIF_INST/INST_SERDESIF_IP:EPCS_TXDATA[23]
  Delay (ns):                  4.662                                                                           
  Slack (ns):                  1.748                                                                           
  Arrival (ns):                12.106                                                                          
  Required (ns):               13.854                                                                          

Path 13
  From:                        CORETSE_AHB_0/CoreTSE_top_inst/CORETSE_AHBio0.CORETSE_AHBOi0/CORETSE_AHBIoi0/CORETSE_AHBiI11/CORETSE_AHBlI1II[1]:CLK
  To:                          SERDES_IF2_0/SERDESIF_INST/INST_SERDESIF_IP:EPCS_TXDATA[21]
  Delay (ns):                  4.610                                                                           
  Slack (ns):                  1.786                                                                           
  Arrival (ns):                12.096                                                                          
  Required (ns):               13.882                                                                          

Path 14
  From:                        CORETSE_AHB_0/CoreTSE_top_inst/CORETSE_AHBio0.CORETSE_AHBOi0/CORETSE_AHBOoi0/CORETSE_AHBI0i0[4]:CLK
  To:                          CORETSE_AHB_0/CoreTSE_top_inst/CORETSE_AHBio0.CORETSE_AHBOi0/CORETSE_AHBIoi0/CORETSE_AHBol11/CORETSE_AHBooIOI[4]:D
  Delay (ns):                  2.650                                                                           
  Slack (ns):                  1.816                                                                           
  Arrival (ns):                10.095                                                                          
  Required (ns):               11.911                                                                          

Path 15
  From:                        CORETSE_AHB_0/CoreTSE_top_inst/CORETSE_AHBio0.CORETSE_AHBOi0/CORETSE_AHBOoi0/CORETSE_AHBI0i0[0]:CLK
  To:                          SERDES_IF2_0/SERDESIF_INST/INST_SERDESIF_IP:EPCS_TXDATA[20]
  Delay (ns):                  4.511                                                                           
  Slack (ns):                  1.839                                                                           
  Arrival (ns):                11.997                                                                          
  Required (ns):               13.836                                                                          

Path 16
  From:                        CORETSE_AHB_0/CoreTSE_top_inst/CORETSE_AHBio0.CORETSE_AHBOi0/CORETSE_AHBIoi0/CORETSE_AHBiI11/CORETSE_AHBlI1II[8]:CLK
  To:                          SERDES_IF2_0/SERDESIF_INST/INST_SERDESIF_IP:EPCS_TXDATA[28]
  Delay (ns):                  4.538                                                                           
  Slack (ns):                  1.856                                                                           
  Arrival (ns):                12.024                                                                          
  Required (ns):               13.880                                                                          

Path 17
  From:                        CORETSE_AHB_0/CoreTSE_top_inst/CORETSE_AHBio0.CORETSE_AHBOi0/CORETSE_AHBIoi0/CORETSE_AHBiI11/CORETSE_AHBlI1II[0]:CLK
  To:                          SERDES_IF2_0/SERDESIF_INST/INST_SERDESIF_IP:EPCS_TXDATA[20]
  Delay (ns):                  4.471                                                                           
  Slack (ns):                  1.879                                                                           
  Arrival (ns):                11.957                                                                          
  Required (ns):               13.836                                                                          

Path 18
  From:                        CoreTSE_Webserver_MSS_0/MSS_ADLIB_INST/INST_MSS_075_IP:CLK_CONFIG_APB
  To:                          CoreConfigP_0/state[0]:D
  Delay (ns):                  3.144                                                                           
  Slack (ns):                  1.927                                                                           
  Arrival (ns):                3.144                                                                           
  Required (ns):               5.071                                                                           

Path 19
  From:                        CORETSE_AHB_0/CoreTSE_top_inst/CORETSE_AHBio0.CORETSE_AHBOi0/CORETSE_AHBOoi0/CORETSE_AHBI0i0[5]:CLK
  To:                          CORETSE_AHB_0/CoreTSE_top_inst/CORETSE_AHBio0.CORETSE_AHBOi0/CORETSE_AHBIoi0/CORETSE_AHBol11/CORETSE_AHBioIOI[15]:D
  Delay (ns):                  2.529                                                                           
  Slack (ns):                  1.935                                                                           
  Arrival (ns):                9.984                                                                           
  Required (ns):               11.919                                                                          

Path 20
  From:                        CORETSE_AHB_0/CoreTSE_top_inst/CORETSE_AHBio0.CORETSE_AHBOi0/CORETSE_AHBOoi0/CORETSE_AHBl0i0:CLK
  To:                          SERDES_IF2_0/SERDESIF_INST/INST_SERDESIF_IP:EPCS_TXDATA[29]
  Delay (ns):                  4.559                                                                           
  Slack (ns):                  1.959                                                                           
  Arrival (ns):                11.999                                                                          
  Required (ns):               13.958                                                                          

Path 21
  From:                        CORETSE_AHB_0/CoreTSE_top_inst/CORETSE_AHBio0.CORETSE_AHBOi0/CORETSE_AHBIoi0/CORETSE_AHBiI11/CORETSE_AHBlI1II[5]:CLK
  To:                          SERDES_IF2_0/SERDESIF_INST/INST_SERDESIF_IP:EPCS_TXDATA[25]
  Delay (ns):                  4.540                                                                           
  Slack (ns):                  1.974                                                                           
  Arrival (ns):                11.984                                                                          
  Required (ns):               13.958                                                                          

Path 22
  From:                        CORETSE_AHB_0/CoreTSE_top_inst/CORETSE_AHBio0.CORETSE_AHBOi0/CORETSE_AHBIoi0/CORETSE_AHBiI11/CORETSE_AHBlI1II[4]:CLK
  To:                          CORETSE_AHB_0/CoreTSE_top_inst/CORETSE_AHBio0.CORETSE_AHBOi0/CORETSE_AHBIoi0/CORETSE_AHBol11/CORETSE_AHBooIOI[4]:D
  Delay (ns):                  2.480                                                                           
  Slack (ns):                  1.987                                                                           
  Arrival (ns):                9.924                                                                           
  Required (ns):               11.911                                                                          

Path 23
  From:                        CORETSE_AHB_0/CoreTSE_top_inst/CORETSE_AHBio0.CORETSE_AHBOi0/CORETSE_AHBOoi0/CORETSE_AHBI0i0[3]:CLK
  To:                          CORETSE_AHB_0/CoreTSE_top_inst/CORETSE_AHBio0.CORETSE_AHBOi0/CORETSE_AHBIoi0/CORETSE_AHBol11/CORETSE_AHBooIOI[3]:D
  Delay (ns):                  2.441                                                                           
  Slack (ns):                  2.021                                                                           
  Arrival (ns):                9.890                                                                           
  Required (ns):               11.911                                                                          

Path 24
  From:                        CORETSE_AHB_0/CoreTSE_top_inst/CORETSE_AHBio0.CORETSE_AHBOi0/CORETSE_AHBOoi0/CORETSE_AHBI0i0[7]:CLK
  To:                          SERDES_IF2_0/SERDESIF_INST/INST_SERDESIF_IP:EPCS_TXDATA[27]
  Delay (ns):                  4.436                                                                           
  Slack (ns):                  2.025                                                                           
  Arrival (ns):                11.911                                                                          
  Required (ns):               13.936                                                                          

Path 25
  From:                        CORETSE_AHB_0/CoreTSE_top_inst/CORETSE_AHBio0.CORETSE_AHBOi0/CORETSE_AHBOoi0/CORETSE_AHBI0i0[4]:CLK
  To:                          CORETSE_AHB_0/CoreTSE_top_inst/CORETSE_AHBio0.CORETSE_AHBOi0/CORETSE_AHBIoi0/CORETSE_AHBol11/CORETSE_AHBioIOI[14]:D
  Delay (ns):                  2.421                                                                           
  Slack (ns):                  2.053                                                                           
  Arrival (ns):                9.866                                                                           
  Required (ns):               11.919                                                                          

Path 26
  From:                        CORETSE_AHB_0/CoreTSE_top_inst/CORETSE_AHBio0.CORETSE_AHBOi0/CORETSE_AHBOoi0/CORETSE_AHBI0i0[2]:CLK
  To:                          CORETSE_AHB_0/CoreTSE_top_inst/CORETSE_AHBio0.CORETSE_AHBOi0/CORETSE_AHBIoi0/CORETSE_AHBol11/CORETSE_AHBooIOI[2]:D
  Delay (ns):                  2.385                                                                           
  Slack (ns):                  2.071                                                                           
  Arrival (ns):                9.841                                                                           
  Required (ns):               11.912                                                                          

Path 27
  From:                        CORETSE_AHB_0/CoreTSE_top_inst/CORETSE_AHBio0.CORETSE_AHBOi0/CORETSE_AHBIoi0/CORETSE_AHBiI11/CORETSE_AHBlI1II[7]:CLK
  To:                          SERDES_IF2_0/SERDESIF_INST/INST_SERDESIF_IP:EPCS_TXDATA[27]
  Delay (ns):                  4.324                                                                           
  Slack (ns):                  2.138                                                                           
  Arrival (ns):                11.798                                                                          
  Required (ns):               13.936                                                                          

Path 28
  From:                        CORETSE_AHB_0/CoreTSE_top_inst/CORETSE_AHBio0.CORETSE_AHBOi0/CORETSE_AHBOoi0/CORETSE_AHBI0i0[6]:CLK
  To:                          SERDES_IF2_0/SERDESIF_INST/INST_SERDESIF_IP:EPCS_TXDATA[26]
  Delay (ns):                  4.351                                                                           
  Slack (ns):                  2.159                                                                           
  Arrival (ns):                11.837                                                                          
  Required (ns):               13.996                                                                          

Path 29
  From:                        CORETSE_AHB_0/CoreTSE_top_inst/CORETSE_AHBio0.CORETSE_AHBOi0/CORETSE_AHBIoi0/CORETSE_AHBiI11/CORETSE_AHBlI1II[6]:CLK
  To:                          SERDES_IF2_0/SERDESIF_INST/INST_SERDESIF_IP:EPCS_TXDATA[26]
  Delay (ns):                  4.349                                                                           
  Slack (ns):                  2.161                                                                           
  Arrival (ns):                11.835                                                                          
  Required (ns):               13.996                                                                          

Path 30
  From:                        CORETSE_AHB_0/CoreTSE_top_inst/CORETSE_AHBio0.CORETSE_AHBOi0/CORETSE_AHBIoi0/CORETSE_AHBiI11/CORETSE_AHBlI1II[4]:CLK
  To:                          CORETSE_AHB_0/CoreTSE_top_inst/CORETSE_AHBio0.CORETSE_AHBOi0/CORETSE_AHBIoi0/CORETSE_AHBol11/CORETSE_AHBioIOI[14]:D
  Delay (ns):                  2.251                                                                           
  Slack (ns):                  2.224                                                                           
  Arrival (ns):                9.695                                                                           
  Required (ns):               11.919                                                                          

Path 31
  From:                        CORETSE_AHB_0/CoreTSE_top_inst/CORETSE_AHBio0.CORETSE_AHBOi0/CORETSE_AHBIoi0/CORETSE_AHBiI11/CORETSE_AHBlI1II[2]:CLK
  To:                          CORETSE_AHB_0/CoreTSE_top_inst/CORETSE_AHBio0.CORETSE_AHBOi0/CORETSE_AHBIoi0/CORETSE_AHBol11/CORETSE_AHBooIOI[2]:D
  Delay (ns):                  2.224                                                                           
  Slack (ns):                  2.244                                                                           
  Arrival (ns):                9.668                                                                           
  Required (ns):               11.912                                                                          

Path 32
  From:                        CORETSE_AHB_0/CoreTSE_top_inst/CORETSE_AHBio0.CORETSE_AHBOi0/CORETSE_AHBOoi0/CORETSE_AHBI0i0[3]:CLK
  To:                          CORETSE_AHB_0/CoreTSE_top_inst/CORETSE_AHBio0.CORETSE_AHBOi0/CORETSE_AHBIoi0/CORETSE_AHBol11/CORETSE_AHBioIOI[13]:D
  Delay (ns):                  2.209                                                                           
  Slack (ns):                  2.252                                                                           
  Arrival (ns):                9.658                                                                           
  Required (ns):               11.910                                                                          

Path 33
  From:                        CORETSE_AHB_0/CoreTSE_top_inst/CORETSE_AHBio0.CORETSE_AHBOi0/CORETSE_AHBIoi0/CORETSE_AHBiI11/CORETSE_AHBlI1II[9]:CLK
  To:                          CORETSE_AHB_0/CoreTSE_top_inst/CORETSE_AHBio0.CORETSE_AHBOi0/CORETSE_AHBIoi0/CORETSE_AHBol11/CORETSE_AHBioIOI[19]:D
  Delay (ns):                  2.160                                                                           
  Slack (ns):                  2.293                                                                           
  Arrival (ns):                9.617                                                                           
  Required (ns):               11.910                                                                          

Path 34
  From:                        CORETSE_AHB_0/CoreTSE_top_inst/CORETSE_AHBio0.CORETSE_AHBOi0/CORETSE_AHBOoi0/CORETSE_AHBI0i0[2]:CLK
  To:                          CORETSE_AHB_0/CoreTSE_top_inst/CORETSE_AHBio0.CORETSE_AHBOi0/CORETSE_AHBIoi0/CORETSE_AHBol11/CORETSE_AHBioIOI[12]:D
  Delay (ns):                  2.153                                                                           
  Slack (ns):                  2.304                                                                           
  Arrival (ns):                9.609                                                                           
  Required (ns):               11.913                                                                          

Path 35
  From:                        CORETSE_AHB_0/CoreTSE_top_inst/CORETSE_AHBio0.CORETSE_AHBOi0/CORETSE_AHBIoi0/CORETSE_AHBiI11/CORETSE_AHBlI1II[3]:CLK
  To:                          CORETSE_AHB_0/CoreTSE_top_inst/CORETSE_AHBio0.CORETSE_AHBOi0/CORETSE_AHBIoi0/CORETSE_AHBol11/CORETSE_AHBooIOI[3]:D
  Delay (ns):                  2.015                                                                           
  Slack (ns):                  2.452                                                                           
  Arrival (ns):                9.459                                                                           
  Required (ns):               11.911                                                                          

Path 36
  From:                        CORETSE_AHB_0/CoreTSE_top_inst/CORETSE_AHBio0.CORETSE_AHBOi0/CORETSE_AHBIoi0/CORETSE_AHBiI11/CORETSE_AHBlI1II[2]:CLK
  To:                          CORETSE_AHB_0/CoreTSE_top_inst/CORETSE_AHBio0.CORETSE_AHBOi0/CORETSE_AHBIoi0/CORETSE_AHBol11/CORETSE_AHBioIOI[12]:D
  Delay (ns):                  1.992                                                                           
  Slack (ns):                  2.477                                                                           
  Arrival (ns):                9.436                                                                           
  Required (ns):               11.913                                                                          

Path 37
  From:                        CORETSE_AHB_0/CoreTSE_top_inst/CORETSE_AHBio0.CORETSE_AHBOi0/CORETSE_AHBIoi0/CORETSE_AHBiI11/CORETSE_AHBlI1II[5]:CLK
  To:                          CORETSE_AHB_0/CoreTSE_top_inst/CORETSE_AHBio0.CORETSE_AHBOi0/CORETSE_AHBIoi0/CORETSE_AHBol11/CORETSE_AHBooIOI[5]:D
  Delay (ns):                  1.972                                                                           
  Slack (ns):                  2.504                                                                           
  Arrival (ns):                9.416                                                                           
  Required (ns):               11.920                                                                          

Path 38
  From:                        CORETSE_AHB_0/CoreTSE_top_inst/CORETSE_AHBio0.CORETSE_AHBOi0/CORETSE_AHBIoi0/CORETSE_AHBiI11/CORETSE_AHBlI1II[9]:CLK
  To:                          CORETSE_AHB_0/CoreTSE_top_inst/CORETSE_AHBio0.CORETSE_AHBOi0/CORETSE_AHBIoi0/CORETSE_AHBol11/CORETSE_AHBooIOI[9]:D
  Delay (ns):                  1.929                                                                           
  Slack (ns):                  2.534                                                                           
  Arrival (ns):                9.386                                                                           
  Required (ns):               11.920                                                                          

Path 39
  From:                        CORETSE_AHB_0/CoreTSE_top_inst/CORETSE_AHBio0.CORETSE_AHBOi0/CORETSE_AHBOoi0/CORETSE_AHBl0i0:CLK
  To:                          CORETSE_AHB_0/CoreTSE_top_inst/CORETSE_AHBio0.CORETSE_AHBOi0/CORETSE_AHBIoi0/CORETSE_AHBol11/CORETSE_AHBioIOI[19]:D
  Delay (ns):                  1.924                                                                           
  Slack (ns):                  2.546                                                                           
  Arrival (ns):                9.364                                                                           
  Required (ns):               11.910                                                                          

Path 40
  From:                        CORETSE_AHB_0/CoreTSE_top_inst/CORETSE_AHBio0.CORETSE_AHBOi0/CORETSE_AHBOoi0/CORETSE_AHBI0i0[1]:CLK
  To:                          CORETSE_AHB_0/CoreTSE_top_inst/CORETSE_AHBio0.CORETSE_AHBOi0/CORETSE_AHBIoi0/CORETSE_AHBol11/CORETSE_AHBioIOI[11]:D
  Delay (ns):                  1.896                                                                           
  Slack (ns):                  2.560                                                                           
  Arrival (ns):                9.353                                                                           
  Required (ns):               11.913                                                                          

Path 41
  From:                        CORETSE_AHB_0/CoreTSE_top_inst/CORETSE_AHBio0.CORETSE_AHBOi0/CORETSE_AHBIoi0/CORETSE_AHBiI11/CORETSE_AHBIi0II[1]:CLK
  To:                          CORETSE_AHB_0/CoreTSE_top_inst/CORETSE_AHBio0.CORETSE_AHBOi0/CORETSE_AHBIoi0/CORETSE_AHBiI11/CORETSE_AHBlO1II[6]:D
  Delay (ns):                  5.041                                                                           
  Slack (ns):                  2.615                                                                           
  Arrival (ns):                12.511                                                                          
  Required (ns):               15.126                                                                          

Path 42
  From:                        CORETSE_AHB_0/CoreTSE_top_inst/CORETSE_AHBio0.CORETSE_AHBOi0/CORETSE_AHBOoi0/CORETSE_AHBI0i0[7]:CLK
  To:                          CORETSE_AHB_0/CoreTSE_top_inst/CORETSE_AHBio0.CORETSE_AHBOi0/CORETSE_AHBIoi0/CORETSE_AHBol11/CORETSE_AHBioIOI[17]:D
  Delay (ns):                  1.801                                                                           
  Slack (ns):                  2.637                                                                           
  Arrival (ns):                9.276                                                                           
  Required (ns):               11.913                                                                          

Path 43
  From:                        CORETSE_AHB_0/CoreTSE_top_inst/CORETSE_AHBio0.CORETSE_AHBOi0/CORETSE_AHBIoi0/CORETSE_AHBiI11/CORETSE_AHBIi0II[0]:CLK
  To:                          CORETSE_AHB_0/CoreTSE_top_inst/CORETSE_AHBio0.CORETSE_AHBOi0/CORETSE_AHBIoi0/CORETSE_AHBiI11/CORETSE_AHBlO1II[6]:D
  Delay (ns):                  5.026                                                                           
  Slack (ns):                  2.651                                                                           
  Arrival (ns):                12.475                                                                          
  Required (ns):               15.126                                                                          

Path 44
  From:                        CORETSE_AHB_0/CoreTSE_top_inst/CORETSE_AHBio0.CORETSE_AHBOi0/CORETSE_AHBOoi0/CORETSE_AHBo110:CLK
  To:                          CORETSE_AHB_0/CoreTSE_top_inst/CORETSE_AHBio0.CORETSE_AHBOi0/CORETSE_AHBIoi0/CORETSE_AHBol11/CORETSE_AHBioIOI[18]:D
  Delay (ns):                  1.765                                                                           
  Slack (ns):                  2.681                                                                           
  Arrival (ns):                9.239                                                                           
  Required (ns):               11.920                                                                          

Path 45
  From:                        CORETSE_AHB_0/CoreTSE_top_inst/CORETSE_AHBio0.CORETSE_AHBOi0/CORETSE_AHBIoi0/CORETSE_AHBiI11/CORETSE_AHBlI1II[3]:CLK
  To:                          CORETSE_AHB_0/CoreTSE_top_inst/CORETSE_AHBio0.CORETSE_AHBOi0/CORETSE_AHBIoi0/CORETSE_AHBol11/CORETSE_AHBioIOI[13]:D
  Delay (ns):                  1.783                                                                           
  Slack (ns):                  2.683                                                                           
  Arrival (ns):                9.227                                                                           
  Required (ns):               11.910                                                                          

Path 46
  From:                        CORETSE_AHB_0/CoreTSE_top_inst/CORETSE_AHBio0.CORETSE_AHBOi0/CORETSE_AHBOoi0/CORETSE_AHBI0i0[1]:CLK
  To:                          CORETSE_AHB_0/CoreTSE_top_inst/CORETSE_AHBio0.CORETSE_AHBOi0/CORETSE_AHBIoi0/CORETSE_AHBol11/CORETSE_AHBooIOI[1]:D
  Delay (ns):                  1.778                                                                           
  Slack (ns):                  2.686                                                                           
  Arrival (ns):                9.235                                                                           
  Required (ns):               11.921                                                                          

Path 47
  From:                        CORETSE_AHB_0/CoreTSE_top_inst/CORETSE_AHBio0.CORETSE_AHBOi0/CORETSE_AHBIoi0/CORETSE_AHBiI11/CORETSE_AHBlI1II[5]:CLK
  To:                          CORETSE_AHB_0/CoreTSE_top_inst/CORETSE_AHBio0.CORETSE_AHBOi0/CORETSE_AHBIoi0/CORETSE_AHBol11/CORETSE_AHBioIOI[15]:D
  Delay (ns):                  1.742                                                                           
  Slack (ns):                  2.733                                                                           
  Arrival (ns):                9.186                                                                           
  Required (ns):               11.919                                                                          

Path 48
  From:                        CORETSE_AHB_0/CoreTSE_top_inst/CORETSE_AHBio0.CORETSE_AHBOi0/CORETSE_AHBOoi0/CORETSE_AHBI0i0[0]:CLK
  To:                          CORETSE_AHB_0/CoreTSE_top_inst/CORETSE_AHBio0.CORETSE_AHBOi0/CORETSE_AHBIoi0/CORETSE_AHBol11/CORETSE_AHBioIOI[10]:D
  Delay (ns):                  1.692                                                                           
  Slack (ns):                  2.745                                                                           
  Arrival (ns):                9.178                                                                           
  Required (ns):               11.923                                                                          

Path 49
  From:                        CORETSE_AHB_0/CoreTSE_top_inst/CORETSE_AHBio0.CORETSE_AHBOi0/CORETSE_AHBIoi0/CORETSE_AHBiI11/CORETSE_AHBlI1II[7]:CLK
  To:                          CORETSE_AHB_0/CoreTSE_top_inst/CORETSE_AHBio0.CORETSE_AHBOi0/CORETSE_AHBIoi0/CORETSE_AHBol11/CORETSE_AHBioIOI[17]:D
  Delay (ns):                  1.668                                                                           
  Slack (ns):                  2.771                                                                           
  Arrival (ns):                9.142                                                                           
  Required (ns):               11.913                                                                          

Path 50
  From:                        CORETSE_AHB_0/CoreTSE_top_inst/CORETSE_AHBio0.CORETSE_AHBOi0/CORETSE_AHBOoi0/CORETSE_AHBl0i0:CLK
  To:                          CORETSE_AHB_0/CoreTSE_top_inst/CORETSE_AHBio0.CORETSE_AHBOi0/CORETSE_AHBIoi0/CORETSE_AHBol11/CORETSE_AHBooIOI[9]:D
  Delay (ns):                  1.693                                                                           
  Slack (ns):                  2.787                                                                           
  Arrival (ns):                9.133                                                                           
  Required (ns):               11.920                                                                          

Path 51
  From:                        CORETSE_AHB_0/CoreTSE_top_inst/CORETSE_AHBio0.CORETSE_AHBOi0/CORETSE_AHBIoi0/CORETSE_AHBiI11/CORETSE_AHBlI1II[0]:CLK
  To:                          CORETSE_AHB_0/CoreTSE_top_inst/CORETSE_AHBio0.CORETSE_AHBOi0/CORETSE_AHBIoi0/CORETSE_AHBol11/CORETSE_AHBioIOI[10]:D
  Delay (ns):                  1.641                                                                           
  Slack (ns):                  2.796                                                                           
  Arrival (ns):                9.127                                                                           
  Required (ns):               11.923                                                                          

Path 52
  From:                        CORETSE_AHB_0/CoreTSE_top_inst/CORETSE_AHBio0.CORETSE_AHBOi0/CORETSE_AHBIoi0/CORETSE_AHBiI11/CORETSE_AHBlI1II[8]:CLK
  To:                          CORETSE_AHB_0/CoreTSE_top_inst/CORETSE_AHBio0.CORETSE_AHBOi0/CORETSE_AHBIoi0/CORETSE_AHBol11/CORETSE_AHBioIOI[18]:D
  Delay (ns):                  1.627                                                                           
  Slack (ns):                  2.807                                                                           
  Arrival (ns):                9.113                                                                           
  Required (ns):               11.920                                                                          

Path 53
  From:                        CORETSE_AHB_0/CoreTSE_top_inst/CORETSE_AHBio0.CORETSE_AHBOi0/CORETSE_AHBOoi0/CORETSE_AHBI0i0[7]:CLK
  To:                          CORETSE_AHB_0/CoreTSE_top_inst/CORETSE_AHBio0.CORETSE_AHBOi0/CORETSE_AHBIoi0/CORETSE_AHBol11/CORETSE_AHBooIOI[7]:D
  Delay (ns):                  1.572                                                                           
  Slack (ns):                  2.865                                                                           
  Arrival (ns):                9.047                                                                           
  Required (ns):               11.912                                                                          

Path 54
  From:                        CORETSE_AHB_0/CoreTSE_top_inst/CORETSE_AHBio0.CORETSE_AHBOi0/CORETSE_AHBOoi0/CORETSE_AHBI0i0[6]:CLK
  To:                          CORETSE_AHB_0/CoreTSE_top_inst/CORETSE_AHBio0.CORETSE_AHBOi0/CORETSE_AHBIoi0/CORETSE_AHBol11/CORETSE_AHBioIOI[16]:D
  Delay (ns):                  1.561                                                                           
  Slack (ns):                  2.873                                                                           
  Arrival (ns):                9.047                                                                           
  Required (ns):               11.920                                                                          

Path 55
  From:                        CORETSE_AHB_0/CoreTSE_top_inst/CORETSE_AHBio0.CORETSE_AHBOi0/CORETSE_AHBIoi0/CORETSE_AHBiI11/CORETSE_AHBlI1II[6]:CLK
  To:                          CORETSE_AHB_0/CoreTSE_top_inst/CORETSE_AHBio0.CORETSE_AHBOi0/CORETSE_AHBIoi0/CORETSE_AHBol11/CORETSE_AHBioIOI[16]:D
  Delay (ns):                  1.549                                                                           
  Slack (ns):                  2.885                                                                           
  Arrival (ns):                9.035                                                                           
  Required (ns):               11.920                                                                          

Path 56
  From:                        CORETSE_AHB_0/CoreTSE_top_inst/CORETSE_AHBio0.CORETSE_AHBOi0/CORETSE_AHBIoi0/CORETSE_AHBiI11/CORETSE_AHBIi0II[2]:CLK
  To:                          CORETSE_AHB_0/CoreTSE_top_inst/CORETSE_AHBio0.CORETSE_AHBOi0/CORETSE_AHBIoi0/CORETSE_AHBiI11/CORETSE_AHBlO1II[6]:D
  Delay (ns):                  4.776                                                                           
  Slack (ns):                  2.901                                                                           
  Arrival (ns):                12.225                                                                          
  Required (ns):               15.126                                                                          

Path 57
  From:                        CORETSE_AHB_0/CoreTSE_top_inst/CORETSE_AHBio0.CORETSE_AHBOi0/CORETSE_AHBOoi0/CORETSE_AHBo110:CLK
  To:                          CORETSE_AHB_0/CoreTSE_top_inst/CORETSE_AHBio0.CORETSE_AHBOi0/CORETSE_AHBIoi0/CORETSE_AHBol11/CORETSE_AHBooIOI[8]:D
  Delay (ns):                  1.537                                                                           
  Slack (ns):                  2.910                                                                           
  Arrival (ns):                9.011                                                                           
  Required (ns):               11.921                                                                          

Path 58
  From:                        CORETSE_AHB_0/CoreTSE_top_inst/CORETSE_AHBio0.CORETSE_AHBOi0/CORETSE_AHBIoi0/CORETSE_AHBiI11/CORETSE_AHBlI1II[1]:CLK
  To:                          CORETSE_AHB_0/CoreTSE_top_inst/CORETSE_AHBio0.CORETSE_AHBOi0/CORETSE_AHBIoi0/CORETSE_AHBol11/CORETSE_AHBioIOI[11]:D
  Delay (ns):                  1.513                                                                           
  Slack (ns):                  2.914                                                                           
  Arrival (ns):                8.999                                                                           
  Required (ns):               11.913                                                                          

Path 59
  From:                        CORETSE_AHB_0/CoreTSE_top_inst/CORETSE_AHBio0.CORETSE_AHBOi0/CORETSE_AHBOoi0/CORETSE_AHBI0i0[0]:CLK
  To:                          CORETSE_AHB_0/CoreTSE_top_inst/CORETSE_AHBio0.CORETSE_AHBOi0/CORETSE_AHBIoi0/CORETSE_AHBol11/CORETSE_AHBooIOI[0]:D
  Delay (ns):                  1.462                                                                           
  Slack (ns):                  2.971                                                                           
  Arrival (ns):                8.948                                                                           
  Required (ns):               11.919                                                                          

Path 60
  From:                        CORETSE_AHB_0/CoreTSE_top_inst/CORETSE_AHBio0.CORETSE_AHBOi0/CORETSE_AHBIoi0/CORETSE_AHBiI11/CORETSE_AHBlI1II[7]:CLK
  To:                          CORETSE_AHB_0/CoreTSE_top_inst/CORETSE_AHBio0.CORETSE_AHBOi0/CORETSE_AHBIoi0/CORETSE_AHBol11/CORETSE_AHBooIOI[7]:D
  Delay (ns):                  1.439                                                                           
  Slack (ns):                  2.999                                                                           
  Arrival (ns):                8.913                                                                           
  Required (ns):               11.912                                                                          

Path 61
  From:                        CORETSE_AHB_0/CoreTSE_top_inst/CORETSE_AHBio0.CORETSE_AHBOi0/CORETSE_AHBIoi0/CORETSE_AHBiI11/CORETSE_AHBlI1II[0]:CLK
  To:                          CORETSE_AHB_0/CoreTSE_top_inst/CORETSE_AHBio0.CORETSE_AHBOi0/CORETSE_AHBIoi0/CORETSE_AHBol11/CORETSE_AHBooIOI[0]:D
  Delay (ns):                  1.411                                                                           
  Slack (ns):                  3.022                                                                           
  Arrival (ns):                8.897                                                                           
  Required (ns):               11.919                                                                          

Path 62
  From:                        CORETSE_AHB_0/CoreTSE_top_inst/CORETSE_AHBio0.CORETSE_AHBOi0/CORETSE_AHBIoi0/CORETSE_AHBiI11/CORETSE_AHBiio[0]:CLK
  To:                          CORETSE_AHB_0/CoreTSE_top_inst/CORETSE_AHBio0.CORETSE_AHBOi0/CORETSE_AHBIoi0/CORETSE_AHBiI11/CORETSE_AHBlO1II[9]:D
  Delay (ns):                  4.599                                                                           
  Slack (ns):                  3.031                                                                           
  Arrival (ns):                12.087                                                                          
  Required (ns):               15.118                                                                          

Path 63
  From:                        CORETSE_AHB_0/CoreTSE_top_inst/CORETSE_AHBio0.CORETSE_AHBOi0/CORETSE_AHBIoi0/CORETSE_AHBiI11/CORETSE_AHBiio[0]:CLK
  To:                          CORETSE_AHB_0/CoreTSE_top_inst/CORETSE_AHBio0.CORETSE_AHBOi0/CORETSE_AHBIoi0/CORETSE_AHBiI11/CORETSE_AHBlO1II[8]:D
  Delay (ns):                  4.594                                                                           
  Slack (ns):                  3.036                                                                           
  Arrival (ns):                12.082                                                                          
  Required (ns):               15.118                                                                          

Path 64
  From:                        CORETSE_AHB_0/CoreTSE_top_inst/CORETSE_AHBio0.CORETSE_AHBOi0/CORETSE_AHBIoi0/CORETSE_AHBiI11/CORETSE_AHBlI1II[8]:CLK
  To:                          CORETSE_AHB_0/CoreTSE_top_inst/CORETSE_AHBio0.CORETSE_AHBOi0/CORETSE_AHBIoi0/CORETSE_AHBol11/CORETSE_AHBooIOI[8]:D
  Delay (ns):                  1.399                                                                           
  Slack (ns):                  3.036                                                                           
  Arrival (ns):                8.885                                                                           
  Required (ns):               11.921                                                                          

Path 65
  From:                        CORETSE_AHB_0/CoreTSE_top_inst/CORETSE_AHBio0.CORETSE_AHBOi0/CORETSE_AHBIoi0/CORETSE_AHBiI11/CORETSE_AHBlI1II[1]:CLK
  To:                          CORETSE_AHB_0/CoreTSE_top_inst/CORETSE_AHBio0.CORETSE_AHBOi0/CORETSE_AHBIoi0/CORETSE_AHBol11/CORETSE_AHBooIOI[1]:D
  Delay (ns):                  1.395                                                                           
  Slack (ns):                  3.040                                                                           
  Arrival (ns):                8.881                                                                           
  Required (ns):               11.921                                                                          

Path 66
  From:                        CORETSE_AHB_0/CoreTSE_top_inst/CORETSE_AHBio0.CORETSE_AHBOi0/CORETSE_AHBIoi0/CORETSE_AHBiI11/CORETSE_AHBiio[1]:CLK
  To:                          CORETSE_AHB_0/CoreTSE_top_inst/CORETSE_AHBio0.CORETSE_AHBOi0/CORETSE_AHBIoi0/CORETSE_AHBiI11/CORETSE_AHBlO1II[9]:D
  Delay (ns):                  4.576                                                                           
  Slack (ns):                  3.066                                                                           
  Arrival (ns):                12.052                                                                          
  Required (ns):               15.118                                                                          

Path 67
  From:                        CORETSE_AHB_0/CoreTSE_top_inst/CORETSE_AHBio0.CORETSE_AHBOi0/CORETSE_AHBIoi0/CORETSE_AHBiI11/CORETSE_AHBiio[1]:CLK
  To:                          CORETSE_AHB_0/CoreTSE_top_inst/CORETSE_AHBio0.CORETSE_AHBOi0/CORETSE_AHBIoi0/CORETSE_AHBiI11/CORETSE_AHBlO1II[8]:D
  Delay (ns):                  4.571                                                                           
  Slack (ns):                  3.071                                                                           
  Arrival (ns):                12.047                                                                          
  Required (ns):               15.118                                                                          

Path 68
  From:                        CORETSE_AHB_0/CoreTSE_top_inst/CORETSE_AHBio0.CORETSE_AHBOi0/CORETSE_AHBIoi0/CORETSE_AHBiI11/CORETSE_AHBiio[4]:CLK
  To:                          CORETSE_AHB_0/CoreTSE_top_inst/CORETSE_AHBio0.CORETSE_AHBOi0/CORETSE_AHBIoi0/CORETSE_AHBiI11/CORETSE_AHBlO1II[9]:D
  Delay (ns):                  4.550                                                                           
  Slack (ns):                  3.079                                                                           
  Arrival (ns):                12.039                                                                          
  Required (ns):               15.118                                                                          

Path 69
  From:                        CORETSE_AHB_0/CoreTSE_top_inst/CORETSE_AHBio0.CORETSE_AHBOi0/CORETSE_AHBIoi0/CORETSE_AHBiI11/CORETSE_AHBiio[4]:CLK
  To:                          CORETSE_AHB_0/CoreTSE_top_inst/CORETSE_AHBio0.CORETSE_AHBOi0/CORETSE_AHBIoi0/CORETSE_AHBiI11/CORETSE_AHBlO1II[8]:D
  Delay (ns):                  4.545                                                                           
  Slack (ns):                  3.084                                                                           
  Arrival (ns):                12.034                                                                          
  Required (ns):               15.118                                                                          

Path 70
  From:                        CORETSE_AHB_0/CoreTSE_top_inst/CORETSE_AHBio0.CORETSE_AHBOi0/CORETSE_AHBOoi0/CORETSE_AHBI0i0[6]:CLK
  To:                          CORETSE_AHB_0/CoreTSE_top_inst/CORETSE_AHBio0.CORETSE_AHBOi0/CORETSE_AHBIoi0/CORETSE_AHBol11/CORETSE_AHBooIOI[6]:D
  Delay (ns):                  1.331                                                                           
  Slack (ns):                  3.095                                                                           
  Arrival (ns):                8.817                                                                           
  Required (ns):               11.912                                                                          

Path 71
  From:                        CORETSE_AHB_0/CoreTSE_top_inst/CORETSE_AHBio0.CORETSE_AHBOi0/CORETSE_AHBIoi0/CORETSE_AHBiI11/CORETSE_AHBlI1II[6]:CLK
  To:                          CORETSE_AHB_0/CoreTSE_top_inst/CORETSE_AHBio0.CORETSE_AHBOi0/CORETSE_AHBIoi0/CORETSE_AHBol11/CORETSE_AHBooIOI[6]:D
  Delay (ns):                  1.319                                                                           
  Slack (ns):                  3.107                                                                           
  Arrival (ns):                8.805                                                                           
  Required (ns):               11.912                                                                          

Path 72
  From:                        CORETSE_AHB_0/CoreTSE_top_inst/CORETSE_AHBio0.CORETSE_AHBOi0/CORETSE_AHBIoi0/CORETSE_AHBiI11/CORETSE_AHBiio[2]:CLK
  To:                          CORETSE_AHB_0/CoreTSE_top_inst/CORETSE_AHBio0.CORETSE_AHBOi0/CORETSE_AHBIoi0/CORETSE_AHBiI11/CORETSE_AHBlO1II[9]:D
  Delay (ns):                  4.497                                                                           
  Slack (ns):                  3.137                                                                           
  Arrival (ns):                11.981                                                                          
  Required (ns):               15.118                                                                          

Path 73
  From:                        CORETSE_AHB_0/CoreTSE_top_inst/CORETSE_AHBio0.CORETSE_AHBOi0/CORETSE_AHBIoi0/CORETSE_AHBiI11/CORETSE_AHBiio[5]:CLK
  To:                          CORETSE_AHB_0/CoreTSE_top_inst/CORETSE_AHBio0.CORETSE_AHBOi0/CORETSE_AHBIoi0/CORETSE_AHBiI11/CORETSE_AHBlO1II[6]:D
  Delay (ns):                  4.523                                                                           
  Slack (ns):                  3.140                                                                           
  Arrival (ns):                11.986                                                                          
  Required (ns):               15.126                                                                          

Path 74
  From:                        CORETSE_AHB_0/CoreTSE_top_inst/CORETSE_AHBio0.CORETSE_AHBOi0/CORETSE_AHBIoi0/CORETSE_AHBiI11/CORETSE_AHBiio[2]:CLK
  To:                          CORETSE_AHB_0/CoreTSE_top_inst/CORETSE_AHBio0.CORETSE_AHBOi0/CORETSE_AHBIoi0/CORETSE_AHBiI11/CORETSE_AHBlO1II[8]:D
  Delay (ns):                  4.492                                                                           
  Slack (ns):                  3.142                                                                           
  Arrival (ns):                11.976                                                                          
  Required (ns):               15.118                                                                          

Path 75
  From:                        CORETSE_AHB_0/CoreTSE_top_inst/CORETSE_AHBio0.CORETSE_AHBOi0/CORETSE_AHBIoi0/CORETSE_AHBiI11/CORETSE_AHBiio[6]:CLK
  To:                          CORETSE_AHB_0/CoreTSE_top_inst/CORETSE_AHBio0.CORETSE_AHBOi0/CORETSE_AHBIoi0/CORETSE_AHBiI11/CORETSE_AHBlO1II[6]:D
  Delay (ns):                  4.434                                                                           
  Slack (ns):                  3.240                                                                           
  Arrival (ns):                11.886                                                                          
  Required (ns):               15.126                                                                          

Path 76
  From:                        CORETSE_AHB_0/CoreTSE_top_inst/CORETSE_AHBio0.CORETSE_AHBOi0/CORETSE_AHBIoi0/CORETSE_AHBiI11/CORETSE_AHBIi0II[1]:CLK
  To:                          CORETSE_AHB_0/CoreTSE_top_inst/CORETSE_AHBio0.CORETSE_AHBOi0/CORETSE_AHBIoi0/CORETSE_AHBiI11/CORETSE_AHBlO1II[7]:D
  Delay (ns):                  4.326                                                                           
  Slack (ns):                  3.322                                                                           
  Arrival (ns):                11.796                                                                          
  Required (ns):               15.118                                                                          

Path 77
  From:                        CORETSE_AHB_0/CoreTSE_top_inst/CORETSE_AHBio0.CORETSE_AHBOi0/CORETSE_AHBIoi0/CORETSE_AHBiI11/CORETSE_AHBiio[0]:CLK
  To:                          CORETSE_AHB_0/CoreTSE_top_inst/CORETSE_AHBio0.CORETSE_AHBOi0/CORETSE_AHBIoi0/CORETSE_AHBiI11/CORETSE_AHBlO1II[6]:D
  Delay (ns):                  4.290                                                                           
  Slack (ns):                  3.348                                                                           
  Arrival (ns):                11.778                                                                          
  Required (ns):               15.126                                                                          

Path 78
  From:                        CORETSE_AHB_0/CoreTSE_top_inst/CORETSE_AHBio0.CORETSE_AHBOi0/CORETSE_AHBIoi0/CORETSE_AHBiI11/CORETSE_AHBIi0II[0]:CLK
  To:                          CORETSE_AHB_0/CoreTSE_top_inst/CORETSE_AHBio0.CORETSE_AHBOi0/CORETSE_AHBIoi0/CORETSE_AHBiI11/CORETSE_AHBlO1II[7]:D
  Delay (ns):                  4.311                                                                           
  Slack (ns):                  3.358                                                                           
  Arrival (ns):                11.760                                                                          
  Required (ns):               15.118                                                                          

Path 79
  From:                        CORETSE_AHB_0/CoreTSE_top_inst/CORETSE_AHBio0.CORETSE_AHBOi0/CORETSE_AHBIoi0/CORETSE_AHBO011/CORETSE_AHBl1l1[2]:CLK
  To:                          CORETSE_AHB_0/CoreTSE_top_inst/CORETSE_AHBio0.CORETSE_AHBOi0/CORETSE_AHBIoi0/CORETSE_AHBO011/CORETSE_AHBool1[1]:D
  Delay (ns):                  4.293                                                                           
  Slack (ns):                  3.384                                                                           
  Arrival (ns):                11.756                                                                          
  Required (ns):               15.140                                                                          

Path 80
  From:                        CORETSE_AHB_0/CoreTSE_top_inst/CORETSE_AHBio0.CORETSE_AHBOi0/CORETSE_AHBIoi0/CORETSE_AHBiI11/CORETSE_AHBiio[3]:CLK
  To:                          CORETSE_AHB_0/CoreTSE_top_inst/CORETSE_AHBio0.CORETSE_AHBOi0/CORETSE_AHBIoi0/CORETSE_AHBiI11/CORETSE_AHBlO1II[9]:D
  Delay (ns):                  4.229                                                                           
  Slack (ns):                  3.404                                                                           
  Arrival (ns):                11.714                                                                          
  Required (ns):               15.118                                                                          

Path 81
  From:                        CORETSE_AHB_0/CoreTSE_top_inst/CORETSE_AHBio0.CORETSE_AHBOi0/CORETSE_AHBIoi0/CORETSE_AHBiI11/CORETSE_AHBiio[3]:CLK
  To:                          CORETSE_AHB_0/CoreTSE_top_inst/CORETSE_AHBio0.CORETSE_AHBOi0/CORETSE_AHBIoi0/CORETSE_AHBiI11/CORETSE_AHBlO1II[8]:D
  Delay (ns):                  4.224                                                                           
  Slack (ns):                  3.409                                                                           
  Arrival (ns):                11.709                                                                          
  Required (ns):               15.118                                                                          

Path 82
  From:                        CORETSE_AHB_0/CoreTSE_top_inst/CORETSE_AHBio0.CORETSE_AHBOi0/CORETSE_AHBIoi0/CORETSE_AHBiI11/CORETSE_AHBIi0II[1]:CLK
  To:                          CORETSE_AHB_0/CoreTSE_top_inst/CORETSE_AHBio0.CORETSE_AHBOi0/CORETSE_AHBIoi0/CORETSE_AHBiI11/CORETSE_AHBlO1II[9]:D
  Delay (ns):                  4.234                                                                           
  Slack (ns):                  3.414                                                                           
  Arrival (ns):                11.704                                                                          
  Required (ns):               15.118                                                                          

Path 83
  From:                        CORETSE_AHB_0/CoreTSE_top_inst/CORETSE_AHBio0.CORETSE_AHBOi0/CORETSE_AHBIoi0/CORETSE_AHBiI11/CORETSE_AHBIi0II[1]:CLK
  To:                          CORETSE_AHB_0/CoreTSE_top_inst/CORETSE_AHBio0.CORETSE_AHBOi0/CORETSE_AHBIoi0/CORETSE_AHBiI11/CORETSE_AHBlO1II[8]:D
  Delay (ns):                  4.229                                                                           
  Slack (ns):                  3.419                                                                           
  Arrival (ns):                11.699                                                                          
  Required (ns):               15.118                                                                          

Path 84
  From:                        CORETSE_AHB_0/CoreTSE_top_inst/CORETSE_AHBio0.CORETSE_AHBOi0/CORETSE_AHBIoi0/CORETSE_AHBiI11/CORETSE_AHBOO1II:CLK
  To:                          CORETSE_AHB_0/CoreTSE_top_inst/CORETSE_AHBio0.CORETSE_AHBOi0/CORETSE_AHBIoi0/CORETSE_AHBiI11/CORETSE_AHBlO1II[6]:D
  Delay (ns):                  4.264                                                                           
  Slack (ns):                  3.422                                                                           
  Arrival (ns):                11.704                                                                          
  Required (ns):               15.126                                                                          

Path 85
  From:                        CORETSE_AHB_0/CoreTSE_top_inst/CORETSE_AHBio0.CORETSE_AHBOi0/CORETSE_AHBIoi0/CORETSE_AHBO011/CORETSE_AHBioO1[1]:CLK
  To:                          CORETSE_AHB_0/CoreTSE_top_inst/CORETSE_AHBio0.CORETSE_AHBOi0/CORETSE_AHBIoi0/CORETSE_AHBil11/CORETSE_AHBoIoi[1]:D
  Delay (ns):                  1.000                                                                           
  Slack (ns):                  3.435                                                                           
  Arrival (ns):                8.456                                                                           
  Required (ns):               11.891                                                                          

Path 86
  From:                        CORETSE_AHB_0/CoreTSE_top_inst/CORETSE_AHBio0.CORETSE_AHBOi0/CORETSE_AHBIoi0/CORETSE_AHBiI11/CORETSE_AHBiio[0]:CLK
  To:                          CORETSE_AHB_0/CoreTSE_top_inst/CORETSE_AHBio0.CORETSE_AHBOi0/CORETSE_AHBIoi0/CORETSE_AHBiI11/CORETSE_AHBlO1II[7]:D
  Delay (ns):                  4.156                                                                           
  Slack (ns):                  3.474                                                                           
  Arrival (ns):                11.644                                                                          
  Required (ns):               15.118                                                                          

Path 87
  From:                        CORETSE_AHB_0/CoreTSE_top_inst/CORETSE_AHBio0.CORETSE_AHBOi0/CORETSE_AHBIoi0/CORETSE_AHBiI11/CORETSE_AHBIi0II[0]:CLK
  To:                          CORETSE_AHB_0/CoreTSE_top_inst/CORETSE_AHBio0.CORETSE_AHBOi0/CORETSE_AHBIoi0/CORETSE_AHBiI11/CORETSE_AHBlO1II[8]:D
  Delay (ns):                  4.177                                                                           
  Slack (ns):                  3.492                                                                           
  Arrival (ns):                11.626                                                                          
  Required (ns):               15.118                                                                          

Path 88
  From:                        CORETSE_AHB_0/CoreTSE_top_inst/CORETSE_AHBio0.CORETSE_AHBOi0/CORETSE_AHBIoi0/CORETSE_AHBiI11/CORETSE_AHBiio[4]:CLK
  To:                          CORETSE_AHB_0/CoreTSE_top_inst/CORETSE_AHBio0.CORETSE_AHBOi0/CORETSE_AHBIoi0/CORETSE_AHBiI11/CORETSE_AHBlO1II[6]:D
  Delay (ns):                  4.144                                                                           
  Slack (ns):                  3.493                                                                           
  Arrival (ns):                11.633                                                                          
  Required (ns):               15.126                                                                          

Path 89
  From:                        CORETSE_AHB_0/CoreTSE_top_inst/CORETSE_AHBio0.CORETSE_AHBOi0/CORETSE_AHBIoi0/CORETSE_AHBiI11/CORETSE_AHBIi0II[0]:CLK
  To:                          CORETSE_AHB_0/CoreTSE_top_inst/CORETSE_AHBio0.CORETSE_AHBOi0/CORETSE_AHBIoi0/CORETSE_AHBiI11/CORETSE_AHBlO1II[9]:D
  Delay (ns):                  4.170                                                                           
  Slack (ns):                  3.499                                                                           
  Arrival (ns):                11.619                                                                          
  Required (ns):               15.118                                                                          

Path 90
  From:                        CORETSE_AHB_0/CoreTSE_top_inst/CORETSE_AHBio0.CORETSE_AHBOi0/CORETSE_AHBIoi0/CORETSE_AHBiI11/CORETSE_AHBIi0II[3]:CLK
  To:                          CORETSE_AHB_0/CoreTSE_top_inst/CORETSE_AHBio0.CORETSE_AHBOi0/CORETSE_AHBIoi0/CORETSE_AHBiI11/CORETSE_AHBlO1II[9]:D
  Delay (ns):                  4.174                                                                           
  Slack (ns):                  3.504                                                                           
  Arrival (ns):                11.614                                                                          
  Required (ns):               15.118                                                                          

Path 91
  From:                        CORETSE_AHB_0/CoreTSE_top_inst/CORETSE_AHBio0.CORETSE_AHBOi0/CORETSE_AHBIoi0/CORETSE_AHBiI11/CORETSE_AHBiio[1]:CLK
  To:                          CORETSE_AHB_0/CoreTSE_top_inst/CORETSE_AHBio0.CORETSE_AHBOi0/CORETSE_AHBIoi0/CORETSE_AHBiI11/CORETSE_AHBlO1II[7]:D
  Delay (ns):                  4.133                                                                           
  Slack (ns):                  3.509                                                                           
  Arrival (ns):                11.609                                                                          
  Required (ns):               15.118                                                                          

Path 92
  From:                        CORETSE_AHB_0/CoreTSE_top_inst/CORETSE_AHBio0.CORETSE_AHBOi0/CORETSE_AHBIoi0/CORETSE_AHBiI11/CORETSE_AHBIi0II[3]:CLK
  To:                          CORETSE_AHB_0/CoreTSE_top_inst/CORETSE_AHBio0.CORETSE_AHBOi0/CORETSE_AHBIoi0/CORETSE_AHBiI11/CORETSE_AHBlO1II[8]:D
  Delay (ns):                  4.169                                                                           
  Slack (ns):                  3.509                                                                           
  Arrival (ns):                11.609                                                                          
  Required (ns):               15.118                                                                          

Path 93
  From:                        CORETSE_AHB_0/CoreTSE_top_inst/CORETSE_AHBio0.CORETSE_AHBOi0/CORETSE_AHBIoi0/CORETSE_AHBiI11/CORETSE_AHBiio[4]:CLK
  To:                          CORETSE_AHB_0/CoreTSE_top_inst/CORETSE_AHBio0.CORETSE_AHBOi0/CORETSE_AHBIoi0/CORETSE_AHBiI11/CORETSE_AHBlO1II[7]:D
  Delay (ns):                  4.107                                                                           
  Slack (ns):                  3.522                                                                           
  Arrival (ns):                11.596                                                                          
  Required (ns):               15.118                                                                          

Path 94
  From:                        CORETSE_AHB_0/CoreTSE_top_inst/CORETSE_AHBio0.CORETSE_AHBOi0/CORETSE_AHBIoi0/CORETSE_AHBiI11/CORETSE_AHBio0II:CLK
  To:                          CORETSE_AHB_0/CoreTSE_top_inst/CORETSE_AHBio0.CORETSE_AHBOi0/CORETSE_AHBIoi0/CORETSE_AHBiI11/CORETSE_AHBiolII:D
  Delay (ns):                  4.136                                                                           
  Slack (ns):                  3.523                                                                           
  Arrival (ns):                11.607                                                                          
  Required (ns):               15.130                                                                          

Path 95
  From:                        CORETSE_AHB_0/CoreTSE_top_inst/CORETSE_AHBio0.CORETSE_AHBOi0/CORETSE_AHBIoi0/CORETSE_AHBiI11/CORETSE_AHBiio[2]:CLK
  To:                          CORETSE_AHB_0/CoreTSE_top_inst/CORETSE_AHBio0.CORETSE_AHBOi0/CORETSE_AHBIoi0/CORETSE_AHBiI11/CORETSE_AHBlO1II[7]:D
  Delay (ns):                  4.054                                                                           
  Slack (ns):                  3.580                                                                           
  Arrival (ns):                11.538                                                                          
  Required (ns):               15.118                                                                          

Path 96
  From:                        CORETSE_AHB_0/CoreTSE_top_inst/CORETSE_AHBio0.CORETSE_AHBOi0/CORETSE_AHBIoi0/CORETSE_AHBO011/CORETSE_AHBl1l1[6]:CLK
  To:                          CORETSE_AHB_0/CoreTSE_top_inst/CORETSE_AHBio0.CORETSE_AHBOi0/CORETSE_AHBIoi0/CORETSE_AHBO011/CORETSE_AHBo001:D
  Delay (ns):                  4.065                                                                           
  Slack (ns):                  3.589                                                                           
  Arrival (ns):                11.526                                                                          
  Required (ns):               15.115                                                                          

Path 97
  From:                        CORETSE_AHB_0/CoreTSE_top_inst/CORETSE_AHBio0.CORETSE_AHBOi0/CORETSE_AHBIoi0/CORETSE_AHBiI11/CORETSE_AHBiio[3]:CLK
  To:                          CORETSE_AHB_0/CoreTSE_top_inst/CORETSE_AHBio0.CORETSE_AHBOi0/CORETSE_AHBIoi0/CORETSE_AHBiI11/CORETSE_AHBlO1II[6]:D
  Delay (ns):                  4.039                                                                           
  Slack (ns):                  3.602                                                                           
  Arrival (ns):                11.524                                                                          
  Required (ns):               15.126                                                                          

Path 98
  From:                        CORETSE_AHB_0/CoreTSE_top_inst/CORETSE_AHBio0.CORETSE_AHBOi0/CORETSE_AHBIoi0/CORETSE_AHBiI11/CORETSE_AHBIi0II[2]:CLK
  To:                          CORETSE_AHB_0/CoreTSE_top_inst/CORETSE_AHBio0.CORETSE_AHBOi0/CORETSE_AHBIoi0/CORETSE_AHBiI11/CORETSE_AHBlO1II[9]:D
  Delay (ns):                  4.066                                                                           
  Slack (ns):                  3.603                                                                           
  Arrival (ns):                11.515                                                                          
  Required (ns):               15.118                                                                          

Path 99
  From:                        CORETSE_AHB_0/CoreTSE_top_inst/CORETSE_AHBio0.CORETSE_AHBOi0/CORETSE_AHBIoi0/CORETSE_AHBiI11/CORETSE_AHBIi0II[2]:CLK
  To:                          CORETSE_AHB_0/CoreTSE_top_inst/CORETSE_AHBio0.CORETSE_AHBOi0/CORETSE_AHBIoi0/CORETSE_AHBiI11/CORETSE_AHBlO1II[8]:D
  Delay (ns):                  4.061                                                                           
  Slack (ns):                  3.608                                                                           
  Arrival (ns):                11.510                                                                          
  Required (ns):               15.118                                                                          

Path 100
  From:                        CORETSE_AHB_0/CoreTSE_top_inst/CORETSE_AHBio0.CORETSE_AHBOi0/CORETSE_AHBIoi0/CORETSE_AHBiI11/CORETSE_AHBIi0II[2]:CLK
  To:                          CORETSE_AHB_0/CoreTSE_top_inst/CORETSE_AHBio0.CORETSE_AHBOi0/CORETSE_AHBIoi0/CORETSE_AHBiI11/CORETSE_AHBlO1II[7]:D
  Delay (ns):                  4.061                                                                           
  Slack (ns):                  3.608                                                                           
  Arrival (ns):                11.510                                                                          
  Required (ns):               15.118                                                                          

