Timing Violation Report Min Delay Analysis

SmartTime Version 
Microsemi Corporation - Microsemi Libero Software Release  (Version 11.7.0.113)
Date: Mon Jan 11 23:01:04 2016


Design: CoreTSE_Webserver
Family: SmartFusion2
Die: M2S090TS
Package: 484 FBGA
Temperature Range: 0 - 85 C
Voltage Range: 1.14 - 1.26 V
Speed Grade: -1
Design State: Post-Layout
Data source: Production
Min Operating Conditions: BEST - 1.26 V - 0 C
Max Operating Conditions: WORST - 1.14 V - 85 C
Scenario for Timing Analysis: timing_analysis


Path 1
  From:                        CoreConfigP_0/control_reg_1[0]:CLK
  To:                          CoreResetP_0/CONFIG1_DONE_q1:D
  Delay (ns):                  0.296                                                                           
  Slack (ns):                  -1.849                                                                          
  Arrival (ns):                3.480                                                                           
  Required (ns):               5.329                                                                           

Path 2
  From:                        CoreConfigP_0/control_reg_1[1]:CLK
  To:                          CoreResetP_0/CONFIG2_DONE_q1:D
  Delay (ns):                  0.317                                                                           
  Slack (ns):                  -1.833                                                                          
  Arrival (ns):                3.496                                                                           
  Required (ns):               5.329                                                                           

Path 3
  From:                        CoreTSE_Webserver_MSS_0/MSS_ADLIB_INST/INST_MSS_075_IP:CLK_CONFIG_APB
  To:                          CoreConfigP_0/pwdata[2]:D
  Delay (ns):                  3.254                                                                           
  Slack (ns):                  0.009                                                                           
  Arrival (ns):                3.254                                                                           
  Required (ns):               3.245                                                                           

Path 4
  From:                        CoreTSE_Webserver_MSS_0/MSS_ADLIB_INST/INST_MSS_075_IP:CLK_CONFIG_APB
  To:                          CoreConfigP_0/pwdata[30]:D
  Delay (ns):                  3.256                                                                           
  Slack (ns):                  0.011                                                                           
  Arrival (ns):                3.256                                                                           
  Required (ns):               3.245                                                                           

Path 5
  From:                        CoreTSE_Webserver_MSS_0/MSS_ADLIB_INST/INST_MSS_075_IP:CLK_CONFIG_APB
  To:                          CoreConfigP_0/pwdata[24]:D
  Delay (ns):                  3.264                                                                           
  Slack (ns):                  0.018                                                                           
  Arrival (ns):                3.264                                                                           
  Required (ns):               3.246                                                                           

Path 6
  From:                        CoreTSE_Webserver_MSS_0/MSS_ADLIB_INST/INST_MSS_075_IP:CLK_CONFIG_APB
  To:                          CoreConfigP_0/paddr[7]:D
  Delay (ns):                  3.285                                                                           
  Slack (ns):                  0.039                                                                           
  Arrival (ns):                3.285                                                                           
  Required (ns):               3.246                                                                           

Path 7
  From:                        CoreTSE_Webserver_MSS_0/MSS_ADLIB_INST/INST_MSS_075_IP:CLK_CONFIG_APB
  To:                          CoreConfigP_0/paddr[9]:D
  Delay (ns):                  3.277                                                                           
  Slack (ns):                  0.041                                                                           
  Arrival (ns):                3.277                                                                           
  Required (ns):               3.236                                                                           

Path 8
  From:                        CoreTSE_Webserver_MSS_0/MSS_ADLIB_INST/INST_MSS_075_IP:CLK_CONFIG_APB
  To:                          CoreConfigP_0/control_reg_1[0]:EN
  Delay (ns):                  3.275                                                                           
  Slack (ns):                  0.044                                                                           
  Arrival (ns):                3.275                                                                           
  Required (ns):               3.231                                                                           

Path 9
  From:                        CoreTSE_Webserver_MSS_0/MSS_ADLIB_INST/INST_MSS_075_IP:CLK_CONFIG_APB
  To:                          CoreConfigP_0/control_reg_1[1]:EN
  Delay (ns):                  3.276                                                                           
  Slack (ns):                  0.051                                                                           
  Arrival (ns):                3.276                                                                           
  Required (ns):               3.225                                                                           

Path 10
  From:                        SERDES_IF2_0/SERDESIF_INST/INST_SERDESIF_IP:EPCS_RXCLK[1]
  To:                          CORETSE_AHB_0/CoreTSE_top_inst/CORETSE_AHBio0.CORETSE_AHBOi0/CORETSE_AHBIoi0/CORETSE_AHBol11/CORETSE_AHBooIOI[1]:D
  Delay (ns):                  4.784                                                                           
  Slack (ns):                  0.053                                                                           
  Arrival (ns):                4.784                                                                           
  Required (ns):               4.731                                                                           

Path 11
  From:                        SERDES_IF2_0/SERDESIF_INST/INST_SERDESIF_IP:EPCS_RXCLK[1]
  To:                          CORETSE_AHB_0/CoreTSE_top_inst/CORETSE_AHBio0.CORETSE_AHBOi0/CORETSE_AHBIoi0/CORETSE_AHBol11/CORETSE_AHBioIOI[12]:D
  Delay (ns):                  4.802                                                                           
  Slack (ns):                  0.060                                                                           
  Arrival (ns):                4.802                                                                           
  Required (ns):               4.742                                                                           

Path 12
  From:                        CoreTSE_Webserver_MSS_0/MSS_ADLIB_INST/INST_MSS_075_IP:CLK_CONFIG_APB
  To:                          CoreConfigP_0/pwdata[9]:D
  Delay (ns):                  3.300                                                                           
  Slack (ns):                  0.064                                                                           
  Arrival (ns):                3.300                                                                           
  Required (ns):               3.236                                                                           

Path 13
  From:                        CoreTSE_Webserver_MSS_0/MSS_ADLIB_INST/INST_MSS_075_IP:CLK_CONFIG_APB
  To:                          CoreConfigP_0/pwdata[17]:D
  Delay (ns):                  3.303                                                                           
  Slack (ns):                  0.065                                                                           
  Arrival (ns):                3.303                                                                           
  Required (ns):               3.238                                                                           

Path 14
  From:                        CoreTSE_Webserver_MSS_0/MSS_ADLIB_INST/INST_MSS_075_IP:CLK_CONFIG_APB
  To:                          CoreConfigP_0/pwdata[25]:D
  Delay (ns):                  3.314                                                                           
  Slack (ns):                  0.067                                                                           
  Arrival (ns):                3.314                                                                           
  Required (ns):               3.247                                                                           

Path 15
  From:                        CoreTSE_Webserver_MSS_0/MSS_ADLIB_INST/INST_MSS_075_IP:CLK_CONFIG_APB
  To:                          CoreConfigP_0/paddr[15]:D
  Delay (ns):                  3.325                                                                           
  Slack (ns):                  0.085                                                                           
  Arrival (ns):                3.325                                                                           
  Required (ns):               3.240                                                                           

Path 16
  From:                        SERDES_IF2_0/SERDESIF_INST/INST_SERDESIF_IP:EPCS_TXCLK[1]
  To:                          CORETSE_AHB_0/CoreTSE_top_inst/CORETSE_AHBIOI[0]:D
  Delay (ns):                  4.829                                                                           
  Slack (ns):                  0.097                                                                           
  Arrival (ns):                4.829                                                                           
  Required (ns):               4.732                                                                           

Path 17
  From:                        CoreTSE_Webserver_MSS_0/MSS_ADLIB_INST/INST_MSS_075_IP:CLK_CONFIG_APB
  To:                          CoreConfigP_0/paddr[6]:D
  Delay (ns):                  3.343                                                                           
  Slack (ns):                  0.106                                                                           
  Arrival (ns):                3.343                                                                           
  Required (ns):               3.237                                                                           

Path 18
  From:                        CoreTSE_Webserver_MSS_0/MSS_ADLIB_INST/INST_MSS_075_IP:CLK_CONFIG_APB
  To:                          CoreConfigP_0/pwdata[16]:D
  Delay (ns):                  3.352                                                                           
  Slack (ns):                  0.107                                                                           
  Arrival (ns):                3.352                                                                           
  Required (ns):               3.245                                                                           

Path 19
  From:                        CoreTSE_Webserver_MSS_0/MSS_ADLIB_INST/INST_MSS_075_IP:CLK_CONFIG_APB
  To:                          CoreConfigP_0/pwdata[11]:D
  Delay (ns):                  3.361                                                                           
  Slack (ns):                  0.123                                                                           
  Arrival (ns):                3.361                                                                           
  Required (ns):               3.238                                                                           

Path 20
  From:                        CoreTSE_Webserver_MSS_0/MSS_ADLIB_INST/INST_MSS_075_IP:CLK_CONFIG_APB
  To:                          CoreConfigP_0/pwdata[26]:D
  Delay (ns):                  3.362                                                                           
  Slack (ns):                  0.126                                                                           
  Arrival (ns):                3.362                                                                           
  Required (ns):               3.236                                                                           

Path 21
  From:                        CoreTSE_Webserver_MSS_0/MSS_ADLIB_INST/INST_MSS_075_IP:CLK_CONFIG_APB
  To:                          CoreConfigP_0/pwdata[28]:D
  Delay (ns):                  3.375                                                                           
  Slack (ns):                  0.130                                                                           
  Arrival (ns):                3.375                                                                           
  Required (ns):               3.245                                                                           

Path 22
  From:                        CoreTSE_Webserver_MSS_0/MSS_ADLIB_INST/INST_MSS_075_IP:CLK_CONFIG_APB
  To:                          CoreConfigP_0/state[0]:D
  Delay (ns):                  3.369                                                                           
  Slack (ns):                  0.130                                                                           
  Arrival (ns):                3.369                                                                           
  Required (ns):               3.239                                                                           

Path 23
  From:                        CoreTSE_Webserver_MSS_0/MSS_ADLIB_INST/INST_MSS_075_IP:CLK_CONFIG_APB
  To:                          CoreConfigP_0/paddr[14]:D
  Delay (ns):                  3.377                                                                           
  Slack (ns):                  0.138                                                                           
  Arrival (ns):                3.377                                                                           
  Required (ns):               3.239                                                                           

Path 24
  From:                        CoreTSE_Webserver_MSS_0/MSS_ADLIB_INST/INST_MSS_075_IP:CLK_CONFIG_APB
  To:                          CoreConfigP_0/pwdata[15]:D
  Delay (ns):                  3.387                                                                           
  Slack (ns):                  0.141                                                                           
  Arrival (ns):                3.387                                                                           
  Required (ns):               3.246                                                                           

Path 25
  From:                        SERDES_IF2_0/SERDESIF_INST/INST_SERDESIF_IP:EPCS_RXCLK[1]
  To:                          CORETSE_AHB_0/CoreTSE_top_inst/CORETSE_AHBio0.CORETSE_AHBOi0/CORETSE_AHBIoi0/CORETSE_AHBol11/CORETSE_AHBioIOI[15]:D
  Delay (ns):                  4.878                                                                           
  Slack (ns):                  0.141                                                                           
  Arrival (ns):                4.878                                                                           
  Required (ns):               4.737                                                                           

Path 26
  From:                        CoreTSE_Webserver_MSS_0/MSS_ADLIB_INST/INST_MSS_075_IP:CLK_CONFIG_APB
  To:                          CoreConfigP_0/pwdata[23]:D
  Delay (ns):                  3.391                                                                           
  Slack (ns):                  0.144                                                                           
  Arrival (ns):                3.391                                                                           
  Required (ns):               3.247                                                                           

Path 27
  From:                        CoreTSE_Webserver_MSS_0/MSS_ADLIB_INST/INST_MSS_075_IP:CLK_CONFIG_APB
  To:                          CoreConfigP_0/pwdata[4]:D
  Delay (ns):                  3.377                                                                           
  Slack (ns):                  0.144                                                                           
  Arrival (ns):                3.377                                                                           
  Required (ns):               3.233                                                                           

Path 28
  From:                        CoreTSE_Webserver_MSS_0/MSS_ADLIB_INST/INST_MSS_075_IP:CLK_CONFIG_APB
  To:                          CoreConfigP_0/pwdata[5]:D
  Delay (ns):                  3.383                                                                           
  Slack (ns):                  0.144                                                                           
  Arrival (ns):                3.383                                                                           
  Required (ns):               3.239                                                                           

Path 29
  From:                        SERDES_IF2_0/SERDESIF_INST/INST_SERDESIF_IP:EPCS_RXCLK[1]
  To:                          CORETSE_AHB_0/CoreTSE_top_inst/CORETSE_AHBio0.CORETSE_AHBOi0/CORETSE_AHBIoi0/CORETSE_AHBol11/CORETSE_AHBioIOI[18]:D
  Delay (ns):                  4.884                                                                           
  Slack (ns):                  0.145                                                                           
  Arrival (ns):                4.884                                                                           
  Required (ns):               4.739                                                                           

Path 30
  From:                        CoreTSE_Webserver_MSS_0/MSS_ADLIB_INST/INST_MSS_075_IP:CLK_CONFIG_APB
  To:                          CoreConfigP_0/paddr[8]:D
  Delay (ns):                  3.373                                                                           
  Slack (ns):                  0.148                                                                           
  Arrival (ns):                3.373                                                                           
  Required (ns):               3.225                                                                           

Path 31
  From:                        SERDES_IF2_0/SERDESIF_INST/INST_SERDESIF_IP:EPCS_RXCLK[1]
  To:                          CORETSE_AHB_0/CoreTSE_top_inst/CORETSE_AHBio0.CORETSE_AHBOi0/CORETSE_AHBIoi0/CORETSE_AHBol11/CORETSE_AHBooIOI[5]:D
  Delay (ns):                  4.878                                                                           
  Slack (ns):                  0.152                                                                           
  Arrival (ns):                4.878                                                                           
  Required (ns):               4.726                                                                           

Path 32
  From:                        CoreTSE_Webserver_MSS_0/MSS_ADLIB_INST/INST_MSS_075_IP:CLK_CONFIG_APB
  To:                          CoreConfigP_0/pwdata[3]:D
  Delay (ns):                  3.405                                                                           
  Slack (ns):                  0.159                                                                           
  Arrival (ns):                3.405                                                                           
  Required (ns):               3.246                                                                           

Path 33
  From:                        CoreTSE_Webserver_MSS_0/MSS_ADLIB_INST/INST_MSS_075_IP:CLK_CONFIG_APB
  To:                          CoreConfigP_0/pwrite:D
  Delay (ns):                  3.372                                                                           
  Slack (ns):                  0.160                                                                           
  Arrival (ns):                3.372                                                                           
  Required (ns):               3.212                                                                           

Path 34
  From:                        CoreTSE_Webserver_MSS_0/MSS_ADLIB_INST/INST_MSS_075_IP:CLK_CONFIG_APB
  To:                          CoreConfigP_0/FIC_2_APB_M_PRDATA[1]:D
  Delay (ns):                  3.421                                                                           
  Slack (ns):                  0.181                                                                           
  Arrival (ns):                3.421                                                                           
  Required (ns):               3.240                                                                           

Path 35
  From:                        SERDES_IF2_0/SERDESIF_INST/INST_SERDESIF_IP:EPCS_RXCLK[1]
  To:                          CORETSE_AHB_0/CoreTSE_top_inst/CORETSE_AHBio0.CORETSE_AHBOi0/CORETSE_AHBIoi0/CORETSE_AHBol11/CORETSE_AHBioIOI[11]:D
  Delay (ns):                  4.922                                                                           
  Slack (ns):                  0.188                                                                           
  Arrival (ns):                4.922                                                                           
  Required (ns):               4.734                                                                           

Path 36
  From:                        CoreTSE_Webserver_MSS_0/MSS_ADLIB_INST/INST_MSS_075_IP:CLK_CONFIG_APB
  To:                          CoreConfigP_0/paddr[10]:D
  Delay (ns):                  3.428                                                                           
  Slack (ns):                  0.191                                                                           
  Arrival (ns):                3.428                                                                           
  Required (ns):               3.237                                                                           

Path 37
  From:                        CoreTSE_Webserver_MSS_0/MSS_ADLIB_INST/INST_MSS_075_IP:CLK_CONFIG_APB
  To:                          CoreConfigP_0/pwdata[22]:D
  Delay (ns):                  3.427                                                                           
  Slack (ns):                  0.191                                                                           
  Arrival (ns):                3.427                                                                           
  Required (ns):               3.236                                                                           

Path 38
  From:                        CoreTSE_Webserver_MSS_0/MSS_ADLIB_INST/INST_MSS_075_IP:CLK_CONFIG_APB
  To:                          CoreConfigP_0/pwdata[12]:D
  Delay (ns):                  3.437                                                                           
  Slack (ns):                  0.192                                                                           
  Arrival (ns):                3.437                                                                           
  Required (ns):               3.245                                                                           

Path 39
  From:                        SERDES_IF2_0/SERDESIF_INST/INST_SERDESIF_IP:EPCS_RXCLK[1]
  To:                          CORETSE_AHB_0/CoreTSE_top_inst/CORETSE_AHBio0.CORETSE_AHBOi0/CORETSE_AHBIoi0/CORETSE_AHBol11/CORETSE_AHBooIOI[4]:D
  Delay (ns):                  4.929                                                                           
  Slack (ns):                  0.196                                                                           
  Arrival (ns):                4.929                                                                           
  Required (ns):               4.733                                                                           

Path 40
  From:                        CoreTSE_Webserver_MSS_0/MSS_ADLIB_INST/INST_MSS_075_IP:CLK_CONFIG_APB
  To:                          CoreConfigP_0/pwdata[29]:D
  Delay (ns):                  3.446                                                                           
  Slack (ns):                  0.199                                                                           
  Arrival (ns):                3.446                                                                           
  Required (ns):               3.247                                                                           

Path 41
  From:                        SERDES_IF2_0/SERDESIF_INST/INST_SERDESIF_IP:EPCS_RXCLK[1]
  To:                          CORETSE_AHB_0/CoreTSE_top_inst/CORETSE_AHBio0.CORETSE_AHBOi0/CORETSE_AHBIoi0/CORETSE_AHBol11/CORETSE_AHBioIOI[19]:D
  Delay (ns):                  4.934                                                                           
  Slack (ns):                  0.200                                                                           
  Arrival (ns):                4.934                                                                           
  Required (ns):               4.734                                                                           

Path 42
  From:                        SERDES_IF2_0/SERDESIF_INST/INST_SERDESIF_IP:EPCS_RXCLK[1]
  To:                          CORETSE_AHB_0/CoreTSE_top_inst/CORETSE_AHBio0.CORETSE_AHBOi0/CORETSE_AHBIoi0/CORETSE_AHBol11/CORETSE_AHBooIOI[2]:D
  Delay (ns):                  4.940                                                                           
  Slack (ns):                  0.201                                                                           
  Arrival (ns):                4.940                                                                           
  Required (ns):               4.739                                                                           

Path 43
  From:                        CoreTSE_Webserver_MSS_0/MSS_ADLIB_INST/INST_MSS_075_IP:CLK_CONFIG_APB
  To:                          CoreConfigP_0/pwdata[31]:D
  Delay (ns):                  3.456                                                                           
  Slack (ns):                  0.209                                                                           
  Arrival (ns):                3.456                                                                           
  Required (ns):               3.247                                                                           

Path 44
  From:                        CoreTSE_Webserver_MSS_0/MSS_ADLIB_INST/INST_MSS_075_IP:CLK_CONFIG_APB
  To:                          CoreConfigP_0/pwdata[14]:D
  Delay (ns):                  3.445                                                                           
  Slack (ns):                  0.209                                                                           
  Arrival (ns):                3.445                                                                           
  Required (ns):               3.236                                                                           

Path 45
  From:                        CoreTSE_Webserver_MSS_0/MSS_ADLIB_INST/INST_MSS_075_IP:CLK_CONFIG_APB
  To:                          CoreConfigP_0/pwdata[20]:D
  Delay (ns):                  3.443                                                                           
  Slack (ns):                  0.210                                                                           
  Arrival (ns):                3.443                                                                           
  Required (ns):               3.233                                                                           

Path 46
  From:                        CoreTSE_Webserver_MSS_0/MSS_ADLIB_INST/INST_MSS_075_IP:CLK_CONFIG_APB
  To:                          CoreConfigP_0/pwdata[6]:D
  Delay (ns):                  3.454                                                                           
  Slack (ns):                  0.215                                                                           
  Arrival (ns):                3.454                                                                           
  Required (ns):               3.239                                                                           

Path 47
  From:                        CoreTSE_Webserver_MSS_0/MSS_ADLIB_INST/INST_MSS_075_IP:CLK_CONFIG_APB
  To:                          CoreConfigP_0/pwdata[10]:D
  Delay (ns):                  3.453                                                                           
  Slack (ns):                  0.216                                                                           
  Arrival (ns):                3.453                                                                           
  Required (ns):               3.237                                                                           

Path 48
  From:                        CORETSE_AHB_0/CoreTSE_top_inst/CORETSE_AHBilI/CORETSE_AHBoOooI/CORETSE_AHBl1II/CORETSE_AHBiii[11]:CLK
  To:                          CORETSE_AHB_0/CoreTSE_top_inst/CORETSE_AHBilI/CORETSE_AHBoOooI/CORETSE_AHBo1II/CORETSE_AHBilOl[11]:D
  Delay (ns):                  0.280                                                                           
  Slack (ns):                  0.222                                                                           
  Arrival (ns):                9.635                                                                           
  Required (ns):               9.413                                                                           

Path 49
  From:                        CORETSE_AHB_0/CoreTSE_top_inst/CORETSE_AHBio0.CORETSE_AHBOi0/CORETSE_AHBIoi0/CORETSE_AHBil11/CORETSE_AHBl1IOI:CLK
  To:                          CORETSE_AHB_0/CoreTSE_top_inst/CORETSE_AHBio0.CORETSE_AHBOi0/CORETSE_AHBIoi0/CORETSE_AHBil11/CORETSE_AHBo1IOI:D
  Delay (ns):                  0.271                                                                           
  Slack (ns):                  0.223                                                                           
  Arrival (ns):                4.956                                                                           
  Required (ns):               4.733                                                                           

Path 50
  From:                        CORETSE_AHB_0/CoreTSE_top_inst/CORETSE_AHBio0.CORETSE_AHBOi0/CORETSE_AHBIoi0/CORETSE_AHBol11/CORETSE_AHBioIOI[17]:CLK
  To:                          CORETSE_AHB_0/CoreTSE_top_inst/CORETSE_AHBio0.CORETSE_AHBOi0/CORETSE_AHBIoi0/CORETSE_AHBol11/CORETSE_AHBoOlOI[17]:D
  Delay (ns):                  0.279                                                                           
  Slack (ns):                  0.224                                                                           
  Arrival (ns):                4.971                                                                           
  Required (ns):               4.747                                                                           

Path 51
  From:                        CORETSE_AHB_0/CoreTSE_top_inst/CORETSE_AHBilI/CORETSE_AHBoOooI/CORETSE_AHBO1II/CORETSE_AHBO0iI[6]:CLK
  To:                          CORETSE_AHB_0/CoreTSE_top_inst/CORETSE_AHBO10/CORETSE_AHBooOoI_CORETSE_AHBooOoI_0_0/INST_RAM1K18_IP:A_ADDR[7]
  Delay (ns):                  0.479                                                                           
  Slack (ns):                  0.224                                                                           
  Arrival (ns):                9.821                                                                           
  Required (ns):               9.597                                                                           

Path 52
  From:                        CORETSE_AHB_0/CoreTSE_top_inst/CORETSE_AHBilI/CORETSE_AHBoOooI/CORETSE_AHBl1II/CORETSE_AHBiii[6]:CLK
  To:                          CORETSE_AHB_0/CoreTSE_top_inst/CORETSE_AHBilI/CORETSE_AHBoOooI/CORETSE_AHBo1II/CORETSE_AHBilOl[6]:D
  Delay (ns):                  0.283                                                                           
  Slack (ns):                  0.226                                                                           
  Arrival (ns):                9.638                                                                           
  Required (ns):               9.412                                                                           

Path 53
  From:                        CORETSE_AHB_0/CoreTSE_top_inst/CORETSE_AHBio0.CORETSE_AHBOi0/CORETSE_AHBIoi0/CORETSE_AHBiI11/CORETSE_AHBollII[0]:CLK
  To:                          CORETSE_AHB_0/CoreTSE_top_inst/CORETSE_AHBio0.CORETSE_AHBOi0/CORETSE_AHBIoi0/CORETSE_AHBiI11/CORETSE_AHBOI1II[0]:D
  Delay (ns):                  0.276                                                                           
  Slack (ns):                  0.227                                                                           
  Arrival (ns):                5.011                                                                           
  Required (ns):               4.784                                                                           

Path 54
  From:                        CORETSE_AHB_0/CoreTSE_top_inst/CORETSE_AHBio0.CORETSE_AHBOi0/CORETSE_AHBIoi0/CORETSE_AHBO011/CORETSE_AHBi101/CORETSE_AHBlllo:CLK
  To:                          CORETSE_AHB_0/CoreTSE_top_inst/CORETSE_AHBio0.CORETSE_AHBOi0/CORETSE_AHBIoi0/CORETSE_AHBO011/CORETSE_AHBi101/CORETSE_AHBl1I1:D
  Delay (ns):                  0.271                                                                           
  Slack (ns):                  0.228                                                                           
  Arrival (ns):                5.013                                                                           
  Required (ns):               4.785                                                                           

Path 55
  From:                        CORETSE_AHB_0/CoreTSE_top_inst/CORETSE_AHBilI/CORETSE_AHBoOooI/CORETSE_AHBO1II/CORETSE_AHBIoiI:CLK
  To:                          CORETSE_AHB_0/CoreTSE_top_inst/CORETSE_AHBilI/CORETSE_AHBoOooI/CORETSE_AHBO1II/CORETSE_AHBOoiI:D
  Delay (ns):                  0.283                                                                           
  Slack (ns):                  0.228                                                                           
  Arrival (ns):                9.630                                                                           
  Required (ns):               9.402                                                                           

Path 56
  From:                        CORETSE_AHB_0/CoreTSE_top_inst/CORETSE_AHBilI/CORETSE_AHBiOooI/CORETSE_AHBl1Oo/CORETSE_AHBIOlo/CORETSE_AHBi01II[0]:CLK
  To:                          CORETSE_AHB_0/CoreTSE_top_inst/CORETSE_AHBilI/CORETSE_AHBiOooI/CORETSE_AHBl1Oo/CORETSE_AHBIOlo/CORETSE_AHBIOiII[0]:D
  Delay (ns):                  0.280                                                                           
  Slack (ns):                  0.228                                                                           
  Arrival (ns):                9.611                                                                           
  Required (ns):               9.383                                                                           

Path 57
  From:                        CORETSE_AHB_0/CoreTSE_top_inst/CORETSE_AHBilI/CORETSE_AHBoOooI/CORETSE_AHBl1II/CORETSE_AHBl01I:CLK
  To:                          CORETSE_AHB_0/CoreTSE_top_inst/CORETSE_AHBilI/CORETSE_AHBoOooI/CORETSE_AHBl1II/CORETSE_AHBo01I:D
  Delay (ns):                  0.278                                                                           
  Slack (ns):                  0.229                                                                           
  Arrival (ns):                9.620                                                                           
  Required (ns):               9.391                                                                           

Path 58
  From:                        CORETSE_AHB_0/CoreTSE_top_inst/CORETSE_AHBilI/CORETSE_AHBiOooI/CORETSE_AHBooOo/CORETSE_AHBoioo:CLK
  To:                          CORETSE_AHB_0/CoreTSE_top_inst/CORETSE_AHBilI/CORETSE_AHBiOooI/CORETSE_AHBooOo/CORETSE_AHBiioo:D
  Delay (ns):                  0.278                                                                           
  Slack (ns):                  0.229                                                                           
  Arrival (ns):                5.573                                                                           
  Required (ns):               5.344                                                                           

Path 59
  From:                        CORETSE_AHB_0/CoreTSE_top_inst/CORETSE_AHBilI/CORETSE_AHBoOooI/CORETSE_AHBI1II/CORETSE_AHBli0I:CLK
  To:                          CORETSE_AHB_0/CoreTSE_top_inst/CORETSE_AHBilI/CORETSE_AHBoOooI/CORETSE_AHBI1II/CORETSE_AHBoi0I:D
  Delay (ns):                  0.278                                                                           
  Slack (ns):                  0.229                                                                           
  Arrival (ns):                5.563                                                                           
  Required (ns):               5.334                                                                           

Path 60
  From:                        CORETSE_AHB_0/CoreTSE_top_inst/CORETSE_AHBio0.CORETSE_AHBOi0/CORETSE_AHBIoi0/CORETSE_AHBO011/CORETSE_AHBi101/CORETSE_AHBIIlo:CLK
  To:                          CORETSE_AHB_0/CoreTSE_top_inst/CORETSE_AHBio0.CORETSE_AHBOi0/CORETSE_AHBIoi0/CORETSE_AHBO011/CORETSE_AHBi101/CORETSE_AHBl0I1:D
  Delay (ns):                  0.284                                                                           
  Slack (ns):                  0.229                                                                           
  Arrival (ns):                5.005                                                                           
  Required (ns):               4.776                                                                           

Path 61
  From:                        CORETSE_AHB_0/CoreTSE_top_inst/CORETSE_AHBilI/CORETSE_AHBiOooI/CORETSE_AHBl1Oo/CORETSE_AHBIOlo/CORETSE_AHBiioII[0]:CLK
  To:                          CORETSE_AHB_0/CoreTSE_top_inst/CORETSE_AHBilI/CORETSE_AHBiOooI/CORETSE_AHBl1Oo/CORETSE_AHBIOlo/CORETSE_AHBo0IlI[0]:D
  Delay (ns):                  0.278                                                                           
  Slack (ns):                  0.229                                                                           
  Arrival (ns):                9.630                                                                           
  Required (ns):               9.401                                                                           

Path 62
  From:                        CoreResetP_0/sdif0_spll_lock_q1:CLK
  To:                          CoreResetP_0/sdif0_spll_lock_q2:D
  Delay (ns):                  0.278                                                                           
  Slack (ns):                  0.229                                                                           
  Arrival (ns):                5.578                                                                           
  Required (ns):               5.349                                                                           

Path 63
  From:                        CORETSE_AHB_0/CoreTSE_top_inst/CORETSE_AHBilI/CORETSE_AHBoOooI/CORETSE_AHBi0II/CORETSE_AHBo1oI:CLK
  To:                          CORETSE_AHB_0/CoreTSE_top_inst/CORETSE_AHBilI/CORETSE_AHBoOooI/CORETSE_AHBi0II/CORETSE_AHBi1oI:D
  Delay (ns):                  0.271                                                                           
  Slack (ns):                  0.230                                                                           
  Arrival (ns):                5.552                                                                           
  Required (ns):               5.322                                                                           

Path 64
  From:                        CORETSE_AHB_0/CoreTSE_top_inst/CORETSE_AHBilI/CORETSE_AHBiOooI/CORETSE_AHBl1Oo/CORETSE_AHBoOlo/CORETSE_AHBi0lOI:CLK
  To:                          CORETSE_AHB_0/CoreTSE_top_inst/CORETSE_AHBilI/CORETSE_AHBiOooI/CORETSE_AHBl1Oo/CORETSE_AHBoOlo/CORETSE_AHBO1lOI:D
  Delay (ns):                  0.271                                                                           
  Slack (ns):                  0.230                                                                           
  Arrival (ns):                9.606                                                                           
  Required (ns):               9.376                                                                           

Path 65
  From:                        CORETSE_AHB_0/CoreTSE_top_inst/CORETSE_AHBilI/CORETSE_AHBoOooI/CORETSE_AHBI1II/CORETSE_AHBOo0I[0]:CLK
  To:                          CORETSE_AHB_0/CoreTSE_top_inst/CORETSE_AHBilI/CORETSE_AHBoOooI/CORETSE_AHBI1II/CORETSE_AHBOIOI[0]:D
  Delay (ns):                  0.286                                                                           
  Slack (ns):                  0.230                                                                           
  Arrival (ns):                5.566                                                                           
  Required (ns):               5.336                                                                           

Path 66
  From:                        CORETSE_AHB_0/CoreTSE_top_inst/CORETSE_AHBilI/CORETSE_AHBoOooI/CORETSE_AHBi0II/CORETSE_AHBiloI[10]:CLK
  To:                          CORETSE_AHB_0/CoreTSE_top_inst/CORETSE_AHBilI/CORETSE_AHBoOooI/CORETSE_AHBi0II/CORETSE_AHBOoi[10]:D
  Delay (ns):                  0.286                                                                           
  Slack (ns):                  0.230                                                                           
  Arrival (ns):                5.577                                                                           
  Required (ns):               5.347                                                                           

Path 67
  From:                        CORETSE_AHB_0/CoreTSE_top_inst/CORETSE_AHBilI/CORETSE_AHBiOooI/CORETSE_AHBooOo/CORETSE_AHBoIio:CLK
  To:                          CORETSE_AHB_0/CoreTSE_top_inst/CORETSE_AHBilI/CORETSE_AHBiOooI/CORETSE_AHBooOo/CORETSE_AHBiIio:D
  Delay (ns):                  0.287                                                                           
  Slack (ns):                  0.231                                                                           
  Arrival (ns):                5.574                                                                           
  Required (ns):               5.343                                                                           

Path 68
  From:                        CORETSE_AHB_0/CoreTSE_top_inst/CORETSE_AHBilI/CORETSE_AHBoOooI/CORETSE_AHBO1II/CORETSE_AHBO0iI[13]:CLK
  To:                          CORETSE_AHB_0/CoreTSE_top_inst/CORETSE_AHBilI/CORETSE_AHBoOooI/CORETSE_AHBO1II/CORETSE_AHBI0iI[13]:D
  Delay (ns):                  0.279                                                                           
  Slack (ns):                  0.231                                                                           
  Arrival (ns):                9.617                                                                           
  Required (ns):               9.386                                                                           

Path 69
  From:                        CORETSE_AHB_0/CoreTSE_top_inst/CORETSE_AHBilI/CORETSE_AHBoOooI/CORETSE_AHBl1II/CORETSE_AHBoOoI:CLK
  To:                          CORETSE_AHB_0/CoreTSE_top_inst/CORETSE_AHBilI/CORETSE_AHBoOooI/CORETSE_AHBl1II/CORETSE_AHBiOoI:D
  Delay (ns):                  0.280                                                                           
  Slack (ns):                  0.231                                                                           
  Arrival (ns):                9.630                                                                           
  Required (ns):               9.399                                                                           

Path 70
  From:                        CORETSE_AHB_0/CoreTSE_top_inst/CORETSE_AHBio0.CORETSE_AHBOi0/CORETSE_AHBIoi0/CORETSE_AHBO011/CORETSE_AHBi101/CORETSE_AHBl0lo:CLK
  To:                          CORETSE_AHB_0/CoreTSE_top_inst/CORETSE_AHBio0.CORETSE_AHBOi0/CORETSE_AHBIoi0/CORETSE_AHBO011/CORETSE_AHBi101/CORETSE_AHBloI1:D
  Delay (ns):                  0.287                                                                           
  Slack (ns):                  0.231                                                                           
  Arrival (ns):                5.002                                                                           
  Required (ns):               4.771                                                                           

Path 71
  From:                        CORETSE_AHB_0/CoreTSE_top_inst/CORETSE_AHBio0.CORETSE_AHBOi0/CORETSE_AHBIoi0/CORETSE_AHBol11/CORETSE_AHBioIOI[15]:CLK
  To:                          CORETSE_AHB_0/CoreTSE_top_inst/CORETSE_AHBio0.CORETSE_AHBOi0/CORETSE_AHBIoi0/CORETSE_AHBol11/CORETSE_AHBoOlOI[15]:D
  Delay (ns):                  0.279                                                                           
  Slack (ns):                  0.232                                                                           
  Arrival (ns):                4.969                                                                           
  Required (ns):               4.737                                                                           

Path 72
  From:                        CORETSE_AHB_0/CoreTSE_top_inst/CORETSE_AHBilI/CORETSE_AHBoOooI/CORETSE_AHBi0II/CORETSE_AHBOOiI:CLK
  To:                          CORETSE_AHB_0/CoreTSE_top_inst/CORETSE_AHBilI/CORETSE_AHBoOooI/CORETSE_AHBi0II/CORETSE_AHBIOiI:D
  Delay (ns):                  0.274                                                                           
  Slack (ns):                  0.232                                                                           
  Arrival (ns):                5.577                                                                           
  Required (ns):               5.345                                                                           

Path 73
  From:                        CORETSE_AHB_0/CoreTSE_top_inst/CORETSE_AHBilI/CORETSE_AHBiOooI/CORETSE_AHBl1Oo/CORETSE_AHBIOlo/CORETSE_AHBlIIlI[6]:CLK
  To:                          CORETSE_AHB_0/CoreTSE_top_inst/CORETSE_AHBilI/CORETSE_AHBiOooI/CORETSE_AHBl1Oo/CORETSE_AHBIOlo/CORETSE_AHBiIIlI[6]:D
  Delay (ns):                  0.280                                                                           
  Slack (ns):                  0.232                                                                           
  Arrival (ns):                9.631                                                                           
  Required (ns):               9.399                                                                           

Path 74
  From:                        CORETSE_AHB_0/CoreTSE_top_inst/CORETSE_AHBilI/CORETSE_AHBiOooI/CORETSE_AHBl1Oo/CORETSE_AHBIOlo/CORETSE_AHBolIlI[0]:CLK
  To:                          CORETSE_AHB_0/CoreTSE_top_inst/CORETSE_AHBilI/CORETSE_AHBiOooI/CORETSE_AHBl1Oo/CORETSE_AHBIOlo/CORETSE_AHBlioII[0]:D
  Delay (ns):                  0.280                                                                           
  Slack (ns):                  0.232                                                                           
  Arrival (ns):                9.625                                                                           
  Required (ns):               9.393                                                                           

Path 75
  From:                        CORETSE_AHB_0/CoreTSE_top_inst/CORETSE_AHBilI/CORETSE_AHBiOooI/CORETSE_AHBl1Oo/CORETSE_AHBIOlo/CORETSE_AHBlIIlI[1]:CLK
  To:                          CORETSE_AHB_0/CoreTSE_top_inst/CORETSE_AHBilI/CORETSE_AHBiOooI/CORETSE_AHBl1Oo/CORETSE_AHBIOlo/CORETSE_AHBiIIlI[1]:D
  Delay (ns):                  0.286                                                                           
  Slack (ns):                  0.232                                                                           
  Arrival (ns):                9.629                                                                           
  Required (ns):               9.397                                                                           

Path 76
  From:                        CORETSE_AHB_0/CoreTSE_top_inst/CORETSE_AHBilI/CORETSE_AHBoOooI/CORETSE_AHBO1II/CORETSE_AHBoiiI:CLK
  To:                          CORETSE_AHB_0/CoreTSE_top_inst/CORETSE_AHBilI/CORETSE_AHBoOooI/CORETSE_AHBO1II/CORETSE_AHBiiiI:D
  Delay (ns):                  0.289                                                                           
  Slack (ns):                  0.233                                                                           
  Arrival (ns):                9.636                                                                           
  Required (ns):               9.403                                                                           

Path 77
  From:                        CORETSE_AHB_0/CoreTSE_top_inst/CORETSE_AHBilI/CORETSE_AHBoOooI/CORETSE_AHBi0II/CORETSE_AHBiloI[0]:CLK
  To:                          CORETSE_AHB_0/CoreTSE_top_inst/CORETSE_AHBilI/CORETSE_AHBoOooI/CORETSE_AHBi0II/CORETSE_AHBOoi[0]:D
  Delay (ns):                  0.289                                                                           
  Slack (ns):                  0.233                                                                           
  Arrival (ns):                5.580                                                                           
  Required (ns):               5.347                                                                           

Path 78
  From:                        CORETSE_AHB_0/CoreTSE_top_inst/CORETSE_AHBio0.CORETSE_AHBOi0/CORETSE_AHBIoi0/CORETSE_AHBi011/CORETSE_AHBIOlII:CLK
  To:                          CORETSE_AHB_0/CoreTSE_top_inst/CORETSE_AHBio0.CORETSE_AHBOi0/CORETSE_AHBIoi0/CORETSE_AHBi011/CORETSE_AHBlOlII:D
  Delay (ns):                  0.283                                                                           
  Slack (ns):                  0.233                                                                           
  Arrival (ns):                4.959                                                                           
  Required (ns):               4.726                                                                           

Path 79
  From:                        CORETSE_AHB_0/CoreTSE_top_inst/CORETSE_AHBilI/CORETSE_AHBiOooI/CORETSE_AHBl1Oo/CORETSE_AHBoOlo/CORETSE_AHBOolOI:CLK
  To:                          CORETSE_AHB_0/CoreTSE_top_inst/CORETSE_AHBilI/CORETSE_AHBiOooI/CORETSE_AHBl1Oo/CORETSE_AHBoOlo/CORETSE_AHBIOi1:D
  Delay (ns):                  0.287                                                                           
  Slack (ns):                  0.233                                                                           
  Arrival (ns):                9.623                                                                           
  Required (ns):               9.390                                                                           

Path 80
  From:                        CORETSE_AHB_0/CoreTSE_top_inst/CORETSE_AHBilI/CORETSE_AHBiOooI/CORETSE_AHBl1Oo/CORETSE_AHBIOlo/CORETSE_AHBl0IlI[0]:CLK
  To:                          CORETSE_AHB_0/CoreTSE_top_inst/CORETSE_AHBilI/CORETSE_AHBiOooI/CORETSE_AHBl1Oo/CORETSE_AHBIOlo/CORETSE_AHBiioII[0]:D
  Delay (ns):                  0.289                                                                           
  Slack (ns):                  0.233                                                                           
  Arrival (ns):                9.634                                                                           
  Required (ns):               9.401                                                                           

Path 81
  From:                        CORETSE_AHB_0/CoreTSE_top_inst/CORETSE_AHBilI/CORETSE_AHBiOooI/CORETSE_AHBl1Oo/CORETSE_AHBIOlo/CORETSE_AHBOioII[2]:CLK
  To:                          CORETSE_AHB_0/CoreTSE_top_inst/CORETSE_AHBilI/CORETSE_AHBiOooI/CORETSE_AHBl1Oo/CORETSE_AHBIOlo/CORETSE_AHBOIiII[2]:D
  Delay (ns):                  0.280                                                                           
  Slack (ns):                  0.233                                                                           
  Arrival (ns):                9.612                                                                           
  Required (ns):               9.379                                                                           

Path 82
  From:                        CORETSE_AHB_0/CoreTSE_top_inst/CORETSE_AHBio0.CORETSE_AHBOi0/CORETSE_AHBIoi0/CORETSE_AHBol11/CORETSE_AHBioIOI[7]:CLK
  To:                          CORETSE_AHB_0/CoreTSE_top_inst/CORETSE_AHBio0.CORETSE_AHBOi0/CORETSE_AHBIoi0/CORETSE_AHBol11/CORETSE_AHBoOlOI[7]:D
  Delay (ns):                  0.288                                                                           
  Slack (ns):                  0.234                                                                           
  Arrival (ns):                4.980                                                                           
  Required (ns):               4.746                                                                           

Path 83
  From:                        CoreResetP_0/count_sdif0_enable_q1:CLK
  To:                          CoreResetP_0/count_sdif0_enable_rcosc:D
  Delay (ns):                  0.286                                                                           
  Slack (ns):                  0.234                                                                           
  Arrival (ns):                5.210                                                                           
  Required (ns):               4.976                                                                           

Path 84
  From:                        CORETSE_AHB_0/CoreTSE_top_inst/CORETSE_AHBio0.CORETSE_AHBOi0/CORETSE_AHBIoi0/CORETSE_AHBol11/CORETSE_AHBioIOI[18]:CLK
  To:                          CORETSE_AHB_0/CoreTSE_top_inst/CORETSE_AHBio0.CORETSE_AHBOi0/CORETSE_AHBIoi0/CORETSE_AHBol11/CORETSE_AHBoOlOI[18]:D
  Delay (ns):                  0.281                                                                           
  Slack (ns):                  0.234                                                                           
  Arrival (ns):                4.973                                                                           
  Required (ns):               4.739                                                                           

Path 85
  From:                        CORETSE_AHB_0/CoreTSE_top_inst/CORETSE_AHBilI/CORETSE_AHBoOooI/CORETSE_AHBi0II/CORETSE_AHBiloI[4]:CLK
  To:                          CORETSE_AHB_0/CoreTSE_top_inst/CORETSE_AHBilI/CORETSE_AHBoOooI/CORETSE_AHBi0II/CORETSE_AHBOoi[4]:D
  Delay (ns):                  0.290                                                                           
  Slack (ns):                  0.234                                                                           
  Arrival (ns):                5.581                                                                           
  Required (ns):               5.347                                                                           

Path 86
  From:                        CORETSE_AHB_0/CoreTSE_top_inst/CORETSE_AHBilI/CORETSE_AHBoOooI/CORETSE_AHBO1II/CORETSE_AHBi1iI:CLK
  To:                          CORETSE_AHB_0/CoreTSE_top_inst/CORETSE_AHBilI/CORETSE_AHBoOooI/CORETSE_AHBO1II/CORETSE_AHBo1iI:D
  Delay (ns):                  0.280                                                                           
  Slack (ns):                  0.234                                                                           
  Arrival (ns):                9.614                                                                           
  Required (ns):               9.380                                                                           

Path 87
  From:                        CORETSE_AHB_0/CoreTSE_top_inst/CORETSE_AHBio0.CORETSE_AHBOi0/CORETSE_AHBIoi0/CORETSE_AHBiI11/CORETSE_AHBollII[2]:CLK
  To:                          CORETSE_AHB_0/CoreTSE_top_inst/CORETSE_AHBio0.CORETSE_AHBOi0/CORETSE_AHBIoi0/CORETSE_AHBiI11/CORETSE_AHBOI1II[2]:D
  Delay (ns):                  0.277                                                                           
  Slack (ns):                  0.234                                                                           
  Arrival (ns):                5.019                                                                           
  Required (ns):               4.785                                                                           

Path 88
  From:                        CORETSE_AHB_0/CoreTSE_top_inst/CORETSE_AHBilI/CORETSE_AHBiOooI/CORETSE_AHBl1Oo/CORETSE_AHBoOlo/CORETSE_AHBoi0OI:CLK
  To:                          CORETSE_AHB_0/CoreTSE_top_inst/CORETSE_AHBilI/CORETSE_AHBiOooI/CORETSE_AHBl1Oo/CORETSE_AHBoOlo/CORETSE_AHBl1o[22]:D
  Delay (ns):                  0.286                                                                           
  Slack (ns):                  0.234                                                                           
  Arrival (ns):                9.610                                                                           
  Required (ns):               9.376                                                                           

Path 89
  From:                        CORETSE_AHB_0/CoreTSE_top_inst/CORETSE_AHBilI/CORETSE_AHBoOooI/CORETSE_AHBo1II/CORETSE_AHBllOl:CLK
  To:                          CORETSE_AHB_0/CoreTSE_top_inst/CORETSE_AHBilI/CORETSE_AHBoOooI/CORETSE_AHBo1II/CORETSE_AHBolOl:D
  Delay (ns):                  0.284                                                                           
  Slack (ns):                  0.234                                                                           
  Arrival (ns):                9.642                                                                           
  Required (ns):               9.408                                                                           

Path 90
  From:                        CORETSE_AHB_0/CoreTSE_top_inst/CORETSE_AHBilI/CORETSE_AHBiOooI/CORETSE_AHBl1Oo/CORETSE_AHBOOlo/CORETSE_AHBIillI:CLK
  To:                          CORETSE_AHB_0/CoreTSE_top_inst/CORETSE_AHBilI/CORETSE_AHBiOooI/CORETSE_AHBl1Oo/CORETSE_AHBOOlo/CORETSE_AHBlillI:D
  Delay (ns):                  0.290                                                                           
  Slack (ns):                  0.235                                                                           
  Arrival (ns):                9.632                                                                           
  Required (ns):               9.397                                                                           

Path 91
  From:                        CORETSE_AHB_0/CoreTSE_top_inst/CORETSE_AHBilI/CORETSE_AHBoOooI/CORETSE_AHBi0II/CORETSE_AHBiloI[8]:CLK
  To:                          CORETSE_AHB_0/CoreTSE_top_inst/CORETSE_AHBilI/CORETSE_AHBoOooI/CORETSE_AHBi0II/CORETSE_AHBOoi[8]:D
  Delay (ns):                  0.284                                                                           
  Slack (ns):                  0.235                                                                           
  Arrival (ns):                5.582                                                                           
  Required (ns):               5.347                                                                           

Path 92
  From:                        CORETSE_AHB_0/CoreTSE_top_inst/CORETSE_AHBilI/CORETSE_AHBoOooI/CORETSE_AHBI1II/CORETSE_AHBi10I:CLK
  To:                          CORETSE_AHB_0/CoreTSE_top_inst/CORETSE_AHBilI/CORETSE_AHBoOooI/CORETSE_AHBI1II/CORETSE_AHBo10I:D
  Delay (ns):                  0.287                                                                           
  Slack (ns):                  0.235                                                                           
  Arrival (ns):                5.555                                                                           
  Required (ns):               5.320                                                                           

Path 93
  From:                        CORETSE_AHB_0/CoreTSE_top_inst/CORETSE_AHBilI/CORETSE_AHBiOooI/CORETSE_AHBlOIo/CORETSE_AHBoolo:CLK
  To:                          CORETSE_AHB_0/CoreTSE_top_inst/CORETSE_AHBilI/CORETSE_AHBiOooI/CORETSE_AHBlOIo/CORETSE_AHBiolo:D
  Delay (ns):                  0.286                                                                           
  Slack (ns):                  0.236                                                                           
  Arrival (ns):                9.606                                                                           
  Required (ns):               9.370                                                                           

Path 94
  From:                        CORETSE_AHB_0/CoreTSE_top_inst/CORETSE_AHBio0.CORETSE_AHBOi0/CORETSE_AHBIoi0/CORETSE_AHBi011/CORETSE_AHBoiIII:CLK
  To:                          CORETSE_AHB_0/CoreTSE_top_inst/CORETSE_AHBio0.CORETSE_AHBOi0/CORETSE_AHBIoi0/CORETSE_AHBi011/CORETSE_AHBiiIII:D
  Delay (ns):                  0.286                                                                           
  Slack (ns):                  0.236                                                                           
  Arrival (ns):                4.963                                                                           
  Required (ns):               4.727                                                                           

Path 95
  From:                        CORETSE_AHB_0/CoreTSE_top_inst/CORETSE_AHBilI/CORETSE_AHBOlooI.CORETSE_AHBilooI/CORETSE_AHBiO0oI.CORETSE_AHBOI0oI/CORETSE_AHBIoloI.CORETSE_AHBl1loI[0]:CLK
  To:                          CORETSE_AHB_0/CoreTSE_top_inst/CORETSE_AHBilI/CORETSE_AHBOlooI.CORETSE_AHBilooI/CORETSE_AHBiO0oI.CORETSE_AHBOI0oI/CORETSE_AHBIoloI.CORETSE_AHBo1loI[0]:D
  Delay (ns):                  0.283                                                                           
  Slack (ns):                  0.236                                                                           
  Arrival (ns):                9.619                                                                           
  Required (ns):               9.383                                                                           

Path 96
  From:                        CORETSE_AHB_0/CoreTSE_top_inst/CORETSE_AHBilI/CORETSE_AHBoOooI/CORETSE_AHBO1II/CORETSE_AHBI0iI[8]:CLK
  To:                          CORETSE_AHB_0/CoreTSE_top_inst/CORETSE_AHBilI/CORETSE_AHBoOooI/CORETSE_AHBO1II/CORETSE_AHBl0iI[8]:D
  Delay (ns):                  0.278                                                                           
  Slack (ns):                  0.236                                                                           
  Arrival (ns):                9.639                                                                           
  Required (ns):               9.403                                                                           

Path 97
  From:                        CORETSE_AHB_0/CoreTSE_top_inst/CORETSE_AHBilI/CORETSE_AHBoOooI/CORETSE_AHBi0II/CORETSE_AHBiloI[5]:CLK
  To:                          CORETSE_AHB_0/CoreTSE_top_inst/CORETSE_AHBilI/CORETSE_AHBoOooI/CORETSE_AHBi0II/CORETSE_AHBOoi[5]:D
  Delay (ns):                  0.290                                                                           
  Slack (ns):                  0.236                                                                           
  Arrival (ns):                5.572                                                                           
  Required (ns):               5.336                                                                           

Path 98
  From:                        CORETSE_AHB_0/CoreTSE_top_inst/CORETSE_AHBilI/CORETSE_AHBoOooI/CORETSE_AHBl1II/CORETSE_AHBil1I[3]:CLK
  To:                          CORETSE_AHB_0/CoreTSE_top_inst/CORETSE_AHBilI/CORETSE_AHBoOooI/CORETSE_AHBl1II/CORETSE_AHBiii[3]:D
  Delay (ns):                  0.289                                                                           
  Slack (ns):                  0.237                                                                           
  Arrival (ns):                9.626                                                                           
  Required (ns):               9.389                                                                           

Path 99
  From:                        CORETSE_AHB_0/CoreTSE_top_inst/CORETSE_AHBilI/CORETSE_AHBiOooI/CORETSE_AHBl1Oo/CORETSE_AHBOOlo/CORETSE_AHBo00lI:CLK
  To:                          CORETSE_AHB_0/CoreTSE_top_inst/CORETSE_AHBilI/CORETSE_AHBiOooI/CORETSE_AHBl1Oo/CORETSE_AHBOOlo/CORETSE_AHBi00lI:D
  Delay (ns):                  0.290                                                                           
  Slack (ns):                  0.237                                                                           
  Arrival (ns):                9.618                                                                           
  Required (ns):               9.381                                                                           

Path 100
  From:                        CORETSE_AHB_0/CoreTSE_top_inst/CORETSE_AHBilI/CORETSE_AHBoOooI/CORETSE_AHBOoII/CORETSE_AHBioII:CLK
  To:                          CORETSE_AHB_0/CoreTSE_top_inst/CORETSE_AHBilI/CORETSE_AHBoOooI/CORETSE_AHBOoII/CORETSE_AHBOiII:D
  Delay (ns):                  0.278                                                                           
  Slack (ns):                  0.237                                                                           
  Arrival (ns):                9.615                                                                           
  Required (ns):               9.378                                                                           

